{"meta": {"format": 3, "version": "7.10.7", "timestamp": "2025-09-29T13:10:21.096229", "branch_coverage": false, "show_contexts": false}, "files": {"src\\controllers\\__init__.py": {"executed_lines": [5, 34, 50, 51, 52, 53, 54, 67, 68, 69, 73, 74, 75, 80, 86, 119, 120, 122, 123, 129, 179, 189], "summary": {"covered_lines": 21, "num_statements": 39, "percent_covered": 53.84615384615385, "percent_covered_display": "54", "missing_lines": 18, "excluded_lines": 0}, "missing_lines": [55, 57, 58, 59, 60, 70, 71, 76, 77, 155, 157, 165, 166, 167, 168, 175, 177, 181], "excluded_lines": [], "functions": {"create_all_smc_controllers": {"executed_lines": [], "summary": {"covered_lines": 0, "num_statements": 8, "percent_covered": 0.0, "percent_covered_display": "0", "missing_lines": 8, "excluded_lines": 0}, "missing_lines": [155, 157, 165, 166, 167, 168, 175, 177], "excluded_lines": []}, "get_all_gain_bounds": {"executed_lines": [], "summary": {"covered_lines": 0, "num_statements": 1, "percent_covered": 0.0, "percent_covered_display": "0", "missing_lines": 1, "excluded_lines": 0}, "missing_lines": [181], "excluded_lines": []}, "": {"executed_lines": [5, 34, 50, 51, 52, 53, 54, 67, 68, 69, 73, 74, 75, 80, 86, 119, 120, 122, 123, 129, 179, 189], "summary": {"covered_lines": 21, "num_statements": 30, "percent_covered": 70.0, "percent_covered_display": "70", "missing_lines": 9, "excluded_lines": 0}, "missing_lines": [55, 57, 58, 59, 60, 70, 71, 76, 77], "excluded_lines": []}}, "classes": {"": {"executed_lines": [5, 34, 50, 51, 52, 53, 54, 67, 68, 69, 73, 74, 75, 80, 86, 119, 120, 122, 123, 129, 179, 189], "summary": {"covered_lines": 21, "num_statements": 39, "percent_covered": 53.84615384615385, "percent_covered_display": "54", "missing_lines": 18, "excluded_lines": 0}, "missing_lines": [55, 57, 58, 59, 60, 70, 71, 76, 77, 155, 157, 165, 166, 167, 168, 175, 177, 181], "excluded_lines": []}}}, "src\\controllers\\adaptive_smc.py": {"executed_lines": [5, 17, 20], "summary": {"covered_lines": 2, "num_statements": 2, "percent_covered": 100.0, "percent_covered_display": "100", "missing_lines": 0, "excluded_lines": 0}, "missing_lines": [], "excluded_lines": [], "functions": {"": {"executed_lines": [5, 17, 20], "summary": {"covered_lines": 2, "num_statements": 2, "percent_covered": 100.0, "percent_covered_display": "100", "missing_lines": 0, "excluded_lines": 0}, "missing_lines": [], "excluded_lines": []}}, "classes": {"": {"executed_lines": [5, 17, 20], "summary": {"covered_lines": 2, "num_statements": 2, "percent_covered": 100.0, "percent_covered_display": "100", "missing_lines": 0, "excluded_lines": 0}, "missing_lines": [], "excluded_lines": []}}}, "src\\controllers\\base\\__init__.py": {"executed_lines": [5, 7, 8, 10], "summary": {"covered_lines": 3, "num_statements": 3, "percent_covered": 100.0, "percent_covered_display": "100", "missing_lines": 0, "excluded_lines": 0}, "missing_lines": [], "excluded_lines": [], "functions": {"": {"executed_lines": [5, 7, 8, 10], "summary": {"covered_lines": 3, "num_statements": 3, "percent_covered": 100.0, "percent_covered_display": "100", "missing_lines": 0, "excluded_lines": 0}, "missing_lines": [], "excluded_lines": []}}, "classes": {"": {"executed_lines": [5, 7, 8, 10], "summary": {"covered_lines": 3, "num_statements": 3, "percent_covered": 100.0, "percent_covered_display": "100", "missing_lines": 0, "excluded_lines": 0}, "missing_lines": [], "excluded_lines": []}}}, "src\\controllers\\base\\control_primitives.py": {"executed_lines": [5, 6, 7, 8, 14, 47, 48, 49, 50, 51, 52, 54, 55, 56, 62, 99, 100, 101, 102, 103, 104, 106, 107, 108, 110, 137, 138, 139, 140, 141, 142, 148, 149, 155, 156], "summary": {"covered_lines": 35, "num_statements": 35, "percent_covered": 100.0, "percent_covered_display": "100", "missing_lines": 0, "excluded_lines": 0}, "missing_lines": [], "excluded_lines": [], "functions": {"require_positive": {"executed_lines": [47, 48, 49, 50, 51, 52, 54, 55, 56], "summary": {"covered_lines": 9, "num_statements": 9, "percent_covered": 100.0, "percent_covered_display": "100", "missing_lines": 0, "excluded_lines": 0}, "missing_lines": [], "excluded_lines": []}, "require_in_range": {"executed_lines": [99, 100, 101, 102, 103, 104, 106, 107, 108], "summary": {"covered_lines": 9, "num_statements": 9, "percent_covered": 100.0, "percent_covered_display": "100", "missing_lines": 0, "excluded_lines": 0}, "missing_lines": [], "excluded_lines": []}, "saturate": {"executed_lines": [137, 138, 139, 140, 141, 142, 148, 149, 155, 156], "summary": {"covered_lines": 10, "num_statements": 10, "percent_covered": 100.0, "percent_covered_display": "100", "missing_lines": 0, "excluded_lines": 0}, "missing_lines": [], "excluded_lines": []}, "": {"executed_lines": [5, 6, 7, 8, 14, 62, 110], "summary": {"covered_lines": 7, "num_statements": 7, "percent_covered": 100.0, "percent_covered_display": "100", "missing_lines": 0, "excluded_lines": 0}, "missing_lines": [], "excluded_lines": []}}, "classes": {"": {"executed_lines": [5, 6, 7, 8, 14, 47, 48, 49, 50, 51, 52, 54, 55, 56, 62, 99, 100, 101, 102, 103, 104, 106, 107, 108, 110, 137, 138, 139, 140, 141, 142, 148, 149, 155, 156], "summary": {"covered_lines": 35, "num_statements": 35, "percent_covered": 100.0, "percent_covered_display": "100", "missing_lines": 0, "excluded_lines": 0}, "missing_lines": [], "excluded_lines": []}}}, "src\\controllers\\base\\controller_interface.py": {"executed_lines": [5, 7, 8, 9, 12, 13, 19, 29, 30, 31, 33, 34, 51, 52, 56, 61, 91, 92, 99, 101], "summary": {"covered_lines": 18, "num_statements": 26, "percent_covered": 69.23076923076923, "percent_covered_display": "69", "missing_lines": 8, "excluded_lines": 0}, "missing_lines": [49, 54, 59, 78, 81, 84, 89, 94], "excluded_lines": [], "functions": {"ControllerInterface.__init__": {"executed_lines": [29, 30, 31], "summary": {"covered_lines": 3, "num_statements": 3, "percent_covered": 100.0, "percent_covered_display": "100", "missing_lines": 0, "excluded_lines": 0}, "missing_lines": [], "excluded_lines": []}, "ControllerInterface.compute_control": {"executed_lines": [], "summary": {"covered_lines": 0, "num_statements": 1, "percent_covered": 0.0, "percent_covered_display": "0", "missing_lines": 1, "excluded_lines": 0}, "missing_lines": [49], "excluded_lines": []}, "ControllerInterface.reset": {"executed_lines": [], "summary": {"covered_lines": 0, "num_statements": 1, "percent_covered": 0.0, "percent_covered_display": "0", "missing_lines": 1, "excluded_lines": 0}, "missing_lines": [54], "excluded_lines": []}, "ControllerInterface._reset_state": {"executed_lines": [], "summary": {"covered_lines": 0, "num_statements": 1, "percent_covered": 0.0, "percent_covered_display": "0", "missing_lines": 1, "excluded_lines": 0}, "missing_lines": [59], "excluded_lines": []}, "ControllerInterface.step": {"executed_lines": [], "summary": {"covered_lines": 0, "num_statements": 4, "percent_covered": 0.0, "percent_covered_display": "0", "missing_lines": 4, "excluded_lines": 0}, "missing_lines": [78, 81, 84, 89], "excluded_lines": []}, "ControllerInterface.parameters": {"executed_lines": [], "summary": {"covered_lines": 0, "num_statements": 1, "percent_covered": 0.0, "percent_covered_display": "0", "missing_lines": 1, "excluded_lines": 0}, "missing_lines": [94], "excluded_lines": []}, "ControllerInterface.__repr__": {"executed_lines": [101], "summary": {"covered_lines": 1, "num_statements": 1, "percent_covered": 100.0, "percent_covered_display": "100", "missing_lines": 0, "excluded_lines": 0}, "missing_lines": [], "excluded_lines": []}, "": {"executed_lines": [5, 7, 8, 9, 12, 13, 19, 33, 34, 51, 52, 56, 61, 91, 92, 99], "summary": {"covered_lines": 14, "num_statements": 14, "percent_covered": 100.0, "percent_covered_display": "100", "missing_lines": 0, "excluded_lines": 0}, "missing_lines": [], "excluded_lines": []}}, "classes": {"ControllerInterface": {"executed_lines": [29, 30, 31, 101], "summary": {"covered_lines": 4, "num_statements": 12, "percent_covered": 33.333333333333336, "percent_covered_display": "33", "missing_lines": 8, "excluded_lines": 0}, "missing_lines": [49, 54, 59, 78, 81, 84, 89, 94], "excluded_lines": []}, "": {"executed_lines": [5, 7, 8, 9, 12, 13, 19, 33, 34, 51, 52, 56, 61, 91, 92, 99], "summary": {"covered_lines": 14, "num_statements": 14, "percent_covered": 100.0, "percent_covered_display": "100", "missing_lines": 0, "excluded_lines": 0}, "missing_lines": [], "excluded_lines": []}}}, "src\\controllers\\classic_smc.py": {"executed_lines": [5, 12, 14], "summary": {"covered_lines": 2, "num_statements": 2, "percent_covered": 100.0, "percent_covered_display": "100", "missing_lines": 0, "excluded_lines": 0}, "missing_lines": [], "excluded_lines": [], "functions": {"": {"executed_lines": [5, 12, 14], "summary": {"covered_lines": 2, "num_statements": 2, "percent_covered": 100.0, "percent_covered_display": "100", "missing_lines": 0, "excluded_lines": 0}, "missing_lines": [], "excluded_lines": []}}, "classes": {"": {"executed_lines": [5, 12, 14], "summary": {"covered_lines": 2, "num_statements": 2, "percent_covered": 100.0, "percent_covered_display": "100", "missing_lines": 0, "excluded_lines": 0}, "missing_lines": [], "excluded_lines": []}}}, "src\\controllers\\factory.py": {"executed_lines": [5, 29, 30, 31, 32, 33, 34, 37, 38, 41, 44, 45, 46, 47, 50, 51, 52, 55, 56, 58, 59, 60, 63, 66, 67, 68, 71, 72, 75, 96, 97, 98, 99, 102, 109, 110, 111, 114, 115, 117, 126, 130, 131, 141, 142, 149, 160, 172, 175, 178, 179, 181, 221, 243, 244, 245, 247, 262, 275, 276, 277, 282, 285, 287, 289, 290, 291, 292, 293, 294, 297, 298, 299, 307, 308, 309, 313, 316, 333, 334, 335, 336, 339, 340, 342, 343, 344, 348, 353, 366, 369, 384, 385, 386, 391, 394, 398, 399, 400, 403, 407, 426, 467, 478, 481, 482, 483, 484, 507, 527, 528, 531, 534, 535, 536, 538, 539, 541, 542, 545, 548, 549, 550, 552, 565, 568, 569, 570, 572, 574, 575, 576, 578, 579, 582, 583, 584, 585, 586, 587, 589, 590, 602, 603, 604, 610, 612, 615, 616, 619, 625, 631, 642, 650, 651, 652, 655, 656, 657, 658, 659, 660, 663, 664, 665, 666, 667, 668, 669, 670, 671, 674, 676, 680, 691, 695, 697, 698, 700, 703, 731, 733, 741, 748, 749, 750, 759, 775, 778, 781, 782, 789, 791, 794, 796, 798, 799, 801, 804, 805, 807, 810, 812, 815, 817, 818, 819, 820, 821, 824, 831, 832, 834, 835, 836, 839, 849, 862, 866, 870, 875, 880, 886, 892, 894, 895, 896, 897, 898, 899, 902, 903, 904, 912, 913, 915, 916, 921, 922, 924, 953, 992, 1052, 1093, 1112, 1135, 1146, 1183, 1196, 1197, 1198, 1199, 1200, 1201, 1202, 1204], "summary": {"covered_lines": 248, "num_statements": 499, "percent_covered": 49.699398797595194, "percent_covered_display": "50", "missing_lines": 251, "excluded_lines": 8}, "missing_lines": [57, 76, 77, 79, 173, 176, 223, 224, 225, 226, 227, 228, 229, 230, 232, 300, 301, 303, 304, 311, 345, 346, 347, 349, 350, 351, 354, 355, 356, 357, 358, 359, 360, 361, 362, 363, 364, 392, 395, 401, 404, 417, 418, 419, 420, 421, 422, 423, 441, 442, 444, 446, 447, 448, 450, 451, 452, 453, 456, 461, 462, 464, 485, 486, 489, 490, 491, 492, 495, 496, 497, 498, 499, 500, 553, 555, 556, 558, 560, 563, 573, 577, 588, 593, 598, 599, 605, 607, 677, 682, 683, 684, 685, 687, 688, 692, 701, 706, 707, 710, 716, 722, 752, 762, 776, 783, 784, 786, 846, 863, 864, 872, 877, 882, 888, 905, 906, 907, 908, 909, 918, 925, 926, 927, 928, 931, 934, 935, 936, 937, 938, 939, 941, 942, 944, 945, 947, 950, 951, 955, 957, 959, 961, 962, 965, 968, 969, 971, 974, 975, 978, 979, 981, 983, 985, 987, 990, 994, 995, 997, 1000, 1001, 1003, 1004, 1005, 1008, 1009, 1010, 1013, 1015, 1016, 1017, 1018, 1020, 1022, 1023, 1024, 1025, 1027, 1029, 1030, 1031, 1032, 1034, 1035, 1036, 1037, 1038, 1040, 1042, 1043, 1044, 1045, 1047, 1048, 1050, 1054, 1056, 1057, 1060, 1063, 1064, 1065, 1066, 1068, 1071, 1072, 1073, 1074, 1075, 1076, 1077, 1078, 1079, 1080, 1082, 1083, 1085, 1086, 1088, 1090, 1096, 1098, 1099, 1101, 1102, 1105, 1108, 1109, 1115, 1117, 1121, 1122, 1123, 1126, 1128, 1129, 1130, 1132, 1137, 1143, 1153, 1173, 1174, 1177, 1178, 1179, 1180, 1185, 1191, 1192], "excluded_lines": [124, 125, 128, 129, 133, 134, 135, 136], "functions": {"ControllerProtocol.compute_control": {"executed_lines": [], "summary": {"covered_lines": 0, "num_statements": 0, "percent_covered": 100.0, "percent_covered_display": "100", "missing_lines": 0, "excluded_lines": 1}, "missing_lines": [], "excluded_lines": [124]}, "ControllerProtocol.reset": {"executed_lines": [], "summary": {"covered_lines": 0, "num_statements": 0, "percent_covered": 100.0, "percent_covered_display": "100", "missing_lines": 0, "excluded_lines": 1}, "missing_lines": [], "excluded_lines": [128]}, "ControllerProtocol.gains": {"executed_lines": [], "summary": {"covered_lines": 0, "num_statements": 0, "percent_covered": 100.0, "percent_covered_display": "100", "missing_lines": 0, "excluded_lines": 1}, "missing_lines": [], "excluded_lines": [133]}, "_canonicalize_controller_type": {"executed_lines": [172, 175, 178, 179], "summary": {"covered_lines": 4, "num_statements": 6, "percent_covered": 66.66666666666667, "percent_covered_display": "67", "missing_lines": 2, "excluded_lines": 0}, "missing_lines": [173, 176], "excluded_lines": []}, "MPCConfig.__init__": {"executed_lines": [], "summary": {"covered_lines": 0, "num_statements": 6, "percent_covered": 0.0, "percent_covered_display": "0", "missing_lines": 6, "excluded_lines": 0}, "missing_lines": [225, 226, 227, 228, 229, 230], "excluded_lines": []}, "_get_controller_info": {"executed_lines": [275, 276, 277, 282, 285, 287, 289, 290, 291, 292, 293, 294, 297, 298, 299, 307, 308, 309, 313], "summary": {"covered_lines": 19, "num_statements": 24, "percent_covered": 79.16666666666667, "percent_covered_display": "79", "missing_lines": 5, "excluded_lines": 0}, "missing_lines": [300, 301, 303, 304, 311], "excluded_lines": []}, "_resolve_controller_gains": {"executed_lines": [333, 334, 335, 336, 339, 340, 342, 343, 344, 348, 353, 366], "summary": {"covered_lines": 12, "num_statements": 29, "percent_covered": 41.37931034482759, "percent_covered_display": "41", "missing_lines": 17, "excluded_lines": 0}, "missing_lines": [345, 346, 347, 349, 350, 351, 354, 355, 356, 357, 358, 359, 360, 361, 362, 363, 364], "excluded_lines": []}, "_validate_controller_gains": {"executed_lines": [384, 385, 386, 391, 394, 398, 399, 400, 403], "summary": {"covered_lines": 9, "num_statements": 13, "percent_covered": 69.23076923076923, "percent_covered_display": "69", "missing_lines": 4, "excluded_lines": 0}, "missing_lines": [392, 395, 401, 404], "excluded_lines": []}, "_create_dynamics_model": {"executed_lines": [], "summary": {"covered_lines": 0, "num_statements": 7, "percent_covered": 0.0, "percent_covered_display": "0", "missing_lines": 7, "excluded_lines": 0}, "missing_lines": [417, 418, 419, 420, 421, 422, 423], "excluded_lines": []}, "_extract_controller_parameters": {"executed_lines": [], "summary": {"covered_lines": 0, "num_statements": 14, "percent_covered": 0.0, "percent_covered_display": "0", "missing_lines": 14, "excluded_lines": 0}, "missing_lines": [441, 442, 444, 446, 447, 448, 450, 451, 452, 453, 456, 461, 462, 464], "excluded_lines": []}, "_validate_mpc_parameters": {"executed_lines": [478, 481, 482, 483, 484], "summary": {"covered_lines": 5, "num_statements": 17, "percent_covered": 29.41176470588235, "percent_covered_display": "29", "missing_lines": 12, "excluded_lines": 0}, "missing_lines": [485, 486, 489, 490, 491, 492, 495, 496, 497, 498, 499, 500], "excluded_lines": []}, "create_controller": {"executed_lines": [527, 528, 531, 534, 535, 536, 538, 539, 541, 542, 545, 548, 549, 550, 552, 565, 568, 569, 570, 572, 574, 575, 576, 578, 579, 582, 583, 584, 585, 586, 587, 589, 590, 602, 603, 604, 610, 612, 615, 616, 619, 625, 631, 642, 650, 651, 652, 655, 656, 657, 658, 659, 660, 663, 664, 665, 666, 667, 668, 669, 670, 671, 674, 676, 680, 691, 695, 697, 698, 700, 703, 731, 733, 741, 748, 749, 750, 759, 775, 778, 781, 782, 789, 791, 794, 796, 798, 799, 801, 804, 805, 807, 810, 812, 815, 817, 818, 819, 820, 821], "summary": {"covered_lines": 100, "num_statements": 134, "percent_covered": 74.6268656716418, "percent_covered_display": "75", "missing_lines": 34, "excluded_lines": 0}, "missing_lines": [553, 555, 556, 558, 560, 563, 573, 577, 588, 593, 598, 599, 605, 607, 677, 682, 683, 684, 685, 687, 688, 692, 701, 706, 707, 710, 716, 722, 752, 762, 776, 783, 784, 786], "excluded_lines": []}, "list_available_controllers": {"executed_lines": [831, 832, 834, 835, 836], "summary": {"covered_lines": 5, "num_statements": 5, "percent_covered": 100.0, "percent_covered_display": "100", "missing_lines": 0, "excluded_lines": 0}, "missing_lines": [], "excluded_lines": []}, "list_all_controllers": {"executed_lines": [], "summary": {"covered_lines": 0, "num_statements": 1, "percent_covered": 0.0, "percent_covered_display": "0", "missing_lines": 1, "excluded_lines": 0}, "missing_lines": [846], "excluded_lines": []}, "get_default_gains": {"executed_lines": [862, 866], "summary": {"covered_lines": 2, "num_statements": 4, "percent_covered": 50.0, "percent_covered_display": "50", "missing_lines": 2, "excluded_lines": 0}, "missing_lines": [863, 864], "excluded_lines": []}, "create_classical_smc_controller": {"executed_lines": [], "summary": {"covered_lines": 0, "num_statements": 1, "percent_covered": 0.0, "percent_covered_display": "0", "missing_lines": 1, "excluded_lines": 0}, "missing_lines": [872], "excluded_lines": []}, "create_sta_smc_controller": {"executed_lines": [], "summary": {"covered_lines": 0, "num_statements": 1, "percent_covered": 0.0, "percent_covered_display": "0", "missing_lines": 1, "excluded_lines": 0}, "missing_lines": [877], "excluded_lines": []}, "create_adaptive_smc_controller": {"executed_lines": [], "summary": {"covered_lines": 0, "num_statements": 1, "percent_covered": 0.0, "percent_covered_display": "0", "missing_lines": 1, "excluded_lines": 0}, "missing_lines": [882], "excluded_lines": []}, "create_controller_legacy": {"executed_lines": [], "summary": {"covered_lines": 0, "num_statements": 1, "percent_covered": 0.0, "percent_covered_display": "0", "missing_lines": 1, "excluded_lines": 0}, "missing_lines": [888], "excluded_lines": []}, "SMCConfig.__init__": {"executed_lines": [], "summary": {"covered_lines": 0, "num_statements": 5, "percent_covered": 0.0, "percent_covered_display": "0", "missing_lines": 5, "excluded_lines": 0}, "missing_lines": [905, 906, 907, 908, 909], "excluded_lines": []}, "SMCFactory.create_controller": {"executed_lines": [], "summary": {"covered_lines": 0, "num_statements": 1, "percent_covered": 0.0, "percent_covered_display": "0", "missing_lines": 1, "excluded_lines": 0}, "missing_lines": [918], "excluded_lines": []}, "PSOControllerWrapper.__init__": {"executed_lines": [], "summary": {"covered_lines": 0, "num_statements": 18, "percent_covered": 0.0, "percent_covered_display": "0", "missing_lines": 18, "excluded_lines": 0}, "missing_lines": [925, 926, 927, 928, 931, 934, 935, 936, 937, 938, 939, 941, 942, 944, 945, 947, 950, 951], "excluded_lines": []}, "PSOControllerWrapper._add_step_method_to_dynamics": {"executed_lines": [], "summary": {"covered_lines": 0, "num_statements": 2, "percent_covered": 0.0, "percent_covered_display": "0", "missing_lines": 2, "excluded_lines": 0}, "missing_lines": [955, 990], "excluded_lines": []}, "PSOControllerWrapper._add_step_method_to_dynamics.step_method": {"executed_lines": [], "summary": {"covered_lines": 0, "num_statements": 16, "percent_covered": 0.0, "percent_covered_display": "0", "missing_lines": 16, "excluded_lines": 0}, "missing_lines": [957, 959, 961, 962, 965, 968, 969, 971, 974, 975, 978, 979, 981, 983, 985, 987], "excluded_lines": []}, "PSOControllerWrapper.validate_gains": {"executed_lines": [], "summary": {"covered_lines": 0, "num_statements": 39, "percent_covered": 0.0, "percent_covered_display": "0", "missing_lines": 39, "excluded_lines": 0}, "missing_lines": [994, 995, 997, 1000, 1001, 1003, 1004, 1005, 1008, 1009, 1010, 1013, 1015, 1016, 1017, 1018, 1020, 1022, 1023, 1024, 1025, 1027, 1029, 1030, 1031, 1032, 1034, 1035, 1036, 1037, 1038, 1040, 1042, 1043, 1044, 1045, 1047, 1048, 1050], "excluded_lines": []}, "PSOControllerWrapper.compute_control": {"executed_lines": [], "summary": {"covered_lines": 0, "num_statements": 25, "percent_covered": 0.0, "percent_covered_display": "0", "missing_lines": 25, "excluded_lines": 0}, "missing_lines": [1054, 1056, 1057, 1060, 1063, 1064, 1065, 1066, 1068, 1071, 1072, 1073, 1074, 1075, 1076, 1077, 1078, 1079, 1080, 1082, 1083, 1085, 1086, 1088, 1090], "excluded_lines": []}, "create_smc_for_pso": {"executed_lines": [], "summary": {"covered_lines": 0, "num_statements": 8, "percent_covered": 0.0, "percent_covered_display": "0", "missing_lines": 8, "excluded_lines": 0}, "missing_lines": [1096, 1098, 1099, 1101, 1102, 1105, 1108, 1109], "excluded_lines": []}, "create_pso_controller_factory": {"executed_lines": [], "summary": {"covered_lines": 0, "num_statements": 9, "percent_covered": 0.0, "percent_covered_display": "0", "missing_lines": 9, "excluded_lines": 0}, "missing_lines": [1115, 1121, 1122, 1123, 1126, 1128, 1129, 1130, 1132], "excluded_lines": []}, "create_pso_controller_factory.controller_factory": {"executed_lines": [], "summary": {"covered_lines": 0, "num_statements": 1, "percent_covered": 0.0, "percent_covered_display": "0", "missing_lines": 1, "excluded_lines": 0}, "missing_lines": [1117], "excluded_lines": []}, "get_expected_gain_count": {"executed_lines": [], "summary": {"covered_lines": 0, "num_statements": 2, "percent_covered": 0.0, "percent_covered_display": "0", "missing_lines": 2, "excluded_lines": 0}, "missing_lines": [1137, 1143], "excluded_lines": []}, "get_gain_bounds_for_pso": {"executed_lines": [], "summary": {"covered_lines": 0, "num_statements": 7, "percent_covered": 0.0, "percent_covered_display": "0", "missing_lines": 7, "excluded_lines": 0}, "missing_lines": [1153, 1173, 1174, 1177, 1178, 1179, 1180], "excluded_lines": []}, "validate_smc_gains": {"executed_lines": [], "summary": {"covered_lines": 0, "num_statements": 3, "percent_covered": 0.0, "percent_covered_display": "0", "missing_lines": 3, "excluded_lines": 0}, "missing_lines": [1185, 1191, 1192], "excluded_lines": []}, "SMCGainSpec.__init__": {"executed_lines": [1199, 1200, 1201, 1202], "summary": {"covered_lines": 4, "num_statements": 4, "percent_covered": 100.0, "percent_covered_display": "100", "missing_lines": 0, "excluded_lines": 0}, "missing_lines": [], "excluded_lines": []}, "": {"executed_lines": [5, 29, 30, 31, 32, 33, 34, 37, 38, 41, 44, 45, 46, 47, 50, 51, 52, 55, 56, 58, 59, 60, 63, 66, 67, 68, 71, 72, 75, 96, 97, 98, 99, 102, 109, 110, 111, 114, 115, 117, 126, 130, 131, 141, 142, 149, 160, 181, 221, 243, 244, 245, 247, 262, 316, 369, 407, 426, 467, 507, 824, 839, 849, 870, 875, 880, 886, 892, 894, 895, 896, 897, 898, 899, 902, 903, 904, 912, 913, 915, 916, 921, 922, 924, 953, 992, 1052, 1093, 1112, 1135, 1146, 1183, 1196, 1197, 1198, 1204], "summary": {"covered_lines": 88, "num_statements": 95, "percent_covered": 92.63157894736842, "percent_covered_display": "93", "missing_lines": 7, "excluded_lines": 5}, "missing_lines": [57, 76, 77, 79, 223, 224, 232], "excluded_lines": [125, 129, 134, 135, 136]}}, "classes": {"ConfigValueError": {"executed_lines": [], "summary": {"covered_lines": 0, "num_statements": 0, "percent_covered": 100.0, "percent_covered_display": "100", "missing_lines": 0, "excluded_lines": 0}, "missing_lines": [], "excluded_lines": []}, "ControllerProtocol": {"executed_lines": [], "summary": {"covered_lines": 0, "num_statements": 0, "percent_covered": 100.0, "percent_covered_display": "100", "missing_lines": 0, "excluded_lines": 3}, "missing_lines": [], "excluded_lines": [124, 128, 133]}, "MPCConfig": {"executed_lines": [], "summary": {"covered_lines": 0, "num_statements": 6, "percent_covered": 0.0, "percent_covered_display": "0", "missing_lines": 6, "excluded_lines": 0}, "missing_lines": [225, 226, 227, 228, 229, 230], "excluded_lines": []}, "SMCType": {"executed_lines": [], "summary": {"covered_lines": 0, "num_statements": 0, "percent_covered": 100.0, "percent_covered_display": "100", "missing_lines": 0, "excluded_lines": 0}, "missing_lines": [], "excluded_lines": []}, "SMCConfig": {"executed_lines": [], "summary": {"covered_lines": 0, "num_statements": 5, "percent_covered": 0.0, "percent_covered_display": "0", "missing_lines": 5, "excluded_lines": 0}, "missing_lines": [905, 906, 907, 908, 909], "excluded_lines": []}, "SMCFactory": {"executed_lines": [], "summary": {"covered_lines": 0, "num_statements": 1, "percent_covered": 0.0, "percent_covered_display": "0", "missing_lines": 1, "excluded_lines": 0}, "missing_lines": [918], "excluded_lines": []}, "PSOControllerWrapper": {"executed_lines": [], "summary": {"covered_lines": 0, "num_statements": 100, "percent_covered": 0.0, "percent_covered_display": "0", "missing_lines": 100, "excluded_lines": 0}, "missing_lines": [925, 926, 927, 928, 931, 934, 935, 936, 937, 938, 939, 941, 942, 944, 945, 947, 950, 951, 955, 957, 959, 961, 962, 965, 968, 969, 971, 974, 975, 978, 979, 981, 983, 985, 987, 990, 994, 995, 997, 1000, 1001, 1003, 1004, 1005, 1008, 1009, 1010, 1013, 1015, 1016, 1017, 1018, 1020, 1022, 1023, 1024, 1025, 1027, 1029, 1030, 1031, 1032, 1034, 1035, 1036, 1037, 1038, 1040, 1042, 1043, 1044, 1045, 1047, 1048, 1050, 1054, 1056, 1057, 1060, 1063, 1064, 1065, 1066, 1068, 1071, 1072, 1073, 1074, 1075, 1076, 1077, 1078, 1079, 1080, 1082, 1083, 1085, 1086, 1088, 1090], "excluded_lines": []}, "SMCGainSpec": {"executed_lines": [1199, 1200, 1201, 1202], "summary": {"covered_lines": 4, "num_statements": 4, "percent_covered": 100.0, "percent_covered_display": "100", "missing_lines": 0, "excluded_lines": 0}, "missing_lines": [], "excluded_lines": []}, "": {"executed_lines": [5, 29, 30, 31, 32, 33, 34, 37, 38, 41, 44, 45, 46, 47, 50, 51, 52, 55, 56, 58, 59, 60, 63, 66, 67, 68, 71, 72, 75, 96, 97, 98, 99, 102, 109, 110, 111, 114, 115, 117, 126, 130, 131, 141, 142, 149, 160, 172, 175, 178, 179, 181, 221, 243, 244, 245, 247, 262, 275, 276, 277, 282, 285, 287, 289, 290, 291, 292, 293, 294, 297, 298, 299, 307, 308, 309, 313, 316, 333, 334, 335, 336, 339, 340, 342, 343, 344, 348, 353, 366, 369, 384, 385, 386, 391, 394, 398, 399, 400, 403, 407, 426, 467, 478, 481, 482, 483, 484, 507, 527, 528, 531, 534, 535, 536, 538, 539, 541, 542, 545, 548, 549, 550, 552, 565, 568, 569, 570, 572, 574, 575, 576, 578, 579, 582, 583, 584, 585, 586, 587, 589, 590, 602, 603, 604, 610, 612, 615, 616, 619, 625, 631, 642, 650, 651, 652, 655, 656, 657, 658, 659, 660, 663, 664, 665, 666, 667, 668, 669, 670, 671, 674, 676, 680, 691, 695, 697, 698, 700, 703, 731, 733, 741, 748, 749, 750, 759, 775, 778, 781, 782, 789, 791, 794, 796, 798, 799, 801, 804, 805, 807, 810, 812, 815, 817, 818, 819, 820, 821, 824, 831, 832, 834, 835, 836, 839, 849, 862, 866, 870, 875, 880, 886, 892, 894, 895, 896, 897, 898, 899, 902, 903, 904, 912, 913, 915, 916, 921, 922, 924, 953, 992, 1052, 1093, 1112, 1135, 1146, 1183, 1196, 1197, 1198, 1204], "summary": {"covered_lines": 244, "num_statements": 383, "percent_covered": 63.70757180156658, "percent_covered_display": "64", "missing_lines": 139, "excluded_lines": 5}, "missing_lines": [57, 76, 77, 79, 173, 176, 223, 224, 232, 300, 301, 303, 304, 311, 345, 346, 347, 349, 350, 351, 354, 355, 356, 357, 358, 359, 360, 361, 362, 363, 364, 392, 395, 401, 404, 417, 418, 419, 420, 421, 422, 423, 441, 442, 444, 446, 447, 448, 450, 451, 452, 453, 456, 461, 462, 464, 485, 486, 489, 490, 491, 492, 495, 496, 497, 498, 499, 500, 553, 555, 556, 558, 560, 563, 573, 577, 588, 593, 598, 599, 605, 607, 677, 682, 683, 684, 685, 687, 688, 692, 701, 706, 707, 710, 716, 722, 752, 762, 776, 783, 784, 786, 846, 863, 864, 872, 877, 882, 888, 1096, 1098, 1099, 1101, 1102, 1105, 1108, 1109, 1115, 1117, 1121, 1122, 1123, 1126, 1128, 1129, 1130, 1132, 1137, 1143, 1153, 1173, 1174, 1177, 1178, 1179, 1180, 1185, 1191, 1192], "excluded_lines": [125, 129, 134, 135, 136]}}}, "src\\controllers\\factory\\__init__.py": {"executed_lines": [5, 21, 24, 43, 44, 45, 46, 47, 48, 49, 52, 53, 54, 57, 59, 60, 61, 62, 63, 66, 70, 71, 72, 73, 74, 76, 78, 79, 101, 116, 118, 122, 125, 144, 145, 147, 148, 150, 158, 159, 162, 164, 167, 180, 182, 194], "summary": {"covered_lines": 45, "num_statements": 60, "percent_covered": 75.0, "percent_covered_display": "75", "missing_lines": 15, "excluded_lines": 0}, "missing_lines": [67, 81, 83, 85, 87, 89, 95, 97, 98, 119, 183, 185, 186, 188, 191], "excluded_lines": [], "functions": {"apply_deprecation_mapping": {"executed_lines": [116, 118, 122, 125, 144, 145, 147, 148, 150, 158, 159, 162, 164], "summary": {"covered_lines": 13, "num_statements": 14, "percent_covered": 92.85714285714286, "percent_covered_display": "93", "missing_lines": 1, "excluded_lines": 0}, "missing_lines": [119], "excluded_lines": []}, "_as_dict": {"executed_lines": [180, 182], "summary": {"covered_lines": 2, "num_statements": 7, "percent_covered": 28.571428571428573, "percent_covered_display": "29", "missing_lines": 5, "excluded_lines": 0}, "missing_lines": [183, 185, 186, 188, 191], "excluded_lines": []}, "": {"executed_lines": [5, 21, 24, 43, 44, 45, 46, 47, 48, 49, 52, 53, 54, 57, 59, 60, 61, 62, 63, 66, 70, 71, 72, 73, 74, 76, 78, 79, 101, 167, 194], "summary": {"covered_lines": 30, "num_statements": 39, "percent_covered": 76.92307692307692, "percent_covered_display": "77", "missing_lines": 9, "excluded_lines": 0}, "missing_lines": [67, 81, 83, 85, 87, 89, 95, 97, 98], "excluded_lines": []}}, "classes": {"": {"executed_lines": [5, 21, 24, 43, 44, 45, 46, 47, 48, 49, 52, 53, 54, 57, 59, 60, 61, 62, 63, 66, 70, 71, 72, 73, 74, 76, 78, 79, 101, 116, 118, 122, 125, 144, 145, 147, 148, 150, 158, 159, 162, 164, 167, 180, 182, 194], "summary": {"covered_lines": 45, "num_statements": 60, "percent_covered": 75.0, "percent_covered_display": "75", "missing_lines": 15, "excluded_lines": 0}, "missing_lines": [67, 81, 83, 85, 87, 89, 95, 97, 98, 119, 183, 185, 186, 188, 191], "excluded_lines": []}}}, "src\\controllers\\factory\\core\\__init__.py": {"executed_lines": [5, 15, 16, 17, 18, 20], "summary": {"covered_lines": 5, "num_statements": 5, "percent_covered": 100.0, "percent_covered_display": "100", "missing_lines": 0, "excluded_lines": 0}, "missing_lines": [], "excluded_lines": [], "functions": {"": {"executed_lines": [5, 15, 16, 17, 18, 20], "summary": {"covered_lines": 5, "num_statements": 5, "percent_covered": 100.0, "percent_covered_display": "100", "missing_lines": 0, "excluded_lines": 0}, "missing_lines": [], "excluded_lines": []}}, "classes": {"": {"executed_lines": [5, 15, 16, 17, 18, 20], "summary": {"covered_lines": 5, "num_statements": 5, "percent_covered": 100.0, "percent_covered_display": "100", "missing_lines": 0, "excluded_lines": 0}, "missing_lines": [], "excluded_lines": []}}}, "src\\controllers\\factory\\core\\protocols.py": {"executed_lines": [5, 12, 13, 14, 17, 18, 19, 20, 23, 24, 26, 44, 48, 49, 53, 54, 59, 60, 62, 63, 67, 68, 72, 73, 78, 79, 81, 99, 103, 108, 109, 111, 122, 123, 127, 128, 132, 133, 138, 139, 141, 157], "summary": {"covered_lines": 36, "num_statements": 36, "percent_covered": 100.0, "percent_covered_display": "100", "missing_lines": 0, "excluded_lines": 36}, "missing_lines": [], "excluded_lines": [42, 43, 46, 47, 51, 52, 56, 57, 58, 65, 66, 70, 71, 75, 76, 77, 97, 98, 101, 102, 105, 106, 107, 120, 121, 125, 126, 130, 131, 135, 136, 137, 155, 156, 171, 172], "functions": {"ControllerProtocol.compute_control": {"executed_lines": [], "summary": {"covered_lines": 0, "num_statements": 0, "percent_covered": 100.0, "percent_covered_display": "100", "missing_lines": 0, "excluded_lines": 1}, "missing_lines": [], "excluded_lines": [42]}, "ControllerProtocol.reset": {"executed_lines": [], "summary": {"covered_lines": 0, "num_statements": 0, "percent_covered": 100.0, "percent_covered_display": "100", "missing_lines": 0, "excluded_lines": 1}, "missing_lines": [], "excluded_lines": [46]}, "ControllerProtocol.gains": {"executed_lines": [], "summary": {"covered_lines": 0, "num_statements": 0, "percent_covered": 100.0, "percent_covered_display": "100", "missing_lines": 0, "excluded_lines": 1}, "missing_lines": [], "excluded_lines": [51]}, "ControllerProtocol.max_force": {"executed_lines": [], "summary": {"covered_lines": 0, "num_statements": 0, "percent_covered": 100.0, "percent_covered_display": "100", "missing_lines": 0, "excluded_lines": 1}, "missing_lines": [], "excluded_lines": [56]}, "ConfigurationProtocol.gains": {"executed_lines": [], "summary": {"covered_lines": 0, "num_statements": 0, "percent_covered": 100.0, "percent_covered_display": "100", "missing_lines": 0, "excluded_lines": 1}, "missing_lines": [], "excluded_lines": [65]}, "ConfigurationProtocol.max_force": {"executed_lines": [], "summary": {"covered_lines": 0, "num_statements": 0, "percent_covered": 100.0, "percent_covered_display": "100", "missing_lines": 0, "excluded_lines": 1}, "missing_lines": [], "excluded_lines": [70]}, "ConfigurationProtocol.dt": {"executed_lines": [], "summary": {"covered_lines": 0, "num_statements": 0, "percent_covered": 100.0, "percent_covered_display": "100", "missing_lines": 0, "excluded_lines": 1}, "missing_lines": [], "excluded_lines": [75]}, "ControllerFactoryProtocol.create_controller": {"executed_lines": [], "summary": {"covered_lines": 0, "num_statements": 0, "percent_covered": 100.0, "percent_covered_display": "100", "missing_lines": 0, "excluded_lines": 1}, "missing_lines": [], "excluded_lines": [97]}, "ControllerFactoryProtocol.list_available_controllers": {"executed_lines": [], "summary": {"covered_lines": 0, "num_statements": 0, "percent_covered": 100.0, "percent_covered_display": "100", "missing_lines": 0, "excluded_lines": 1}, "missing_lines": [], "excluded_lines": [101]}, "ControllerFactoryProtocol.get_default_gains": {"executed_lines": [], "summary": {"covered_lines": 0, "num_statements": 0, "percent_covered": 100.0, "percent_covered_display": "100", "missing_lines": 0, "excluded_lines": 1}, "missing_lines": [], "excluded_lines": [105]}, "PSOOptimizableProtocol.compute_control": {"executed_lines": [], "summary": {"covered_lines": 0, "num_statements": 0, "percent_covered": 100.0, "percent_covered_display": "100", "missing_lines": 0, "excluded_lines": 1}, "missing_lines": [], "excluded_lines": [120]}, "PSOOptimizableProtocol.n_gains": {"executed_lines": [], "summary": {"covered_lines": 0, "num_statements": 0, "percent_covered": 100.0, "percent_covered_display": "100", "missing_lines": 0, "excluded_lines": 1}, "missing_lines": [], "excluded_lines": [125]}, "PSOOptimizableProtocol.controller_type": {"executed_lines": [], "summary": {"covered_lines": 0, "num_statements": 0, "percent_covered": 100.0, "percent_covered_display": "100", "missing_lines": 0, "excluded_lines": 1}, "missing_lines": [], "excluded_lines": [130]}, "PSOOptimizableProtocol.max_force": {"executed_lines": [], "summary": {"covered_lines": 0, "num_statements": 0, "percent_covered": 100.0, "percent_covered_display": "100", "missing_lines": 0, "excluded_lines": 1}, "missing_lines": [], "excluded_lines": [135]}, "ValidationProtocol.validate_gains": {"executed_lines": [], "summary": {"covered_lines": 0, "num_statements": 0, "percent_covered": 100.0, "percent_covered_display": "100", "missing_lines": 0, "excluded_lines": 1}, "missing_lines": [], "excluded_lines": [155]}, "ValidationProtocol.validate_configuration": {"executed_lines": [], "summary": {"covered_lines": 0, "num_statements": 0, "percent_covered": 100.0, "percent_covered_display": "100", "missing_lines": 0, "excluded_lines": 1}, "missing_lines": [], "excluded_lines": [171]}, "": {"executed_lines": [5, 12, 13, 14, 17, 18, 19, 20, 23, 24, 26, 44, 48, 49, 53, 54, 59, 60, 62, 63, 67, 68, 72, 73, 78, 79, 81, 99, 103, 108, 109, 111, 122, 123, 127, 128, 132, 133, 138, 139, 141, 157], "summary": {"covered_lines": 36, "num_statements": 36, "percent_covered": 100.0, "percent_covered_display": "100", "missing_lines": 0, "excluded_lines": 19}, "missing_lines": [], "excluded_lines": [43, 47, 52, 57, 58, 66, 71, 76, 77, 98, 102, 106, 107, 121, 126, 131, 136, 137, 156]}}, "classes": {"ControllerProtocol": {"executed_lines": [], "summary": {"covered_lines": 0, "num_statements": 0, "percent_covered": 100.0, "percent_covered_display": "100", "missing_lines": 0, "excluded_lines": 4}, "missing_lines": [], "excluded_lines": [42, 46, 51, 56]}, "ConfigurationProtocol": {"executed_lines": [], "summary": {"covered_lines": 0, "num_statements": 0, "percent_covered": 100.0, "percent_covered_display": "100", "missing_lines": 0, "excluded_lines": 3}, "missing_lines": [], "excluded_lines": [65, 70, 75]}, "ControllerFactoryProtocol": {"executed_lines": [], "summary": {"covered_lines": 0, "num_statements": 0, "percent_covered": 100.0, "percent_covered_display": "100", "missing_lines": 0, "excluded_lines": 3}, "missing_lines": [], "excluded_lines": [97, 101, 105]}, "PSOOptimizableProtocol": {"executed_lines": [], "summary": {"covered_lines": 0, "num_statements": 0, "percent_covered": 100.0, "percent_covered_display": "100", "missing_lines": 0, "excluded_lines": 4}, "missing_lines": [], "excluded_lines": [120, 125, 130, 135]}, "ValidationProtocol": {"executed_lines": [], "summary": {"covered_lines": 0, "num_statements": 0, "percent_covered": 100.0, "percent_covered_display": "100", "missing_lines": 0, "excluded_lines": 2}, "missing_lines": [], "excluded_lines": [155, 171]}, "": {"executed_lines": [5, 12, 13, 14, 17, 18, 19, 20, 23, 24, 26, 44, 48, 49, 53, 54, 59, 60, 62, 63, 67, 68, 72, 73, 78, 79, 81, 99, 103, 108, 109, 111, 122, 123, 127, 128, 132, 133, 138, 139, 141, 157], "summary": {"covered_lines": 36, "num_statements": 36, "percent_covered": 100.0, "percent_covered_display": "100", "missing_lines": 0, "excluded_lines": 19}, "missing_lines": [], "excluded_lines": [43, 47, 52, 57, 58, 66, 71, 76, 77, 98, 102, 106, 107, 121, 126, 131, 136, 137, 156]}}}, "src\\controllers\\factory\\core\\registry.py": {"executed_lines": [5, 12, 13, 16, 17, 18, 19, 20, 34, 35, 36, 37, 38, 39, 50, 51, 53, 54, 55, 62, 122, 152, 168, 181, 184, 185, 186, 191, 194, 216, 225, 240, 255, 271, 287], "summary": {"covered_lines": 34, "num_statements": 76, "percent_covered": 44.73684210526316, "percent_covered_display": "45", "missing_lines": 42, "excluded_lines": 0}, "missing_lines": [21, 22, 24, 25, 26, 27, 28, 29, 30, 31, 40, 41, 47, 52, 123, 124, 125, 126, 127, 128, 129, 130, 132, 182, 206, 207, 209, 210, 212, 213, 222, 234, 249, 267, 268, 283, 284, 296, 297, 298, 299, 300], "excluded_lines": [], "functions": {"MPCConfig.__init__": {"executed_lines": [], "summary": {"covered_lines": 0, "num_statements": 6, "percent_covered": 0.0, "percent_covered_display": "0", "missing_lines": 6, "excluded_lines": 0}, "missing_lines": [125, 126, 127, 128, 129, 130], "excluded_lines": []}, "get_controller_info": {"executed_lines": [181, 184, 185, 186, 191], "summary": {"covered_lines": 5, "num_statements": 6, "percent_covered": 83.33333333333333, "percent_covered_display": "83", "missing_lines": 1, "excluded_lines": 0}, "missing_lines": [182], "excluded_lines": []}, "canonicalize_controller_type": {"executed_lines": [], "summary": {"covered_lines": 0, "num_statements": 6, "percent_covered": 0.0, "percent_covered_display": "0", "missing_lines": 6, "excluded_lines": 0}, "missing_lines": [206, 207, 209, 210, 212, 213], "excluded_lines": []}, "list_available_controllers": {"executed_lines": [], "summary": {"covered_lines": 0, "num_statements": 1, "percent_covered": 0.0, "percent_covered_display": "0", "missing_lines": 1, "excluded_lines": 0}, "missing_lines": [222], "excluded_lines": []}, "get_controllers_by_category": {"executed_lines": [], "summary": {"covered_lines": 0, "num_statements": 1, "percent_covered": 0.0, "percent_covered_display": "0", "missing_lines": 1, "excluded_lines": 0}, "missing_lines": [234], "excluded_lines": []}, "get_controllers_by_complexity": {"executed_lines": [], "summary": {"covered_lines": 0, "num_statements": 1, "percent_covered": 0.0, "percent_covered_display": "0", "missing_lines": 1, "excluded_lines": 0}, "missing_lines": [249], "excluded_lines": []}, "get_default_gains": {"executed_lines": [], "summary": {"covered_lines": 0, "num_statements": 2, "percent_covered": 0.0, "percent_covered_display": "0", "missing_lines": 2, "excluded_lines": 0}, "missing_lines": [267, 268], "excluded_lines": []}, "get_gain_bounds": {"executed_lines": [], "summary": {"covered_lines": 0, "num_statements": 2, "percent_covered": 0.0, "percent_covered_display": "0", "missing_lines": 2, "excluded_lines": 0}, "missing_lines": [283, 284], "excluded_lines": []}, "validate_controller_type": {"executed_lines": [], "summary": {"covered_lines": 0, "num_statements": 5, "percent_covered": 0.0, "percent_covered_display": "0", "missing_lines": 5, "excluded_lines": 0}, "missing_lines": [296, 297, 298, 299, 300], "excluded_lines": []}, "": {"executed_lines": [5, 12, 13, 16, 17, 18, 19, 20, 34, 35, 36, 37, 38, 39, 50, 51, 53, 54, 55, 62, 122, 152, 168, 194, 216, 225, 240, 255, 271, 287], "summary": {"covered_lines": 29, "num_statements": 46, "percent_covered": 63.04347826086956, "percent_covered_display": "63", "missing_lines": 17, "excluded_lines": 0}, "missing_lines": [21, 22, 24, 25, 26, 27, 28, 29, 30, 31, 40, 41, 47, 52, 123, 124, 132], "excluded_lines": []}}, "classes": {"MPCConfig": {"executed_lines": [], "summary": {"covered_lines": 0, "num_statements": 6, "percent_covered": 0.0, "percent_covered_display": "0", "missing_lines": 6, "excluded_lines": 0}, "missing_lines": [125, 126, 127, 128, 129, 130], "excluded_lines": []}, "": {"executed_lines": [5, 12, 13, 16, 17, 18, 19, 20, 34, 35, 36, 37, 38, 39, 50, 51, 53, 54, 55, 62, 122, 152, 168, 181, 184, 185, 186, 191, 194, 216, 225, 240, 255, 271, 287], "summary": {"covered_lines": 34, "num_statements": 70, "percent_covered": 48.57142857142857, "percent_covered_display": "49", "missing_lines": 36, "excluded_lines": 0}, "missing_lines": [21, 22, 24, 25, 26, 27, 28, 29, 30, 31, 40, 41, 47, 52, 123, 124, 132, 182, 206, 207, 209, 210, 212, 213, 222, 234, 249, 267, 268, 283, 284, 296, 297, 298, 299, 300], "excluded_lines": []}}}, "src\\controllers\\factory\\core\\threading.py": {"executed_lines": [5, 12, 13, 14, 15, 16, 17, 19, 22, 23, 30, 31, 32, 35, 36, 37, 38, 41, 42, 43, 46, 47, 48, 55, 126, 127, 180, 181, 183, 184, 185, 186, 188, 197, 202, 235, 242, 257, 266, 273, 291, 311], "summary": {"covered_lines": 38, "num_statements": 138, "percent_covered": 27.536231884057973, "percent_covered_display": "28", "missing_lines": 100, "excluded_lines": 0}, "missing_lines": [72, 73, 74, 75, 76, 80, 82, 84, 85, 86, 87, 88, 90, 94, 96, 97, 99, 102, 103, 104, 105, 107, 108, 111, 115, 116, 117, 118, 120, 122, 123, 140, 141, 145, 146, 148, 150, 151, 152, 153, 154, 156, 157, 158, 161, 162, 163, 164, 166, 169, 170, 171, 172, 173, 190, 191, 199, 200, 204, 205, 207, 208, 209, 211, 212, 213, 214, 221, 223, 224, 225, 229, 231, 244, 245, 247, 260, 261, 262, 263, 269, 270, 275, 277, 301, 303, 304, 305, 306, 308, 322, 323, 325, 328, 329, 331, 332, 333, 334, 336], "excluded_lines": [], "functions": {"with_factory_lock": {"executed_lines": [], "summary": {"covered_lines": 0, "num_statements": 3, "percent_covered": 0.0, "percent_covered_display": "0", "missing_lines": 3, "excluded_lines": 0}, "missing_lines": [72, 73, 123], "excluded_lines": []}, "with_factory_lock.decorator": {"executed_lines": [], "summary": {"covered_lines": 0, "num_statements": 2, "percent_covered": 0.0, "percent_covered_display": "0", "missing_lines": 2, "excluded_lines": 0}, "missing_lines": [74, 122], "excluded_lines": []}, "with_factory_lock.decorator.wrapper": {"executed_lines": [], "summary": {"covered_lines": 0, "num_statements": 26, "percent_covered": 0.0, "percent_covered_display": "0", "missing_lines": 26, "excluded_lines": 0}, "missing_lines": [75, 76, 80, 82, 84, 85, 86, 87, 88, 90, 94, 96, 97, 99, 102, 103, 104, 105, 107, 108, 111, 115, 116, 117, 118, 120], "excluded_lines": []}, "factory_lock_context": {"executed_lines": [], "summary": {"covered_lines": 0, "num_statements": 23, "percent_covered": 0.0, "percent_covered_display": "0", "missing_lines": 23, "excluded_lines": 0}, "missing_lines": [140, 141, 145, 146, 148, 150, 151, 152, 153, 154, 156, 157, 158, 161, 162, 163, 164, 166, 169, 170, 171, 172, 173], "excluded_lines": []}, "DeadlockDetector.__init__": {"executed_lines": [184, 185, 186], "summary": {"covered_lines": 3, "num_statements": 3, "percent_covered": 100.0, "percent_covered_display": "100", "missing_lines": 0, "excluded_lines": 0}, "missing_lines": [], "excluded_lines": []}, "DeadlockDetector.register_wait": {"executed_lines": [], "summary": {"covered_lines": 0, "num_statements": 2, "percent_covered": 0.0, "percent_covered_display": "0", "missing_lines": 2, "excluded_lines": 0}, "missing_lines": [190, 191], "excluded_lines": []}, "DeadlockDetector.unregister_wait": {"executed_lines": [], "summary": {"covered_lines": 0, "num_statements": 2, "percent_covered": 0.0, "percent_covered_display": "0", "missing_lines": 2, "excluded_lines": 0}, "missing_lines": [199, 200], "excluded_lines": []}, "DeadlockDetector.check_for_deadlock": {"executed_lines": [], "summary": {"covered_lines": 0, "num_statements": 15, "percent_covered": 0.0, "percent_covered_display": "0", "missing_lines": 15, "excluded_lines": 0}, "missing_lines": [204, 205, 207, 208, 209, 211, 212, 213, 214, 221, 223, 224, 225, 229, 231], "excluded_lines": []}, "get_lock_statistics": {"executed_lines": [], "summary": {"covered_lines": 0, "num_statements": 3, "percent_covered": 0.0, "percent_covered_display": "0", "missing_lines": 3, "excluded_lines": 0}, "missing_lines": [244, 245, 247], "excluded_lines": []}, "reset_lock_statistics": {"executed_lines": [], "summary": {"covered_lines": 0, "num_statements": 4, "percent_covered": 0.0, "percent_covered_display": "0", "missing_lines": 4, "excluded_lines": 0}, "missing_lines": [260, 261, 262, 263], "excluded_lines": []}, "enable_deadlock_detection": {"executed_lines": [], "summary": {"covered_lines": 0, "num_statements": 2, "percent_covered": 0.0, "percent_covered_display": "0", "missing_lines": 2, "excluded_lines": 0}, "missing_lines": [269, 270], "excluded_lines": []}, "check_thread_safety": {"executed_lines": [], "summary": {"covered_lines": 0, "num_statements": 2, "percent_covered": 0.0, "percent_covered_display": "0", "missing_lines": 2, "excluded_lines": 0}, "missing_lines": [275, 277], "excluded_lines": []}, "wait_for_lock_release": {"executed_lines": [], "summary": {"covered_lines": 0, "num_statements": 6, "percent_covered": 0.0, "percent_covered_display": "0", "missing_lines": 6, "excluded_lines": 0}, "missing_lines": [301, 303, 304, 305, 306, 308], "excluded_lines": []}, "force_unlock": {"executed_lines": [], "summary": {"covered_lines": 0, "num_statements": 10, "percent_covered": 0.0, "percent_covered_display": "0", "missing_lines": 10, "excluded_lines": 0}, "missing_lines": [322, 323, 325, 328, 329, 331, 332, 333, 334, 336], "excluded_lines": []}, "": {"executed_lines": [5, 12, 13, 14, 15, 16, 17, 19, 22, 23, 30, 31, 32, 35, 36, 37, 38, 41, 42, 43, 46, 47, 48, 55, 126, 127, 180, 181, 183, 188, 197, 202, 235, 242, 257, 266, 273, 291, 311], "summary": {"covered_lines": 35, "num_statements": 35, "percent_covered": 100.0, "percent_covered_display": "100", "missing_lines": 0, "excluded_lines": 0}, "missing_lines": [], "excluded_lines": []}}, "classes": {"FactoryLockTimeoutError": {"executed_lines": [], "summary": {"covered_lines": 0, "num_statements": 0, "percent_covered": 100.0, "percent_covered_display": "100", "missing_lines": 0, "excluded_lines": 0}, "missing_lines": [], "excluded_lines": []}, "FactoryDeadlockError": {"executed_lines": [], "summary": {"covered_lines": 0, "num_statements": 0, "percent_covered": 100.0, "percent_covered_display": "100", "missing_lines": 0, "excluded_lines": 0}, "missing_lines": [], "excluded_lines": []}, "DeadlockDetector": {"executed_lines": [184, 185, 186], "summary": {"covered_lines": 3, "num_statements": 22, "percent_covered": 13.636363636363637, "percent_covered_display": "14", "missing_lines": 19, "excluded_lines": 0}, "missing_lines": [190, 191, 199, 200, 204, 205, 207, 208, 209, 211, 212, 213, 214, 221, 223, 224, 225, 229, 231], "excluded_lines": []}, "": {"executed_lines": [5, 12, 13, 14, 15, 16, 17, 19, 22, 23, 30, 31, 32, 35, 36, 37, 38, 41, 42, 43, 46, 47, 48, 55, 126, 127, 180, 181, 183, 188, 197, 202, 235, 242, 257, 266, 273, 291, 311], "summary": {"covered_lines": 35, "num_statements": 116, "percent_covered": 30.17241379310345, "percent_covered_display": "30", "missing_lines": 81, "excluded_lines": 0}, "missing_lines": [72, 73, 74, 75, 76, 80, 82, 84, 85, 86, 87, 88, 90, 94, 96, 97, 99, 102, 103, 104, 105, 107, 108, 111, 115, 116, 117, 118, 120, 122, 123, 140, 141, 145, 146, 148, 150, 151, 152, 153, 154, 156, 157, 158, 161, 162, 163, 164, 166, 169, 170, 171, 172, 173, 244, 245, 247, 260, 261, 262, 263, 269, 270, 275, 277, 301, 303, 304, 305, 306, 308, 322, 323, 325, 328, 329, 331, 332, 333, 334, 336], "excluded_lines": []}}}, "src\\controllers\\factory\\core\\validation.py": {"executed_lines": [5, 12, 13, 14, 15, 17, 18, 21, 28, 29, 31, 32, 33, 34, 35, 36, 38, 40, 41, 43, 45, 47, 51, 53, 55, 57, 58, 60, 61, 62, 63, 64, 66, 68, 94, 112, 114, 115, 116, 117, 118, 121, 122, 124, 127, 131, 132, 133, 139, 140, 143, 144, 147, 148, 149, 152, 153, 154, 158, 159, 162, 163, 164, 165, 166, 168, 169, 172, 173, 174, 175, 176, 177, 178, 179, 182, 183, 184, 186, 189, 205, 207, 208, 213, 214, 215, 216, 219, 220, 221, 222, 223, 226, 227, 228, 231, 233, 234, 235, 237, 238, 239, 240, 241, 244, 245, 246, 247, 249, 250, 252, 259, 265, 268, 269, 270, 271, 274, 275, 276, 280, 283, 285, 286, 289, 290, 293, 299, 302, 303, 304, 308, 312, 318, 321, 322, 323, 327, 328, 331, 337, 340, 341, 343, 351, 353, 355, 356, 357, 359, 360, 361, 363, 364, 365, 368, 370, 371, 373, 376, 377, 379, 380, 382, 385, 387, 390, 391, 392, 393, 394, 396, 397, 399, 401, 402, 403, 405, 406, 408, 409, 411, 412, 414], "summary": {"covered_lines": 182, "num_statements": 214, "percent_covered": 85.04672897196262, "percent_covered_display": "85", "missing_lines": 32, "excluded_lines": 0}, "missing_lines": [49, 70, 72, 73, 74, 75, 77, 78, 79, 80, 82, 83, 84, 85, 87, 128, 129, 141, 167, 209, 210, 211, 229, 230, 277, 281, 287, 305, 309, 324, 344, 374], "excluded_lines": [], "functions": {"ValidationResult.__init__": {"executed_lines": [32, 33, 34, 35, 36], "summary": {"covered_lines": 5, "num_statements": 5, "percent_covered": 100.0, "percent_covered_display": "100", "missing_lines": 0, "excluded_lines": 0}, "missing_lines": [], "excluded_lines": []}, "ValidationResult.add_error": {"executed_lines": [40, 41], "summary": {"covered_lines": 2, "num_statements": 2, "percent_covered": 100.0, "percent_covered_display": "100", "missing_lines": 0, "excluded_lines": 0}, "missing_lines": [], "excluded_lines": []}, "ValidationResult.add_warning": {"executed_lines": [45], "summary": {"covered_lines": 1, "num_statements": 1, "percent_covered": 100.0, "percent_covered_display": "100", "missing_lines": 0, "excluded_lines": 0}, "missing_lines": [], "excluded_lines": []}, "ValidationResult.add_info": {"executed_lines": [], "summary": {"covered_lines": 0, "num_statements": 1, "percent_covered": 0.0, "percent_covered_display": "0", "missing_lines": 1, "excluded_lines": 0}, "missing_lines": [49], "excluded_lines": []}, "ValidationResult.has_issues": {"executed_lines": [53], "summary": {"covered_lines": 1, "num_statements": 1, "percent_covered": 100.0, "percent_covered_display": "100", "missing_lines": 0, "excluded_lines": 0}, "missing_lines": [], "excluded_lines": []}, "ValidationResult.get_summary": {"executed_lines": [57, 58, 60, 61, 62, 63, 64, 66], "summary": {"covered_lines": 8, "num_statements": 8, "percent_covered": 100.0, "percent_covered_display": "100", "missing_lines": 0, "excluded_lines": 0}, "missing_lines": [], "excluded_lines": []}, "ValidationResult.__str__": {"executed_lines": [], "summary": {"covered_lines": 0, "num_statements": 14, "percent_covered": 0.0, "percent_covered_display": "0", "missing_lines": 14, "excluded_lines": 0}, "missing_lines": [70, 72, 73, 74, 75, 77, 78, 79, 80, 82, 83, 84, 85, 87], "excluded_lines": []}, "validate_controller_gains": {"executed_lines": [112, 114, 115, 116, 117, 118, 121, 122, 124, 127, 131, 132, 133, 139, 140, 143, 144, 147, 148, 149, 152, 153, 154, 158, 159, 162, 163, 164, 165, 166, 168, 169, 172, 173, 174, 175, 176, 177, 178, 179, 182, 183, 184, 186], "summary": {"covered_lines": 44, "num_statements": 48, "percent_covered": 91.66666666666667, "percent_covered_display": "92", "missing_lines": 4, "excluded_lines": 0}, "missing_lines": [128, 129, 141, 167], "excluded_lines": []}, "validate_configuration": {"executed_lines": [205, 207, 208, 213, 214, 215, 216, 219, 220, 221, 222, 223, 226, 227, 228, 231, 233, 234, 235, 237, 238, 239, 240, 241, 244, 245, 246, 247, 249, 250, 252], "summary": {"covered_lines": 31, "num_statements": 36, "percent_covered": 86.11111111111111, "percent_covered_display": "86", "missing_lines": 5, "excluded_lines": 0}, "missing_lines": [209, 210, 211, 229, 230], "excluded_lines": []}, "_validate_classical_smc_gains": {"executed_lines": [265, 268, 269, 270, 271, 274, 275, 276, 280, 283, 285, 286, 289, 290], "summary": {"covered_lines": 14, "num_statements": 17, "percent_covered": 82.3529411764706, "percent_covered_display": "82", "missing_lines": 3, "excluded_lines": 0}, "missing_lines": [277, 281, 287], "excluded_lines": []}, "_validate_adaptive_smc_gains": {"executed_lines": [299, 302, 303, 304, 308], "summary": {"covered_lines": 5, "num_statements": 7, "percent_covered": 71.42857142857143, "percent_covered_display": "71", "missing_lines": 2, "excluded_lines": 0}, "missing_lines": [305, 309], "excluded_lines": []}, "_validate_sta_smc_gains": {"executed_lines": [318, 321, 322, 323, 327, 328], "summary": {"covered_lines": 6, "num_statements": 7, "percent_covered": 85.71428571428571, "percent_covered_display": "86", "missing_lines": 1, "excluded_lines": 0}, "missing_lines": [324], "excluded_lines": []}, "_validate_hybrid_smc_gains": {"executed_lines": [337, 340, 341, 343], "summary": {"covered_lines": 4, "num_statements": 5, "percent_covered": 80.0, "percent_covered_display": "80", "missing_lines": 1, "excluded_lines": 0}, "missing_lines": [344], "excluded_lines": []}, "validate_state_vector": {"executed_lines": [353, 355, 356, 357, 359, 360, 361, 363, 364, 365, 368, 370, 371, 373, 376, 377, 379, 380, 382], "summary": {"covered_lines": 19, "num_statements": 20, "percent_covered": 95.0, "percent_covered_display": "95", "missing_lines": 1, "excluded_lines": 0}, "missing_lines": [374], "excluded_lines": []}, "validate_control_output": {"executed_lines": [387, 390, 391, 392, 393, 394, 396, 397, 399, 401, 402, 403, 405, 406, 408, 409, 411, 412, 414], "summary": {"covered_lines": 19, "num_statements": 19, "percent_covered": 100.0, "percent_covered_display": "100", "missing_lines": 0, "excluded_lines": 0}, "missing_lines": [], "excluded_lines": []}, "": {"executed_lines": [5, 12, 13, 14, 15, 17, 18, 21, 28, 29, 31, 38, 43, 47, 51, 55, 68, 94, 189, 259, 293, 312, 331, 351, 385], "summary": {"covered_lines": 23, "num_statements": 23, "percent_covered": 100.0, "percent_covered_display": "100", "missing_lines": 0, "excluded_lines": 0}, "missing_lines": [], "excluded_lines": []}}, "classes": {"ValidationResult": {"executed_lines": [32, 33, 34, 35, 36, 40, 41, 45, 53, 57, 58, 60, 61, 62, 63, 64, 66], "summary": {"covered_lines": 17, "num_statements": 32, "percent_covered": 53.125, "percent_covered_display": "53", "missing_lines": 15, "excluded_lines": 0}, "missing_lines": [49, 70, 72, 73, 74, 75, 77, 78, 79, 80, 82, 83, 84, 85, 87], "excluded_lines": []}, "": {"executed_lines": [5, 12, 13, 14, 15, 17, 18, 21, 28, 29, 31, 38, 43, 47, 51, 55, 68, 94, 112, 114, 115, 116, 117, 118, 121, 122, 124, 127, 131, 132, 133, 139, 140, 143, 144, 147, 148, 149, 152, 153, 154, 158, 159, 162, 163, 164, 165, 166, 168, 169, 172, 173, 174, 175, 176, 177, 178, 179, 182, 183, 184, 186, 189, 205, 207, 208, 213, 214, 215, 216, 219, 220, 221, 222, 223, 226, 227, 228, 231, 233, 234, 235, 237, 238, 239, 240, 241, 244, 245, 246, 247, 249, 250, 252, 259, 265, 268, 269, 270, 271, 274, 275, 276, 280, 283, 285, 286, 289, 290, 293, 299, 302, 303, 304, 308, 312, 318, 321, 322, 323, 327, 328, 331, 337, 340, 341, 343, 351, 353, 355, 356, 357, 359, 360, 361, 363, 364, 365, 368, 370, 371, 373, 376, 377, 379, 380, 382, 385, 387, 390, 391, 392, 393, 394, 396, 397, 399, 401, 402, 403, 405, 406, 408, 409, 411, 412, 414], "summary": {"covered_lines": 165, "num_statements": 182, "percent_covered": 90.65934065934066, "percent_covered_display": "91", "missing_lines": 17, "excluded_lines": 0}, "missing_lines": [128, 129, 141, 167, 209, 210, 211, 229, 230, 277, 281, 287, 305, 309, 324, 344, 374], "excluded_lines": []}}}, "src\\controllers\\factory\\deprecation.py": {"executed_lines": [5, 12, 13, 14, 15, 16, 19, 20, 21, 22, 23, 26, 27, 28, 29, 30, 31, 32, 33, 34, 37, 38, 45, 46, 47, 49, 51, 126, 141, 142, 144, 145, 147, 148, 167, 169, 194, 206, 236, 239, 250, 253, 266], "summary": {"covered_lines": 39, "num_statements": 83, "percent_covered": 46.98795180722892, "percent_covered_display": "47", "missing_lines": 44, "excluded_lines": 0}, "missing_lines": [149, 150, 153, 155, 156, 157, 160, 162, 163, 164, 165, 177, 179, 180, 182, 183, 185, 186, 187, 188, 189, 190, 191, 196, 197, 199, 200, 201, 202, 204, 217, 219, 220, 222, 224, 225, 226, 227, 228, 229, 230, 232, 263, 277], "excluded_lines": [], "functions": {"ControllerDeprecationWarner.__init__": {"executed_lines": [46, 47], "summary": {"covered_lines": 2, "num_statements": 2, "percent_covered": 100.0, "percent_covered_display": "100", "missing_lines": 0, "excluded_lines": 0}, "missing_lines": [], "excluded_lines": []}, "ControllerDeprecationWarner._initialize_deprecation_mappings": {"executed_lines": [51], "summary": {"covered_lines": 1, "num_statements": 1, "percent_covered": 100.0, "percent_covered_display": "100", "missing_lines": 0, "excluded_lines": 0}, "missing_lines": [], "excluded_lines": []}, "ControllerDeprecationWarner.check_deprecated_parameters": {"executed_lines": [141, 142, 144, 145, 147, 148, 167], "summary": {"covered_lines": 7, "num_statements": 18, "percent_covered": 38.888888888888886, "percent_covered_display": "39", "missing_lines": 11, "excluded_lines": 0}, "missing_lines": [149, 150, 153, 155, 156, 157, 160, 162, 163, 164, 165], "excluded_lines": []}, "ControllerDeprecationWarner._issue_deprecation_warning": {"executed_lines": [], "summary": {"covered_lines": 0, "num_statements": 12, "percent_covered": 0.0, "percent_covered_display": "0", "missing_lines": 12, "excluded_lines": 0}, "missing_lines": [177, 179, 180, 182, 183, 185, 186, 187, 188, 189, 190, 191], "excluded_lines": []}, "ControllerDeprecationWarner.get_migration_guide": {"executed_lines": [], "summary": {"covered_lines": 0, "num_statements": 7, "percent_covered": 0.0, "percent_covered_display": "0", "missing_lines": 7, "excluded_lines": 0}, "missing_lines": [196, 197, 199, 200, 201, 202, 204], "excluded_lines": []}, "ControllerDeprecationWarner.validate_configuration_compatibility": {"executed_lines": [], "summary": {"covered_lines": 0, "num_statements": 12, "percent_covered": 0.0, "percent_covered_display": "0", "missing_lines": 12, "excluded_lines": 0}, "missing_lines": [217, 219, 220, 222, 224, 225, 226, 227, 228, 229, 230, 232], "excluded_lines": []}, "check_deprecated_config": {"executed_lines": [250], "summary": {"covered_lines": 1, "num_statements": 1, "percent_covered": 100.0, "percent_covered_display": "100", "missing_lines": 0, "excluded_lines": 0}, "missing_lines": [], "excluded_lines": []}, "get_controller_migration_guide": {"executed_lines": [], "summary": {"covered_lines": 0, "num_statements": 1, "percent_covered": 0.0, "percent_covered_display": "0", "missing_lines": 1, "excluded_lines": 0}, "missing_lines": [263], "excluded_lines": []}, "validate_config_compatibility": {"executed_lines": [], "summary": {"covered_lines": 0, "num_statements": 1, "percent_covered": 0.0, "percent_covered_display": "0", "missing_lines": 1, "excluded_lines": 0}, "missing_lines": [277], "excluded_lines": []}, "": {"executed_lines": [5, 12, 13, 14, 15, 16, 19, 20, 21, 22, 23, 26, 27, 28, 29, 30, 31, 32, 33, 34, 37, 38, 45, 49, 126, 169, 194, 206, 236, 239, 253, 266], "summary": {"covered_lines": 28, "num_statements": 28, "percent_covered": 100.0, "percent_covered_display": "100", "missing_lines": 0, "excluded_lines": 0}, "missing_lines": [], "excluded_lines": []}}, "classes": {"DeprecationLevel": {"executed_lines": [], "summary": {"covered_lines": 0, "num_statements": 0, "percent_covered": 100.0, "percent_covered_display": "100", "missing_lines": 0, "excluded_lines": 0}, "missing_lines": [], "excluded_lines": []}, "DeprecationMapping": {"executed_lines": [], "summary": {"covered_lines": 0, "num_statements": 0, "percent_covered": 100.0, "percent_covered_display": "100", "missing_lines": 0, "excluded_lines": 0}, "missing_lines": [], "excluded_lines": []}, "ControllerDeprecationWarner": {"executed_lines": [46, 47, 51, 141, 142, 144, 145, 147, 148, 167], "summary": {"covered_lines": 10, "num_statements": 52, "percent_covered": 19.23076923076923, "percent_covered_display": "19", "missing_lines": 42, "excluded_lines": 0}, "missing_lines": [149, 150, 153, 155, 156, 157, 160, 162, 163, 164, 165, 177, 179, 180, 182, 183, 185, 186, 187, 188, 189, 190, 191, 196, 197, 199, 200, 201, 202, 204, 217, 219, 220, 222, 224, 225, 226, 227, 228, 229, 230, 232], "excluded_lines": []}, "": {"executed_lines": [5, 12, 13, 14, 15, 16, 19, 20, 21, 22, 23, 26, 27, 28, 29, 30, 31, 32, 33, 34, 37, 38, 45, 49, 126, 169, 194, 206, 236, 239, 250, 253, 266], "summary": {"covered_lines": 29, "num_statements": 31, "percent_covered": 93.54838709677419, "percent_covered_display": "94", "missing_lines": 2, "excluded_lines": 0}, "missing_lines": [263, 277], "excluded_lines": []}}}, "src\\controllers\\factory\\fallback_configs.py": {"executed_lines": [5, 12, 13, 16, 17, 18, 20, 21, 22, 23, 24, 25, 26, 27, 29, 33, 38, 39, 40, 42, 43, 44, 45, 46, 47, 48, 49, 50, 51, 53, 57, 62, 63, 64, 66, 67, 68, 69, 70, 71, 72, 73, 74, 75, 76, 77, 79, 83, 88, 89, 90, 92, 93, 94, 95, 96, 97, 98, 99, 100, 102], "summary": {"covered_lines": 56, "num_statements": 63, "percent_covered": 88.88888888888889, "percent_covered_display": "89", "missing_lines": 7, "excluded_lines": 0}, "missing_lines": [31, 35, 55, 59, 81, 85, 104], "excluded_lines": [], "functions": {"ClassicalSMCConfig.get_surface_gains": {"executed_lines": [], "summary": {"covered_lines": 0, "num_statements": 1, "percent_covered": 0.0, "percent_covered_display": "0", "missing_lines": 1, "excluded_lines": 0}, "missing_lines": [31], "excluded_lines": []}, "ClassicalSMCConfig.get_effective_controllability_threshold": {"executed_lines": [], "summary": {"covered_lines": 0, "num_statements": 1, "percent_covered": 0.0, "percent_covered_display": "0", "missing_lines": 1, "excluded_lines": 0}, "missing_lines": [35], "excluded_lines": []}, "STASMCConfig.get_surface_gains": {"executed_lines": [], "summary": {"covered_lines": 0, "num_statements": 1, "percent_covered": 0.0, "percent_covered_display": "0", "missing_lines": 1, "excluded_lines": 0}, "missing_lines": [55], "excluded_lines": []}, "STASMCConfig.get_effective_anti_windup_gain": {"executed_lines": [], "summary": {"covered_lines": 0, "num_statements": 1, "percent_covered": 0.0, "percent_covered_display": "0", "missing_lines": 1, "excluded_lines": 0}, "missing_lines": [59], "excluded_lines": []}, "AdaptiveSMCConfig.get_surface_gains": {"executed_lines": [], "summary": {"covered_lines": 0, "num_statements": 1, "percent_covered": 0.0, "percent_covered_display": "0", "missing_lines": 1, "excluded_lines": 0}, "missing_lines": [81], "excluded_lines": []}, "AdaptiveSMCConfig.get_adaptation_bounds": {"executed_lines": [], "summary": {"covered_lines": 0, "num_statements": 1, "percent_covered": 0.0, "percent_covered_display": "0", "missing_lines": 1, "excluded_lines": 0}, "missing_lines": [85], "excluded_lines": []}, "HybridAdaptiveSTASMCConfig.get_surface_gains": {"executed_lines": [], "summary": {"covered_lines": 0, "num_statements": 1, "percent_covered": 0.0, "percent_covered_display": "0", "missing_lines": 1, "excluded_lines": 0}, "missing_lines": [104], "excluded_lines": []}, "": {"executed_lines": [5, 12, 13, 16, 17, 18, 20, 21, 22, 23, 24, 25, 26, 27, 29, 33, 38, 39, 40, 42, 43, 44, 45, 46, 47, 48, 49, 50, 51, 53, 57, 62, 63, 64, 66, 67, 68, 69, 70, 71, 72, 73, 74, 75, 76, 77, 79, 83, 88, 89, 90, 92, 93, 94, 95, 96, 97, 98, 99, 100, 102], "summary": {"covered_lines": 56, "num_statements": 56, "percent_covered": 100.0, "percent_covered_display": "100", "missing_lines": 0, "excluded_lines": 0}, "missing_lines": [], "excluded_lines": []}}, "classes": {"ClassicalSMCConfig": {"executed_lines": [], "summary": {"covered_lines": 0, "num_statements": 2, "percent_covered": 0.0, "percent_covered_display": "0", "missing_lines": 2, "excluded_lines": 0}, "missing_lines": [31, 35], "excluded_lines": []}, "STASMCConfig": {"executed_lines": [], "summary": {"covered_lines": 0, "num_statements": 2, "percent_covered": 0.0, "percent_covered_display": "0", "missing_lines": 2, "excluded_lines": 0}, "missing_lines": [55, 59], "excluded_lines": []}, "AdaptiveSMCConfig": {"executed_lines": [], "summary": {"covered_lines": 0, "num_statements": 2, "percent_covered": 0.0, "percent_covered_display": "0", "missing_lines": 2, "excluded_lines": 0}, "missing_lines": [81, 85], "excluded_lines": []}, "HybridAdaptiveSTASMCConfig": {"executed_lines": [], "summary": {"covered_lines": 0, "num_statements": 1, "percent_covered": 0.0, "percent_covered_display": "0", "missing_lines": 1, "excluded_lines": 0}, "missing_lines": [104], "excluded_lines": []}, "": {"executed_lines": [5, 12, 13, 16, 17, 18, 20, 21, 22, 23, 24, 25, 26, 27, 29, 33, 38, 39, 40, 42, 43, 44, 45, 46, 47, 48, 49, 50, 51, 53, 57, 62, 63, 64, 66, 67, 68, 69, 70, 71, 72, 73, 74, 75, 76, 77, 79, 83, 88, 89, 90, 92, 93, 94, 95, 96, 97, 98, 99, 100, 102], "summary": {"covered_lines": 56, "num_statements": 56, "percent_covered": 100.0, "percent_covered_display": "100", "missing_lines": 0, "excluded_lines": 0}, "missing_lines": [], "excluded_lines": []}}}, "src\\controllers\\factory\\legacy_factory.py": {"executed_lines": [5, 8, 9, 10, 11, 12, 13, 16, 19, 32, 33, 34, 35, 36, 37, 40, 41, 42, 44, 45, 46, 48, 49, 50, 53, 54, 58, 61, 62, 66, 80, 169, 171, 172, 173, 174, 175, 176, 177, 184, 185, 186, 187, 188, 189, 190, 195, 196, 197, 200, 201, 204, 205, 216, 223, 227, 228, 229, 232, 234, 236, 239, 241, 243, 246, 251, 252, 253, 254, 256, 267, 268, 269, 272, 274, 276, 279, 296, 311, 317, 318, 320, 322, 333, 348, 350, 352, 353, 371, 373, 376, 377, 378, 379, 380, 391, 393, 397, 402, 403, 405, 406, 407, 408, 411, 446, 449, 450, 513, 514, 516, 577, 586, 592, 593, 599, 602, 605, 608, 615, 616, 617, 618, 619, 623, 626, 627, 630, 631, 632, 635, 638, 639, 640, 641, 642, 645, 650, 651, 652, 656, 657, 659, 660, 662, 663, 667, 668, 670, 671, 675, 681, 682, 683, 684, 697, 698, 703, 707, 709, 710, 715, 716, 719, 720, 727, 728, 730, 739, 740, 742, 744, 745, 750, 754, 756, 762, 763, 766, 767, 774, 775, 777, 789, 792, 794, 829, 882, 942, 1063, 1186], "summary": {"covered_lines": 187, "num_statements": 517, "percent_covered": 36.170212765957444, "percent_covered_display": "36", "missing_lines": 330, "excluded_lines": 0}, "missing_lines": [55, 56, 57, 178, 179, 206, 207, 209, 210, 211, 212, 213, 224, 235, 237, 244, 247, 248, 249, 250, 280, 282, 283, 289, 290, 293, 294, 297, 298, 299, 305, 306, 308, 312, 324, 325, 326, 327, 328, 330, 339, 340, 341, 342, 343, 344, 345, 351, 354, 355, 356, 357, 358, 359, 360, 361, 362, 363, 364, 365, 366, 367, 368, 369, 374, 381, 382, 383, 384, 386, 394, 398, 451, 452, 455, 458, 461, 462, 463, 464, 465, 466, 467, 470, 471, 473, 476, 477, 478, 479, 481, 482, 483, 484, 485, 487, 490, 491, 493, 494, 496, 498, 499, 500, 501, 502, 503, 504, 508, 545, 546, 549, 550, 551, 552, 554, 556, 557, 558, 564, 565, 566, 568, 569, 573, 574, 587, 588, 589, 594, 595, 596, 597, 606, 609, 610, 620, 621, 643, 646, 647, 653, 654, 685, 686, 687, 688, 689, 690, 691, 692, 694, 699, 717, 721, 722, 723, 746, 757, 764, 768, 769, 770, 790, 795, 796, 800, 804, 806, 807, 812, 813, 814, 815, 817, 818, 819, 820, 822, 824, 825, 827, 830, 831, 835, 840, 842, 843, 848, 849, 850, 851, 854, 856, 860, 877, 878, 880, 883, 884, 888, 893, 895, 896, 901, 903, 907, 908, 911, 912, 913, 914, 915, 917, 937, 938, 940, 944, 945, 947, 948, 949, 950, 952, 953, 957, 962, 964, 965, 971, 972, 973, 974, 975, 976, 977, 979, 980, 981, 983, 984, 985, 986, 988, 989, 990, 991, 992, 995, 996, 997, 998, 999, 1000, 1001, 1002, 1004, 1007, 1008, 1009, 1010, 1011, 1012, 1013, 1014, 1015, 1016, 1017, 1018, 1020, 1022, 1023, 1031, 1032, 1035, 1036, 1037, 1038, 1039, 1040, 1044, 1045, 1046, 1047, 1048, 1049, 1050, 1054, 1056, 1057, 1059, 1079, 1082, 1083, 1084, 1088, 1091, 1093, 1094, 1095, 1097, 1098, 1101, 1111, 1113, 1115, 1117, 1118, 1119, 1121, 1122, 1123, 1125, 1137, 1138, 1140, 1142, 1144, 1146, 1147, 1148, 1150, 1166, 1170, 1171, 1172, 1174, 1181, 1183, 1190], "excluded_lines": [], "functions": {"_try_import": {"executed_lines": [171, 172, 173, 174, 175, 176, 177], "summary": {"covered_lines": 7, "num_statements": 9, "percent_covered": 77.77777777777777, "percent_covered_display": "78", "missing_lines": 2, "excluded_lines": 0}, "missing_lines": [178, 179], "excluded_lines": []}, "normalize_controller_name": {"executed_lines": [223, 227, 228, 229, 232, 234, 236, 239], "summary": {"covered_lines": 8, "num_statements": 11, "percent_covered": 72.72727272727273, "percent_covered_display": "73", "missing_lines": 3, "excluded_lines": 0}, "missing_lines": [224, 235, 237], "excluded_lines": []}, "normalize_param_key": {"executed_lines": [243, 246, 251, 252, 253, 254], "summary": {"covered_lines": 6, "num_statements": 11, "percent_covered": 54.54545454545455, "percent_covered_display": "55", "missing_lines": 5, "excluded_lines": 0}, "missing_lines": [244, 247, 248, 249, 250], "excluded_lines": []}, "apply_deprecation_mapping": {"executed_lines": [267, 268, 269, 272, 274, 276, 279, 296, 311, 317, 318, 320], "summary": {"covered_lines": 12, "num_statements": 26, "percent_covered": 46.15384615384615, "percent_covered_display": "46", "missing_lines": 14, "excluded_lines": 0}, "missing_lines": [280, 282, 283, 289, 290, 293, 294, 297, 298, 299, 305, 306, 308, 312], "excluded_lines": []}, "redact_value": {"executed_lines": [], "summary": {"covered_lines": 0, "num_statements": 6, "percent_covered": 0.0, "percent_covered_display": "0", "missing_lines": 6, "excluded_lines": 0}, "missing_lines": [324, 325, 326, 327, 328, 330], "excluded_lines": []}, "register_controller": {"executed_lines": [], "summary": {"covered_lines": 0, "num_statements": 2, "percent_covered": 0.0, "percent_covered_display": "0", "missing_lines": 2, "excluded_lines": 0}, "missing_lines": [339, 345], "excluded_lines": []}, "register_controller.decorator": {"executed_lines": [], "summary": {"covered_lines": 0, "num_statements": 5, "percent_covered": 0.0, "percent_covered_display": "0", "missing_lines": 5, "excluded_lines": 0}, "missing_lines": [340, 341, 342, 343, 344], "excluded_lines": []}, "_as_dict": {"executed_lines": [350, 352, 353], "summary": {"covered_lines": 3, "num_statements": 20, "percent_covered": 15.0, "percent_covered_display": "15", "missing_lines": 17, "excluded_lines": 0}, "missing_lines": [351, 354, 355, 356, 357, 358, 359, 360, 361, 362, 363, 364, 365, 366, 367, 368, 369], "excluded_lines": []}, "_get_default_gains": {"executed_lines": [373, 376, 377, 378, 379, 380], "summary": {"covered_lines": 6, "num_statements": 12, "percent_covered": 50.0, "percent_covered_display": "50", "missing_lines": 6, "excluded_lines": 0}, "missing_lines": [374, 381, 382, 383, 384, 386], "excluded_lines": []}, "_ensure_dynamics_available": {"executed_lines": [393, 397], "summary": {"covered_lines": 2, "num_statements": 4, "percent_covered": 50.0, "percent_covered_display": "50", "missing_lines": 2, "excluded_lines": 0}, "missing_lines": [394, 398], "excluded_lines": []}, "_validate_shared_params": {"executed_lines": [405, 406, 407, 408], "summary": {"covered_lines": 4, "num_statements": 4, "percent_covered": 100.0, "percent_covered_display": "100", "missing_lines": 0, "excluded_lines": 0}, "missing_lines": [], "excluded_lines": []}, "build_controller": {"executed_lines": [446, 449, 450, 513, 514], "summary": {"covered_lines": 5, "num_statements": 42, "percent_covered": 11.904761904761905, "percent_covered_display": "12", "missing_lines": 37, "excluded_lines": 0}, "missing_lines": [451, 452, 455, 458, 461, 462, 463, 464, 465, 466, 467, 470, 471, 473, 476, 477, 478, 479, 481, 482, 483, 484, 485, 487, 490, 491, 493, 494, 496, 498, 499, 500, 501, 502, 503, 504, 508], "excluded_lines": []}, "build_all": {"executed_lines": [], "summary": {"covered_lines": 0, "num_statements": 17, "percent_covered": 0.0, "percent_covered_display": "0", "missing_lines": 17, "excluded_lines": 0}, "missing_lines": [545, 546, 549, 550, 551, 552, 554, 556, 557, 558, 564, 565, 566, 568, 569, 573, 574], "excluded_lines": []}, "_legacy_create_controller": {"executed_lines": [586, 592, 593, 599, 602, 605, 608, 615, 616, 617, 618, 619, 623, 626, 627, 630, 631, 632, 635, 638, 639, 640, 641, 642, 645, 650, 651, 652, 656, 657, 659, 660, 662, 663, 667, 668, 670, 671, 675, 681, 682, 683, 684], "summary": {"covered_lines": 43, "num_statements": 69, "percent_covered": 62.31884057971015, "percent_covered_display": "62", "missing_lines": 26, "excluded_lines": 0}, "missing_lines": [587, 588, 589, 594, 595, 596, 597, 606, 609, 610, 620, 621, 643, 646, 647, 653, 654, 685, 686, 687, 688, 689, 690, 691, 692, 694], "excluded_lines": []}, "_build_classical_smc": {"executed_lines": [698, 703, 707, 709, 710, 715, 716, 719, 720, 727, 728, 730, 739, 740, 742], "summary": {"covered_lines": 15, "num_statements": 20, "percent_covered": 75.0, "percent_covered_display": "75", "missing_lines": 5, "excluded_lines": 0}, "missing_lines": [699, 717, 721, 722, 723], "excluded_lines": []}, "_build_sta_smc": {"executed_lines": [745, 750, 754, 756, 762, 763, 766, 767, 774, 775, 777, 789, 792], "summary": {"covered_lines": 13, "num_statements": 20, "percent_covered": 65.0, "percent_covered_display": "65", "missing_lines": 7, "excluded_lines": 0}, "missing_lines": [746, 757, 764, 768, 769, 770, 790], "excluded_lines": []}, "_build_adaptive_smc": {"executed_lines": [], "summary": {"covered_lines": 0, "num_statements": 18, "percent_covered": 0.0, "percent_covered_display": "0", "missing_lines": 18, "excluded_lines": 0}, "missing_lines": [795, 796, 800, 804, 806, 807, 812, 813, 814, 815, 817, 818, 819, 820, 822, 824, 825, 827], "excluded_lines": []}, "_build_swing_up_smc": {"executed_lines": [], "summary": {"covered_lines": 0, "num_statements": 16, "percent_covered": 0.0, "percent_covered_display": "0", "missing_lines": 16, "excluded_lines": 0}, "missing_lines": [830, 831, 835, 840, 842, 843, 848, 849, 850, 851, 854, 856, 860, 877, 878, 880], "excluded_lines": []}, "_build_hybrid_adaptive_sta_smc": {"executed_lines": [], "summary": {"covered_lines": 0, "num_statements": 19, "percent_covered": 0.0, "percent_covered_display": "0", "missing_lines": 19, "excluded_lines": 0}, "missing_lines": [883, 884, 888, 893, 895, 896, 901, 903, 907, 908, 911, 912, 913, 914, 915, 917, 937, 938, 940], "excluded_lines": []}, "_build_mpc_controller": {"executed_lines": [], "summary": {"covered_lines": 0, "num_statements": 71, "percent_covered": 0.0, "percent_covered_display": "0", "missing_lines": 71, "excluded_lines": 0}, "missing_lines": [944, 945, 947, 948, 949, 950, 952, 953, 957, 962, 964, 965, 971, 972, 973, 974, 975, 976, 977, 979, 980, 981, 983, 984, 985, 986, 988, 989, 990, 991, 992, 995, 996, 998, 1000, 1002, 1004, 1007, 1008, 1009, 1010, 1011, 1012, 1013, 1014, 1015, 1016, 1017, 1018, 1020, 1022, 1023, 1031, 1032, 1035, 1036, 1037, 1038, 1039, 1040, 1044, 1045, 1046, 1047, 1048, 1049, 1050, 1054, 1056, 1057, 1059], "excluded_lines": []}, "_build_mpc_controller._DummyDyn.__init__": {"executed_lines": [], "summary": {"covered_lines": 0, "num_statements": 1, "percent_covered": 0.0, "percent_covered_display": "0", "missing_lines": 1, "excluded_lines": 0}, "missing_lines": [997], "excluded_lines": []}, "_build_mpc_controller._DummyDyn.step": {"executed_lines": [], "summary": {"covered_lines": 0, "num_statements": 1, "percent_covered": 0.0, "percent_covered_display": "0", "missing_lines": 1, "excluded_lines": 0}, "missing_lines": [999], "excluded_lines": []}, "_build_mpc_controller._DummyDyn.f": {"executed_lines": [], "summary": {"covered_lines": 0, "num_statements": 1, "percent_covered": 0.0, "percent_covered_display": "0", "missing_lines": 1, "excluded_lines": 0}, "missing_lines": [1001], "excluded_lines": []}, "create_controller": {"executed_lines": [], "summary": {"covered_lines": 0, "num_statements": 38, "percent_covered": 0.0, "percent_covered_display": "0", "missing_lines": 38, "excluded_lines": 0}, "missing_lines": [1079, 1082, 1083, 1084, 1088, 1091, 1093, 1094, 1095, 1097, 1098, 1101, 1111, 1113, 1115, 1117, 1118, 1119, 1121, 1122, 1123, 1125, 1137, 1138, 1140, 1142, 1144, 1146, 1147, 1148, 1150, 1166, 1170, 1171, 1172, 1174, 1181, 1183], "excluded_lines": []}, "_canonical": {"executed_lines": [], "summary": {"covered_lines": 0, "num_statements": 1, "percent_covered": 0.0, "percent_covered_display": "0", "missing_lines": 1, "excluded_lines": 0}, "missing_lines": [1190], "excluded_lines": []}, "": {"executed_lines": [5, 8, 9, 10, 11, 12, 13, 16, 19, 32, 33, 34, 35, 36, 37, 40, 41, 42, 44, 45, 46, 48, 49, 50, 53, 54, 58, 61, 62, 66, 80, 169, 184, 185, 186, 187, 188, 189, 190, 195, 196, 197, 200, 201, 204, 205, 216, 241, 256, 322, 333, 348, 371, 391, 402, 403, 411, 516, 577, 697, 744, 794, 829, 882, 942, 1063, 1186], "summary": {"covered_lines": 63, "num_statements": 73, "percent_covered": 86.3013698630137, "percent_covered_display": "86", "missing_lines": 10, "excluded_lines": 0}, "missing_lines": [55, 56, 57, 206, 207, 209, 210, 211, 212, 213], "excluded_lines": []}}, "classes": {"FactoryConfigurationError": {"executed_lines": [], "summary": {"covered_lines": 0, "num_statements": 0, "percent_covered": 100.0, "percent_covered_display": "100", "missing_lines": 0, "excluded_lines": 0}, "missing_lines": [], "excluded_lines": []}, "ConfigValueError": {"executed_lines": [], "summary": {"covered_lines": 0, "num_statements": 0, "percent_covered": 100.0, "percent_covered_display": "100", "missing_lines": 0, "excluded_lines": 0}, "missing_lines": [], "excluded_lines": []}, "UnknownConfigKeyError": {"executed_lines": [], "summary": {"covered_lines": 0, "num_statements": 0, "percent_covered": 100.0, "percent_covered_display": "100", "missing_lines": 0, "excluded_lines": 0}, "missing_lines": [], "excluded_lines": []}, "_build_mpc_controller._DummyDyn": {"executed_lines": [], "summary": {"covered_lines": 0, "num_statements": 3, "percent_covered": 0.0, "percent_covered_display": "0", "missing_lines": 3, "excluded_lines": 0}, "missing_lines": [997, 999, 1001], "excluded_lines": []}, "": {"executed_lines": [5, 8, 9, 10, 11, 12, 13, 16, 19, 32, 33, 34, 35, 36, 37, 40, 41, 42, 44, 45, 46, 48, 49, 50, 53, 54, 58, 61, 62, 66, 80, 169, 171, 172, 173, 174, 175, 176, 177, 184, 185, 186, 187, 188, 189, 190, 195, 196, 197, 200, 201, 204, 205, 216, 223, 227, 228, 229, 232, 234, 236, 239, 241, 243, 246, 251, 252, 253, 254, 256, 267, 2
[...]
24, 825, 828, 829, 830, 831, 833, 835, 845, 846], "excluded_lines": []}, "": {"executed_lines": [], "summary": {"covered_lines": 0, "num_statements": 128, "percent_covered": 0.0, "percent_covered_display": "0", "missing_lines": 128, "excluded_lines": 0}, "missing_lines": [22, 23, 24, 25, 26, 27, 28, 29, 30, 32, 33, 34, 37, 39, 40, 41, 42, 43, 44, 45, 46, 47, 48, 51, 53, 54, 55, 56, 57, 58, 59, 62, 63, 65, 66, 67, 68, 69, 70, 71, 72, 73, 74, 75, 76, 79, 80, 83, 84, 87, 88, 91, 92, 95, 96, 99, 100, 103, 104, 107, 108, 111, 120, 153, 196, 265, 334, 348, 370, 390, 411, 428, 470, 508, 543, 570, 596, 617, 647, 691, 699, 704, 763, 854, 856, 857, 858, 859, 861, 863, 870, 872, 873, 875, 876, 878, 882, 884, 885, 886, 887, 888, 890, 891, 892, 895, 896, 905, 906, 907, 909, 910, 911, 913, 914, 915, 917, 918, 919, 920, 921, 922, 924, 925, 926, 928, 931, 932], "excluded_lines": []}}}, "src\\optimization\\validation\\pso_bounds_optimizer.py": {"executed_lines": [], "summary": {"covered_lines": 0, "num_statements": 293, "percent_covered": 0.0, "percent_covered_display": "0", "missing_lines": 293, "excluded_lines": 0}, "missing_lines": [20, 21, 22, 23, 24, 25, 26, 27, 28, 30, 31, 32, 33, 36, 38, 39, 40, 41, 44, 45, 47, 48, 49, 50, 51, 52, 53, 54, 57, 58, 60, 61, 62, 63, 64, 65, 66, 67, 68, 71, 79, 81, 82, 85, 88, 91, 92, 93, 94, 97, 98, 100, 102, 105, 120, 134, 150, 162, 164, 181, 183, 186, 187, 190, 193, 198, 203, 206, 210, 213, 218, 230, 235, 237, 244, 245, 246, 248, 250, 252, 253, 254, 257, 258, 259, 262, 263, 264, 266, 268, 269, 271, 273, 274, 277, 278, 279, 280, 282, 286, 287, 289, 290, 292, 295, 324, 326, 328, 329, 330, 331, 333, 336, 337, 338, 340, 341, 342, 345, 346, 348, 349, 351, 352, 354, 355, 357, 359, 361, 368, 370, 371, 374, 375, 383, 384, 385, 386, 387, 388, 389, 390, 397, 399, 406, 409, 412, 413, 416, 417, 418, 420, 422, 423, 425, 426, 434, 441, 447, 448, 449, 450, 451, 452, 454, 455, 456, 459, 460, 461, 462, 464, 465, 466, 468, 475, 481, 482, 485, 508, 511, 513, 515, 516, 517, 520, 526, 529, 531, 536, 538, 546, 547, 549, 550, 553, 557, 561, 566, 568, 570, 577, 579, 587, 589, 590, 593, 594, 595, 596, 597, 598, 600, 603, 604, 607, 612, 616, 620, 621, 624, 628, 631, 637, 638, 639, 641, 643, 648, 650, 652, 653, 654, 655, 657, 662, 663, 664, 676, 678, 684, 695, 696, 698, 699, 700, 707, 708, 715, 724, 725, 726, 728, 729, 732, 734, 735, 736, 737, 740, 743, 744, 749, 750, 753, 754, 755, 757, 758, 760, 761, 762, 764, 766, 767, 768, 770, 771, 773, 774, 775, 776, 778, 779, 780, 781, 782, 784, 785, 786, 788, 800, 801], "excluded_lines": [], "functions": {"PSOBoundsOptimizer.__init__": {"executed_lines": [], "summary": {"covered_lines": 0, "num_statements": 10, "percent_covered": 0.0, "percent_covered_display": "0", "missing_lines": 10, "excluded_lines": 0}, "missing_lines": [81, 82, 85, 88, 91, 92, 93, 94, 97, 98], "excluded_lines": []}, "PSOBoundsOptimizer._initialize_controller_specifications": {"executed_lines": [], "summary": {"covered_lines": 0, "num_statements": 6, "percent_covered": 0.0, "percent_covered_display": "0", "missing_lines": 6, "excluded_lines": 0}, "missing_lines": [102, 105, 120, 134, 150, 162], "excluded_lines": []}, "PSOBoundsOptimizer.optimize_bounds_for_controller": {"executed_lines": [], "summary": {"covered_lines": 0, "num_statements": 14, "percent_covered": 0.0, "percent_covered_display": "0", "missing_lines": 14, "excluded_lines": 0}, "missing_lines": [181, 183, 186, 187, 190, 193, 198, 203, 206, 210, 213, 218, 230, 235], "excluded_lines": []}, "PSOBoundsOptimizer._generate_bounds_candidates": {"executed_lines": [], "summary": {"covered_lines": 0, "num_statements": 29, "percent_covered": 0.0, "percent_covered_display": "0", "missing_lines": 29, "excluded_lines": 0}, "missing_lines": [244, 245, 246, 248, 250, 252, 253, 254, 257, 258, 259, 262, 263, 264, 266, 268, 269, 271, 273, 274, 277, 278, 279, 280, 282, 286, 287, 289, 290], "excluded_lines": []}, "PSOBoundsOptimizer._generate_performance_driven_bounds": {"executed_lines": [], "summary": {"covered_lines": 0, "num_statements": 2, "percent_covered": 0.0, "percent_covered_display": "0", "missing_lines": 2, "excluded_lines": 0}, "missing_lines": [295, 324], "excluded_lines": []}, "PSOBoundsOptimizer._generate_convergence_focused_bounds": {"executed_lines": [], "summary": {"covered_lines": 0, "num_statements": 21, "percent_covered": 0.0, "percent_covered_display": "0", "missing_lines": 21, "excluded_lines": 0}, "missing_lines": [328, 329, 330, 331, 333, 336, 337, 338, 340, 341, 342, 345, 346, 348, 349, 351, 352, 354, 355, 357, 359], "excluded_lines": []}, "PSOBoundsOptimizer._evaluate_bounds_candidates": {"executed_lines": [], "summary": {"covered_lines": 0, "num_statements": 14, "percent_covered": 0.0, "percent_covered_display": "0", "missing_lines": 14, "excluded_lines": 0}, "missing_lines": [368, 370, 371, 374, 375, 383, 384, 385, 386, 387, 388, 389, 390, 397], "excluded_lines": []}, "PSOBoundsOptimizer._evaluate_single_bounds_candidate": {"executed_lines": [], "summary": {"covered_lines": 0, "num_statements": 30, "percent_covered": 0.0, "percent_covered_display": "0", "missing_lines": 30, "excluded_lines": 0}, "missing_lines": [406, 409, 412, 413, 416, 417, 418, 420, 422, 423, 425, 434, 441, 447, 448, 449, 450, 451, 452, 454, 455, 456, 459, 460, 461, 462, 464, 465, 466, 468], "excluded_lines": []}, "PSOBoundsOptimizer._evaluate_single_bounds_candidate.bounded_factory": {"executed_lines": [], "summary": {"covered_lines": 0, "num_statements": 1, "percent_covered": 0.0, "percent_covered_display": "0", "missing_lines": 1, "excluded_lines": 0}, "missing_lines": [426], "excluded_lines": []}, "PSOBoundsOptimizer._select_optimal_bounds": {"executed_lines": [], "summary": {"covered_lines": 0, "num_statements": 14, "percent_covered": 0.0, "percent_covered_display": "0", "missing_lines": 14, "excluded_lines": 0}, "missing_lines": [481, 482, 485, 508, 511, 513, 515, 516, 517, 520, 526, 529, 531, 536], "excluded_lines": []}, "PSOBoundsOptimizer._calculate_improvement_ratio": {"executed_lines": [], "summary": {"covered_lines": 0, "num_statements": 9, "percent_covered": 0.0, "percent_covered_display": "0", "missing_lines": 9, "excluded_lines": 0}, "missing_lines": [546, 547, 549, 550, 553, 557, 561, 566, 568], "excluded_lines": []}, "PSOBoundsOptimizer._validate_optimized_bounds": {"executed_lines": [], "summary": {"covered_lines": 0, "num_statements": 26, "percent_covered": 0.0, "percent_covered_display": "0", "missing_lines": 26, "excluded_lines": 0}, "missing_lines": [577, 579, 587, 589, 590, 593, 594, 595, 596, 597, 598, 600, 603, 604, 607, 612, 616, 620, 621, 624, 628, 631, 637, 638, 639, 641], "excluded_lines": []}, "PSOBoundsOptimizer.optimize_all_controller_bounds": {"executed_lines": [], "summary": {"covered_lines": 0, "num_statements": 11, "percent_covered": 0.0, "percent_covered_display": "0", "missing_lines": 11, "excluded_lines": 0}, "missing_lines": [648, 650, 652, 653, 654, 655, 657, 662, 663, 664, 676], "excluded_lines": []}, "PSOBoundsOptimizer.export_optimized_bounds_config": {"executed_lines": [], "summary": {"covered_lines": 0, "num_statements": 14, "percent_covered": 0.0, "percent_covered_display": "0", "missing_lines": 14, "excluded_lines": 0}, "missing_lines": [684, 695, 696, 698, 699, 700, 707, 708, 715, 724, 725, 726, 728, 729], "excluded_lines": []}, "run_pso_bounds_optimization": {"executed_lines": [], "summary": {"covered_lines": 0, "num_statements": 36, "percent_covered": 0.0, "percent_covered_display": "0", "missing_lines": 36, "excluded_lines": 0}, "missing_lines": [734, 735, 736, 737, 740, 743, 744, 749, 750, 753, 754, 755, 757, 758, 760, 761, 762, 764, 766, 767, 768, 770, 771, 773, 774, 775, 776, 778, 779, 780, 781, 782, 784, 785, 786, 788], "excluded_lines": []}, "": {"executed_lines": [], "summary": {"covered_lines": 0, "num_statements": 56, "percent_covered": 0.0, "percent_covered_display": "0", "missing_lines": 56, "excluded_lines": 0}, "missing_lines": [20, 21, 22, 23, 24, 25, 26, 27, 28, 30, 31, 32, 33, 36, 38, 39, 40, 41, 44, 45, 47, 48, 49, 50, 51, 52, 53, 54, 57, 58, 60, 61, 62, 63, 64, 65, 66, 67, 68, 71, 79, 100, 164, 237, 292, 326, 361, 399, 475, 538, 570, 643, 678, 732, 800, 801], "excluded_lines": []}}, "classes": {"BoundsOptimizationStrategy": {"executed_lines": [], "summary": {"covered_lines": 0, "num_statements": 0, "percent_covered": 100.0, "percent_covered_display": "100", "missing_lines": 0, "excluded_lines": 0}, "missing_lines": [], "excluded_lines": []}, "ControllerBoundsSpec": {"executed_lines": [], "summary": {"covered_lines": 0, "num_statements": 0, "percent_covered": 100.0, "percent_covered_display": "100", "missing_lines": 0, "excluded_lines": 0}, "missing_lines": [], "excluded_lines": []}, "BoundsValidationResult": {"executed_lines": [], "summary": {"covered_lines": 0, "num_statements": 0, "percent_covered": 100.0, "percent_covered_display": "100", "missing_lines": 0, "excluded_lines": 0}, "missing_lines": [], "excluded_lines": []}, "PSOBoundsOptimizer": {"executed_lines": [], "summary": {"covered_lines": 0, "num_statements": 201, "percent_covered": 0.0, "percent_covered_display": "0", "missing_lines": 201, "excluded_lines": 0}, "missing_lines": [81, 82, 85, 88, 91, 92, 93, 94, 97, 98, 102, 105, 120, 134, 150, 162, 181, 183, 186, 187, 190, 193, 198, 203, 206, 210, 213, 218, 230, 235, 244, 245, 246, 248, 250, 252, 253, 254, 257, 258, 259, 262, 263, 264, 266, 268, 269, 271, 273, 274, 277, 278, 279, 280, 282, 286, 287, 289, 290, 295, 324, 328, 329, 330, 331, 333, 336, 337, 338, 340, 341, 342, 345, 346, 348, 349, 351, 352, 354, 355, 357, 359, 368, 370, 371, 374, 375, 383, 384, 385, 386, 387, 388, 389, 390, 397, 406, 409, 412, 413, 416, 417, 418, 420, 422, 423, 425, 426, 434, 441, 447, 448, 449, 450, 451, 452, 454, 455, 456, 459, 460, 461, 462, 464, 465, 466, 468, 481, 482, 485, 508, 511, 513, 515, 516, 517, 520, 526, 529, 531, 536, 546, 547, 549, 550, 553, 557, 561, 566, 568, 577, 579, 587, 589, 590, 593, 594, 595, 596, 597, 598, 600, 603, 604, 607, 612, 616, 620, 621, 624, 628, 631, 637, 638, 639, 641, 648, 650, 652, 653, 654, 655, 657, 662, 663, 664, 676, 684, 695, 696, 698, 699, 700, 707, 708, 715, 724, 725, 726, 728, 729], "excluded_lines": []}, "": {"executed_lines": [], "summary": {"covered_lines": 0, "num_statements": 92, "percent_covered": 0.0, "percent_covered_display": "0", "missing_lines": 92, "excluded_lines": 0}, "missing_lines": [20, 21, 22, 23, 24, 25, 26, 27, 28, 30, 31, 32, 33, 36, 38, 39, 40, 41, 44, 45, 47, 48, 49, 50, 51, 52, 53, 54, 57, 58, 60, 61, 62, 63, 64, 65, 66, 67, 68, 71, 79, 100, 164, 237, 292, 326, 361, 399, 475, 538, 570, 643, 678, 732, 734, 735, 736, 737, 740, 743, 744, 749, 750, 753, 754, 755, 757, 758, 760, 761, 762, 764, 766, 767, 768, 770, 771, 773, 774, 775, 776, 778, 779, 780, 781, 782, 784, 785, 786, 788, 800, 801], "excluded_lines": []}}}, "src\\optimization\\validation\\pso_bounds_validator.py": {"executed_lines": [5, 24, 26, 27, 28, 29, 30, 32, 35, 36, 37, 38, 39, 40, 41, 42, 43, 46, 47, 54, 55, 56, 59, 114, 134, 135, 136, 139, 143, 148, 152, 153, 155, 163, 164, 165, 170, 177, 181, 186, 190, 191, 192, 195, 196, 197, 199, 208, 211, 218, 223, 228, 233, 238, 239, 244, 246, 275, 302, 325, 329, 332, 333, 335, 338, 339, 343, 344, 346, 348, 351, 352, 355, 356, 358, 362, 363, 365, 369, 371, 372, 374, 375, 376, 378, 379, 382, 383, 385, 388, 389, 390, 392, 396, 448, 489], "summary": {"covered_lines": 93, "num_statements": 199, "percent_covered": 46.733668341708544, "percent_covered_display": "47", "missing_lines": 106, "excluded_lines": 0}, "missing_lines": [140, 141, 144, 145, 149, 150, 156, 160, 166, 171, 182, 183, 219, 220, 224, 225, 229, 230, 234, 235, 240, 249, 256, 257, 258, 261, 262, 263, 266, 267, 268, 269, 273, 278, 285, 286, 287, 290, 291, 295, 296, 300, 305, 312, 313, 314, 317, 318, 319, 323, 330, 349, 366, 367, 416, 419, 422, 424, 425, 426, 428, 429, 431, 432, 433, 434, 435, 437, 438, 441, 442, 444, 446, 450, 451, 453, 455, 462, 463, 464, 465, 467, 486, 503, 505, 506, 507, 508, 511, 514, 520, 521, 522, 525, 527, 528, 529, 530, 531, 537, 538, 539, 541, 543, 544, 546], "excluded_lines": [], "functions": {"PSOBoundsValidator.__init__": {"executed_lines": [55, 56, 59], "summary": {"covered_lines": 3, "num_statements": 3, "percent_covered": 100.0, "percent_covered_display": "100", "missing_lines": 0, "excluded_lines": 0}, "missing_lines": [], "excluded_lines": []}, "PSOBoundsValidator.validate_bounds": {"executed_lines": [134, 135, 136, 139, 143, 148, 152, 153, 155, 163, 164, 165, 170, 177, 181, 186, 190, 191, 192, 195, 196, 197, 199], "summary": {"covered_lines": 23, "num_statements": 35, "percent_covered": 65.71428571428571, "percent_covered_display": "66", "missing_lines": 12, "excluded_lines": 0}, "missing_lines": [140, 141, 144, 145, 149, 150, 156, 160, 166, 171, 182, 183], "excluded_lines": []}, "PSOBoundsValidator._classical_smc_constraints": {"executed_lines": [211, 218, 223, 228, 233, 238, 239, 244], "summary": {"covered_lines": 8, "num_statements": 17, "percent_covered": 47.05882352941177, "percent_covered_display": "47", "missing_lines": 9, "excluded_lines": 0}, "missing_lines": [219, 220, 224, 225, 229, 230, 234, 235, 240], "excluded_lines": []}, "PSOBoundsValidator._sta_smc_constraints": {"executed_lines": [], "summary": {"covered_lines": 0, "num_statements": 12, "percent_covered": 0.0, "percent_covered_display": "0", "missing_lines": 12, "excluded_lines": 0}, "missing_lines": [249, 256, 257, 258, 261, 262, 263, 266, 267, 268, 269, 273], "excluded_lines": []}, "PSOBoundsValidator._adaptive_smc_constraints": {"executed_lines": [], "summary": {"covered_lines": 0, "num_statements": 9, "percent_covered": 0.0, "percent_covered_display": "0", "missing_lines": 9, "excluded_lines": 0}, "missing_lines": [278, 285, 286, 287, 290, 291, 295, 296, 300], "excluded_lines": []}, "PSOBoundsValidator._hybrid_constraints": {"executed_lines": [], "summary": {"covered_lines": 0, "num_statements": 8, "percent_covered": 0.0, "percent_covered_display": "0", "missing_lines": 8, "excluded_lines": 0}, "missing_lines": [305, 312, 313, 314, 317, 318, 319, 323], "excluded_lines": []}, "PSOBoundsValidator._analyze_stability_constraints": {"executed_lines": [329, 332, 333], "summary": {"covered_lines": 3, "num_statements": 4, "percent_covered": 75.0, "percent_covered_display": "75", "missing_lines": 1, "excluded_lines": 0}, "missing_lines": [330], "excluded_lines": []}, "PSOBoundsValidator._estimate_convergence_difficulty": {"executed_lines": [338, 339, 343, 344], "summary": {"covered_lines": 4, "num_statements": 4, "percent_covered": 100.0, "percent_covered_display": "100", "missing_lines": 0, "excluded_lines": 0}, "missing_lines": [], "excluded_lines": []}, "PSOBoundsValidator._generate_improved_bounds": {"executed_lines": [348, 351, 352, 355, 356, 358, 362, 363, 365, 369, 371, 372, 374, 375, 376, 378, 379, 382, 383, 385, 388, 389, 390, 392], "summary": {"covered_lines": 24, "num_statements": 27, "percent_covered": 88.88888888888889, "percent_covered_display": "89", "missing_lines": 3, "excluded_lines": 0}, "missing_lines": [349, 366, 367], "excluded_lines": []}, "PSOBoundsValidator.optimize_bounds_for_convergence": {"executed_lines": [], "summary": {"covered_lines": 0, "num_statements": 19, "percent_covered": 0.0, "percent_covered_display": "0", "missing_lines": 19, "excluded_lines": 0}, "missing_lines": [416, 419, 422, 424, 425, 426, 428, 429, 431, 432, 433, 434, 435, 437, 438, 441, 442, 444, 446], "excluded_lines": []}, "PSOBoundsValidator.generate_bounds_report": {"executed_lines": [], "summary": {"covered_lines": 0, "num_statements": 10, "percent_covered": 0.0, "percent_covered_display": "0", "missing_lines": 10, "excluded_lines": 0}, "missing_lines": [450, 451, 453, 455, 462, 463, 464, 465, 467, 486], "excluded_lines": []}, "validate_pso_configuration": {"executed_lines": [], "summary": {"covered_lines": 0, "num_statements": 23, "percent_covered": 0.0, "percent_covered_display": "0", "missing_lines": 23, "excluded_lines": 0}, "missing_lines": [503, 505, 506, 507, 508, 511, 514, 520, 521, 522, 525, 527, 528, 529, 530, 531, 537, 538, 539, 541, 543, 544, 546], "excluded_lines": []}, "": {"executed_lines": [5, 24, 26, 27, 28, 29, 30, 32, 35, 36, 37, 38, 39, 40, 41, 42, 43, 46, 47, 54, 114, 208, 246, 275, 302, 325, 335, 346, 396, 448, 489], "summary": {"covered_lines": 28, "num_statements": 28, "percent_covered": 100.0, "percent_covered_display": "100", "missing_lines": 0, "excluded_lines": 0}, "missing_lines": [], "excluded_lines": []}}, "classes": {"BoundsValidationResult": {"executed_lines": [], "summary": {"covered_lines": 0, "num_statements": 0, "percent_covered": 100.0, "percent_covered_display": "100", "missing_lines": 0, "excluded_lines": 0}, "missing_lines": [], "excluded_lines": []}, "PSOBoundsValidator": {"executed_lines": [55, 56, 59, 134, 135, 136, 139, 143, 148, 152, 153, 155, 163, 164, 165, 170, 177, 181, 186, 190, 191, 192, 195, 196, 197, 199, 211, 218, 223, 228, 233, 238, 239, 244, 329, 332, 333, 338, 339, 343, 344, 348, 351, 352, 355, 356, 358, 362, 363, 365, 369, 371, 372, 374, 375, 376, 378, 379, 382, 383, 385, 388, 389, 390, 392], "summary": {"covered_lines": 65, "num_statements": 148, "percent_covered": 43.91891891891892, "percent_covered_display": "44", "missing_lines": 83, "excluded_lines": 0}, "missing_lines": [140, 141, 144, 145, 149, 150, 156, 160, 166, 171, 182, 183, 219, 220, 224, 225, 229, 230, 234, 235, 240, 249, 256, 257, 258, 261, 262, 263, 266, 267, 268, 269, 273, 278, 285, 286, 287, 290, 291, 295, 296, 300, 305, 312, 313, 314, 317, 318, 319, 323, 330, 349, 366, 367, 416, 419, 422, 424, 425, 426, 428, 429, 431, 432, 433, 434, 435, 437, 438, 441, 442, 444, 446, 450, 451, 453, 455, 462, 463, 464, 465, 467, 486], "excluded_lines": []}, "": {"executed_lines": [5, 24, 26, 27, 28, 29, 30, 32, 35, 36, 37, 38, 39, 40, 41, 42, 43, 46, 47, 54, 114, 208, 246, 275, 302, 325, 335, 346, 396, 448, 489], "summary": {"covered_lines": 28, "num_statements": 51, "percent_covered": 54.90196078431372, "percent_covered_display": "55", "missing_lines": 23, "excluded_lines": 0}, "missing_lines": [503, 505, 506, 507, 508, 511, 514, 520, 521, 522, 525, 527, 528, 529, 530, 531, 537, 538, 539, 541, 543, 544, 546], "excluded_lines": []}}}, "src\\optimizer\\__init__.py": {"executed_lines": [], "summary": {"covered_lines": 0, "num_statements": 2, "percent_covered": 0.0, "percent_covered_display": "0", "missing_lines": 2, "excluded_lines": 0}, "missing_lines": [12, 14], "excluded_lines": [], "functions": {"": {"executed_lines": [], "summary": {"covered_lines": 0, "num_statements": 2, "percent_covered": 0.0, "percent_covered_display": "0", "missing_lines": 2, "excluded_lines": 0}, "missing_lines": [12, 14], "excluded_lines": []}}, "classes": {"": {"executed_lines": [], "summary": {"covered_lines": 0, "num_statements": 2, "percent_covered": 0.0, "percent_covered_display": "0", "missing_lines": 2, "excluded_lines": 0}, "missing_lines": [12, 14], "excluded_lines": []}}}, "src\\optimizer\\pso_optimizer.py": {"executed_lines": [], "summary": {"covered_lines": 0, "num_statements": 3, "percent_covered": 0.0, "percent_covered_display": "0", "missing_lines": 3, "excluded_lines": 0}, "missing_lines": [12, 15, 17], "excluded_lines": [], "functions": {"": {"executed_lines": [], "summary": {"covered_lines": 0, "num_statements": 3, "percent_covered": 0.0, "percent_covered_display": "0", "missing_lines": 3, "excluded_lines": 0}, "missing_lines": [12, 15, 17], "excluded_lines": []}}, "classes": {"": {"executed_lines": [], "summary": {"covered_lines": 0, "num_statements": 3, "percent_covered": 0.0, "percent_covered_display": "0", "missing_lines": 3, "excluded_lines": 0}, "missing_lines": [12, 15, 17], "excluded_lines": []}}}}, "totals": {"covered_lines": 4063, "num_statements": 11141, "percent_covered": 36.46889866259761, "percent_covered_display": "36", "missing_lines": 7078, "excluded_lines": 67}}