============================= test session starts =============================
platform win32 -- Python 3.12.6, pytest-8.3.5, pluggy-1.6.0 -- C:\Program Files\Python312\python.exe
cachedir: .pytest_cache
hypothesis profile 'default'
benchmark: 4.0.0 (defaults: timer=time.perf_counter disable_gc=False min_rounds=5 min_time=0.000005 max_time=1.0 calibration_precision=10 warmup=False warmup_iterations=100000)
rootdir: D:\Projects\main
configfile: .pytest.ini
plugins: anyio-4.10.0, hypothesis-6.139.2, benchmark-4.0.0, cov-7.0.0
collecting ... collected 1525 items / 2 skipped

tests/config_validation/test_config_validation.py::TestUnknownKeyValidation::test_single_unknown_key_physics PASSED [  0%]
tests/config_validation/test_config_validation.py::TestUnknownKeyValidation::test_multiple_unknown_keys_aggregated PASSED [  0%]
tests/config_validation/test_config_validation.py::TestTypeValidation::test_single_wrong_type PASSED [  0%]
tests/config_validation/test_config_validation.py::TestTypeValidation::test_multiple_wrong_types_aggregated PASSED [  0%]
tests/config_validation/test_config_validation.py::TestPositiveValidation::test_minimal_valid_config PASSED [  0%]
tests/config_validation/test_config_validation.py::TestPositiveValidation::test_full_config_loads FAILED [  0%]
tests/config_validation/test_config_validation.py::TestMixedValidationErrors::test_unknown_keys_and_wrong_types_combined PASSED [  0%]
tests/config_validation/test_config_validation.py::TestErrorMessageDeterminism::test_error_message_structure_consistent PASSED [  0%]
tests/integration/test_controller_instantiation.py::test_controller_instantiation PASSED [  0%]
tests/integration/test_controller_instantiation.py::test_pso_integration PASSED [  0%]
tests/integration/test_legacy_factory_integration.py::test_legacy_factory_imports PASSED [  0%]
tests/integration/test_legacy_factory_integration.py::test_controller_name_normalization PASSED [  0%]
tests/integration/test_legacy_factory_integration.py::test_deprecation_mapping PASSED [  0%]
tests/integration/test_legacy_factory_integration.py::test_legacy_controller_creation PASSED [  0%]
tests/integration/test_legacy_factory_integration.py::test_factory_compatibility PASSED [  0%]
tests/integration/test_legacy_factory_integration.py::test_migration_path PASSED [  1%]
tests/integration/test_overshoot_comparison.py::test_overshoot_comparison PASSED [  1%]
tests/integration/test_pso_controller_integration.py::test_controller_type_bounds_mapping FAILED [  1%]
tests/integration/test_pso_controller_integration.py::test_pso_tuner_with_all_controllers FAILED [  1%]
tests/integration/test_pso_controller_integration.py::test_controller_factory_validation PASSED [  1%]
tests/integration/test_pso_controller_integration.py::test_pso_optimization_workflow FAILED [  1%]
tests/integration/test_pso_integration.py::test_pso_configuration_compatibility PASSED [  1%]
tests/integration/test_pso_integration.py::test_pso_optimizer_initialization PASSED [  1%]
tests/integration/test_pso_integration.py::test_fitness_function PASSED  [  1%]
tests/integration/test_pso_integration.py::test_mini_optimization PASSED [  1%]
tests/integration/test_pso_integration.py::test_optimized_controller_validation PASSED [  1%]
tests/integration/test_pso_integration_workflow.py::test_pso_controller_creation PASSED [  1%]
tests/integration/test_pso_integration_workflow.py::test_gain_bounds PASSED [  1%]
tests/integration/test_pso_integration_workflow.py::test_gain_validation PASSED [  1%]
tests/integration/test_pso_integration_workflow.py::test_pso_fitness_function PASSED [  1%]
tests/integration/test_pso_integration_workflow.py::test_multiple_smc_types PASSED [  2%]
tests/integration/test_simulation_integration.py::test_factory_simulation_integration PASSED [  2%]
tests/integration/test_simulation_integration.py::test_real_simulation_runner PASSED [  2%]
tests/integration/test_simulation_integration.py::test_pso_simulation_integration PASSED [  2%]
tests/integration/test_sta_smc_issue2.py::test_sta_smc_with_optimized_gains PASSED [  2%]
tests/integration/test_sta_smc_issue2_fixed.py::test_sta_smc_with_optimized_gains PASSED [  2%]
tests/integration/test_sta_smc_issue2_fixed.py::test_configuration_compatibility PASSED [  2%]
tests/test_analysis/fault_detection/test_fdi.py::test_fdi_trips_after_persistence PASSED [  2%]
tests/test_analysis/fault_detection/test_fdi.py::test_fdi_resets_counter_on_good_measurement PASSED [  2%]
tests/test_analysis/fault_detection/test_fdi.py::test_fdi_no_false_alarm PASSED [  2%]
tests/test_analysis/fault_detection/test_fdi.py::test_fdi_dt_validation PASSED [  2%]
tests/test_analysis/fault_detection/test_fdi.py::test_residual_with_weights PASSED [  2%]
tests/test_analysis/fault_detection/test_fdi.py::test_cusum_drift_detection PASSED [  2%]
tests/test_analysis/fault_detection/test_fdi.py::test_cusum_reset_behavior PASSED [  2%]
tests/test_analysis/fault_detection/test_fdi.py::test_history_recording PASSED [  2%]
tests/test_analysis/fault_detection/test_fdi_infrastructure.py::TestFaultDetectionInterface::test_fault_detection_interface_protocol PASSED [  3%]
tests/test_analysis/fault_detection/test_fdi_infrastructure.py::TestFaultDetectionInterface::test_fdi_system_implements_interface PASSED [  3%]
tests/test_analysis/fault_detection/test_fdi_infrastructure.py::TestFaultDetectionInterface::test_dynamics_protocol_compliance PASSED [  3%]
tests/test_analysis/fault_detection/test_fdi_infrastructure.py::TestResidualGeneration::test_basic_residual_generation PASSED [  3%]
tests/test_analysis/fault_detection/test_fdi_infrastructure.py::TestResidualGeneration::test_residual_with_state_selection PASSED [  3%]
tests/test_analysis/fault_detection/test_fdi_infrastructure.py::TestResidualGeneration::test_residual_with_weights PASSED [  3%]
tests/test_analysis/fault_detection/test_fdi_infrastructure.py::TestResidualGeneration::test_residual_error_handling PASSED [  3%]
tests/test_analysis/fault_detection/test_fdi_infrastructure.py::TestThresholdAdaptation::test_fixed_threshold_operation PASSED [  3%]
tests/test_analysis/fault_detection/test_fdi_infrastructure.py::TestThresholdAdaptation::test_adaptive_threshold_operation PASSED [  3%]
tests/test_analysis/fault_detection/test_fdi_infrastructure.py::TestThresholdAdaptation::test_adaptive_threshold_convergence PASSED [  3%]
tests/test_analysis/fault_detection/test_fdi_infrastructure.py::TestThresholdAdaptation::test_threshold_with_zero_variance PASSED [  3%]
tests/test_analysis/fault_detection/test_fdi_infrastructure.py::TestCUSUMDriftDetection::test_cusum_drift_detection PASSED [  3%]
tests/test_analysis/fault_detection/test_fdi_infrastructure.py::TestCUSUMDriftDetection::test_cusum_with_adaptive_reference PASSED [  3%]
tests/test_analysis/fault_detection/test_fdi_infrastructure.py::TestCUSUMDriftDetection::test_cusum_reset_behavior PASSED [  3%]
tests/test_analysis/fault_detection/test_fdi_infrastructure.py::TestFaultDetectionRobustness::test_invalid_time_step_handling PASSED [  3%]
tests/test_analysis/fault_detection/test_fdi_infrastructure.py::TestFaultDetectionRobustness::test_non_finite_prediction_handling PASSED [  4%]
tests/test_analysis/fault_detection/test_fdi_infrastructure.py::TestFaultDetectionRobustness::test_state_dimension_mismatch_handling PASSED [  4%]
tests/test_analysis/fault_detection/test_fdi_infrastructure.py::TestFaultDetectionRobustness::test_persistence_after_fault PASSED [  4%]
tests/test_analysis/fault_detection/test_fdi_infrastructure.py::TestFaultDetectionRobustness::test_history_recording PASSED [  4%]
tests/test_analysis/fault_detection/test_fdi_infrastructure.py::TestFaultDetectionIntegration::test_end_to_end_fault_detection_scenario PASSED [  4%]
tests/test_analysis/fault_detection/test_fdi_infrastructure.py::TestFaultDetectionIntegration::test_fault_detection_with_multiple_fault_types PASSED [  4%]
tests/test_analysis/fault_detection/test_fdi_infrastructure.py::TestFaultDetectionPerformance::test_large_scale_processing PASSED [  4%]
tests/test_analysis/fault_detection/test_fdi_infrastructure.py::TestFaultDetectionPerformance::test_memory_usage_stability PASSED [  4%]
tests/test_analysis/infrastructure/test_analysis_chain.py::TestAnalysisInfrastructureChain::test_critical_imports_available PASSED [  4%]
tests/test_analysis/infrastructure/test_analysis_chain.py::TestAnalysisInfrastructureChain::test_metrics_chain_functionality PASSED [  4%]
tests/test_analysis/infrastructure/test_analysis_chain.py::TestAnalysisInfrastructureChain::test_statistical_test_suite_functionality PASSED [  4%]
tests/test_analysis/infrastructure/test_analysis_chain.py::TestAnalysisInfrastructureChain::test_fault_detection_infrastructure PASSED [  4%]
tests/test_analysis/infrastructure/test_analysis_chain.py::TestAnalysisInfrastructureChain::test_analysis_chain_integration PASSED [  4%]
tests/test_analysis/infrastructure/test_analysis_chain.py::TestAnalysisInfrastructureChain::test_analysis_error_handling PASSED [  4%]
tests/test_analysis/infrastructure/test_analysis_chain.py::TestAnalysisInfrastructureChain::test_performance_analysis_accuracy PASSED [  4%]
tests/test_analysis/infrastructure/test_analysis_chain.py::TestAnalysisInfrastructureChain::test_statistical_rigor_validation PASSED [  4%]
tests/test_analysis/infrastructure/test_analysis_chain.py::TestAnalysisInfrastructureChain::test_analysis_framework_robustness PASSED [  5%]
tests/test_analysis/infrastructure/test_analysis_chain.py::TestAnalysisInfrastructureChain::test_analysis_chain_performance PASSED [  5%]
tests/test_analysis/performance/test_lyapunov.py::test_lyapunov_decrease_sta FAILED [  5%]
tests/test_analysis/performance/test_lyapunov_stability_verification.py::TestLyapunovStabilityVerification::test_stable_system_basic PASSED [  5%]
tests/test_analysis/performance/test_lyapunov_stability_verification.py::TestLyapunovStabilityVerification::test_ill_conditioned_stable_system PASSED [  5%]
tests/test_analysis/performance/test_lyapunov_stability_verification.py::TestLyapunovStabilityVerification::test_unstable_system PASSED [  5%]
tests/test_analysis/performance/test_lyapunov_stability_verification.py::TestLyapunovStabilityVerification::test_marginally_stable_system PASSED [  5%]
tests/test_analysis/performance/test_lyapunov_stability_verification.py::TestLyapunovStabilityVerification::test_lyapunov_derivative_negative PASSED [  5%]
tests/test_analysis/performance/test_lyapunov_stability_verification.py::TestLyapunovStabilityVerification::test_large_system_performance PASSED [  5%]
tests/test_analysis/performance/test_lyapunov_stability_verification.py::TestLyapunovStabilityVerification::test_cholesky_decomposition_success PASSED [  5%]
tests/test_analysis/performance/test_lyapunov_stability_verification.py::TestLyapunovStabilityVerification::test_svd_fallback_mechanism PASSED [  5%]
tests/test_analysis/performance/test_lyapunov_stability_verification.py::TestLyapunovStabilityVerification::test_residual_validation PASSED [  5%]
tests/test_analysis/performance/test_performance_analysis.py::TestControlPerformanceMetrics::test_step_response_metrics PASSED [  5%]
tests/test_analysis/performance/test_performance_analysis.py::TestControlPerformanceMetrics::test_tracking_performance_metrics PASSED [  5%]
tests/test_analysis/performance/test_performance_analysis.py::TestControlPerformanceMetrics::test_frequency_domain_performance PASSED [  5%]
tests/test_analysis/performance/test_performance_analysis.py::TestControlPerformanceMetrics::test_stability_margin_analysis PASSED [  6%]
tests/test_analysis/performance/test_performance_analysis.py::TestControlPerformanceMetrics::test_robustness_metrics_computation PASSED [  6%]
tests/test_analysis/performance/test_performance_analysis.py::TestControlPerformanceMetrics::test_comprehensive_performance_analysis PASSED [  6%]
tests/test_analysis/performance/test_performance_analysis.py::TestPerformanceAnalysisAccuracy::test_analytical_validation_second_order_system PASSED [  6%]
tests/test_analysis/performance/test_performance_analysis.py::TestPerformanceAnalysisAccuracy::test_frequency_analysis_validation PASSED [  6%]
tests/test_analysis/performance/test_performance_analysis.py::TestPerformanceAnalysisAccuracy::test_stability_analysis_validation FAILED [  6%]
tests/test_analysis/performance/test_performance_analysis.py::TestPerformanceAnalysisAccuracy::test_robustness_analysis_sensitivity PASSED [  6%]
tests/test_analysis/performance/test_performance_analysis.py::TestPerformanceAnalysisEdgeCases::test_empty_data_handling PASSED [  6%]
tests/test_analysis/performance/test_performance_analysis.py::TestPerformanceAnalysisEdgeCases::test_single_point_data PASSED [  6%]
tests/test_analysis/performance/test_performance_analysis.py::TestPerformanceAnalysisEdgeCases::test_nan_and_inf_handling FAILED [  6%]
tests/test_analysis/performance/test_performance_analysis.py::TestPerformanceAnalysisEdgeCases::test_zero_variance_data PASSED [  6%]
tests/test_analysis/performance/test_performance_analysis.py::TestPerformanceAnalysisEdgeCases::test_mismatched_array_lengths PASSED [  6%]
tests/test_analysis/performance/test_performance_analysis.py::TestPerformanceAnalysisEdgeCases::test_very_large_numbers PASSED [  6%]
tests/test_analysis/performance/test_performance_analysis.py::TestPerformanceAnalysisEdgeCases::test_very_small_numbers PASSED [  6%]
tests/test_analysis/performance/test_performance_analysis.py::TestPerformanceAnalysisIntegration::test_complete_control_system_analysis PASSED [  6%]
tests/test_analysis/performance/test_performance_analysis.py::TestPerformanceAnalysisIntegration::test_multi_controller_comparison PASSED [  7%]
tests/test_analysis/performance/test_performance_analysis.py::TestPerformanceAnalysisIntegration::test_performance_analysis_consistency PASSED [  7%]
tests/test_app/test_cli.py::test_app_fails_fast_on_invalid_controller FAILED [  7%]
tests/test_app/test_cli.py::test_app_fails_on_backend_error_in_hil FAILED [  7%]
tests/test_app/test_cli.py::TestDynamicsFailFast::test_dynamics_import_error_propagates PASSED [  7%]
tests/test_app/test_cli.py::TestDynamicsFailFast::test_dynamics_syntax_error_propagates PASSED [  7%]
tests/test_app/test_cli.py::TestControllerFailFast::test_invalid_controller_name_fails FAILED [  7%]
tests/test_app/test_cli.py::TestControllerFailFast::test_controller_factory_missing_fails PASSED [  7%]
tests/test_app/test_cli.py::TestUIFailFast::test_visualizer_import_failure_is_fatal PASSED [  7%]
tests/test_app/test_cli.py::TestGeneralFailFast::test_no_broad_exception_handlers PASSED [  7%]
tests/test_app/test_cli.py::TestGeneralFailFast::test_app_crashes_on_missing_numpy PASSED [  7%]
tests/test_app/test_cli.py::test_app_fails_fast_on_invalid_fdi_config PASSED [  7%]
tests/test_app/test_cli_save_gains.py::test_cli_save_gains_creates_file_and_logs PASSED [  7%]
tests/test_app/test_data_export.py::test_csv_export_includes_final_state PASSED [  7%]
tests/test_app/test_data_export.py::test_csv_export_with_old_bug PASSED  [  7%]
tests/test_app/test_data_export.py::test_csv_numeric_precision PASSED    [  8%]
tests/test_app/test_streamlit_app.py::test_app_import_and_main PASSED    [  8%]
tests/test_app/test_streamlit_disturbance.py::test_disturbance_applies_in_window_and_time_advances PASSED [  8%]
tests/test_app/test_streamlit_metrics.py::test_metrics_with_minimal_traces PASSED [  8%]
tests/test_app/test_streamlit_metrics.py::test_metrics_tolerances_affect_settling_time PASSED [  8%]
tests/test_app/test_ui.py::test_parse_initial_state_raises_on_unexpected_error PASSED [  8%]
tests/test_app/test_ui.py::test_parse_initial_state_handles_empty_input PASSED [  8%]
tests/test_app/test_visualization.py::test_visualizer_no_type_or_index_error PASSED [  8%]
tests/test_benchmarks/core/test_benchmark_interfaces.py::TestBenchmarkInterfaceCompatibility::test_all_controller_types_have_compatible_interfaces FAILED [  8%]
tests/test_benchmarks/core/test_benchmark_interfaces.py::TestBenchmarkInterfaceCompatibility::test_realistic_parameter_bounds_validation PASSED [  8%]
tests/test_benchmarks/core/test_benchmark_interfaces.py::TestBenchmarkInterfaceCompatibility::test_cross_component_integration_workflows FAILED [  8%]
tests/test_benchmarks/core/test_benchmark_interfaces.py::TestBenchmarkInterfaceCompatibility::test_performance_baseline_establishment FAILED [  8%]
tests/test_benchmarks/core/test_benchmark_interfaces.py::TestBenchmarkInterfaceCompatibility::test_benchmark_framework_integration FAILED [  8%]
tests/test_benchmarks/core/test_benchmark_interfaces.py::TestBenchmarkInterfaceCompatibility::test_benchmark_success_rate_target FAILED [  8%]
tests/test_benchmarks/core/test_compute_speed.py::test_controller_compute_speed[classical_smc] FAILED [  8%]
tests/test_benchmarks/core/test_compute_speed.py::test_controller_compute_speed[sta_smc] FAILED [  8%]
tests/test_benchmarks/core/test_compute_speed.py::test_controller_compute_speed[adaptive_smc] FAILED [  9%]
tests/test_benchmarks/core/test_compute_speed.py::test_controller_speed_consistency[classical_smc] PASSED [  9%]
tests/test_benchmarks/core/test_compute_speed.py::test_controller_speed_consistency[sta_smc] FAILED [  9%]
tests/test_benchmarks/core/test_compute_speed.py::test_controller_speed_consistency[adaptive_smc] FAILED [  9%]
tests/test_benchmarks/core/test_compute_speed.py::test_compute_time_scaling_with_state_complexity PASSED [  9%]
tests/test_benchmarks/core/test_compute_speed.py::test_controller_speed_regression[classical_smc] FAILED [  9%]
tests/test_benchmarks/core/test_compute_speed.py::test_controller_speed_regression[sta_smc] FAILED [  9%]
tests/test_benchmarks/core/test_compute_speed.py::test_controller_warm_up_effect PASSED [  9%]
tests/test_benchmarks/core/test_integration_accuracy.py::test_rk4_reduces_euler_drift ERROR [  9%]
tests/test_benchmarks/core/test_integration_accuracy.py::test_rk45_executes_and_counts_evals ERROR [  9%]
tests/test_benchmarks/core/test_integration_accuracy.py::test_energy_conservation_bound ERROR [  9%]
tests/test_benchmarks/core/test_integration_accuracy.py::test_method_accuracy_analysis ERROR [  9%]
tests/test_benchmarks/core/test_integration_accuracy.py::test_conservation_validation_comprehensive ERROR [  9%]
tests/test_benchmarks/core/test_integration_accuracy.py::test_integration_method_execution[Euler] ERROR [  9%]
tests/test_benchmarks/core/test_integration_accuracy.py::test_integration_method_execution[RK4] ERROR [  9%]
tests/test_benchmarks/core/test_integration_accuracy.py::test_adaptive_method_tolerance ERROR [ 10%]
tests/test_benchmarks/core/test_memory_usage.py::test_controller_memory_allocation_per_call[classical_smc] FAILED [ 10%]
tests/test_benchmarks/core/test_memory_usage.py::test_controller_memory_allocation_per_call[sta_smc] FAILED [ 10%]
tests/test_benchmarks/core/test_memory_usage.py::test_controller_memory_allocation_per_call[adaptive_smc] FAILED [ 10%]
tests/test_benchmarks/core/test_memory_usage.py::test_controller_no_memory_leaks[classical_smc] FAILED [ 10%]
tests/test_benchmarks/core/test_memory_usage.py::test_controller_no_memory_leaks[sta_smc] FAILED [ 10%]
tests/test_benchmarks/core/test_memory_usage.py::test_controller_no_memory_leaks[adaptive_smc] FAILED [ 10%]
tests/test_benchmarks/core/test_memory_usage.py::test_controller_memory_usage_scaling FAILED [ 10%]
tests/test_benchmarks/core/test_memory_usage.py::test_controller_memory_efficiency[classical_smc] FAILED [ 10%]
tests/test_benchmarks/core/test_memory_usage.py::test_controller_memory_efficiency[sta_smc] FAILED [ 10%]
tests/test_benchmarks/core/test_memory_usage.py::test_adaptive_controller_memory_growth FAILED [ 10%]
tests/test_benchmarks/core/test_memory_usage.py::test_controller_history_memory_management FAILED [ 10%]
tests/test_benchmarks/core/test_modular_framework.py::test_comprehensive_method_comparison ERROR [ 10%]
tests/test_benchmarks/core/test_modular_framework.py::test_performance_profiling ERROR [ 10%]
tests/test_benchmarks/core/test_modular_framework.py::test_default_comprehensive_comparison ERROR [ 10%]
tests/test_benchmarks/core/test_modular_framework.py::test_enhanced_analysis_integration ERROR [ 11%]
tests/test_benchmarks/core/test_modular_framework.py::test_conservation_validation_methods ERROR [ 11%]
tests/test_benchmarks/core/test_modular_framework.py::test_custom_scenario_creation[small_angles] ERROR [ 11%]
tests/test_benchmarks/core/test_modular_framework.py::test_custom_scenario_creation[high_energy] ERROR [ 11%]
tests/test_benchmarks/core/test_modular_framework.py::test_modular_component_isolation ERROR [ 11%]
tests/test_benchmarks/core/test_performance.py::test_controller_compute_speed[classical_smc] PASSED [ 11%]
tests/test_benchmarks/core/test_performance.py::test_controller_compute_speed[sta_smc] PASSED [ 11%]
tests/test_benchmarks/core/test_performance.py::test_controller_compute_speed[adaptive_smc] FAILED [ 11%]
tests/test_benchmarks/core/test_performance.py::test_full_simulation_throughput[classical_smc] FAILED [ 11%]
tests/test_benchmarks/core/test_performance.py::test_full_simulation_throughput[sta_smc] FAILED [ 11%]
tests/test_benchmarks/core/test_performance.py::test_full_simulation_throughput[adaptive_smc] FAILED [ 11%]
tests/test_benchmarks/core/test_performance.py::test_classical_smc_convergence FAILED [ 11%]
tests/test_benchmarks/core/test_performance.py::test_sta_smc_convergence[False] FAILED [ 11%]
tests/test_benchmarks/core/test_performance.py::test_sta_smc_convergence[True] FAILED [ 11%]
tests/test_benchmarks/core/test_simulation_throughput.py::test_full_simulation_throughput[classical_smc] FAILED [ 11%]
tests/test_benchmarks/core/test_simulation_throughput.py::test_full_simulation_throughput[sta_smc] FAILED [ 12%]
tests/test_benchmarks/core/test_simulation_throughput.py::test_batch_simulation_scaling[1] PASSED [ 12%]
tests/test_benchmarks/core/test_simulation_throughput.py::test_batch_simulation_scaling[10] PASSED [ 12%]
tests/test_benchmarks/core/test_simulation_throughput.py::test_batch_simulation_scaling[50] PASSED [ 12%]
tests/test_benchmarks/core/test_simulation_throughput.py::test_batch_simulation_scaling[100] PASSED [ 12%]
tests/test_benchmarks/core/test_simulation_throughput.py::TestSimulationEfficiency::test_integration_method_performance PASSED [ 12%]
tests/test_benchmarks/core/test_simulation_throughput.py::TestSimulationEfficiency::test_memory_efficiency_long_simulation SKIPPED [ 12%]
tests/test_benchmarks/core/test_simulation_throughput.py::TestSimulationEfficiency::test_real_time_factor SKIPPED [ 12%]
tests/test_benchmarks/core/test_simulation_throughput.py::test_timestep_performance_scaling[0.001] SKIPPED [ 12%]
tests/test_benchmarks/core/test_simulation_throughput.py::test_timestep_performance_scaling[0.01] SKIPPED [ 12%]
tests/test_benchmarks/core/test_simulation_throughput.py::test_timestep_performance_scaling[0.1] SKIPPED [ 12%]
tests/test_benchmarks/performance/test_performance_benchmarks_deep.py::TestControllerPerformance::test_single_control_computation_performance PASSED [ 12%]
tests/test_benchmarks/performance/test_performance_benchmarks_deep.py::TestControllerPerformance::test_batch_control_computation_performance PASSED [ 12%]
tests/test_benchmarks/performance/test_performance_benchmarks_deep.py::TestControllerPerformance::test_control_computation_scaling FAILED [ 12%]
tests/test_benchmarks/performance/test_performance_benchmarks_deep.py::TestControllerPerformance::test_memory_efficiency_batch_processing PASSED [ 12%]
tests/test_benchmarks/performance/test_performance_benchmarks_deep.py::TestSimulationPerformance::test_single_step_simulation_performance PASSED [ 12%]
tests/test_benchmarks/performance/test_performance_benchmarks_deep.py::TestSimulationPerformance::test_batch_simulation_performance PASSED [ 13%]
tests/test_benchmarks/performance/test_performance_benchmarks_deep.py::TestSimulationPerformance::test_large_scale_simulation_throughput PASSED [ 13%]
tests/test_benchmarks/performance/test_performance_benchmarks_deep.py::TestSimulationPerformance::test_simulation_memory_profile PASSED [ 13%]
tests/test_benchmarks/performance/test_performance_benchmarks_deep.py::TestNumericalPerformance::test_matrix_operations_performance FAILED [ 13%]
tests/test_benchmarks/performance/test_performance_benchmarks_deep.py::TestNumericalPerformance::test_trigonometric_functions_performance PASSED [ 13%]
tests/test_benchmarks/performance/test_performance_benchmarks_deep.py::TestNumericalPerformance::test_optimization_performance FAILED [ 13%]
tests/test_benchmarks/performance/test_performance_benchmarks_deep.py::TestRealTimePerformance::test_control_loop_timing PASSED [ 13%]
tests/test_benchmarks/performance/test_performance_benchmarks_deep.py::TestRealTimePerformance::test_deadline_miss_rate PASSED [ 13%]
tests/test_benchmarks/performance/test_performance_benchmarks_deep.py::TestScalabilityPerformance::test_state_dimension_scalability FAILED [ 13%]
tests/test_benchmarks/performance/test_performance_benchmarks_deep.py::TestScalabilityPerformance::test_batch_size_scalability FAILED [ 13%]
tests/test_benchmarks/performance/test_performance_benchmarks_deep.py::TestScalabilityPerformance::test_concurrent_performance_baseline PASSED [ 13%]
tests/test_benchmarks/performance/test_regression_detection.py::TestPerformanceRegressionDetection::test_controller_performance_benchmarking FAILED [ 13%]
tests/test_benchmarks/performance/test_regression_detection.py::TestPerformanceRegressionDetection::test_regression_detection_logic PASSED [ 13%]
tests/test_benchmarks/performance/test_regression_detection.py::TestPerformanceRegressionDetection::test_regression_report_generation PASSED [ 13%]
tests/test_benchmarks/performance/test_regression_detection.py::TestPerformanceRegressionDetection::test_performance_history_management PASSED [ 13%]
tests/test_benchmarks/performance/test_regression_detection.py::TestPerformanceRegressionDetection::test_benchmark_success_rate_improvement FAILED [ 14%]
tests/test_benchmarks/performance/test_regression_detection.py::TestPerformanceRegressionDetection::test_performance_baseline_establishment FAILED [ 14%]
tests/test_benchmarks/performance/test_regression_detection.py::TestPerformanceRegressionDetection::test_ci_cd_integration_readiness FAILED [ 14%]
tests/test_benchmarks/performance/test_regression_detection.py::TestPerformanceRegressionDetection::test_regression_detection_sensitivity PASSED [ 14%]
tests/test_benchmarks/statistics/test_statistical_benchmarks.py::test_statistical_harness_sample_size_and_ci FAILED [ 14%]
tests/test_benchmarks/validation/test_parameter_realism.py::TestParameterRealism::test_parameter_bounds_establishment PASSED [ 14%]
tests/test_benchmarks/validation/test_parameter_realism.py::TestParameterRealism::test_individual_parameter_validation PASSED [ 14%]
tests/test_benchmarks/validation/test_parameter_realism.py::TestParameterRealism::test_physics_consistency_validation PASSED [ 14%]
tests/test_benchmarks/validation/test_parameter_realism.py::TestParameterRealism::test_realistic_scenarios_creation PASSED [ 14%]
tests/test_benchmarks/validation/test_parameter_realism.py::TestParameterRealism::test_control_gain_validation PASSED [ 14%]
tests/test_benchmarks/validation/test_parameter_realism.py::TestParameterRealism::test_scenario_consistency_validation PASSED [ 14%]
tests/test_benchmarks/validation/test_parameter_realism.py::TestParameterRealism::test_parameter_sensitivity_analysis PASSED [ 14%]
tests/test_benchmarks/validation/test_parameter_realism.py::TestParameterRealism::test_hardware_configuration_scenarios PASSED [ 14%]
tests/test_benchmarks/validation/test_parameter_realism.py::TestParameterRealism::test_engineering_validation_levels PASSED [ 14%]
tests/test_benchmarks/validation/test_parameter_realism.py::TestParameterRealism::test_benchmark_parameter_meaningfulness PASSED [ 14%]
tests/test_config/test_compatibility_validation.py::TestConfigDictObjectConversion::test_attribute_dictionary_basic_functionality PASSED [ 15%]
tests/test_config/test_compatibility_validation.py::TestConfigDictObjectConversion::test_missing_attribute_handling PASSED [ 15%]
tests/test_config/test_compatibility_validation.py::TestConfigDictObjectConversion::test_configuration_factory_compatibility FAILED [ 15%]
tests/test_config/test_compatibility_validation.py::TestConfigDictObjectConversion::test_dynamics_config_compatibility PASSED [ 15%]
tests/test_config/test_compatibility_validation.py::TestConfigAttributeAccessConsistency::test_dual_access_pattern_consistency PASSED [ 15%]
tests/test_config/test_compatibility_validation.py::TestConfigAttributeAccessConsistency::test_nested_configuration_access PASSED [ 15%]
tests/test_config/test_compatibility_validation.py::TestConfigNestedAccessCompatibility::test_nested_attribute_path_consistency PASSED [ 15%]
tests/test_config/test_compatibility_validation.py::TestConfigNestedAccessCompatibility::test_missing_nested_parameter_handling PASSED [ 15%]
tests/test_config/test_compatibility_validation.py::TestConfigModificationConsistency::test_config_modification_preservation PASSED [ 15%]
tests/test_config/test_compatibility_validation.py::TestConfigModificationConsistency::test_config_modification_in_dynamics PASSED [ 15%]
tests/test_config/test_compatibility_validation.py::TestConfigurationErrorRecovery::test_malformed_config_handling PASSED [ 15%]
tests/test_config/test_compatibility_validation.py::TestConfigurationErrorRecovery::test_config_validation_error_messages PASSED [ 15%]
tests/test_config/test_compatibility_validation.py::TestConfigurationErrorRecovery::test_config_type_validation PASSED [ 15%]
tests/test_config/test_config.py::test_config_loads_and_maps_controllers FAILED [ 15%]
tests/test_config/test_config.py::test_physics_config_rejects_zero_mass ERROR [ 15%]
tests/test_config/test_config.py::test_physics_config_rejects_negative_inertia ERROR [ 16%]
tests/test_config/test_config.py::test_physics_config_rejects_invalid_com ERROR [ 16%]
tests/test_config/test_config.py::test_physics_config_rejects_nonpositive_com ERROR [ 16%]
tests/test_config/test_config.py::test_controller_config_forbids_extra_rate_weight_unit PASSED [ 16%]
tests/test_config/test_config.py::test_load_config_rejects_rate_weight_in_yaml PASSED [ 16%]
tests/test_config/test_numeric_validation.py::TestNumericValidation::test_integer_field_validation PASSED [ 16%]
tests/test_config/test_numeric_validation.py::TestNumericValidation::test_float_field_validation PASSED [ 16%]
tests/test_config/test_numeric_validation.py::TestNumericValidation::test_valid_numeric_values_acceptance FAILED [ 16%]
tests/test_config/test_numeric_validation.py::TestNumericValidation::test_integer_to_float_conversion FAILED [ 16%]
tests/test_config/test_numeric_validation.py::TestNumericValidation::test_negative_numeric_values PASSED [ 16%]
tests/test_config/test_numeric_validation.py::TestNumericValidation::test_zero_numeric_values FAILED [ 16%]
tests/test_config/test_numeric_validation.py::TestNumericValidation::test_extreme_numeric_values PASSED [ 16%]
tests/test_config/test_parameter_validation.py::TestParameterBoundsValidation::test_mass_parameter_bounds PASSED [ 16%]
tests/test_config/test_parameter_validation.py::TestParameterBoundsValidation::test_length_parameter_bounds PASSED [ 16%]
tests/test_config/test_parameter_validation.py::TestParameterBoundsValidation::test_damping_parameter_bounds PASSED [ 16%]
tests/test_config/test_parameter_validation.py::TestParameterBoundsValidation::test_gravity_parameter_bounds PASSED [ 16%]
tests/test_config/test_parameter_validation.py::TestPhysicsConstraintValidation::test_inertia_parameter_consistency PASSED [ 17%]
tests/test_config/test_parameter_validation.py::TestPhysicsConstraintValidation::test_center_of_mass_parameter_bounds PASSED [ 17%]
tests/test_config/test_parameter_validation.py::TestPhysicsConstraintValidation::test_control_force_limits PASSED [ 17%]
tests/test_config/test_parameter_validation.py::TestNumericalStabilityParameterRanges::test_integration_timestep_bounds PASSED [ 17%]
tests/test_config/test_parameter_validation.py::TestNumericalStabilityParameterRanges::test_regularization_parameter_bounds PASSED [ 17%]
tests/test_config/test_parameter_validation.py::TestNumericalStabilityParameterRanges::test_energy_conservation_parameter_ranges PASSED [ 17%]
tests/test_config/test_parameter_validation.py::TestParameterTypeValidation::test_numeric_parameter_types PASSED [ 17%]
tests/test_config/test_parameter_validation.py::TestParameterTypeValidation::test_boolean_parameter_types PASSED [ 17%]
tests/test_config/test_parameter_validation.py::TestParameterTypeValidation::test_array_parameter_types PASSED [ 17%]
tests/test_config/test_parameter_validation.py::TestParameterConsistencyValidation::test_parameter_scaling_consistency PASSED [ 17%]
tests/test_config/test_parameter_validation.py::TestParameterConsistencyValidation::test_parameter_units_consistency PASSED [ 17%]
tests/test_config/test_settings_precedence.py::test_env_overrides_file FAILED [ 17%]
tests/test_config/test_settings_precedence.py::test_dotenv_overrides_file_but_not_env FAILED [ 17%]
tests/test_config/test_settings_precedence.py::test_file_used_when_no_env_or_dotenv FAILED [ 17%]
tests/test_config/test_string_validation.py::TestStringValidation::test_integrator_string_validation PASSED [ 17%]
tests/test_config/test_string_validation.py::TestStringValidation::test_valid_string_acceptance FAILED [ 18%]
tests/test_config/test_string_validation.py::TestStringValidation::test_empty_string_validation PASSED [ 18%]
tests/test_config/test_string_validation.py::TestStringValidation::test_numeric_string_conversion FAILED [ 18%]
tests/test_config/test_string_validation.py::TestStringValidation::test_boolean_to_string_rejection PASSED [ 18%]
tests/test_config/test_unknown_key_validation.py::TestUnknownKeyValidation::test_single_unknown_key_physics PASSED [ 18%]
tests/test_config/test_unknown_key_validation.py::TestUnknownKeyValidation::test_single_unknown_key_simulation PASSED [ 18%]
tests/test_config/test_unknown_key_validation.py::TestUnknownKeyValidation::test_multiple_unknown_keys_aggregated PASSED [ 18%]
tests/test_config/test_unknown_key_validation.py::TestUnknownKeyValidation::test_nested_unknown_keys PASSED [ 18%]
tests/test_config/test_unknown_key_validation.py::TestUnknownKeyValidation::test_unknown_key_error_determinism PASSED [ 18%]
tests/test_config/test_unknown_params_modes.py::test_strict_mode_rejects_unknown_keys PASSED [ 18%]
tests/test_config/test_unknown_params_modes.py::test_permissive_mode_collects_unknown_params FAILED [ 18%]
tests/test_controllers/base/test_control_primitives.py::TestRequirePositive::test_valid_positive_float PASSED [ 18%]
tests/test_controllers/base/test_control_primitives.py::TestRequirePositive::test_valid_positive_int PASSED [ 18%]
tests/test_controllers/base/test_control_primitives.py::TestRequirePositive::test_zero_not_allowed_by_default PASSED [ 18%]
tests/test_controllers/base/test_control_primitives.py::TestRequirePositive::test_zero_allowed_when_specified PASSED [ 18%]
tests/test_controllers/base/test_control_primitives.py::TestRequirePositive::test_small_positive_value PASSED [ 19%]
tests/test_controllers/base/test_control_primitives.py::TestRequirePositive::test_negative_value_rejected PASSED [ 19%]
tests/test_controllers/base/test_control_primitives.py::TestRequirePositive::test_negative_value_rejected_with_allow_zero PASSED [ 19%]
tests/test_controllers/base/test_control_primitives.py::TestRequirePositive::test_none_value_rejected PASSED [ 19%]
tests/test_controllers/base/test_control_primitives.py::TestRequirePositive::test_infinity_rejected PASSED [ 19%]
tests/test_controllers/base/test_control_primitives.py::TestRequirePositive::test_nan_rejected PASSED [ 19%]
tests/test_controllers/base/test_control_primitives.py::TestRequirePositive::test_string_rejected PASSED [ 19%]
tests/test_controllers/base/test_control_primitives.py::TestRequirePositive::test_custom_parameter_name_in_error PASSED [ 19%]
tests/test_controllers/base/test_control_primitives.py::TestRequirePositive::test_boundary_value_edge_case PASSED [ 19%]
tests/test_controllers/base/test_control_primitives.py::TestRequirePositive::test_large_positive_value PASSED [ 19%]
tests/test_controllers/base/test_control_primitives.py::TestRequireInRange::test_value_within_range PASSED [ 19%]
tests/test_controllers/base/test_control_primitives.py::TestRequireInRange::test_value_at_boundaries_inclusive PASSED [ 19%]
tests/test_controllers/base/test_control_primitives.py::TestRequireInRange::test_value_at_boundaries_exclusive PASSED [ 19%]
tests/test_controllers/base/test_control_primitives.py::TestRequireInRange::test_value_below_minimum PASSED [ 19%]
tests/test_controllers/base/test_control_primitives.py::TestRequireInRange::test_value_above_maximum PASSED [ 19%]
tests/test_controllers/base/test_control_primitives.py::TestRequireInRange::test_integer_input_converted_to_float PASSED [ 20%]
tests/test_controllers/base/test_control_primitives.py::TestRequireInRange::test_none_value_rejected PASSED [ 20%]
tests/test_controllers/base/test_control_primitives.py::TestRequireInRange::test_infinite_values_rejected PASSED [ 20%]
tests/test_controllers/base/test_control_primitives.py::TestRequireInRange::test_nan_values_rejected PASSED [ 20%]
tests/test_controllers/base/test_control_primitives.py::TestRequireInRange::test_negative_range PASSED [ 20%]
tests/test_controllers/base/test_control_primitives.py::TestRequireInRange::test_zero_width_range_exclusive PASSED [ 20%]
tests/test_controllers/base/test_control_primitives.py::TestRequireInRange::test_zero_width_range_inclusive PASSED [ 20%]
tests/test_controllers/base/test_control_primitives.py::TestRequireInRange::test_inverted_bounds_edge_case PASSED [ 20%]
tests/test_controllers/base/test_control_primitives.py::TestRequireInRange::test_custom_parameter_name_in_error PASSED [ 20%]
tests/test_controllers/base/test_control_primitives.py::TestSaturate::test_tanh_saturation_basic PASSED [ 20%]
tests/test_controllers/base/test_control_primitives.py::TestSaturate::test_linear_saturation_basic PASSED [ 20%]
tests/test_controllers/base/test_control_primitives.py::TestSaturate::test_linear_saturation_warning PASSED [ 20%]
tests/test_controllers/base/test_control_primitives.py::TestSaturate::test_zero_input_tanh PASSED [ 20%]
tests/test_controllers/base/test_control_primitives.py::TestSaturate::test_zero_input_linear PASSED [ 20%]
tests/test_controllers/base/test_control_primitives.py::TestSaturate::test_array_input_tanh PASSED [ 20%]
tests/test_controllers/base/test_control_primitives.py::TestSaturate::test_array_input_linear PASSED [ 20%]
tests/test_controllers/base/test_control_primitives.py::TestSaturate::test_different_epsilon_values PASSED [ 21%]
tests/test_controllers/base/test_control_primitives.py::TestSaturate::test_saturation_bounds_tanh PASSED [ 21%]
tests/test_controllers/base/test_control_primitives.py::TestSaturate::test_saturation_bounds_linear PASSED [ 21%]
tests/test_controllers/base/test_control_primitives.py::TestSaturate::test_negative_epsilon_error PASSED [ 21%]
tests/test_controllers/base/test_control_primitives.py::TestSaturate::test_zero_epsilon_error PASSED [ 21%]
tests/test_controllers/base/test_control_primitives.py::TestSaturate::test_invalid_method_error PASSED [ 21%]
tests/test_controllers/base/test_control_primitives.py::TestSaturate::test_small_epsilon_behavior PASSED [ 21%]
tests/test_controllers/base/test_control_primitives.py::TestSaturate::test_large_epsilon_behavior PASSED [ 21%]
tests/test_controllers/base/test_control_primitives.py::TestSaturate::test_multidimensional_arrays PASSED [ 21%]
tests/test_controllers/base/test_control_primitives.py::TestSaturate::test_type_preservation PASSED [ 21%]
tests/test_controllers/base/test_controller_interface.py::TestControllerInterface::test_abstract_class_instantiation_fails PASSED [ 21%]
tests/test_controllers/base/test_controller_interface.py::TestControllerInterface::test_abstract_methods_defined PASSED [ 21%]
tests/test_controllers/base/test_controller_interface.py::TestControllerInterface::test_inheritance_structure PASSED [ 21%]
tests/test_controllers/base/test_controller_interface.py::TestConcreteControllerBase::test_initialization_default_parameters PASSED [ 21%]
tests/test_controllers/base/test_controller_interface.py::TestConcreteControllerBase::test_initialization_custom_parameters PASSED [ 21%]
tests/test_controllers/base/test_controller_interface.py::TestConcreteControllerBase::test_compute_control_basic_functionality PASSED [ 22%]
tests/test_controllers/base/test_controller_interface.py::TestConcreteControllerBase::test_compute_control_with_reference PASSED [ 22%]
tests/test_controllers/base/test_controller_interface.py::TestConcreteControllerBase::test_step_basic_functionality PASSED [ 22%]
tests/test_controllers/base/test_controller_interface.py::TestConcreteControllerBase::test_step_with_reference PASSED [ 22%]
tests/test_controllers/base/test_controller_interface.py::TestConcreteControllerBase::test_force_saturation_positive PASSED [ 22%]
tests/test_controllers/base/test_controller_interface.py::TestConcreteControllerBase::test_force_saturation_negative PASSED [ 22%]
tests/test_controllers/base/test_controller_interface.py::TestConcreteControllerBase::test_force_saturation_boundary PASSED [ 22%]
tests/test_controllers/base/test_controller_interface.py::TestConcreteControllerBase::test_reset_functionality PASSED [ 22%]
tests/test_controllers/base/test_controller_interface.py::TestConcreteControllerBase::test_parameters_property PASSED [ 22%]
tests/test_controllers/base/test_controller_interface.py::TestConcreteControllerBase::test_string_representation PASSED [ 22%]
tests/test_controllers/base/test_controller_interface.py::TestConcreteControllerBase::test_custom_max_force_saturation PASSED [ 22%]
tests/test_controllers/base/test_controller_interface.py::TestControllerInterfaceEdgeCases::test_invalid_state_dimensions PASSED [ 22%]
tests/test_controllers/base/test_controller_interface.py::TestControllerInterfaceEdgeCases::test_nan_state_handling PASSED [ 22%]
tests/test_controllers/base/test_controller_interface.py::TestControllerInterfaceEdgeCases::test_infinite_state_handling PASSED [ 22%]
tests/test_controllers/base/test_controller_interface.py::TestControllerInterfaceEdgeCases::test_zero_max_force_edge_case PASSED [ 22%]
tests/test_controllers/base/test_controller_interface.py::TestControllerInterfaceEdgeCases::test_negative_max_force_behavior PASSED [ 23%]
tests/test_controllers/base/test_controller_interface.py::TestControllerInterfaceDocumentation::test_class_docstring_exists PASSED [ 23%]
tests/test_controllers/base/test_controller_interface.py::TestControllerInterfaceDocumentation::test_abstract_methods_documented PASSED [ 23%]
tests/test_controllers/base/test_controller_interface.py::TestControllerInterfaceDocumentation::test_concrete_methods_documented PASSED [ 23%]
tests/test_controllers/factory/core/test_validation.py::TestValidationResult::test_initial_state PASSED [ 23%]
tests/test_controllers/factory/core/test_validation.py::TestValidationResult::test_add_error PASSED [ 23%]
tests/test_controllers/factory/core/test_validation.py::TestValidationResult::test_add_warning PASSED [ 23%]
tests/test_controllers/factory/core/test_validation.py::TestValidationResult::test_has_issues PASSED [ 23%]
tests/test_controllers/factory/core/test_validation.py::TestValidationResult::test_get_summary PASSED [ 23%]
tests/test_controllers/factory/core/test_validation.py::TestValidateControllerGains::test_valid_classical_smc_gains PASSED [ 23%]
tests/test_controllers/factory/core/test_validation.py::TestValidateControllerGains::test_invalid_gain_count PASSED [ 23%]
tests/test_controllers/factory/core/test_validation.py::TestValidateControllerGains::test_non_finite_gains PASSED [ 23%]
tests/test_controllers/factory/core/test_validation.py::TestValidateControllerGains::test_negative_gains PASSED [ 23%]
tests/test_controllers/factory/core/test_validation.py::TestValidateControllerGains::test_zero_gains PASSED [ 23%]
tests/test_controllers/factory/core/test_validation.py::TestValidateControllerGains::test_numpy_array_gains PASSED [ 23%]
tests/test_controllers/factory/core/test_validation.py::TestValidateControllerGains::test_bounds_checking PASSED [ 24%]
tests/test_controllers/factory/core/test_validation.py::TestValidateControllerGains::test_classical_smc_specific_validation PASSED [ 24%]
tests/test_controllers/factory/core/test_validation.py::TestValidateControllerGains::test_adaptive_smc_validation PASSED [ 24%]
tests/test_controllers/factory/core/test_validation.py::TestValidateControllerGains::test_sta_smc_validation PASSED [ 24%]
tests/test_controllers/factory/core/test_validation.py::TestValidateControllerGains::test_hybrid_smc_validation PASSED [ 24%]
tests/test_controllers/factory/core/test_validation.py::TestValidateControllerGains::test_invalid_controller_type PASSED [ 24%]
tests/test_controllers/factory/core/test_validation.py::TestValidateControllerGains::test_stability_checking_disabled PASSED [ 24%]
tests/test_controllers/factory/core/test_validation.py::TestValidateConfiguration::test_none_configuration PASSED [ 24%]
tests/test_controllers/factory/core/test_validation.py::TestValidateConfiguration::test_valid_configuration PASSED [ 24%]
tests/test_controllers/factory/core/test_validation.py::TestValidateConfiguration::test_missing_required_parameters PASSED [ 24%]
tests/test_controllers/factory/core/test_validation.py::TestValidateConfiguration::test_invalid_max_force PASSED [ 24%]
tests/test_controllers/factory/core/test_validation.py::TestValidateConfiguration::test_invalid_dt PASSED [ 24%]
tests/test_controllers/factory/core/test_validation.py::TestValidateConfiguration::test_classical_smc_boundary_layer PASSED [ 24%]
tests/test_controllers/factory/core/test_validation.py::TestValidateStateVector::test_valid_state_vector PASSED [ 24%]
tests/test_controllers/factory/core/test_validation.py::TestValidateStateVector::test_invalid_state_type PASSED [ 24%]
tests/test_controllers/factory/core/test_validation.py::TestValidateStateVector::test_invalid_state_shape PASSED [ 24%]
tests/test_controllers/factory/core/test_validation.py::TestValidateStateVector::test_non_finite_state PASSED [ 25%]
tests/test_controllers/factory/core/test_validation.py::TestValidateStateVector::test_large_values_warning PASSED [ 25%]
tests/test_controllers/factory/core/test_validation.py::TestValidateControlOutput::test_valid_scalar_output PASSED [ 25%]
tests/test_controllers/factory/core/test_validation.py::TestValidateControlOutput::test_valid_array_output PASSED [ 25%]
tests/test_controllers/factory/core/test_validation.py::TestValidateControlOutput::test_scalar_array_output PASSED [ 25%]
tests/test_controllers/factory/core/test_validation.py::TestValidateControlOutput::test_invalid_array_shape PASSED [ 25%]
tests/test_controllers/factory/core/test_validation.py::TestValidateControlOutput::test_non_finite_output PASSED [ 25%]
tests/test_controllers/factory/core/test_validation.py::TestValidateControlOutput::test_saturation_warning PASSED [ 25%]
tests/test_controllers/factory/core/test_validation.py::TestValidateControlOutput::test_severe_violation_error PASSED [ 25%]
tests/test_controllers/factory/core/test_validation.py::test_all_controller_types_validation[classical_smc-gains0] PASSED [ 25%]
tests/test_controllers/factory/core/test_validation.py::test_all_controller_types_validation[adaptive_smc-gains1] PASSED [ 25%]
tests/test_controllers/factory/core/test_validation.py::test_all_controller_types_validation[sta_smc-gains2] PASSED [ 25%]
tests/test_controllers/factory/core/test_validation.py::test_all_controller_types_validation[hybrid_adaptive_sta_smc-gains3] PASSED [ 25%]
tests/test_controllers/factory/test_controller_factory.py::TestSMCFactory::test_factory_creation PASSED [ 25%]
tests/test_controllers/factory/test_controller_factory.py::TestSMCFactory::test_smc_types_available PASSED [ 25%]
tests/test_controllers/factory/test_controller_factory.py::TestSMCFactory::test_gain_specifications PASSED [ 26%]
tests/test_controllers/factory/test_controller_factory.py::TestControllerCreation::test_create_classical_smc PASSED [ 26%]
tests/test_controllers/factory/test_controller_factory.py::TestControllerCreation::test_create_adaptive_smc PASSED [ 26%]
tests/test_controllers/factory/test_controller_factory.py::TestControllerCreation::test_invalid_smc_type_raises_error PASSED [ 26%]
tests/test_controllers/factory/test_controller_factory.py::TestPSOIntegration::test_create_smc_for_pso PASSED [ 26%]
tests/test_controllers/factory/test_controller_factory.py::TestPSOIntegration::test_get_gain_bounds_for_pso PASSED [ 26%]
tests/test_controllers/factory/test_controller_factory.py::TestPSOIntegration::test_validate_smc_gains PASSED [ 26%]
tests/test_controllers/factory/test_controller_factory.py::TestFactoryRobustness::test_factory_handles_extreme_gains PASSED [ 26%]
tests/test_controllers/factory/test_controller_factory.py::TestFactoryRobustness::test_factory_thread_safety PASSED [ 26%]
tests/test_controllers/factory/test_controller_factory.py::TestFactoryRobustness::test_memory_efficiency PASSED [ 26%]
tests/test_controllers/factory/test_controller_factory.py::TestFactoryIntegration::test_controller_plant_integration PASSED [ 26%]
tests/test_controllers/factory/test_controller_factory.py::TestFactoryIntegration::test_multiple_controller_types PASSED [ 26%]
tests/test_controllers/factory/test_controller_factory.py::TestAdvancedFactoryIntegration::test_closed_loop_stability_analysis PASSED [ 26%]
tests/test_controllers/factory/test_controller_factory.py::TestAdvancedFactoryIntegration::test_controller_performance_comparison PASSED [ 26%]
tests/test_controllers/factory/test_controller_factory.py::TestAdvancedFactoryIntegration::test_gain_sensitivity_analysis PASSED [ 26%]
tests/test_controllers/factory/test_controller_factory.py::TestAdvancedFactoryIntegration::test_real_time_performance_requirements PASSED [ 27%]
tests/test_controllers/factory/test_controller_factory.py::TestAdvancedFactoryIntegration::test_robustness_to_plant_uncertainties PASSED [ 27%]
tests/test_controllers/factory/test_controller_factory.py::TestAdvancedFactoryIntegration::test_saturation_and_constraint_handling PASSED [ 27%]
tests/test_controllers/factory/test_controller_factory.py::TestAdvancedFactoryIntegration::test_multi_step_control_consistency PASSED [ 27%]
tests/test_controllers/factory/test_controller_factory.py::TestAdvancedFactoryIntegration::test_factory_error_handling_and_recovery PASSED [ 27%]
tests/test_controllers/factory/test_controller_factory.py::TestAdvancedFactoryIntegration::test_memory_and_resource_management PASSED [ 27%]
tests/test_controllers/factory/test_controller_factory.py::TestControllerFactoryDeprecation::test_deprecated_config_handling PASSED [ 27%]
tests/test_controllers/factory/test_controller_factory.py::TestControllerFactoryDeprecation::test_mixed_old_new_config PASSED [ 27%]
tests/test_controllers/factory/test_controller_factory.py::TestControllerFactoryDeprecation::test_deprecation_warning_emission PASSED [ 27%]
tests/test_controllers/factory/test_controller_factory.py::TestControllerFactoryDeprecation::test_graceful_fallback PASSED [ 27%]
tests/test_controllers/factory/test_controller_factory.py::TestControllerFactoryEdgeCases::test_deprecation_handling PASSED [ 27%]
tests/test_controllers/factory/test_controller_factory.py::TestControllerFactoryEdgeCases::test_invalid_gain_count_error_handling PASSED [ 27%]
tests/test_controllers/factory/test_controller_factory.py::TestControllerFactoryEdgeCases::test_parameter_validation_edge_cases PASSED [ 27%]
tests/test_controllers/factory/test_controller_factory.py::TestControllerFactoryEdgeCases::test_configuration_migration_helpers PASSED [ 27%]
tests/test_controllers/factory/test_controller_factory.py::TestControllerFactoryEdgeCases::test_thread_safety_basic PASSED [ 27%]
tests/test_controllers/factory/test_controller_factory.py::TestControllerFactoryEdgeCases::test_memory_cleanup PASSED [ 28%]
tests/test_controllers/factory/test_controller_factory.py::TestControllerFactoryEdgeCases::test_plant_integration PASSED [ 28%]
tests/test_controllers/factory/test_controller_factory.py::TestControllerFactoryEdgeCases::test_invalid_config_handling PASSED [ 28%]
tests/test_controllers/factory/test_controller_factory.py::TestControllerFactoryEdgeCases::test_fallback_mechanisms PASSED [ 28%]
tests/test_controllers/factory/test_controller_factory.py::TestControllerFactoryEdgeCases::test_factory_resilience PASSED [ 28%]
tests/test_controllers/factory/test_controller_factory.py::TestControllerFactoryFallbacks::test_fallback_config_loading FAILED [ 28%]
tests/test_controllers/factory/test_controller_factory.py::TestControllerFactoryFallbacks::test_validate_and_merge_configs PASSED [ 28%]
tests/test_controllers/factory/test_controller_factory.py::TestControllerFactoryFallbacks::test_fallback_mechanism_integration PASSED [ 28%]
tests/test_controllers/factory/test_factory_deprecations.py::test_deprecated_param_is_mapped_with_warning PASSED [ 28%]
tests/test_controllers/factory/test_factory_deprecations.py::test_unknown_keys_strict_vs_permissive PASSED [ 28%]
tests/test_controllers/factory/test_factory_dynamics_consolidated.py::test_factory_and_dynamics_core PASSED [ 28%]
tests/test_controllers/factory/test_factory_shared_params.py::test_dt_inherits_from_simulation_with_warning PASSED [ 28%]
tests/test_controllers/factory/test_factory_shared_params.py::test_max_force_defaults_with_warning PASSED [ 28%]
tests/test_controllers/factory/test_factory_shared_params.py::test_invalid_dt_raises[0.0] PASSED [ 28%]
tests/test_controllers/factory/test_factory_shared_params.py::test_invalid_dt_raises[-0.001] PASSED [ 28%]
tests/test_controllers/factory/test_factory_shared_params.py::test_invalid_max_force_raises[0.0] PASSED [ 28%]
tests/test_controllers/factory/test_factory_shared_params.py::test_invalid_max_force_raises[-5.0] PASSED [ 29%]
tests/test_controllers/factory/test_interface_compatibility.py::TestControllerFactoryInterfaceCompatibility::test_controller_factory_interfaces PASSED [ 29%]
tests/test_controllers/factory/test_interface_compatibility.py::TestControllerFactoryInterfaceCompatibility::test_factory_parameter_validation PASSED [ 29%]
tests/test_controllers/factory/test_interface_compatibility.py::TestControllerFactoryInterfaceCompatibility::test_controller_instantiation_robustness PASSED [ 29%]
tests/test_controllers/factory/test_interface_compatibility.py::TestControllerFactoryInterfaceCompatibility::test_factory_registry_consistency PASSED [ 29%]
tests/test_controllers/factory/test_interface_compatibility.py::TestControllerFactoryInterfaceCompatibility::test_controller_interface_consistency PASSED [ 29%]
tests/test_controllers/factory/test_interface_compatibility.py::TestControllerFactoryInterfaceCompatibility::test_configuration_object_attribute_access PASSED [ 29%]
tests/test_controllers/factory/test_interface_compatibility.py::TestControllerFactoryInterfaceCompatibility::test_gains_type_conversion_compatibility PASSED [ 29%]
tests/test_controllers/factory/test_interface_compatibility.py::TestControllerFactoryErrorRecovery::test_missing_import_recovery PASSED [ 29%]
tests/test_controllers/factory/test_interface_compatibility.py::TestControllerFactoryErrorRecovery::test_configuration_validation_recovery PASSED [ 29%]
tests/test_controllers/factory/test_interface_compatibility.py::test_individual_controller_factory_robustness[classical_smc] PASSED [ 29%]
tests/test_controllers/factory/test_interface_compatibility.py::test_individual_controller_factory_robustness[sta_smc] PASSED [ 29%]
tests/test_controllers/factory/test_interface_compatibility.py::test_individual_controller_factory_robustness[adaptive_smc] PASSED [ 29%]
tests/test_controllers/factory/test_interface_compatibility.py::test_individual_controller_factory_robustness[hybrid_adaptive_sta_smc] PASSED [ 29%]
tests/test_controllers/mpc/test_mpc_consolidated.py::test_mpc_optional_dep_and_param_validation FAILED [ 29%]
tests/test_controllers/mpc/test_mpc_controller.py::test_mpc_controller_instantiation_and_control FAILED [ 30%]
tests/test_controllers/mpc/test_mpc_controller.py::test_simulation_helper_shapes PASSED [ 30%]
tests/test_controllers/smc/algorithms/adaptive/test_modular_adaptive_smc.py::TestModularAdaptiveSMC::test_controller_initialization PASSED [ 30%]
tests/test_controllers/smc/algorithms/adaptive/test_modular_adaptive_smc.py::TestModularAdaptiveSMC::test_adaptation_law_initialization PASSED [ 30%]
tests/test_controllers/smc/algorithms/adaptive/test_modular_adaptive_smc.py::TestModularAdaptiveSMC::test_uncertainty_estimator PASSED [ 30%]
tests/test_controllers/smc/algorithms/adaptive/test_modular_adaptive_smc.py::TestModularAdaptiveSMC::test_adaptive_control_computation PASSED [ 30%]
tests/test_controllers/smc/algorithms/adaptive/test_modular_adaptive_smc.py::TestModularAdaptiveSMC::test_parameter_adaptation PASSED [ 30%]
tests/test_controllers/smc/algorithms/adaptive/test_modular_adaptive_smc.py::TestModularAdaptiveSMC::test_adaptation_stability PASSED [ 30%]
tests/test_controllers/smc/algorithms/adaptive/test_modular_adaptive_smc.py::TestModularAdaptiveSMC::test_convergence_properties PASSED [ 30%]
tests/test_controllers/smc/algorithms/adaptive/test_modular_adaptive_smc.py::TestAdaptationComponents::test_modified_adaptation_law PASSED [ 30%]
tests/test_controllers/smc/algorithms/adaptive/test_modular_adaptive_smc.py::TestAdaptationComponents::test_parameter_identifier PASSED [ 30%]
tests/test_controllers/smc/algorithms/adaptive/test_modular_adaptive_smc.py::TestAdaptationComponents::test_combined_estimator PASSED [ 30%]
tests/test_controllers/smc/algorithms/adaptive/test_modular_adaptive_smc.py::TestAdaptationScenarios::test_constant_disturbance_adaptation PASSED [ 30%]
tests/test_controllers/smc/algorithms/adaptive/test_modular_adaptive_smc.py::TestAdaptationScenarios::test_time_varying_disturbance_adaptation PASSED [ 30%]
tests/test_controllers/smc/algorithms/classical/test_boundary_layer.py::TestBoundaryLayerBehavior::test_smooth_control_inside_boundary_layer PASSED [ 30%]
tests/test_controllers/smc/algorithms/classical/test_boundary_layer.py::TestBoundaryLayerBehavior::test_boundary_layer_thickness_effect PASSED [ 31%]
tests/test_controllers/smc/algorithms/classical/test_boundary_layer.py::TestBoundaryLayerBehavior::test_control_continuity_across_boundary PASSED [ 31%]
tests/test_controllers/smc/algorithms/classical/test_boundary_layer.py::TestBoundaryLayerBehavior::test_chattering_reduction_with_noise PASSED [ 31%]
tests/test_controllers/smc/algorithms/classical/test_boundary_layer.py::TestBoundaryLayerBehavior::test_boundary_layer_parameter_validation PASSED [ 31%]
tests/test_controllers/smc/algorithms/classical/test_boundary_layer.py::TestBoundaryLayerBehavior::test_boundary_layer_scaling_with_gains PASSED [ 31%]
tests/test_controllers/smc/algorithms/classical/test_boundary_layer.py::TestBoundaryLayerBehavior::test_boundary_layer_vs_switching_control PASSED [ 31%]
tests/test_controllers/smc/algorithms/classical/test_boundary_layer.py::TestBoundaryLayerBehavior::test_boundary_layer_energy_considerations PASSED [ 31%]
tests/test_controllers/smc/algorithms/classical/test_config_validation.py::TestClassicalSMCConfigValidation::test_valid_config_acceptance PASSED [ 31%]
tests/test_controllers/smc/algorithms/classical/test_config_validation.py::TestClassicalSMCConfigValidation::test_invalid_gains_length_rejection PASSED [ 31%]
tests/test_controllers/smc/algorithms/classical/test_config_validation.py::TestClassicalSMCConfigValidation::test_negative_max_force_rejection PASSED [ 31%]
tests/test_controllers/smc/algorithms/classical/test_config_validation.py::TestClassicalSMCConfigValidation::test_zero_boundary_layer_rejection PASSED [ 31%]
tests/test_controllers/smc/algorithms/classical/test_config_validation.py::TestClassicalSMCConfigValidation::test_negative_boundary_layer_rejection PASSED [ 31%]
tests/test_controllers/smc/algorithms/classical/test_config_validation.py::TestClassicalSMCConfigValidation::test_nan_gains_rejection PASSED [ 31%]
tests/test_controllers/smc/algorithms/classical/test_config_validation.py::TestClassicalSMCConfigValidation::test_infinite_gains_rejection PASSED [ 31%]
tests/test_controllers/smc/algorithms/classical/test_config_validation.py::TestClassicalSMCConfigValidation::test_gain_bounds_validation PASSED [ 31%]
tests/test_controllers/smc/algorithms/classical/test_config_validation.py::TestClassicalSMCConfigValidation::test_gain_signs_validation PASSED [ 32%]
tests/test_controllers/smc/algorithms/classical/test_control_computation.py::TestControlComputation::test_control_computation_returns_valid_format PASSED [ 32%]
tests/test_controllers/smc/algorithms/classical/test_control_computation.py::TestControlComputation::test_control_values_are_finite PASSED [ 32%]
tests/test_controllers/smc/algorithms/classical/test_control_computation.py::TestControlComputation::test_control_bounds_enforcement PASSED [ 32%]
tests/test_controllers/smc/algorithms/classical/test_control_computation.py::TestControlComputation::test_control_responds_to_large_errors PASSED [ 32%]
tests/test_controllers/smc/algorithms/classical/test_control_computation.py::TestControlComputation::test_control_zero_at_equilibrium PASSED [ 32%]
tests/test_controllers/smc/algorithms/classical/test_control_computation.py::TestControlComputation::test_control_consistency_same_input PASSED [ 32%]
tests/test_controllers/smc/algorithms/classical/test_control_computation.py::TestControlComputation::test_control_opposes_velocity PASSED [ 32%]
tests/test_controllers/smc/algorithms/classical/test_control_computation.py::TestControlComputation::test_control_saturation_behavior PASSED [ 32%]
tests/test_controllers/smc/algorithms/classical/test_control_computation.py::TestControlComputation::test_control_output_shape_consistency PASSED [ 32%]
tests/test_controllers/smc/algorithms/classical/test_modular_controller.py::TestModularClassicalSMC::test_initialization PASSED [ 32%]
tests/test_controllers/smc/algorithms/classical/test_modular_controller.py::TestModularClassicalSMC::test_compute_control_basic PASSED [ 32%]
tests/test_controllers/smc/algorithms/classical/test_modular_controller.py::TestModularClassicalSMC::test_compute_control_with_saturation PASSED [ 32%]
tests/test_controllers/smc/algorithms/classical/test_modular_controller.py::TestModularClassicalSMC::test_gains_property PASSED [ 32%]
tests/test_controllers/smc/algorithms/classical/test_modular_controller.py::TestModularClassicalSMC::test_get_parameters PASSED [ 32%]
tests/test_controllers/smc/algorithms/classical/test_modular_controller.py::TestModularClassicalSMC::test_error_handling PASSED [ 32%]
tests/test_controllers/smc/algorithms/classical/test_modular_controller.py::TestClassicalSMCBackwardCompatibility::test_initialization_legacy_interface PASSED [ 33%]
tests/test_controllers/smc/algorithms/classical/test_modular_controller.py::TestClassicalSMCBackwardCompatibility::test_gains_property_delegation PASSED [ 33%]
tests/test_controllers/smc/algorithms/classical/test_modular_controller.py::TestClassicalSMCBackwardCompatibility::test_compute_control_delegation PASSED [ 33%]
tests/test_controllers/smc/algorithms/classical/test_modular_controller.py::TestModularClassicalSMCFallback::test_imports_not_available SKIPPED [ 33%]
tests/test_controllers/smc/algorithms/classical/test_sliding_surface.py::TestSlidingSurfaceComputation::test_surface_computation_returns_finite_values PASSED [ 33%]
tests/test_controllers/smc/algorithms/classical/test_sliding_surface.py::TestSlidingSurfaceComputation::test_surface_linearity_property PASSED [ 33%]
tests/test_controllers/smc/algorithms/classical/test_sliding_surface.py::TestSlidingSurfaceComputation::test_surface_zero_at_equilibrium PASSED [ 33%]
tests/test_controllers/smc/algorithms/classical/test_sliding_surface.py::TestSlidingSurfaceComputation::test_surface_depends_on_position_error PASSED [ 33%]
tests/test_controllers/smc/algorithms/classical/test_sliding_surface.py::TestSlidingSurfaceComputation::test_surface_depends_on_velocity PASSED [ 33%]
tests/test_controllers/smc/algorithms/classical/test_sliding_surface.py::TestSlidingSurfaceComputation::test_surface_continuity PASSED [ 33%]
tests/test_controllers/smc/algorithms/classical/test_sliding_surface.py::TestSlidingSurfaceComputation::test_surface_sign_consistency PASSED [ 33%]
tests/test_controllers/smc/algorithms/classical/test_sliding_surface.py::TestSlidingSurfaceComputation::test_surface_gain_sensitivity PASSED [ 33%]
tests/test_controllers/smc/classical/test_classical_smc.py::TestClassicalSMCImplementation::test_initialization_basic SKIPPED [ 33%]
tests/test_controllers/smc/classical/test_classical_smc.py::TestClassicalSMCImplementation::test_initialization_custom_parameters SKIPPED [ 33%]
tests/test_controllers/smc/classical/test_classical_smc.py::TestClassicalSMCInterface::test_initialization_creates_required_attributes PASSED [ 33%]
tests/test_controllers/smc/classical/test_classical_smc.py::TestClassicalSMCInterface::test_control_history_initialized PASSED [ 34%]
tests/test_controllers/smc/classical/test_classical_smc.py::TestClassicalSMCInterface::test_component_interface_requirements PASSED [ 34%]
tests/test_controllers/smc/classical/test_classical_smc.py::TestClassicalSMCInterface::test_parameters_property_structure PASSED [ 34%]
tests/test_controllers/smc/classical/test_classical_smc.py::TestClassicalSMCControlComputation::test_compute_control_basic PASSED [ 34%]
tests/test_controllers/smc/classical/test_classical_smc.py::TestClassicalSMCControlComputation::test_sliding_surface_computation PASSED [ 34%]
tests/test_controllers/smc/classical/test_classical_smc.py::TestClassicalSMCControlComputation::test_control_with_reference PASSED [ 34%]
tests/test_controllers/smc/classical/test_classical_smc.py::TestClassicalSMCControlComputation::test_multiple_control_calls PASSED [ 34%]
tests/test_controllers/smc/classical/test_classical_smc.py::TestClassicalSMCControlComputation::test_zero_state_control PASSED [ 34%]
tests/test_controllers/smc/classical/test_classical_smc.py::TestClassicalSMCSlidingBehavior::test_sliding_variable_computation PASSED [ 34%]
tests/test_controllers/smc/classical/test_classical_smc.py::TestClassicalSMCSlidingBehavior::test_control_sign_consistency PASSED [ 34%]
tests/test_controllers/smc/classical/test_classical_smc.py::TestClassicalSMCSlidingBehavior::test_smooth_vs_discontinuous_switching PASSED [ 34%]
tests/test_controllers/smc/classical/test_classical_smc.py::TestClassicalSMCSlidingBehavior::test_boundary_layer_effect PASSED [ 34%]
tests/test_controllers/smc/classical/test_classical_smc.py::TestClassicalSMCReset::test_reset_clears_history PASSED [ 34%]
tests/test_controllers/smc/classical/test_classical_smc.py::TestClassicalSMCReset::test_reset_preserves_configuration PASSED [ 34%]
tests/test_controllers/smc/classical/test_classical_smc.py::TestClassicalSMCReset::test_control_after_reset PASSED [ 34%]
tests/test_controllers/smc/classical/test_classical_smc.py::TestClassicalSMCErrorHandling::test_invalid_state_dimensions PASSED [ 35%]
tests/test_controllers/smc/classical/test_classical_smc.py::TestClassicalSMCErrorHandling::test_nan_state_handling PASSED [ 35%]
tests/test_controllers/smc/classical/test_classical_smc.py::TestClassicalSMCErrorHandling::test_infinite_state_handling PASSED [ 35%]
tests/test_controllers/smc/classical/test_classical_smc.py::TestClassicalSMCErrorHandling::test_zero_boundary_layer_edge_case PASSED [ 35%]
tests/test_controllers/smc/classical/test_classical_smc.py::TestClassicalSMCErrorHandling::test_very_small_boundary_layer PASSED [ 35%]
tests/test_controllers/smc/classical/test_classical_smc.py::TestClassicalSMCIntegration::test_realistic_control_sequence PASSED [ 35%]
tests/test_controllers/smc/classical/test_classical_smc.py::TestClassicalSMCIntegration::test_reference_tracking_behavior PASSED [ 35%]
tests/test_controllers/smc/classical/test_classical_smc.py::TestClassicalSMCIntegration::test_control_continuity PASSED [ 35%]
tests/test_controllers/smc/core/test_equivalent_control.py::TestEquivalentControlInitialization::test_initialization_default_parameters FAILED [ 35%]
tests/test_controllers/smc/core/test_equivalent_control.py::TestEquivalentControlInitialization::test_initialization_custom_parameters FAILED [ 35%]
tests/test_controllers/smc/core/test_equivalent_control.py::TestEquivalentControlInitialization::test_logger_initialization PASSED [ 35%]
tests/test_controllers/smc/core/test_equivalent_control.py::TestEquivalentControlComputation::test_compute_no_dynamics_model PASSED [ 35%]
tests/test_controllers/smc/core/test_equivalent_control.py::TestEquivalentControlComputation::test_compute_valid_dynamics PASSED [ 35%]
tests/test_controllers/smc/core/test_equivalent_control.py::TestEquivalentControlComputation::test_compute_singular_matrix_returns_zero PASSED [ 35%]
tests/test_controllers/smc/core/test_equivalent_control.py::TestEquivalentControlComputation::test_compute_dynamics_extraction_failure PASSED [ 35%]
tests/test_controllers/smc/core/test_equivalent_control.py::TestEquivalentControlComputation::test_compute_poor_controllability PASSED [ 36%]
tests/test_controllers/smc/core/test_equivalent_control.py::TestEquivalentControlComputation::test_compute_non_finite_result PASSED [ 36%]
tests/test_controllers/smc/core/test_equivalent_control.py::TestEquivalentControlMatrixExtraction::test_extract_dynamics_get_dynamics_interface PASSED [ 36%]
tests/test_controllers/smc/core/test_equivalent_control.py::TestEquivalentControlMatrixExtraction::test_extract_dynamics_direct_attributes PASSED [ 36%]
tests/test_controllers/smc/core/test_equivalent_control.py::TestEquivalentControlMatrixExtraction::test_extract_dynamics_no_interface_returns_none PASSED [ 36%]
tests/test_controllers/smc/core/test_equivalent_control.py::TestEquivalentControlControllabilityAnalysis::test_check_controllability_no_model PASSED [ 36%]
tests/test_controllers/smc/core/test_equivalent_control.py::TestEquivalentControlControllabilityAnalysis::test_set_controllability_threshold_valid PASSED [ 36%]
tests/test_controllers/smc/core/test_equivalent_control.py::TestEquivalentControlControllabilityAnalysis::test_set_controllability_threshold_invalid PASSED [ 36%]
tests/test_controllers/smc/core/test_equivalent_control.py::TestEquivalentControlControllabilityAnalysis::test_get_dynamics_info_no_model PASSED [ 36%]
tests/test_controllers/smc/core/test_gain_validation.py::TestGainBounds::test_gain_bounds_creation PASSED [ 36%]
tests/test_controllers/smc/core/test_gain_validation.py::TestGainBounds::test_gain_bounds_validate_within_range PASSED [ 36%]
tests/test_controllers/smc/core/test_gain_validation.py::TestGainBounds::test_gain_bounds_validate_outside_range PASSED [ 36%]
tests/test_controllers/smc/core/test_gain_validation.py::TestGainBounds::test_gain_bounds_edge_cases PASSED [ 36%]
tests/test_controllers/smc/core/test_gain_validation.py::TestSMCControllerType::test_controller_type_values PASSED [ 36%]
tests/test_controllers/smc/core/test_gain_validation.py::TestSMCControllerType::test_controller_type_from_string PASSED [ 36%]
tests/test_controllers/smc/core/test_gain_validation.py::TestSMCControllerType::test_invalid_controller_type PASSED [ 36%]
tests/test_controllers/smc/core/test_gain_validation.py::TestSMCGainValidator::test_validator_initialization PASSED [ 37%]
tests/test_controllers/smc/core/test_gain_validation.py::TestSMCGainValidator::test_initialize_standard_bounds PASSED [ 37%]
tests/test_controllers/smc/core/test_gain_validation.py::TestSMCGainValidator::test_classical_smc_bounds PASSED [ 37%]
tests/test_controllers/smc/core/test_gain_validation.py::TestSMCGainValidator::test_adaptive_smc_bounds PASSED [ 37%]
tests/test_controllers/smc/core/test_gain_validation.py::TestSMCGainValidator::test_super_twisting_bounds PASSED [ 37%]
tests/test_controllers/smc/core/test_gain_validation.py::TestSMCGainValidator::test_hybrid_smc_bounds PASSED [ 37%]
tests/test_controllers/smc/core/test_gain_validation.py::TestSMCGainValidator::test_validate_gains_classical_valid FAILED [ 37%]
tests/test_controllers/smc/core/test_gain_validation.py::TestSMCGainValidator::test_validate_gains_classical_invalid FAILED [ 37%]
tests/test_controllers/smc/core/test_gain_validation.py::TestSMCGainValidator::test_validate_gains_string_controller_type FAILED [ 37%]
tests/test_controllers/smc/core/test_gain_validation.py::TestSMCGainValidator::test_validate_gains_wrong_length FAILED [ 37%]
tests/test_controllers/smc/core/test_gain_validation.py::TestSMCGainValidator::test_validate_gains_numpy_array PASSED [ 37%]
tests/test_controllers/smc/core/test_gain_validation.py::TestSMCGainValidator::test_validate_stability_conditions_classical PASSED [ 37%]
tests/test_controllers/smc/core/test_gain_validation.py::TestSMCGainValidator::test_validate_stability_conditions_zero_gains PASSED [ 37%]
tests/test_controllers/smc/core/test_gain_validation.py::TestSMCGainValidator::test_get_recommended_ranges PASSED [ 37%]
tests/test_controllers/smc/core/test_gain_validation.py::TestSMCGainValidator::test_get_recommended_ranges_string_type PASSED [ 37%]
tests/test_controllers/smc/core/test_gain_validation.py::TestSMCGainValidator::test_get_recommended_ranges_invalid_type FAILED [ 38%]
tests/test_controllers/smc/core/test_gain_validation.py::TestSMCGainValidator::test_update_bounds_valid PASSED [ 38%]
tests/test_controllers/smc/core/test_gain_validation.py::TestSMCGainValidator::test_update_bounds_string_type PASSED [ 38%]
tests/test_controllers/smc/core/test_gain_validation.py::TestSMCGainValidator::test_update_bounds_invalid_controller FAILED [ 38%]
tests/test_controllers/smc/core/test_gain_validation.py::TestSMCGainValidator::test_update_bounds_invalid_gain PASSED [ 38%]
tests/test_controllers/smc/core/test_gain_validation.py::TestConvenienceFunctions::test_validate_smc_gains_valid PASSED [ 38%]
tests/test_controllers/smc/core/test_gain_validation.py::TestConvenienceFunctions::test_validate_smc_gains_invalid PASSED [ 38%]
tests/test_controllers/smc/core/test_gain_validation.py::TestConvenienceFunctions::test_validate_smc_gains_default_type PASSED [ 38%]
tests/test_controllers/smc/core/test_gain_validation.py::TestConvenienceFunctions::test_check_stability_conditions_stable PASSED [ 38%]
tests/test_controllers/smc/core/test_gain_validation.py::TestConvenienceFunctions::test_check_stability_conditions_default_type PASSED [ 38%]
tests/test_controllers/smc/core/test_gain_validation.py::TestConvenienceFunctions::test_get_gain_bounds_for_controller PASSED [ 38%]
tests/test_controllers/smc/core/test_gain_validation.py::TestMathematicalProperties::test_positive_definite_requirements PASSED [ 38%]
tests/test_controllers/smc/core/test_gain_validation.py::TestMathematicalProperties::test_boundary_layer_requirements PASSED [ 38%]
tests/test_controllers/smc/core/test_gain_validation.py::TestMathematicalProperties::test_adaptation_gain_bounds PASSED [ 38%]
tests/test_controllers/smc/core/test_gain_validation.py::TestMathematicalProperties::test_super_twisting_gain_conditions PASSED [ 38%]
tests/test_controllers/smc/core/test_gain_validation.py::TestMathematicalProperties::test_gain_scaling_properties PASSED [ 39%]
tests/test_controllers/smc/core/test_gain_validation.py::TestErrorHandling::test_empty_gains_list FAILED [ 39%]
tests/test_controllers/smc/core/test_gain_validation.py::TestErrorHandling::test_none_gains PASSED [ 39%]
tests/test_controllers/smc/core/test_gain_validation.py::TestErrorHandling::test_non_numeric_gains PASSED [ 39%]
tests/test_controllers/smc/core/test_gain_validation.py::TestErrorHandling::test_infinite_gains PASSED [ 39%]
tests/test_controllers/smc/core/test_gain_validation.py::TestErrorHandling::test_nan_gains PASSED [ 39%]
tests/test_controllers/smc/core/test_sliding_surface.py::TestSlidingSurfaceAbstractBase::test_abstract_class_cannot_be_instantiated PASSED [ 39%]
tests/test_controllers/smc/core/test_sliding_surface.py::TestSlidingSurfaceAbstractBase::test_abstract_methods_defined PASSED [ 39%]
tests/test_controllers/smc/core/test_sliding_surface.py::TestLinearSlidingSurface::test_initialization_valid_gains PASSED [ 39%]
tests/test_controllers/smc/core/test_sliding_surface.py::TestLinearSlidingSurface::test_initialization_array_gains PASSED [ 39%]
tests/test_controllers/smc/core/test_sliding_surface.py::TestLinearSlidingSurface::test_initialization_insufficient_gains PASSED [ 39%]
tests/test_controllers/smc/core/test_sliding_surface.py::TestLinearSlidingSurface::test_initialization_zero_gains_rejected PASSED [ 39%]
tests/test_controllers/smc/core/test_sliding_surface.py::TestLinearSlidingSurface::test_initialization_negative_gains_rejected PASSED [ 39%]
tests/test_controllers/smc/core/test_sliding_surface.py::TestLinearSlidingSurface::test_compute_basic_functionality PASSED [ 39%]
tests/test_controllers/smc/core/test_sliding_surface.py::TestLinearSlidingSurface::test_compute_zero_state PASSED [ 39%]
tests/test_controllers/smc/core/test_sliding_surface.py::TestLinearSlidingSurface::test_compute_insufficient_state_dimensions PASSED [ 40%]
tests/test_controllers/smc/core/test_sliding_surface.py::TestLinearSlidingSurface::test_compute_positive_angles PASSED [ 40%]
tests/test_controllers/smc/core/test_sliding_surface.py::TestLinearSlidingSurface::test_compute_negative_angles PASSED [ 40%]
tests/test_controllers/smc/core/test_sliding_surface.py::TestLinearSlidingSurface::test_compute_derivative_basic PASSED [ 40%]
tests/test_controllers/smc/core/test_sliding_surface.py::TestLinearSlidingSurface::test_compute_derivative_zero_state_dot PASSED [ 40%]
tests/test_controllers/smc/core/test_sliding_surface.py::TestLinearSlidingSurface::test_compute_derivative_insufficient_dimensions PASSED [ 40%]
tests/test_controllers/smc/core/test_sliding_surface.py::TestLinearSlidingSurface::test_get_coefficients PASSED [ 40%]
tests/test_controllers/smc/core/test_sliding_surface.py::TestLinearSlidingSurface::test_linearity_property PASSED [ 40%]
tests/test_controllers/smc/core/test_sliding_surface.py::TestLinearSlidingSurface::test_scaling_property PASSED [ 40%]
tests/test_controllers/smc/core/test_sliding_surface.py::TestLinearSlidingSurface::test_extra_gains_ignored PASSED [ 40%]
tests/test_controllers/smc/core/test_sliding_surface.py::TestHigherOrderSlidingSurface::test_initialization_order_2 PASSED [ 40%]
tests/test_controllers/smc/core/test_sliding_surface.py::TestHigherOrderSlidingSurface::test_initialization_invalid_order PASSED [ 40%]
tests/test_controllers/smc/core/test_sliding_surface.py::TestHigherOrderSlidingSurface::test_initialization_insufficient_gains_for_order PASSED [ 40%]
tests/test_controllers/smc/core/test_sliding_surface.py::TestHigherOrderSlidingSurface::test_initialization_negative_gains_rejected PASSED [ 40%]
tests/test_controllers/smc/core/test_sliding_surface.py::TestHigherOrderSlidingSurface::test_compute_falls_back_to_linear PASSED [ 40%]
tests/test_controllers/smc/core/test_sliding_surface.py::TestHigherOrderSlidingSurface::test_compute_derivative_falls_back_to_linear PASSED [ 40%]
tests/test_controllers/smc/core/test_sliding_surface.py::TestHigherOrderSlidingSurface::test_insufficient_gains_returns_zero PASSED [ 41%]
tests/test_controllers/smc/core/test_sliding_surface.py::TestCreateSlidingSurfaceFactory::test_create_linear_surface PASSED [ 41%]
tests/test_controllers/smc/core/test_sliding_surface.py::TestCreateSlidingSurfaceFactory::test_create_higher_order_surface PASSED [ 41%]
tests/test_controllers/smc/core/test_sliding_surface.py::TestCreateSlidingSurfaceFactory::test_create_higher_order_surface_alternative_name PASSED [ 41%]
tests/test_controllers/smc/core/test_sliding_surface.py::TestCreateSlidingSurfaceFactory::test_case_insensitive_surface_type PASSED [ 41%]
tests/test_controllers/smc/core/test_sliding_surface.py::TestCreateSlidingSurfaceFactory::test_unknown_surface_type_error PASSED [ 41%]
tests/test_controllers/smc/core/test_sliding_surface.py::TestSlidingSurfaceMathematicalProperties::test_surface_zero_at_equilibrium PASSED [ 41%]
tests/test_controllers/smc/core/test_sliding_surface.py::TestSlidingSurfaceMathematicalProperties::test_surface_symmetry PASSED [ 41%]
tests/test_controllers/smc/core/test_sliding_surface.py::TestSlidingSurfaceMathematicalProperties::test_surface_continuity PASSED [ 41%]
tests/test_controllers/smc/core/test_sliding_surface.py::TestSlidingSurfaceMathematicalProperties::test_derivative_consistency PASSED [ 41%]
tests/test_controllers/smc/core/test_sliding_surface.py::TestSlidingSurfaceMathematicalProperties::test_large_state_values PASSED [ 41%]
tests/test_controllers/smc/core/test_sliding_surface.py::TestSlidingSurfaceMathematicalProperties::test_very_small_state_values PASSED [ 41%]
tests/test_controllers/smc/core/test_sliding_surface.py::TestSlidingSurfaceMathematicalProperties::test_nan_state_handling PASSED [ 41%]
tests/test_controllers/smc/core/test_sliding_surface.py::TestSlidingSurfaceMathematicalProperties::test_infinite_state_handling PASSED [ 41%]
tests/test_controllers/smc/core/test_switching_functions.py::TestSwitchingMethod::test_enum_values PASSED [ 41%]
tests/test_controllers/smc/core/test_switching_functions.py::TestSwitchingMethod::test_enum_completeness PASSED [ 42%]
tests/test_controllers/smc/core/test_switching_functions.py::TestSwitchingFunctionClass::test_initialization_with_string PASSED [ 42%]
tests/test_controllers/smc/core/test_switching_functions.py::TestSwitchingFunctionClass::test_initialization_with_enum PASSED [ 42%]
tests/test_controllers/smc/core/test_switching_functions.py::TestSwitchingFunctionClass::test_initialization_case_insensitive PASSED [ 42%]
tests/test_controllers/smc/core/test_switching_functions.py::TestSwitchingFunctionClass::test_initialization_default_method PASSED [ 42%]
tests/test_controllers/smc/core/test_switching_functions.py::TestSwitchingFunctionClass::test_initialization_invalid_method PASSED [ 42%]
tests/test_controllers/smc/core/test_switching_functions.py::TestSwitchingFunctionClass::test_tanh_switching_basic FAILED [ 42%]
tests/test_controllers/smc/core/test_switching_functions.py::TestSwitchingFunctionClass::test_tanh_switching_zero_surface PASSED [ 42%]
tests/test_controllers/smc/core/test_switching_functions.py::TestSwitchingFunctionClass::test_tanh_switching_zero_epsilon PASSED [ 42%]
tests/test_controllers/smc/core/test_switching_functions.py::TestSwitchingFunctionClass::test_tanh_switching_large_surface PASSED [ 42%]
tests/test_controllers/smc/core/test_switching_functions.py::TestSwitchingFunctionClass::test_linear_switching_basic PASSED [ 42%]
tests/test_controllers/smc/core/test_switching_functions.py::TestSwitchingFunctionClass::test_linear_switching_saturation PASSED [ 42%]
tests/test_controllers/smc/core/test_switching_functions.py::TestSwitchingFunctionClass::test_linear_switching_zero_epsilon PASSED [ 42%]
tests/test_controllers/smc/core/test_switching_functions.py::TestSwitchingFunctionClass::test_sign_switching_basic PASSED [ 42%]
tests/test_controllers/smc/core/test_switching_functions.py::TestSwitchingFunctionClass::test_sign_switching_ignores_epsilon PASSED [ 42%]
tests/test_controllers/smc/core/test_switching_functions.py::TestSwitchingFunctionClass::test_sigmoid_switching_basic PASSED [ 43%]
tests/test_controllers/smc/core/test_switching_functions.py::TestSwitchingFunctionClass::test_sigmoid_switching_bounds PASSED [ 43%]
tests/test_controllers/smc/core/test_switching_functions.py::TestSwitchingFunctionClass::test_sigmoid_switching_zero_epsilon PASSED [ 43%]
tests/test_controllers/smc/core/test_switching_functions.py::TestSwitchingFunctionDerivatives::test_tanh_derivative_basic PASSED [ 43%]
tests/test_controllers/smc/core/test_switching_functions.py::TestSwitchingFunctionDerivatives::test_tanh_derivative_zero_surface PASSED [ 43%]
tests/test_controllers/smc/core/test_switching_functions.py::TestSwitchingFunctionDerivatives::test_tanh_derivative_zero_epsilon PASSED [ 43%]
tests/test_controllers/smc/core/test_switching_functions.py::TestSwitchingFunctionDerivatives::test_linear_derivative_inside_boundary PASSED [ 43%]
tests/test_controllers/smc/core/test_switching_functions.py::TestSwitchingFunctionDerivatives::test_linear_derivative_outside_boundary PASSED [ 43%]
tests/test_controllers/smc/core/test_switching_functions.py::TestSwitchingFunctionDerivatives::test_linear_derivative_at_boundary PASSED [ 43%]
tests/test_controllers/smc/core/test_switching_functions.py::TestSwitchingFunctionDerivatives::test_sigmoid_derivative_basic PASSED [ 43%]
tests/test_controllers/smc/core/test_switching_functions.py::TestSwitchingFunctionDerivatives::test_sigmoid_derivative_zero_surface PASSED [ 43%]
tests/test_controllers/smc/core/test_switching_functions.py::TestSwitchingFunctionDerivatives::test_sign_derivative PASSED [ 43%]
tests/test_controllers/smc/core/test_switching_functions.py::TestConvenienceFunctions::test_tanh_switching_function FAILED [ 43%]
tests/test_controllers/smc/core/test_switching_functions.py::TestConvenienceFunctions::test_tanh_switching_zero_epsilon PASSED [ 43%]
tests/test_controllers/smc/core/test_switching_functions.py::TestConvenienceFunctions::test_linear_switching_function PASSED [ 43%]
tests/test_controllers/smc/core/test_switching_functions.py::TestConvenienceFunctions::test_linear_switching_zero_epsilon PASSED [ 44%]
tests/test_controllers/smc/core/test_switching_functions.py::TestConvenienceFunctions::test_sign_switching_function FAILED [ 44%]
tests/test_controllers/smc/core/test_switching_functions.py::TestConvenienceFunctions::test_sign_switching_ignores_epsilon FAILED [ 44%]
tests/test_controllers/smc/core/test_switching_functions.py::TestAdaptiveBoundaryLayer::test_adaptive_boundary_basic PASSED [ 44%]
tests/test_controllers/smc/core/test_switching_functions.py::TestAdaptiveBoundaryLayer::test_adaptive_boundary_zero_derivative PASSED [ 44%]
tests/test_controllers/smc/core/test_switching_functions.py::TestAdaptiveBoundaryLayer::test_adaptive_boundary_negative_derivative PASSED [ 44%]
tests/test_controllers/smc/core/test_switching_functions.py::TestAdaptiveBoundaryLayer::test_adaptive_boundary_large_derivative PASSED [ 44%]
tests/test_controllers/smc/core/test_switching_functions.py::TestPowerRateReachingLaw::test_power_rate_basic PASSED [ 44%]
tests/test_controllers/smc/core/test_switching_functions.py::TestPowerRateReachingLaw::test_power_rate_zero_surface PASSED [ 44%]
tests/test_controllers/smc/core/test_switching_functions.py::TestPowerRateReachingLaw::test_power_rate_negative_surface PASSED [ 44%]
tests/test_controllers/smc/core/test_switching_functions.py::TestPowerRateReachingLaw::test_power_rate_alpha_one PASSED [ 44%]
tests/test_controllers/smc/core/test_switching_functions.py::TestPowerRateReachingLaw::test_power_rate_small_alpha PASSED [ 44%]
tests/test_controllers/smc/core/test_switching_functions.py::TestPowerRateReachingLaw::test_power_rate_invalid_K PASSED [ 44%]
tests/test_controllers/smc/core/test_switching_functions.py::TestPowerRateReachingLaw::test_power_rate_invalid_alpha PASSED [ 44%]
tests/test_controllers/smc/core/test_switching_functions.py::TestPowerRateReachingLaw::test_power_rate_boundary_alpha PASSED [ 44%]
tests/test_controllers/smc/core/test_switching_functions.py::TestSwitchingFunctionNumericalProperties::test_switching_function_bounds PASSED [ 44%]
tests/test_controllers/smc/core/test_switching_functions.py::TestSwitchingFunctionNumericalProperties::test_switching_function_continuity PASSED [ 45%]
tests/test_controllers/smc/core/test_switching_functions.py::TestSwitchingFunctionNumericalProperties::test_switching_function_monotonicity PASSED [ 45%]
tests/test_controllers/smc/core/test_switching_functions.py::TestSwitchingFunctionNumericalProperties::test_switching_function_antisymmetry PASSED [ 45%]
tests/test_controllers/smc/core/test_switching_functions.py::TestSwitchingFunctionNumericalProperties::test_epsilon_scaling_effects PASSED [ 45%]
tests/test_controllers/smc/test_hybrid_adaptive_sta_smc.py::TestSatTanhFunction::test_sat_tanh_positive PASSED [ 45%]
tests/test_controllers/smc/test_hybrid_adaptive_sta_smc.py::TestSatTanhFunction::test_sat_tanh_negative PASSED [ 45%]
tests/test_controllers/smc/test_hybrid_adaptive_sta_smc.py::TestSatTanhFunction::test_sat_tanh_zero PASSED [ 45%]
tests/test_controllers/smc/test_hybrid_adaptive_sta_smc.py::TestSatTanhFunction::test_sat_tanh_width_effect PASSED [ 45%]
tests/test_controllers/smc/test_hybrid_adaptive_sta_smc.py::TestSatTanhFunction::test_sat_tanh_width_protection PASSED [ 45%]
tests/test_controllers/smc/test_hybrid_adaptive_sta_smc.py::TestSatTanhFunction::test_sat_tanh_symmetry PASSED [ 45%]
tests/test_controllers/smc/test_hybrid_adaptive_sta_smc.py::TestHybridAdaptiveSTASMCInitialization::test_basic_initialization FAILED [ 45%]
tests/test_controllers/smc/test_hybrid_adaptive_sta_smc.py::TestHybridAdaptiveSTASMCInitialization::test_initialization_with_surface_gains FAILED [ 45%]
tests/test_controllers/smc/test_hybrid_adaptive_sta_smc.py::TestHybridAdaptiveSTASMCInitialization::test_initialization_with_cart_gains FAILED [ 45%]
tests/test_controllers/smc/test_hybrid_adaptive_sta_smc.py::TestHybridAdaptiveSTASMCInitialization::test_initialization_with_adaptation_params FAILED [ 45%]
tests/test_controllers/smc/test_hybrid_adaptive_sta_smc.py::TestHybridAdaptiveSTASMCInitialization::test_initialization_with_boundary_params FAILED [ 45%]
tests/test_controllers/smc/test_hybrid_adaptive_sta_smc.py::TestHybridAdaptiveSTASMCInitialization::test_initialization_with_surface_type FAILED [ 46%]
tests/test_controllers/smc/test_hybrid_adaptive_sta_smc.py::TestHybridAdaptiveSTASMCInitialization::test_invalid_surface_gains FAILED [ 46%]
tests/test_controllers/smc/test_hybrid_adaptive_sta_smc.py::TestHybridAdaptiveSTASMCInitialization::test_invalid_adaptation_gains FAILED [ 46%]
tests/test_controllers/smc/test_hybrid_adaptive_sta_smc.py::TestHybridAdaptiveSTASMCInitialization::test_boundary_layer_validation FAILED [ 46%]
tests/test_controllers/smc/test_hybrid_adaptive_sta_smc.py::TestHybridAdaptiveSTASMCComputeControl::test_compute_control_equilibrium ERROR [ 46%]
tests/test_controllers/smc/test_hybrid_adaptive_sta_smc.py::TestHybridAdaptiveSTASMCComputeControl::test_compute_control_perturbed ERROR [ 46%]
tests/test_controllers/smc/test_hybrid_adaptive_sta_smc.py::TestHybridAdaptiveSTASMCComputeControl::test_compute_control_large_error ERROR [ 46%]
tests/test_controllers/smc/test_hybrid_adaptive_sta_smc.py::TestHybridAdaptiveSTASMCComputeControl::test_compute_control_history_tracking ERROR [ 46%]
tests/test_controllers/smc/test_hybrid_adaptive_sta_smc.py::TestHybridAdaptiveSTASMCComputeControl::test_control_continuity ERROR [ 46%]
tests/test_controllers/smc/test_hybrid_adaptive_sta_smc.py::TestHybridAdaptiveSTASMCComputeControl::test_adaptation_mechanism ERROR [ 46%]
tests/test_controllers/smc/test_hybrid_adaptive_sta_smc.py::TestHybridAdaptiveSTASMCComputeControl::test_equivalent_control_toggle FAILED [ 46%]
tests/test_controllers/smc/test_hybrid_adaptive_sta_smc.py::TestHybridAdaptiveSTASMCComputeControl::test_cart_control_toggle FAILED [ 46%]
tests/test_controllers/smc/test_hybrid_adaptive_sta_smc.py::TestHybridAdaptiveSTASMCComputeControl::test_relative_vs_absolute_surface FAILED [ 46%]
tests/test_controllers/smc/test_hybrid_adaptive_sta_smc.py::TestHybridAdaptiveSTASMCMathematicalProperties::test_sliding_surface_linearity ERROR [ 46%]
tests/test_controllers/smc/test_hybrid_adaptive_sta_smc.py::TestHybridAdaptiveSTASMCMathematicalProperties::test_lyapunov_stability_requirements ERROR [ 46%]
tests/test_controllers/smc/test_hybrid_adaptive_sta_smc.py::TestHybridAdaptiveSTASMCMathematicalProperties::test_finite_time_convergence_property ERROR [ 47%]
tests/test_controllers/smc/test_hybrid_adaptive_sta_smc.py::TestHybridAdaptiveSTASMCMathematicalProperties::test_chattering_reduction ERROR [ 47%]
tests/test_controllers/smc/test_hybrid_adaptive_sta_smc.py::TestHybridAdaptiveSTASMCEdgeCases::test_zero_state FAILED [ 47%]
tests/test_controllers/smc/test_hybrid_adaptive_sta_smc.py::TestHybridAdaptiveSTASMCEdgeCases::test_large_state FAILED [ 47%]
tests/test_controllers/smc/test_hybrid_adaptive_sta_smc.py::TestHybridAdaptiveSTASMCEdgeCases::test_invalid_state_dimension FAILED [ 47%]
tests/test_controllers/smc/test_hybrid_adaptive_sta_smc.py::TestHybridAdaptiveSTASMCEdgeCases::test_nan_state FAILED [ 47%]
tests/test_controllers/smc/test_hybrid_adaptive_sta_smc.py::TestHybridAdaptiveSTASMCEdgeCases::test_inf_state FAILED [ 47%]
tests/test_controllers/smc/test_hybrid_adaptive_sta_smc.py::TestHybridAdaptiveSTASMCEdgeCases::test_extreme_adaptation_rates FAILED [ 47%]
tests/test_controllers/smc/test_hybrid_adaptive_sta_smc.py::TestHybridAdaptiveSTASMCEdgeCases::test_boundary_layer_edge_cases FAILED [ 47%]
tests/test_controllers/smc/test_hybrid_adaptive_sta_smc.py::TestHybridAdaptiveSTASMCOutput::test_output_structure ERROR [ 47%]
tests/test_controllers/smc/test_hybrid_adaptive_sta_smc.py::TestHybridAdaptiveSTASMCOutput::test_output_additional_info ERROR [ 47%]
tests/test_controllers/smc/test_hybrid_adaptive_sta_smc.py::TestHybridAdaptiveSTASMCOutput::test_output_consistency ERROR [ 47%]
tests/test_controllers/smc/test_hybrid_adaptive_sta_smc.py::TestDeprecationHandling::test_use_equivalent_deprecation PASSED [ 47%]
tests/test_controllers/smc/test_hybrid_adaptive_sta_smc.py::TestDeprecationHandling::test_legacy_parameter_compatibility PASSED [ 47%]
tests/test_controllers/smc/test_hybrid_adaptive_sta_smc.py::TestHybridAdaptiveSTASMCIntegration::test_controller_factory_integration PASSED [ 47%]
tests/test_controllers/smc/test_hybrid_adaptive_sta_smc.py::TestHybridAdaptiveSTASMCIntegration::test_simulation_integration PASSED [ 48%]
tests/test_controllers/smc/test_hybrid_adaptive_sta_smc.py::TestHybridAdaptiveSTASMCIntegration::test_pso_optimization_integration PASSED [ 48%]
tests/test_controllers/smc/test_module_structure.py::TestSMCFixtureImportResolution::test_smc_fixture_import_resolution PASSED [ 48%]
tests/test_controllers/smc/test_module_structure.py::TestSMCFixtureImportResolution::test_smc_controller_class_availability PASSED [ 48%]
tests/test_controllers/smc/test_module_structure.py::TestSMCFixtureImportResolution::test_factory_import_compatibility FAILED [ 48%]
tests/test_controllers/smc/test_module_structure.py::TestSMCAlgorithmBaseClassConsistency::test_smc_algorithm_base_class_consistency PASSED [ 48%]
tests/test_controllers/smc/test_module_structure.py::TestSMCAlgorithmBaseClassConsistency::test_smc_algorithm_initialization_compatibility PASSED [ 48%]
tests/test_controllers/smc/test_module_structure.py::TestSMCControlComputationInterfaces::test_smc_control_computation_interfaces SKIPPED [ 48%]
tests/test_controllers/smc/test_module_structure.py::TestSMCControlComputationInterfaces::test_smc_control_output_consistency SKIPPED [ 48%]
tests/test_controllers/smc/test_module_structure.py::TestSMCAdaptiveParameterValidation::test_smc_adaptive_parameter_validation SKIPPED [ 48%]
tests/test_controllers/smc/test_module_structure.py::test_smc_import_performance SKIPPED [ 48%]
tests/test_controllers/specialized/test_swing_up_smc.py::test_initial_mode_and_control PASSED [ 48%]
tests/test_controllers/specialized/test_swing_up_smc.py::test_switch_to_stabilize PASSED [ 48%]
tests/test_controllers/specialized/test_swing_up_smc.py::test_hysteresis_transition PASSED [ 48%]
tests/test_controllers/test_controller_basics.py::test_sta_smc_state_vars_signature PASSED [ 48%]
tests/test_controllers/test_controller_basics.py::test_create_controller_types[classical_smc-ClassicalSMC-gains0] PASSED [ 48%]
tests/test_controllers/test_controller_basics.py::test_create_controller_types[sta_smc-SuperTwistingSMC-gains1] PASSED [ 49%]
tests/test_controllers/test_controller_basics.py::test_create_controller_types[adaptive_smc-AdaptiveSMC-gains2] PASSED [ 49%]
tests/test_controllers/test_controller_basics.py::test_create_controller_invalid_name PASSED [ 49%]
tests/test_controllers/test_modular_smc.py::TestModularClassicalSMC::test_controller_initialization PASSED [ 49%]
tests/test_controllers/test_modular_smc.py::TestModularClassicalSMC::test_config_validation PASSED [ 49%]
tests/test_controllers/test_modular_smc.py::TestModularClassicalSMC::test_sliding_surface_computation PASSED [ 49%]
tests/test_controllers/test_modular_smc.py::TestModularClassicalSMC::test_control_computation PASSED [ 49%]
tests/test_controllers/test_modular_smc.py::TestModularAdaptiveSMC::test_adaptation_law_initialization PASSED [ 49%]
tests/test_controllers/test_modular_smc.py::TestModularAdaptiveSMC::test_uncertainty_estimator FAILED [ 49%]
tests/test_controllers/test_modular_smc.py::TestModularAdaptiveSMC::test_adaptive_control_computation PASSED [ 49%]
tests/test_controllers/test_modular_smc.py::TestModularAdaptiveSMC::test_parameter_adaptation PASSED [ 49%]
tests/test_controllers/test_modular_smc.py::TestModularSuperTwistingSMC::test_twisting_algorithm_initialization PASSED [ 49%]
tests/test_controllers/test_modular_smc.py::TestModularSuperTwistingSMC::test_super_twisting_control_computation PASSED [ 49%]
tests/test_controllers/test_modular_smc.py::TestModularSuperTwistingSMC::test_finite_time_convergence_properties PASSED [ 49%]
tests/test_controllers/test_modular_smc.py::TestModularHybridSMC::test_switching_logic_initialization FAILED [ 49%]
tests/test_controllers/test_modular_smc.py::TestModularHybridSMC::test_controller_switching PASSED [ 50%]
tests/test_controllers/test_modular_smc.py::TestModularHybridSMC::test_hybrid_control_computation PASSED [ 50%]
tests/test_controllers/test_modular_smc.py::TestPackageImports::test_classical_smc_imports PASSED [ 50%]
tests/test_controllers/test_modular_smc.py::TestPackageImports::test_adaptive_smc_imports PASSED [ 50%]
tests/test_controllers/test_modular_smc.py::TestPackageImports::test_super_twisting_smc_imports PASSED [ 50%]
tests/test_controllers/test_modular_smc.py::TestPackageImports::test_hybrid_smc_imports PASSED [ 50%]
tests/test_controllers/test_modular_smc.py::TestPackageImports::test_main_package_imports PASSED [ 50%]
tests/test_controllers/test_modular_smc.py::TestComponentIntegration::test_sliding_surface_integration FAILED [ 50%]
tests/test_controllers/test_modular_smc.py::TestComponentIntegration::test_gain_validation_integration PASSED [ 50%]
tests/test_controllers/test_modular_smc.py::TestComponentIntegration::test_control_bounds_integration PASSED [ 50%]
tests/test_controllers/test_modular_smc.py::TestModularSMCProperties::test_controller_scalability[2] FAILED [ 50%]
tests/test_controllers/test_modular_smc.py::TestModularSMCProperties::test_time_step_robustness[0.001] PASSED [ 50%]
tests/test_controllers/test_modular_smc.py::TestModularSMCProperties::test_time_step_robustness[0.01] PASSED [ 50%]
tests/test_controllers/test_modular_smc.py::TestModularSMCProperties::test_time_step_robustness[0.1] PASSED [ 50%]
tests/test_controllers/test_modular_smc.py::TestModularSMCProperties::test_noise_robustness[0.0] PASSED [ 50%]
tests/test_controllers/test_modular_smc.py::TestModularSMCProperties::test_noise_robustness[0.01] PASSED [ 51%]
tests/test_controllers/test_modular_smc.py::TestModularSMCProperties::test_noise_robustness[0.1] PASSED [ 51%]
tests/test_controllers/test_smc_guardrails_consolidated.py::test_smc_guardrails_and_smokes FAILED [ 51%]
tests/test_integration/test_cross_mission_integration.py::TestCrossMissionIntegration::test_mission_foundations_integration PASSED [ 51%]
tests/test_integration/test_cross_mission_integration.py::TestCrossMissionIntegration::test_analysis_pipeline_integration PASSED [ 51%]
tests/test_integration/test_cross_mission_integration.py::TestCrossMissionIntegration::test_benchmark_infrastructure_integration PASSED [ 51%]
tests/test_integration/test_cross_mission_integration.py::TestCrossMissionIntegration::test_production_readiness_integration PASSED [ 51%]
tests/test_integration/test_cross_mission_integration.py::TestCrossMissionIntegration::test_end_to_end_workflow_integration PASSED [ 51%]
tests/test_integration/test_cross_mission_integration.py::TestCrossMissionIntegration::test_cli_integration PASSED [ 51%]
tests/test_integration/test_cross_mission_integration.py::TestCrossMissionIntegration::test_comprehensive_integration_validation PASSED [ 51%]
tests/test_integration/test_cross_mission_integration.py::TestCrossMissionIntegration::test_integration_report_generation PASSED [ 51%]
tests/test_integration/test_cross_mission_integration.py::TestCrossMissionIntegration::test_mission_10_success_criteria PASSED [ 51%]
tests/test_integration/test_end_to_end/test_integration_end_to_end_deep.py::TestSystemIntegration::test_complete_smc_workflow PASSED [ 51%]
tests/test_integration/test_end_to_end/test_integration_end_to_end_deep.py::TestSystemIntegration::test_controller_comparison_integration FAILED [ 51%]
tests/test_integration/test_end_to_end/test_integration_end_to_end_deep.py::TestSystemIntegration::test_disturbance_rejection_integration PASSED [ 51%]
tests/test_integration/test_end_to_end/test_integration_end_to_end_deep.py::TestSystemIntegration::test_reference_tracking_integration FAILED [ 52%]
tests/test_integration/test_end_to_end/test_integration_end_to_end_deep.py::TestSystemIntegration::test_parameter_variation_robustness PASSED [ 52%]
tests/test_integration/test_end_to_end/test_integration_end_to_end_deep.py::TestEndToEndWorkflows::test_configuration_to_simulation_workflow PASSED [ 52%]
tests/test_integration/test_end_to_end/test_integration_end_to_end_deep.py::TestEndToEndWorkflows::test_optimization_workflow_simulation PASSED [ 52%]
tests/test_integration/test_end_to_end/test_integration_end_to_end_deep.py::TestEndToEndWorkflows::test_batch_simulation_workflow FAILED [ 52%]
tests/test_integration/test_end_to_end/test_integration_end_to_end_deep.py::TestEndToEndWorkflows::test_configuration_file_workflow PASSED [ 52%]
tests/test_integration/test_end_to_end/test_integration_end_to_end_deep.py::TestEndToEndWorkflows::test_real_time_simulation_workflow PASSED [ 52%]
tests/test_integration/test_end_to_end_validation.py::TestEndToEndWorkflowValidation::test_cli_accessibility_validation PASSED [ 52%]
tests/test_integration/test_end_to_end_validation.py::TestEndToEndWorkflowValidation::test_configuration_system_validation PASSED [ 52%]
tests/test_integration/test_end_to_end_validation.py::TestEndToEndWorkflowValidation::test_simulation_execution_validation PASSED [ 52%]
tests/test_integration/test_end_to_end_validation.py::TestEndToEndWorkflowValidation::test_web_interface_validation PASSED [ 52%]
tests/test_integration/test_end_to_end_validation.py::TestEndToEndWorkflowValidation::test_testing_infrastructure_validation PASSED [ 52%]
tests/test_integration/test_end_to_end_validation.py::TestEndToEndWorkflowValidation::test_comprehensive_validation PASSED [ 52%]
tests/test_integration/test_end_to_end_validation.py::TestEndToEndWorkflowValidation::test_validation_report_generation PASSED [ 52%]
tests/test_integration/test_end_to_end_validation.py::TestEndToEndWorkflowValidation::test_mission_10_end_to_end_success_criteria PASSED [ 52%]
tests/test_integration/test_error_recovery/test_error_recovery_deep.py::TestBasicErrorRecovery::test_numerical_overflow_recovery PASSED [ 52%]
tests/test_integration/test_error_recovery/test_error_recovery_deep.py::TestBasicErrorRecovery::test_invalid_input_recovery PASSED [ 53%]
tests/test_integration/test_error_recovery/test_error_recovery_deep.py::TestBasicErrorRecovery::test_division_by_zero_recovery PASSED [ 53%]
tests/test_integration/test_error_recovery/test_error_recovery_deep.py::TestBasicErrorRecovery::test_matrix_singular_recovery PASSED [ 53%]
tests/test_integration/test_error_recovery/test_error_recovery_deep.py::TestBasicErrorRecovery::test_timeout_recovery PASSED [ 53%]
tests/test_integration/test_error_recovery/test_error_recovery_deep.py::TestAdvancedErrorRecovery::test_cascading_error_recovery FAILED [ 53%]
tests/test_integration/test_error_recovery/test_error_recovery_deep.py::TestAdvancedErrorRecovery::test_error_recovery_under_load PASSED [ 53%]
tests/test_integration/test_error_recovery/test_error_recovery_deep.py::TestAdvancedErrorRecovery::test_memory_error_recovery PASSED [ 53%]
tests/test_integration/test_error_recovery/test_error_recovery_deep.py::TestAdvancedErrorRecovery::test_communication_error_simulation FAILED [ 53%]
tests/test_integration/test_error_recovery/test_error_recovery_deep.py::TestAdvancedErrorRecovery::test_error_recovery_strategies_prioritization PASSED [ 53%]
tests/test_integration/test_error_recovery/test_error_recovery_deep.py::TestAdvancedErrorRecovery::test_system_degradation_and_recovery FAILED [ 53%]
tests/test_integration/test_error_recovery/test_error_recovery_deep.py::TestSystemResilience::test_multiple_controller_fault_tolerance PASSED [ 53%]
tests/test_integration/test_error_recovery/test_error_recovery_deep.py::TestSystemResilience::test_graceful_degradation PASSED [ 53%]
tests/test_integration/test_error_recovery/test_error_recovery_deep.py::TestSystemResilience::test_error_recovery_documentation PASSED [ 53%]
tests/test_integration/test_integration_regression_detection.py::TestSystemRegressionDetection::test_performance_baseline_creation PASSED [ 53%]
tests/test_integration/test_integration_regression_detection.py::TestSystemRegressionDetection::test_regression_alert_generation PASSED [ 53%]
tests/test_integration/test_integration_regression_detection.py::TestSystemRegressionDetection::test_cli_performance_regression PASSED [ 54%]
tests/test_integration/test_integration_regression_detection.py::TestSystemRegressionDetection::test_configuration_loading_regression PASSED [ 54%]
tests/test_integration/test_integration_regression_detection.py::TestSystemRegressionDetection::test_integration_regression PASSED [ 54%]
tests/test_integration/test_integration_regression_detection.py::TestSystemRegressionDetection::test_system_stability_regression PASSED [ 54%]
tests/test_integration/test_integration_regression_detection.py::TestSystemRegressionDetection::test_comprehensive_regression_detection PASSED [ 54%]
tests/test_integration/test_integration_regression_detection.py::TestSystemRegressionDetection::test_regression_report_generation PASSED [ 54%]
tests/test_integration/test_integration_regression_detection.py::TestSystemRegressionDetection::test_mission_10_regression_detection_criteria FAILED [ 54%]
tests/test_integration/test_memory_management/test_memory_resource_deep.py::TestMemoryUsage::test_controller_memory_baseline PASSED [ 54%]
tests/test_integration/test_memory_management/test_memory_resource_deep.py::TestMemoryUsage::test_memory_leak_detection FAILED [ 54%]
tests/test_integration/test_memory_management/test_memory_resource_deep.py::TestMemoryUsage::test_large_batch_memory_efficiency PASSED [ 54%]
tests/test_integration/test_memory_management/test_memory_resource_deep.py::TestMemoryUsage::test_memory_fragmentation_analysis PASSED [ 54%]
tests/test_integration/test_memory_management/test_memory_resource_deep.py::TestMemoryUsage::test_memory_pressure_handling PASSED [ 54%]
tests/test_integration/test_memory_management/test_memory_resource_deep.py::TestResourceManagement::test_cpu_usage_monitoring PASSED [ 54%]
tests/test_integration/test_memory_management/test_memory_resource_deep.py::TestResourceManagement::test_garbage_collection_monitoring PASSED [ 54%]
tests/test_integration/test_memory_management/test_memory_resource_deep.py::TestResourceManagement::test_file_descriptor_usage PASSED [ 54%]
tests/test_integration/test_memory_management/test_memory_resource_deep.py::TestResourceManagement::test_thread_local_resource_usage PASSED [ 55%]
tests/test_integration/test_memory_management/test_memory_resource_deep.py::TestMemoryOptimization::test_numpy_memory_optimization PASSED [ 55%]
tests/test_integration/test_memory_management/test_memory_resource_deep.py::TestMemoryOptimization::test_memory_pool_usage PASSED [ 55%]
tests/test_integration/test_memory_management/test_memory_resource_deep.py::TestMemoryOptimization::test_sparse_matrix_memory_efficiency PASSED [ 55%]
tests/test_integration/test_memory_management/test_memory_resource_deep.py::test_smc_memory_leak_detection PASSED [ 55%]
tests/test_integration/test_memory_management/test_memory_resource_deep.py::test_smc_8hour_continuous_operation 