[1m============================= test session starts =============================[0m
platform win32 -- Python 3.12.6, pytest-8.3.5, pluggy-1.6.0 -- C:\Program Files\Python312\python.exe
cachedir: .pytest_cache
hypothesis profile 'default'
benchmark: 4.0.0 (defaults: timer=time.perf_counter disable_gc=False min_rounds=5 min_time=0.000005 max_time=1.0 calibration_precision=10 warmup=False warmup_iterations=100000)
rootdir: D:\Projects\main
configfile: pytest.ini
testpaths: tests
plugins: anyio-4.10.0, hypothesis-6.139.2, benchmark-4.0.0, cov-7.0.0
[1mcollecting ... [0mcollected 1525 items / 2 skipped

tests/config_validation/test_config_validation.py::TestUnknownKeyValidation::test_single_unknown_key_physics [32mPASSED[0m[32m [  0%][0m
tests/config_validation/test_config_validation.py::TestUnknownKeyValidation::test_multiple_unknown_keys_aggregated [32mPASSED[0m[32m [  0%][0m
tests/config_validation/test_config_validation.py::TestTypeValidation::test_single_wrong_type [32mPASSED[0m[32m [  0%][0m
tests/config_validation/test_config_validation.py::TestTypeValidation::test_multiple_wrong_types_aggregated [32mPASSED[0m[32m [  0%][0m
tests/config_validation/test_config_validation.py::TestPositiveValidation::test_minimal_valid_config [32mPASSED[0m[32m [  0%][0m
tests/config_validation/test_config_validation.py::TestPositiveValidation::test_full_config_loads [32mPASSED[0m[32m [  0%][0m
tests/config_validation/test_config_validation.py::TestMixedValidationErrors::test_unknown_keys_and_wrong_types_combined [32mPASSED[0m[32m [  0%][0m
tests/config_validation/test_config_validation.py::TestErrorMessageDeterminism::test_error_message_structure_consistent [32mPASSED[0m[32m [  0%][0m
tests/integration/test_controller_instantiation.py::test_controller_instantiation [32mPASSED[0m[32m [  0%][0m
tests/integration/test_controller_instantiation.py::test_pso_integration [32mPASSED[0m[32m [  0%][0m
tests/integration/test_legacy_factory_integration.py::test_legacy_factory_imports [32mPASSED[0m[32m [  0%][0m
tests/integration/test_legacy_factory_integration.py::test_controller_name_normalization [32mPASSED[0m[32m [  0%][0m
tests/integration/test_legacy_factory_integration.py::test_deprecation_mapping [32mPASSED[0m[32m [  0%][0m
tests/integration/test_legacy_factory_integration.py::test_legacy_controller_creation [32mPASSED[0m[32m [  0%][0m
tests/integration/test_legacy_factory_integration.py::test_factory_compatibility [32mPASSED[0m[32m [  0%][0m
tests/integration/test_legacy_factory_integration.py::test_migration_path [32mPASSED[0m[32m [  1%][0m
tests/integration/test_overshoot_comparison.py::test_overshoot_comparison [32mPASSED[0m[32m [  1%][0m
tests/integration/test_pso_controller_integration.py::test_controller_type_bounds_mapping [32mPASSED[0m[32m [  1%][0m
tests/integration/test_pso_controller_integration.py::test_pso_tuner_with_all_controllers [32mPASSED[0m[32m [  1%][0m
tests/integration/test_pso_controller_integration.py::test_controller_factory_validation [32mPASSED[0m[32m [  1%][0m
tests/integration/test_pso_controller_integration.py::test_pso_optimization_workflow [32mPASSED[0m[32m [  1%][0m
tests/integration/test_pso_integration.py::test_pso_configuration_compatibility [32mPASSED[0m[32m [  1%][0m
tests/integration/test_pso_integration.py::test_pso_optimizer_initialization [32mPASSED[0m[32m [  1%][0m
tests/integration/test_pso_integration.py::test_fitness_function [32mPASSED[0m[32m  [  1%][0m
tests/integration/test_pso_integration.py::test_mini_optimization [32mPASSED[0m[32m [  1%][0m
tests/integration/test_pso_integration.py::test_optimized_controller_validation [32mPASSED[0m[32m [  1%][0m
tests/integration/test_pso_integration_workflow.py::test_pso_controller_creation [32mPASSED[0m[32m [  1%][0m
tests/integration/test_pso_integration_workflow.py::test_gain_bounds [32mPASSED[0m[32m [  1%][0m
tests/integration/test_pso_integration_workflow.py::test_gain_validation [32mPASSED[0m[32m [  1%][0m
tests/integration/test_pso_integration_workflow.py::test_pso_fitness_function [32mPASSED[0m[32m [  1%][0m
tests/integration/test_pso_integration_workflow.py::test_multiple_smc_types [32mPASSED[0m[32m [  2%][0m
tests/integration/test_simulation_integration.py::test_factory_simulation_integration [32mPASSED[0m[32m [  2%][0m
tests/integration/test_simulation_integration.py::test_real_simulation_runner [32mPASSED[0m[32m [  2%][0m
tests/integration/test_simulation_integration.py::test_pso_simulation_integration [32mPASSED[0m[32m [  2%][0m
tests/integration/test_sta_smc_issue2.py::test_sta_smc_with_optimized_gains [32mPASSED[0m[32m [  2%][0m
tests/integration/test_sta_smc_issue2_fixed.py::test_sta_smc_with_optimized_gains [32mPASSED[0m[32m [  2%][0m
tests/integration/test_sta_smc_issue2_fixed.py::test_configuration_compatibility [32mPASSED[0m[32m [  2%][0m
tests/test_analysis/fault_detection/test_fdi.py::test_fdi_trips_after_persistence [32mPASSED[0m[32m [  2%][0m
tests/test_analysis/fault_detection/test_fdi.py::test_fdi_resets_counter_on_good_measurement [32mPASSED[0m[32m [  2%][0m
tests/test_analysis/fault_detection/test_fdi.py::test_fdi_no_false_alarm [32mPASSED[0m[32m [  2%][0m
tests/test_analysis/fault_detection/test_fdi.py::test_fdi_dt_validation [32mPASSED[0m[32m [  2%][0m
tests/test_analysis/fault_detection/test_fdi.py::test_residual_with_weights [32mPASSED[0m[32m [  2%][0m
tests/test_analysis/fault_detection/test_fdi.py::test_cusum_drift_detection [32mPASSED[0m[32m [  2%][0m
tests/test_analysis/fault_detection/test_fdi.py::test_cusum_reset_behavior [32mPASSED[0m[32m [  2%][0m
tests/test_analysis/fault_detection/test_fdi.py::test_history_recording [32mPASSED[0m[32m [  2%][0m
tests/test_analysis/fault_detection/test_fdi_infrastructure.py::TestFaultDetectionInterface::test_fault_detection_interface_protocol [32mPASSED[0m[32m [  3%][0m
tests/test_analysis/fault_detection/test_fdi_infrastructure.py::TestFaultDetectionInterface::test_fdi_system_implements_interface [32mPASSED[0m[32m [  3%][0m
tests/test_analysis/fault_detection/test_fdi_infrastructure.py::TestFaultDetectionInterface::test_dynamics_protocol_compliance [32mPASSED[0m[32m [  3%][0m
tests/test_analysis/fault_detection/test_fdi_infrastructure.py::TestResidualGeneration::test_basic_residual_generation [32mPASSED[0m[32m [  3%][0m
tests/test_analysis/fault_detection/test_fdi_infrastructure.py::TestResidualGeneration::test_residual_with_state_selection [32mPASSED[0m[32m [  3%][0m
tests/test_analysis/fault_detection/test_fdi_infrastructure.py::TestResidualGeneration::test_residual_with_weights [32mPASSED[0m[32m [  3%][0m
tests/test_analysis/fault_detection/test_fdi_infrastructure.py::TestResidualGeneration::test_residual_error_handling [32mPASSED[0m[32m [  3%][0m
tests/test_analysis/fault_detection/test_fdi_infrastructure.py::TestThresholdAdaptation::test_fixed_threshold_operation [32mPASSED[0m[32m [  3%][0m
tests/test_analysis/fault_detection/test_fdi_infrastructure.py::TestThresholdAdaptation::test_adaptive_threshold_operation [32mPASSED[0m[32m [  3%][0m
tests/test_analysis/fault_detection/test_fdi_infrastructure.py::TestThresholdAdaptation::test_adaptive_threshold_convergence [32mPASSED[0m[32m [  3%][0m
tests/test_analysis/fault_detection/test_fdi_infrastructure.py::TestThresholdAdaptation::test_threshold_with_zero_variance [32mPASSED[0m[32m [  3%][0m
tests/test_analysis/fault_detection/test_fdi_infrastructure.py::TestCUSUMDriftDetection::test_cusum_drift_detection [32mPASSED[0m[32m [  3%][0m
tests/test_analysis/fault_detection/test_fdi_infrastructure.py::TestCUSUMDriftDetection::test_cusum_with_adaptive_reference [32mPASSED[0m[32m [  3%][0m
tests/test_analysis/fault_detection/test_fdi_infrastructure.py::TestCUSUMDriftDetection::test_cusum_reset_behavior [32mPASSED[0m[32m [  3%][0m
tests/test_analysis/fault_detection/test_fdi_infrastructure.py::TestFaultDetectionRobustness::test_invalid_time_step_handling [32mPASSED[0m[32m [  3%][0m
tests/test_analysis/fault_detection/test_fdi_infrastructure.py::TestFaultDetectionRobustness::test_non_finite_prediction_handling [32mPASSED[0m[32m [  4%][0m
tests/test_analysis/fault_detection/test_fdi_infrastructure.py::TestFaultDetectionRobustness::test_state_dimension_mismatch_handling [32mPASSED[0m[32m [  4%][0m
tests/test_analysis/fault_detection/test_fdi_infrastructure.py::TestFaultDetectionRobustness::test_persistence_after_fault [32mPASSED[0m[32m [  4%][0m
tests/test_analysis/fault_detection/test_fdi_infrastructure.py::TestFaultDetectionRobustness::test_history_recording [32mPASSED[0m[32m [  4%][0m
tests/test_analysis/fault_detection/test_fdi_infrastructure.py::TestFaultDetectionIntegration::test_end_to_end_fault_detection_scenario [32mPASSED[0m[32m [  4%][0m
tests/test_analysis/fault_detection/test_fdi_infrastructure.py::TestFaultDetectionIntegration::test_fault_detection_with_multiple_fault_types [32mPASSED[0m[32m [  4%][0m
tests/test_analysis/fault_detection/test_fdi_infrastructure.py::TestFaultDetectionPerformance::test_large_scale_processing [32mPASSED[0m[32m [  4%][0m
tests/test_analysis/fault_detection/test_fdi_infrastructure.py::TestFaultDetectionPerformance::test_memory_usage_stability [32mPASSED[0m[32m [  4%][0m
tests/test_analysis/infrastructure/test_analysis_chain.py::TestAnalysisInfrastructureChain::test_critical_imports_available [32mPASSED[0m[32m [  4%][0m
tests/test_analysis/infrastructure/test_analysis_chain.py::TestAnalysisInfrastructureChain::test_metrics_chain_functionality [32mPASSED[0m[32m [  4%][0m
tests/test_analysis/infrastructure/test_analysis_chain.py::TestAnalysisInfrastructureChain::test_statistical_test_suite_functionality [32mPASSED[0m[32m [  4%][0m
tests/test_analysis/infrastructure/test_analysis_chain.py::TestAnalysisInfrastructureChain::test_fault_detection_infrastructure [32mPASSED[0m[32m [  4%][0m
tests/test_analysis/infrastructure/test_analysis_chain.py::TestAnalysisInfrastructureChain::test_analysis_chain_integration [32mPASSED[0m[32m [  4%][0m
tests/test_analysis/infrastructure/test_analysis_chain.py::TestAnalysisInfrastructureChain::test_analysis_error_handling [32mPASSED[0m[32m [  4%][0m
tests/test_analysis/infrastructure/test_analysis_chain.py::TestAnalysisInfrastructureChain::test_performance_analysis_accuracy [32mPASSED[0m[32m [  4%][0m
tests/test_analysis/infrastructure/test_analysis_chain.py::TestAnalysisInfrastructureChain::test_statistical_rigor_validation [32mPASSED[0m[32m [  4%][0m
tests/test_analysis/infrastructure/test_analysis_chain.py::TestAnalysisInfrastructureChain::test_analysis_framework_robustness [32mPASSED[0m[32m [  5%][0m
tests/test_analysis/infrastructure/test_analysis_chain.py::TestAnalysisInfrastructureChain::test_analysis_chain_performance [32mPASSED[0m[32m [  5%][0m
tests/test_analysis/performance/test_lyapunov.py::test_lyapunov_decrease_sta [31mFAILED[0m[31m [  5%][0m
tests/test_analysis/performance/test_lyapunov_stability_verification.py::TestLyapunovStabilityVerification::test_stable_system_basic [32mPASSED[0m[31m [  5%][0m
tests/test_analysis/performance/test_lyapunov_stability_verification.py::TestLyapunovStabilityVerification::test_ill_conditioned_stable_system [32mPASSED[0m[31m [  5%][0m
tests/test_analysis/performance/test_lyapunov_stability_verification.py::TestLyapunovStabilityVerification::test_unstable_system [32mPASSED[0m[31m [  5%][0m
tests/test_analysis/performance/test_lyapunov_stability_verification.py::TestLyapunovStabilityVerification::test_marginally_stable_system [32mPASSED[0m[31m [  5%][0m
tests/test_analysis/performance/test_lyapunov_stability_verification.py::TestLyapunovStabilityVerification::test_lyapunov_derivative_negative [32mPASSED[0m[31m [  5%][0m
tests/test_analysis/performance/test_lyapunov_stability_verification.py::TestLyapunovStabilityVerification::test_large_system_performance [32mPASSED[0m[31m [  5%][0m
tests/test_analysis/performance/test_lyapunov_stability_verification.py::TestLyapunovStabilityVerification::test_cholesky_decomposition_success [32mPASSED[0m[31m [  5%][0m
tests/test_analysis/performance/test_lyapunov_stability_verification.py::TestLyapunovStabilityVerification::test_svd_fallback_mechanism [32mPASSED[0m[31m [  5%][0m
tests/test_analysis/performance/test_lyapunov_stability_verification.py::TestLyapunovStabilityVerification::test_residual_validation [32mPASSED[0m[31m [  5%][0m
tests/test_analysis/performance/test_performance_analysis.py::TestControlPerformanceMetrics::test_step_response_metrics [32mPASSED[0m[31m [  5%][0m
tests/test_analysis/performance/test_performance_analysis.py::TestControlPerformanceMetrics::test_tracking_performance_metrics [32mPASSED[0m[31m [  5%][0m
tests/test_analysis/performance/test_performance_analysis.py::TestControlPerformanceMetrics::test_frequency_domain_performance [32mPASSED[0m[31m [  5%][0m
tests/test_analysis/performance/test_performance_analysis.py::TestControlPerformanceMetrics::test_stability_margin_analysis [32mPASSED[0m[31m [  6%][0m
tests/test_analysis/performance/test_performance_analysis.py::TestControlPerformanceMetrics::test_robustness_metrics_computation [32mPASSED[0m[31m [  6%][0m
tests/test_analysis/performance/test_performance_analysis.py::TestControlPerformanceMetrics::test_comprehensive_performance_analysis [32mPASSED[0m[31m [  6%][0m
tests/test_analysis/performance/test_performance_analysis.py::TestPerformanceAnalysisAccuracy::test_analytical_validation_second_order_system [32mPASSED[0m[31m [  6%][0m
tests/test_analysis/performance/test_performance_analysis.py::TestPerformanceAnalysisAccuracy::test_frequency_analysis_validation [32mPASSED[0m[31m [  6%][0m
tests/test_analysis/performance/test_performance_analysis.py::TestPerformanceAnalysisAccuracy::test_stability_analysis_validation [31mFAILED[0m[31m [  6%][0m
tests/test_analysis/performance/test_performance_analysis.py::TestPerformanceAnalysisAccuracy::test_robustness_analysis_sensitivity [32mPASSED[0m[31m [  6%][0m
tests/test_analysis/performance/test_performance_analysis.py::TestPerformanceAnalysisEdgeCases::test_empty_data_handling [32mPASSED[0m[31m [  6%][0m
tests/test_analysis/performance/test_performance_analysis.py::TestPerformanceAnalysisEdgeCases::test_single_point_data [32mPASSED[0m[31m [  6%][0m
tests/test_analysis/performance/test_performance_analysis.py::TestPerformanceAnalysisEdgeCases::test_nan_and_inf_handling [31mFAILED[0m[31m [  6%][0m
tests/test_analysis/performance/test_performance_analysis.py::TestPerformanceAnalysisEdgeCases::test_zero_variance_data [32mPASSED[0m[31m [  6%][0m
tests/test_analysis/performance/test_performance_analysis.py::TestPerformanceAnalysisEdgeCases::test_mismatched_array_lengths [32mPASSED[0m[31m [  6%][0m
tests/test_analysis/performance/test_performance_analysis.py::TestPerformanceAnalysisEdgeCases::test_very_large_numbers [32mPASSED[0m[31m [  6%][0m
tests/test_analysis/performance/test_performance_analysis.py::TestPerformanceAnalysisEdgeCases::test_very_small_numbers [32mPASSED[0m[31m [  6%][0m
tests/test_analysis/performance/test_performance_analysis.py::TestPerformanceAnalysisIntegration::test_complete_control_system_analysis [32mPASSED[0m[31m [  6%][0m
tests/test_analysis/performance/test_performance_analysis.py::TestPerformanceAnalysisIntegration::test_multi_controller_comparison [32mPASSED[0m[31m [  7%][0m
tests/test_analysis/performance/test_performance_analysis.py::TestPerformanceAnalysisIntegration::test_performance_analysis_consistency [32mPASSED[0m[31m [  7%][0m
tests/test_app/test_cli.py::test_app_fails_fast_on_invalid_controller [32mPASSED[0m[31m [  7%][0m
tests/test_app/test_cli.py::test_app_fails_on_backend_error_in_hil [32mPASSED[0m[31m [  7%][0m
tests/test_app/test_cli.py::TestDynamicsFailFast::test_dynamics_import_error_propagates [32mPASSED[0m[31m [  7%][0m
tests/test_app/test_cli.py::TestDynamicsFailFast::test_dynamics_syntax_error_propagates [32mPASSED[0m[31m [  7%][0m
tests/test_app/test_cli.py::TestControllerFailFast::test_invalid_controller_name_fails [32mPASSED[0m[31m [  7%][0m
tests/test_app/test_cli.py::TestControllerFailFast::test_controller_factory_missing_fails [32mPASSED[0m[31m [  7%][0m
tests/test_app/test_cli.py::TestUIFailFast::test_visualizer_import_failure_is_fatal [32mPASSED[0m[31m [  7%][0m
tests/test_app/test_cli.py::TestGeneralFailFast::test_no_broad_exception_handlers [32mPASSED[0m[31m [  7%][0m
tests/test_app/test_cli.py::TestGeneralFailFast::test_app_crashes_on_missing_numpy [32mPASSED[0m[31m [  7%][0m
tests/test_app/test_cli.py::test_app_fails_fast_on_invalid_fdi_config [32mPASSED[0m[31m [  7%][0m
tests/test_app/test_cli_save_gains.py::test_cli_save_gains_creates_file_and_logs [32mPASSED[0m[31m [  7%][0m
tests/test_app/test_data_export.py::test_csv_export_includes_final_state [32mPASSED[0m[31m [  7%][0m
tests/test_app/test_data_export.py::test_csv_export_with_old_bug [32mPASSED[0m[31m  [  7%][0m
tests/test_app/test_data_export.py::test_csv_numeric_precision [32mPASSED[0m[31m    [  8%][0m
tests/test_app/test_streamlit_app.py::test_app_import_and_main [32mPASSED[0m[31m    [  8%][0m
tests/test_app/test_streamlit_disturbance.py::test_disturbance_applies_in_window_and_time_advances [32mPASSED[0m[31m [  8%][0m
tests/test_app/test_streamlit_metrics.py::test_metrics_with_minimal_traces [32mPASSED[0m[31m [  8%][0m
tests/test_app/test_streamlit_metrics.py::test_metrics_tolerances_affect_settling_time [32mPASSED[0m[31m [  8%][0m
tests/test_app/test_ui.py::test_parse_initial_state_raises_on_unexpected_error [32mPASSED[0m[31m [  8%][0m
tests/test_app/test_ui.py::test_parse_initial_state_handles_empty_input [32mPASSED[0m[31m [  8%][0m
tests/test_app/test_visualization.py::test_visualizer_no_type_or_index_error [32mPASSED[0m[31m [  8%][0m
tests/test_benchmarks/core/test_benchmark_interfaces.py::TestBenchmarkInterfaceCompatibility::test_all_controller_types_have_compatible_interfaces [31mFAILED[0m[31m [  8%][0m
tests/test_benchmarks/core/test_benchmark_interfaces.py::TestBenchmarkInterfaceCompatibility::test_realistic_parameter_bounds_validation [32mPASSED[0m[31m [  8%][0m
tests/test_benchmarks/core/test_benchmark_interfaces.py::TestBenchmarkInterfaceCompatibility::test_cross_component_integration_workflows [31mFAILED[0m[31m [  8%][0m
tests/test_benchmarks/core/test_benchmark_interfaces.py::TestBenchmarkInterfaceCompatibility::test_performance_baseline_establishment [31mFAILED[0m[31m [  8%][0m
tests/test_benchmarks/core/test_benchmark_interfaces.py::TestBenchmarkInterfaceCompatibility::test_benchmark_framework_integration [31mFAILED[0m[31m [  8%][0m
tests/test_benchmarks/core/test_benchmark_interfaces.py::TestBenchmarkInterfaceCompatibility::test_benchmark_success_rate_target [31mFAILED[0m[31m [  8%][0m
tests/test_benchmarks/core/test_compute_speed.py::test_controller_compute_speed[classical_smc] [31mFAILED[0m[31m [  8%][0m
tests/test_benchmarks/core/test_compute_speed.py::test_controller_compute_speed[sta_smc] [31mFAILED[0m[31m [  8%][0m
tests/test_benchmarks/core/test_compute_speed.py::test_controller_compute_speed[adaptive_smc] [31mFAILED[0m[31m [  9%][0m
tests/test_benchmarks/core/test_compute_speed.py::test_controller_speed_consistency[classical_smc] [32mPASSED[0m[31m [  9%][0m
tests/test_benchmarks/core/test_compute_speed.py::test_controller_speed_consistency[sta_smc] [31mFAILED[0m[31m [  9%][0m
tests/test_benchmarks/core/test_compute_speed.py::test_controller_speed_consistency[adaptive_smc] [31mFAILED[0m[31m [  9%][0m
tests/test_benchmarks/core/test_compute_speed.py::test_compute_time_scaling_with_state_complexity [32mPASSED[0m[31m [  9%][0m
tests/test_benchmarks/core/test_compute_speed.py::test_controller_speed_regression[classical_smc] [31mFAILED[0m[31m [  9%][0m
tests/test_benchmarks/core/test_compute_speed.py::test_controller_speed_regression[sta_smc] [31mFAILED[0m[31m [  9%][0m
tests/test_benchmarks/core/test_compute_speed.py::test_controller_warm_up_effect [32mPASSED[0m[31m [  9%][0m
tests/test_benchmarks/core/test_integration_accuracy.py::test_rk4_reduces_euler_drift [31mFAILED[0m[31m [  9%][0m
tests/test_benchmarks/core/test_integration_accuracy.py::test_rk45_executes_and_counts_evals [32mPASSED[0m[31m [  9%][0m
tests/test_benchmarks/core/test_integration_accuracy.py::test_energy_conservation_bound [32mPASSED[0m[31m [  9%][0m
tests/test_benchmarks/core/test_integration_accuracy.py::test_method_accuracy_analysis [32mPASSED[0m[31m [  9%][0m
tests/test_benchmarks/core/test_integration_accuracy.py::test_conservation_validation_comprehensive [32mPASSED[0m[31m [  9%][0m
tests/test_benchmarks/core/test_integration_accuracy.py::test_integration_method_execution[Euler] [31mFAILED[0m[31m [  9%][0m
tests/test_benchmarks/core/test_integration_accuracy.py::test_integration_method_execution[RK4] [31mFAILED[0m[31m [  9%][0m
tests/test_benchmarks/core/test_integration_accuracy.py::test_adaptive_method_tolerance [32mPASSED[0m[31m [ 10%][0m
tests/test_benchmarks/core/test_memory_usage.py::test_controller_memory_allocation_per_call[classical_smc] [31mFAILED[0m[31m [ 10%][0m
tests/test_benchmarks/core/test_memory_usage.py::test_controller_memory_allocation_per_call[sta_smc] [31mFAILED[0m[31m [ 10%][0m
tests/test_benchmarks/core/test_memory_usage.py::test_controller_memory_allocation_per_call[adaptive_smc] [31mFAILED[0m[31m [ 10%][0m
tests/test_benchmarks/core/test_memory_usage.py::test_controller_no_memory_leaks[classical_smc] [31mFAILED[0m[31m [ 10%][0m
tests/test_benchmarks/core/test_memory_usage.py::test_controller_no_memory_leaks[sta_smc] [31mFAILED[0m[31m [ 10%][0m
tests/test_benchmarks/core/test_memory_usage.py::test_controller_no_memory_leaks[adaptive_smc] [31mFAILED[0m[31m [ 10%][0m
tests/test_benchmarks/core/test_memory_usage.py::test_controller_memory_usage_scaling [31mFAILED[0m[31m [ 10%][0m
tests/test_benchmarks/core/test_memory_usage.py::test_controller_memory_efficiency[classical_smc] [31mFAILED[0m[31m [ 10%][0m
tests/test_benchmarks/core/test_memory_usage.py::test_controller_memory_efficiency[sta_smc] [31mFAILED[0m[31m [ 10%][0m
tests/test_benchmarks/core/test_memory_usage.py::test_adaptive_controller_memory_growth [31mFAILED[0m[31m [ 10%][0m
tests/test_benchmarks/core/test_memory_usage.py::test_controller_history_memory_management [31mFAILED[0m[31m [ 10%][0m
tests/test_benchmarks/core/test_modular_framework.py::test_comprehensive_method_comparison [31mFAILED[0m[31m [ 10%][0m
tests/test_benchmarks/core/test_modular_framework.py::test_performance_profiling [32mPASSED[0m[31m [ 10%][0m
tests/test_benchmarks/core/test_modular_framework.py::test_default_comprehensive_comparison [31mFAILED[0m[31m [ 10%][0m
tests/test_benchmarks/core/test_modular_framework.py::test_enhanced_analysis_integration [32mPASSED[0m[31m [ 11%][0m
tests/test_benchmarks/core/test_modular_framework.py::test_conservation_validation_methods [32mPASSED[0m[31m [ 11%][0m
tests/test_benchmarks/core/test_modular_framework.py::test_custom_scenario_creation[small_angles] [31mFAILED[0m[31m [ 11%][0m
tests/test_benchmarks/core/test_modular_framework.py::test_custom_scenario_creation[high_energy] [31mFAILED[0m[31m [ 11%][0m
tests/test_benchmarks/core/test_modular_framework.py::test_modular_component_isolation [32mPASSED[0m[31m [ 11%][0m
tests/test_benchmarks/core/test_performance.py::test_controller_compute_speed[classical_smc] [32mPASSED[0m[31m [ 11%][0m
tests/test_benchmarks/core/test_performance.py::test_controller_compute_speed[sta_smc] [32mPASSED[0m[31m [ 11%][0m
tests/test_benchmarks/core/test_performance.py::test_controller_compute_speed[adaptive_smc] [31mFAILED[0m[31m [ 11%][0m
tests/test_benchmarks/core/test_performance.py::test_full_simulation_throughput[classical_smc] [31mFAILED[0m[31m [ 11%][0m
tests/test_benchmarks/core/test_performance.py::test_full_simulation_throughput[sta_smc] [31mFAILED[0m[31m [ 11%][0m
tests/test_benchmarks/core/test_performance.py::test_full_simulation_throughput[adaptive_smc] [31mFAILED[0m[31m [ 11%][0m
tests/test_benchmarks/core/test_performance.py::test_classical_smc_convergence [31mFAILED[0m[31m [ 11%][0m
tests/test_benchmarks/core/test_performance.py::test_sta_smc_convergence[False] [31mFAILED[0m[31m [ 11%][0m
tests/test_benchmarks/core/test_performance.py::test_sta_smc_convergence[True] [31mFAILED[0m[31m [ 11%][0m
tests/test_benchmarks/core/test_simulation_throughput.py::test_full_simulation_throughput[classical_smc] [31mFAILED[0m[31m [ 11%][0m
tests/test_benchmarks/core/test_simulation_throughput.py::test_full_simulation_throughput[sta_smc] [31mFAILED[0m[31m [ 12%][0m
tests/test_benchmarks/core/test_simulation_throughput.py::test_batch_simulation_scaling[1] [32mPASSED[0m[31m [ 12%][0m
tests/test_benchmarks/core/test_simulation_throughput.py::test_batch_simulation_scaling[10] [32mPASSED[0m[31m [ 12%][0m
tests/test_benchmarks/core/test_simulation_throughput.py::test_batch_simulation_scaling[50] [32mPASSED[0m[31m [ 12%][0m
tests/test_benchmarks/core/test_simulation_throughput.py::test_batch_simulation_scaling[100] [32mPASSED[0m[31m [ 12%][0m
tests/test_benchmarks/core/test_simulation_throughput.py::TestSimulationEfficiency::test_integration_method_performance [32mPASSED[0m[31m [ 12%][0m
tests/test_benchmarks/core/test_simulation_throughput.py::TestSimulationEfficiency::test_memory_efficiency_long_simulation [33mSKIPPED[0monly
arguments: 'controller_factory', 'particles', and 'sim_time')[31m            [ 12%][0m
tests/test_benchmarks/core/test_simulation_throughput.py::TestSimulationEfficiency::test_real_time_factor [33mSKIPPED[0myword-only arguments:
'controller_factory', 'particles', and 'sim_time')[31m                       [ 12%][0m
tests/test_benchmarks/core/test_simulation_throughput.py::test_timestep_performance_scaling[0.001] [33mSKIPPED[0mequired keyword-only arguments:
'controller_factory', 'particles', and 'sim_time')[31m                       [ 12%][0m
tests/test_benchmarks/core/test_simulation_throughput.py::test_timestep_performance_scaling[0.01] [33mSKIPPED[0mquired keyword-only arguments:
'controller_factory', 'particles', and 'sim_time')[31m                       [ 12%][0m
tests/test_benchmarks/core/test_simulation_throughput.py::test_timestep_performance_scaling[0.1] [33mSKIPPED[0muired keyword-only arguments:
'controller_factory', 'particles', and 'sim_time')[31m                       [ 12%][0m
tests/test_benchmarks/performance/test_performance_benchmarks_deep.py::TestControllerPerformance::test_single_control_computation_performance [32mPASSED[0m[31m [ 12%][0m
tests/test_benchmarks/performance/test_performance_benchmarks_deep.py::TestControllerPerformance::test_batch_control_computation_performance [32mPASSED[0m[31m [ 12%][0m
tests/test_benchmarks/performance/test_performance_benchmarks_deep.py::TestControllerPerformance::test_control_computation_scaling [31mFAILED[0m[31m [ 12%][0m
tests/test_benchmarks/performance/test_performance_benchmarks_deep.py::TestControllerPerformance::test_memory_efficiency_batch_processing [32mPASSED[0m[31m [ 12%][0m
tests/test_benchmarks/performance/test_performance_benchmarks_deep.py::TestSimulationPerformance::test_single_step_simulation_performance [32mPASSED[0m[31m [ 12%][0m
tests/test_benchmarks/performance/test_performance_benchmarks_deep.py::TestSimulationPerformance::test_batch_simulation_performance [32mPASSED[0m[31m [ 13%][0m
tests/test_benchmarks/performance/test_performance_benchmarks_deep.py::TestSimulationPerformance::test_large_scale_simulation_throughput [32mPASSED[0m[31m [ 13%][0m
tests/test_benchmarks/performance/test_performance_benchmarks_deep.py::TestSimulationPerformance::test_simulation_memory_profile [32mPASSED[0m[31m [ 13%][0m
tests/test_benchmarks/performance/test_performance_benchmarks_deep.py::TestNumericalPerformance::test_matrix_operations_performance [31mFAILED[0m[31m [ 13%][0m
tests/test_benchmarks/performance/test_performance_benchmarks_deep.py::TestNumericalPerformance::test_trigonometric_functions_performance [32mPASSED[0m[31m [ 13%][0m
tests/test_benchmarks/performance/test_performance_benchmarks_deep.py::TestNumericalPerformance::test_optimization_performance [31mFAILED[0m[31m [ 13%][0m
tests/test_benchmarks/performance/test_performance_benchmarks_deep.py::TestRealTimePerformance::test_control_loop_timing [31mFAILED[0m[31m [ 13%][0m
tests/test_benchmarks/performance/test_performance_benchmarks_deep.py::TestRealTimePerformance::test_deadline_miss_rate [32mPASSED[0m[31m [ 13%][0m
tests/test_benchmarks/performance/test_performance_benchmarks_deep.py::TestScalabilityPerformance::test_state_dimension_scalability [31mFAILED[0m[31m [ 13%][0m
tests/test_benchmarks/performance/test_performance_benchmarks_deep.py::TestScalabilityPerformance::test_batch_size_scalability [31mFAILED[0m[31m [ 13%][0m
tests/test_benchmarks/performance/test_performance_benchmarks_deep.py::TestScalabilityPerformance::test_concurrent_performance_baseline [32mPASSED[0m[31m [ 13%][0m
tests/test_benchmarks/performance/test_regression_detection.py::TestPerformanceRegressionDetection::test_controller_performance_benchmarking [31mFAILED[0m[31m [ 13%][0m
tests/test_benchmarks/performance/test_regression_detection.py::TestPerformanceRegressionDetection::test_regression_detection_logic [32mPASSED[0m[31m [ 13%][0m
tests/test_benchmarks/performance/test_regression_detection.py::TestPerformanceRegressionDetection::test_regression_report_generation [32mPASSED[0m[31m [ 13%][0m
tests/test_benchmarks/performance/test_regression_detection.py::TestPerformanceRegressionDetection::test_performance_history_management [32mPASSED[0m[31m [ 13%][0m
tests/test_benchmarks/performance/test_regression_detection.py::TestPerformanceRegressionDetection::test_benchmark_success_rate_improvement [31mFAILED[0m[31m [ 14%][0m
tests/test_benchmarks/performance/test_regression_detection.py::TestPerformanceRegressionDetection::test_performance_baseline_establishment [31mFAILED[0m[31m [ 14%][0m
tests/test_benchmarks/performance/test_regression_detection.py::TestPerformanceRegressionDetection::test_ci_cd_integration_readiness [31mFAILED[0m[31m [ 14%][0m
tests/test_benchmarks/performance/test_regression_detection.py::TestPerformanceRegressionDetection::test_regression_detection_sensitivity [32mPASSED[0m[31m [ 14%][0m
tests/test_benchmarks/statistics/test_statistical_benchmarks.py::test_statistical_harness_sample_size_and_ci [31mFAILED[0m[31m [ 14%][0m
tests/test_benchmarks/validation/test_parameter_realism.py::TestParameterRealism::test_parameter_bounds_establishment [32mPASSED[0m[31m [ 14%][0m
tests/test_benchmarks/validation/test_parameter_realism.py::TestParameterRealism::test_individual_parameter_validation [32mPASSED[0m[31m [ 14%][0m
tests/test_benchmarks/validation/test_parameter_realism.py::TestParameterRealism::test_physics_consistency_validation [32mPASSED[0m[31m [ 14%][0m
tests/test_benchmarks/validation/test_parameter_realism.py::TestParameterRealism::test_realistic_scenarios_creation [32mPASSED[0m[31m [ 14%][0m
tests/test_benchmarks/validation/test_parameter_realism.py::TestParameterRealism::test_control_gain_validation [32mPASSED[0m[31m [ 14%][0m
tests/test_benchmarks/validation/test_parameter_realism.py::TestParameterRealism::test_scenario_consistency_validation [32mPASSED[0m[31m [ 14%][0m
tests/test_benchmarks/validation/test_parameter_realism.py::TestParameterRealism::test_parameter_sensitivity_analysis [32mPASSED[0m[31m [ 14%][0m
tests/test_benchmarks/validation/test_parameter_realism.py::TestParameterRealism::test_hardware_configuration_scenarios [32mPASSED[0m[31m [ 14%][0m
tests/test_benchmarks/validation/test_parameter_realism.py::TestParameterRealism::test_engineering_validation_levels [32mPASSED[0m[31m [ 14%][0m
tests/test_benchmarks/validation/test_parameter_realism.py::TestParameterRealism::test_benchmark_parameter_meaningfulness [32mPASSED[0m[31m [ 14%][0m
tests/test_config/test_compatibility_validation.py::TestConfigDictObjectConversion::test_attribute_dictionary_basic_functionality [32mPASSED[0m[31m [ 15%][0m
tests/test_config/test_compatibility_validation.py::TestConfigDictObjectConversion::test_missing_attribute_handling [32mPASSED[0m[31m [ 15%][0m
tests/test_config/test_compatibility_validation.py::TestConfigDictObjectConversion::test_configuration_factory_compatibility [31mFAILED[0m[31m [ 15%][0m
tests/test_config/test_compatibility_validation.py::TestConfigDictObjectConversion::test_dynamics_config_compatibility [32mPASSED[0m[31m [ 15%][0m
tests/test_config/test_compatibility_validation.py::TestConfigAttributeAccessConsistency::test_dual_access_pattern_consistency [32mPASSED[0m[31m [ 15%][0m
tests/test_config/test_compatibility_validation.py::TestConfigAttributeAccessConsistency::test_nested_configuration_access [32mPASSED[0m[31m [ 15%][0m
tests/test_config/test_compatibility_validation.py::TestConfigNestedAccessCompatibility::test_nested_attribute_path_consistency [32mPASSED[0m[31m [ 15%][0m
tests/test_config/test_compatibility_validation.py::TestConfigNestedAccessCompatibility::test_missing_nested_parameter_handling [32mPASSED[0m[31m [ 15%][0m
tests/test_config/test_compatibility_validation.py::TestConfigModificationConsistency::test_config_modification_preservation [32mPASSED[0m[31m [ 15%][0m
tests/test_config/test_compatibility_validation.py::TestConfigModificationConsistency::test_config_modification_in_dynamics [32mPASSED[0m[31m [ 15%][0m
tests/test_config/test_compatibility_validation.py::TestConfigurationErrorRecovery::test_malformed_config_handling [32mPASSED[0m[31m [ 15%][0m
tests/test_config/test_compatibility_validation.py::TestConfigurationErrorRecovery::test_config_validation_error_messages [32mPASSED[0m[31m [ 15%][0m
tests/test_config/test_compatibility_validation.py::TestConfigurationErrorRecovery::test_config_type_validation [32mPASSED[0m[31m [ 15%][0m
tests/test_config/test_config.py::test_config_loads_and_maps_controllers [32mPASSED[0m[31m [ 15%][0m
tests/test_config/test_config.py::test_physics_config_rejects_zero_mass [32mPASSED[0m[31m [ 15%][0m
tests/test_config/test_config.py::test_physics_config_rejects_negative_inertia [32mPASSED[0m[31m [ 16%][0m
tests/test_config/test_config.py::test_physics_config_rejects_invalid_com [32mPASSED[0m[31m [ 16%][0m
tests/test_config/test_config.py::test_physics_config_rejects_nonpositive_com [32mPASSED[0m[31m [ 16%][0m
tests/test_config/test_config.py::test_controller_config_forbids_extra_rate_weight_unit [32mPASSED[0m[31m [ 16%][0m
tests/test_config/test_config.py::test_load_config_rejects_rate_weight_in_yaml [32mPASSED[0m[31m [ 16%][0m
tests/test_config/test_numeric_validation.py::TestNumericValidation::test_integer_field_validation [32mPASSED[0m[31m [ 16%][0m
tests/test_config/test_numeric_validation.py::TestNumericValidation::test_float_field_validation [32mPASSED[0m[31m [ 16%][0m
tests/test_config/test_numeric_validation.py::TestNumericValidation::test_valid_numeric_values_acceptance [31mFAILED[0m[31m [ 16%][0m
tests/test_config/test_numeric_validation.py::TestNumericValidation::test_integer_to_float_conversion [31mFAILED[0m[31m [ 16%][0m
tests/test_config/test_numeric_validation.py::TestNumericValidation::test_negative_numeric_values [32mPASSED[0m[31m [ 16%][0m
tests/test_config/test_numeric_validation.py::TestNumericValidation::test_zero_numeric_values [31mFAILED[0m[31m [ 16%][0m
tests/test_config/test_numeric_validation.py::TestNumericValidation::test_extreme_numeric_values [32mPASSED[0m[31m [ 16%][0m
tests/test_config/test_parameter_validation.py::TestParameterBoundsValidation::test_mass_parameter_bounds [32mPASSED[0m[31m [ 16%][0m
tests/test_config/test_parameter_validation.py::TestParameterBoundsValidation::test_length_parameter_bounds [32mPASSED[0m[31m [ 16%][0m
tests/test_config/test_parameter_validation.py::TestParameterBoundsValidation::test_damping_parameter_bounds [32mPASSED[0m[31m [ 16%][0m
tests/test_config/test_parameter_validation.py::TestParameterBoundsValidation::test_gravity_parameter_bounds [32mPASSED[0m[31m [ 16%][0m
tests/test_config/test_parameter_validation.py::TestPhysicsConstraintValidation::test_inertia_parameter_consistency [32mPASSED[0m[31m [ 17%][0m
tests/test_config/test_parameter_validation.py::TestPhysicsConstraintValidation::test_center_of_mass_parameter_bounds [32mPASSED[0m[31m [ 17%][0m
tests/test_config/test_parameter_validation.py::TestPhysicsConstraintValidation::test_control_force_limits [32mPASSED[0m[31m [ 17%][0m
tests/test_config/test_parameter_validation.py::TestNumericalStabilityParameterRanges::test_integration_timestep_bounds [32mPASSED[0m[31m [ 17%][0m
tests/test_config/test_parameter_validation.py::TestNumericalStabilityParameterRanges::test_regularization_parameter_bounds [32mPASSED[0m[31m [ 17%][0m
tests/test_config/test_parameter_validation.py::TestNumericalStabilityParameterRanges::test_energy_conservation_parameter_ranges [32mPASSED[0m[31m [ 17%][0m
tests/test_config/test_parameter_validation.py::TestParameterTypeValidation::test_numeric_parameter_types [32mPASSED[0m[31m [ 17%][0m
tests/test_config/test_parameter_validation.py::TestParameterTypeValidation::test_boolean_parameter_types [32mPASSED[0m[31m [ 17%][0m
tests/test_config/test_parameter_validation.py::TestParameterTypeValidation::test_array_parameter_types [32mPASSED[0m[31m [ 17%][0m
tests/test_config/test_parameter_validation.py::TestParameterConsistencyValidation::test_parameter_scaling_consistency [32mPASSED[0m[31m [ 17%][0m
tests/test_config/test_parameter_validation.py::TestParameterConsistencyValidation::test_parameter_units_consistency [32mPASSED[0m[31m [ 17%][0m
tests/test_config/test_settings_precedence.py::test_env_overrides_file [31mFAILED[0m[31m [ 17%][0m
tests/test_config/test_settings_precedence.py::test_dotenv_overrides_file_but_not_env [31mFAILED[0m[31m [ 17%][0m
tests/test_config/test_settings_precedence.py::test_file_used_when_no_env_or_dotenv [32mPASSED[0m[31m [ 17%][0m
tests/test_config/test_string_validation.py::TestStringValidation::test_integrator_string_validation [32mPASSED[0m[31m [ 17%][0m
tests/test_config/test_string_validation.py::TestStringValidation::test_valid_string_acceptance [31mFAILED[0m[31m [ 18%][0m
tests/test_config/test_string_validation.py::TestStringValidation::test_empty_string_validation [32mPASSED[0m[31m [ 18%][0m
tests/test_config/test_string_validation.py::TestStringValidation::test_numeric_string_conversion [31mFAILED[0m[31m [ 18%][0m
tests/test_config/test_string_validation.py::TestStringValidation::test_boolean_to_string_rejection [32mPASSED[0m[31m [ 18%][0m
tests/test_config/test_unknown_key_validation.py::TestUnknownKeyValidation::test_single_unknown_key_physics [32mPASSED[0m[31m [ 18%][0m
tests/test_config/test_unknown_key_validation.py::TestUnknownKeyValidation::test_single_unknown_key_simulation [32mPASSED[0m[31m [ 18%][0m
tests/test_config/test_unknown_key_validation.py::TestUnknownKeyValidation::test_multiple_unknown_keys_aggregated [32mPASSED[0m[31m [ 18%][0m
tests/test_config/test_unknown_key_validation.py::TestUnknownKeyValidation::test_nested_unknown_keys [32mPASSED[0m[31m [ 18%][0m
tests/test_config/test_unknown_key_validation.py::TestUnknownKeyValidation::test_unknown_key_error_determinism [32mPASSED[0m[31m [ 18%][0m
tests/test_config/test_unknown_params_modes.py::test_strict_mode_rejects_unknown_keys [32mPASSED[0m[31m [ 18%][0m
tests/test_config/test_unknown_params_modes.py::test_permissive_mode_collects_unknown_params [31mFAILED[0m[31m [ 18%][0m
tests/test_controllers/base/test_control_primitives.py::TestRequirePositive::test_valid_positive_float [32mPASSED[0m[31m [ 18%][0m
tests/test_controllers/base/test_control_primitives.py::TestRequirePositive::test_valid_positive_int [32mPASSED[0m[31m [ 18%][0m
tests/test_controllers/base/test_control_primitives.py::TestRequirePositive::test_zero_not_allowed_by_default [32mPASSED[0m[31m [ 18%][0m
tests/test_controllers/base/test_control_primitives.py::TestRequirePositive::test_zero_allowed_when_specified [32mPASSED[0m[31m [ 18%][0m
tests/test_controllers/base/test_control_primitives.py::TestRequirePositive::test_small_positive_value [32mPASSED[0m[31m [ 19%][0m
tests/test_controllers/base/test_control_primitives.py::TestRequirePositive::test_negative_value_rejected [32mPASSED[0m[31m [ 19%][0m
tests/test_controllers/base/test_control_primitives.py::TestRequirePositive::test_negative_value_rejected_with_allow_zero [32mPASSED[0m[31m [ 19%][0m
tests/test_controllers/base/test_control_primitives.py::TestRequirePositive::test_none_value_rejected [32mPASSED[0m[31m [ 19%][0m
tests/test_controllers/base/test_control_primitives.py::TestRequirePositive::test_infinity_rejected [32mPASSED[0m[31m [ 19%][0m
tests/test_controllers/base/test_control_primitives.py::TestRequirePositive::test_nan_rejected [32mPASSED[0m[31m [ 19%][0m
tests/test_controllers/base/test_control_primitives.py::TestRequirePositive::test_string_rejected [32mPASSED[0m[31m [ 19%][0m
tests/test_controllers/base/test_control_primitives.py::TestRequirePositive::test_custom_parameter_name_in_error [32mPASSED[0m[31m [ 19%][0m
tests/test_controllers/base/test_control_primitives.py::TestRequirePositive::test_boundary_value_edge_case [32mPASSED[0m[31m [ 19%][0m
tests/test_controllers/base/test_control_primitives.py::TestRequirePositive::test_large_positive_value [32mPASSED[0m[31m [ 19%][0m
tests/test_controllers/base/test_control_primitives.py::TestRequireInRange::test_value_within_range [32mPASSED[0m[31m [ 19%][0m
tests/test_controllers/base/test_control_primitives.py::TestRequireInRange::test_value_at_boundaries_inclusive [32mPASSED[0m[31m [ 19%][0m
tests/test_controllers/base/test_control_primitives.py::TestRequireInRange::test_value_at_boundaries_exclusive [32mPASSED[0m[31m [ 19%][0m
tests/test_controllers/base/test_control_primitives.py::TestRequireInRange::test_value_below_minimum [32mPASSED[0m[31m [ 19%][0m
tests/test_controllers/base/test_control_primitives.py::TestRequireInRange::test_value_above_maximum [32mPASSED[0m[31m [ 19%][0m
tests/test_controllers/base/test_control_primitives.py::TestRequireInRange::test_integer_input_converted_to_float [32mPASSED[0m[31m [ 20%][0m
tests/test_controllers/base/test_control_primitives.py::TestRequireInRange::test_none_value_rejected [32mPASSED[0m[31m [ 20%][0m
tests/test_controllers/base/test_control_primitives.py::TestRequireInRange::test_infinite_values_rejected [32mPASSED[0m[31m [ 20%][0m
tests/test_controllers/base/test_control_primitives.py::TestRequireInRange::test_nan_values_rejected [32mPASSED[0m[31m [ 20%][0m
tests/test_controllers/base/test_control_primitives.py::TestRequireInRange::test_negative_range [32mPASSED[0m[31m [ 20%][0m
tests/test_controllers/base/test_control_primitives.py::TestRequireInRange::test_zero_width_range_exclusive [32mPASSED[0m[31m [ 20%][0m
tests/test_controllers/base/test_control_primitives.py::TestRequireInRange::test_zero_width_range_inclusive [32mPASSED[0m[31m [ 20%][0m
tests/test_controllers/base/test_control_primitives.py::TestRequireInRange::test_inverted_bounds_edge_case [32mPASSED[0m[31m [ 20%][0m
tests/test_controllers/base/test_control_primitives.py::TestRequireInRange::test_custom_parameter_name_in_error [32mPASSED[0m[31m [ 20%][0m
tests/test_controllers/base/test_control_primitives.py::TestSaturate::test_tanh_saturation_basic [32mPASSED[0m[31m [ 20%][0m
tests/test_controllers/base/test_control_primitives.py::TestSaturate::test_linear_saturation_basic [32mPASSED[0m[31m [ 20%][0m
tests/test_controllers/base/test_control_primitives.py::TestSaturate::test_linear_saturation_warning [32mPASSED[0m[31m [ 20%][0m
tests/test_controllers/base/test_control_primitives.py::TestSaturate::test_zero_input_tanh [32mPASSED[0m[31m [ 20%][0m
tests/test_controllers/base/test_control_primitives.py::TestSaturate::test_zero_input_linear [32mPASSED[0m[31m [ 20%][0m
tests/test_controllers/base/test_control_primitives.py::TestSaturate::test_array_input_tanh [32mPASSED[0m[31m [ 20%][0m
tests/test_controllers/base/test_control_primitives.py::TestSaturate::test_array_input_linear [32mPASSED[0m[31m [ 20%][0m
tests/test_controllers/base/test_control_primitives.py::TestSaturate::test_different_epsilon_values [32mPASSED[0m[31m [ 21%][0m
tests/test_controllers/base/test_control_primitives.py::TestSaturate::test_saturation_bounds_tanh [32mPASSED[0m[31m [ 21%][0m
tests/test_controllers/base/test_control_primitives.py::TestSaturate::test_saturation_bounds_linear [32mPASSED[0m[31m [ 21%][0m
tests/test_controllers/base/test_control_primitives.py::TestSaturate::test_negative_epsilon_error [32mPASSED[0m[31m [ 21%][0m
tests/test_controllers/base/test_control_primitives.py::TestSaturate::test_zero_epsilon_error [32mPASSED[0m[31m [ 21%][0m
tests/test_controllers/base/test_control_primitives.py::TestSaturate::test_invalid_method_error [32mPASSED[0m[31m [ 21%][0m
tests/test_controllers/base/test_control_primitives.py::TestSaturate::test_small_epsilon_behavior [32mPASSED[0m[31m [ 21%][0m
tests/test_controllers/base/test_control_primitives.py::TestSaturate::test_large_epsilon_behavior [32mPASSED[0m[31m [ 21%][0m
tests/test_controllers/base/test_control_primitives.py::TestSaturate::test_multidimensional_arrays [32mPASSED[0m[31m [ 21%][0m
tests/test_controllers/base/test_control_primitives.py::TestSaturate::test_type_preservation [32mPASSED[0m[31m [ 21%][0m
tests/test_controllers/base/test_controller_interface.py::TestControllerInterface::test_abstract_class_instantiation_fails [32mPASSED[0m[31m [ 21%][0m
tests/test_controllers/base/test_controller_interface.py::TestControllerInterface::test_abstract_methods_defined [32mPASSED[0m[31m [ 21%][0m
tests/test_controllers/base/test_controller_interface.py::TestControllerInterface::test_inheritance_structure [32mPASSED[0m[31m [ 21%][0m
tests/test_controllers/base/test_controller_interface.py::TestConcreteControllerBase::test_initialization_default_parameters [32mPASSED[0m[31m [ 21%][0m
tests/test_controllers/base/test_controller_interface.py::TestConcreteControllerBase::test_initialization_custom_parameters [32mPASSED[0m[31m [ 21%][0m
tests/test_controllers/base/test_controller_interface.py::TestConcreteControllerBase::test_compute_control_basic_functionality [32mPASSED[0m[31m [ 22%][0m
tests/test_controllers/base/test_controller_interface.py::TestConcreteControllerBase::test_compute_control_with_reference [32mPASSED[0m[31m [ 22%][0m
tests/test_controllers/base/test_controller_interface.py::TestConcreteControllerBase::test_step_basic_functionality [32mPASSED[0m[31m [ 22%][0m
tests/test_controllers/base/test_controller_interface.py::TestConcreteControllerBase::test_step_with_reference [32mPASSED[0m[31m [ 22%][0m
tests/test_controllers/base/test_controller_interface.py::TestConcreteControllerBase::test_force_saturation_positive [32mPASSED[0m[31m [ 22%][0m
tests/test_controllers/base/test_controller_interface.py::TestConcreteControllerBase::test_force_saturation_negative [32mPASSED[0m[31m [ 22%][0m
tests/test_controllers/base/test_controller_interface.py::TestConcreteControllerBase::test_force_saturation_boundary [32mPASSED[0m[31m [ 22%][0m
tests/test_controllers/base/test_controller_interface.py::TestConcreteControllerBase::test_reset_functionality [32mPASSED[0m[31m [ 22%][0m
tests/test_controllers/base/test_controller_interface.py::TestConcreteControllerBase::test_parameters_property [32mPASSED[0m[31m [ 22%][0m
tests/test_controllers/base/test_controller_interface.py::TestConcreteControllerBase::test_string_representation [32mPASSED[0m[31m [ 22%][0m
tests/test_controllers/base/test_controller_interface.py::TestConcreteControllerBase::test_custom_max_force_saturation [32mPASSED[0m[31m [ 22%][0m
tests/test_controllers/base/test_controller_interface.py::TestControllerInterfaceEdgeCases::test_invalid_state_dimensions [32mPASSED[0m[31m [ 22%][0m
tests/test_controllers/base/test_controller_interface.py::TestControllerInterfaceEdgeCases::test_nan_state_handling [32mPASSED[0m[31m [ 22%][0m
tests/test_controllers/base/test_controller_interface.py::TestControllerInterfaceEdgeCases::test_infinite_state_handling [32mPASSED[0m[31m [ 22%][0m
tests/test_controllers/base/test_controller_interface.py::TestControllerInterfaceEdgeCases::test_zero_max_force_edge_case [32mPASSED[0m[31m [ 22%][0m
tests/test_controllers/base/test_controller_interface.py::TestControllerInterfaceEdgeCases::test_negative_max_force_behavior [32mPASSED[0m[31m [ 23%][0m
tests/test_controllers/base/test_controller_interface.py::TestControllerInterfaceDocumentation::test_class_docstring_exists [32mPASSED[0m[31m [ 23%][0m
tests/test_controllers/base/test_controller_interface.py::TestControllerInterfaceDocumentation::test_abstract_methods_documented [32mPASSED[0m[31m [ 23%][0m
tests/test_controllers/base/test_controller_interface.py::TestControllerInterfaceDocumentation::test_concrete_methods_documented [32mPASSED[0m[31m [ 23%][0m
tests/test_controllers/factory/core/test_validation.py::TestValidationResult::test_initial_state [32mPASSED[0m[31m [ 23%][0m
tests/test_controllers/factory/core/test_validation.py::TestValidationResult::test_add_error [32mPASSED[0m[31m [ 23%][0m
tests/test_controllers/factory/core/test_validation.py::TestValidationResult::test_add_warning [32mPASSED[0m[31m [ 23%][0m
tests/test_controllers/factory/core/test_validation.py::TestValidationResult::test_has_issues [32mPASSED[0m[31m [ 23%][0m
tests/test_controllers/factory/core/test_validation.py::TestValidationResult::test_get_summary [32mPASSED[0m[31m [ 23%][0m
tests/test_controllers/factory/core/test_validation.py::TestValidateControllerGains::test_valid_classical_smc_gains [32mPASSED[0m[31m [ 23%][0m
tests/test_controllers/factory/core/test_validation.py::TestValidateControllerGains::test_invalid_gain_count [32mPASSED[0m[31m [ 23%][0m
tests/test_controllers/factory/core/test_validation.py::TestValidateControllerGains::test_non_finite_gains [32mPASSED[0m[31m [ 23%][0m
tests/test_controllers/factory/core/test_validation.py::TestValidateControllerGains::test_negative_gains [32mPASSED[0m[31m [ 23%][0m
tests/test_controllers/factory/core/test_validation.py::TestValidateControllerGains::test_zero_gains [32mPASSED[0m[31m [ 23%][0m
tests/test_controllers/factory/core/test_validation.py::TestValidateControllerGains::test_numpy_array_gains [32mPASSED[0m[31m [ 23%][0m
tests/test_controllers/factory/core/test_validation.py::TestValidateControllerGains::test_bounds_checking [32mPASSED[0m[31m [ 24%][0m
tests/test_controllers/factory/core/test_validation.py::TestValidateControllerGains::test_classical_smc_specific_validation [32mPASSED[0m[31m [ 24%][0m
tests/test_controllers/factory/core/test_validation.py::TestValidateControllerGains::test_adaptive_smc_validation [32mPASSED[0m[31m [ 24%][0m
tests/test_controllers/factory/core/test_validation.py::TestValidateControllerGains::test_sta_smc_validation [32mPASSED[0m[31m [ 24%][0m
tests/test_controllers/factory/core/test_validation.py::TestValidateControllerGains::test_hybrid_smc_validation [32mPASSED[0m[31m [ 24%][0m
tests/test_controllers/factory/core/test_validation.py::TestValidateControllerGains::test_invalid_controller_type [32mPASSED[0m[31m [ 24%][0m
tests/test_controllers/factory/core/test_validation.py::TestValidateControllerGains::test_stability_checking_disabled [32mPASSED[0m[31m [ 24%][0m
tests/test_controllers/factory/core/test_validation.py::TestValidateConfiguration::test_none_configuration [32mPASSED[0m[31m [ 24%][0m
tests/test_controllers/factory/core/test_validation.py::TestValidateConfiguration::test_valid_configuration [32mPASSED[0m[31m [ 24%][0m
tests/test_controllers/factory/core/test_validation.py::TestValidateConfiguration::test_missing_required_parameters [32mPASSED[0m[31m [ 24%][0m
tests/test_controllers/factory/core/test_validation.py::TestValidateConfiguration::test_invalid_max_force [32mPASSED[0m[31m [ 24%][0m
tests/test_controllers/factory/core/test_validation.py::TestValidateConfiguration::test_invalid_dt [32mPASSED[0m[31m [ 24%][0m
tests/test_controllers/factory/core/test_validation.py::TestValidateConfiguration::test_classical_smc_boundary_layer [32mPASSED[0m[31m [ 24%][0m
tests/test_controllers/factory/core/test_validation.py::TestValidateStateVector::test_valid_state_vector [32mPASSED[0m[31m [ 24%][0m
tests/test_controllers/factory/core/test_validation.py::TestValidateStateVector::test_invalid_state_type [32mPASSED[0m[31m [ 24%][0m
tests/test_controllers/factory/core/test_validation.py::TestValidateStateVector::test_invalid_state_shape [32mPASSED[0m[31m [ 24%][0m
tests/test_controllers/factory/core/test_validation.py::TestValidateStateVector::test_non_finite_state [32mPASSED[0m[31m [ 25%][0m
tests/test_controllers/factory/core/test_validation.py::TestValidateStateVector::test_large_values_warning [32mPASSED[0m[31m [ 25%][0m
tests/test_controllers/factory/core/test_validation.py::TestValidateControlOutput::test_valid_scalar_output [32mPASSED[0m[31m [ 25%][0m
tests/test_controllers/factory/core/test_validation.py::TestValidateControlOutput::test_valid_array_output [32mPASSED[0m[31m [ 25%][0m
tests/test_controllers/factory/core/test_validation.py::TestValidateControlOutput::test_scalar_array_output [32mPASSED[0m[31m [ 25%][0m
tests/test_controllers/factory/core/test_validation.py::TestValidateControlOutput::test_invalid_array_shape [32mPASSED[0m[31m [ 25%][0m
tests/test_controllers/factory/core/test_validation.py::TestValidateControlOutput::test_non_finite_output [32mPASSED[0m[31m [ 25%][0m
tests/test_controllers/factory/core/test_validation.py::TestValidateControlOutput::test_saturation_warning [32mPASSED[0m[31m [ 25%][0m
tests/test_controllers/factory/core/test_validation.py::TestValidateControlOutput::test_severe_violation_error [32mPASSED[0m[31m [ 25%][0m
tests/test_controllers/factory/core/test_validation.py::test_all_controller_types_validation[classical_smc-gains0] [32mPASSED[0m[31m [ 25%][0m
tests/test_controllers/factory/core/test_validation.py::test_all_controller_types_validation[adaptive_smc-gains1] [32mPASSED[0m[31m [ 25%][0m
tests/test_controllers/factory/core/test_validation.py::test_all_controller_types_validation[sta_smc-gains2] [32mPASSED[0m[31m [ 25%][0m
tests/test_controllers/factory/core/test_validation.py::test_all_controller_types_validation[hybrid_adaptive_sta_smc-gains3] [32mPASSED[0m[31m [ 25%][0m
tests/test_controllers/factory/test_controller_factory.py::TestSMCFactory::test_factory_creation [32mPASSED[0m[31m [ 25%][0m
tests/test_controllers/factory/test_controller_factory.py::TestSMCFactory::test_smc_types_available [32mPASSED[0m[31m [ 25%][0m
tests/test_controllers/factory/test_controller_factory.py::TestSMCFactory::test_gain_specifications [32mPASSED[0m[31m [ 26%][0m
tests/test_controllers/factory/test_controller_factory.py::TestControllerCreation::test_create_classical_smc [32mPASSED[0m[31m [ 26%][0m
tests/test_controllers/factory/test_controller_factory.py::TestControllerCreation::test_create_adaptive_smc [32mPASSED[0m[31m [ 26%][0m
tests/test_controllers/factory/test_controller_factory.py::TestControllerCreation::test_invalid_smc_type_raises_error [32mPASSED[0m[31m [ 26%][0m
tests/test_controllers/factory/test_controller_factory.py::TestPSOIntegration::test_create_smc_for_pso [32mPASSED[0m[31m [ 26%][0m
tests/test_controllers/factory/test_controller_factory.py::TestPSOIntegration::test_get_gain_bounds_for_pso [32mPASSED[0m[31m [ 26%][0m
tests/test_controllers/factory/test_controller_factory.py::TestPSOIntegration::test_validate_smc_gains [32mPASSED[0m[31m [ 26%][0m
tests/test_controllers/factory/test_controller_factory.py::TestFactoryRobustness::test_factory_handles_extreme_gains [32mPASSED[0m[31m [ 26%][0m
tests/test_controllers/factory/test_controller_factory.py::TestFactoryRobustness::test_factory_thread_safety [32mPASSED[0m[31m [ 26%][0m
tests/test_controllers/factory/test_controller_factory.py::TestFactoryRobustness::test_memory_efficiency [32mPASSED[0m[31m [ 26%][0m
tests/test_controllers/factory/test_controller_factory.py::TestFactoryIntegration::test_controller_plant_integration [32mPASSED[0m[31m [ 26%][0m
tests/test_controllers/factory/test_controller_factory.py::TestFactoryIntegration::test_multiple_controller_types [32mPASSED[0m[31m [ 26%][0m
tests/test_controllers/factory/test_controller_factory.py::TestAdvancedFactoryIntegration::test_closed_loop_stability_analysis [32mPASSED[0m[31m [ 26%][0m
tests/test_controllers/factory/test_controller_factory.py::TestAdvancedFactoryIntegration::test_controller_performance_comparison [32mPASSED[0m[31m [ 26%][0m
tests/test_controllers/factory/test_controller_factory.py::TestAdvancedFactoryIntegration::test_gain_sensitivity_analysis [32mPASSED[0m[31m [ 26%][0m
tests/test_controllers/factory/test_controller_factory.py::TestAdvancedFactoryIntegration::test_real_time_performance_requirements [32mPASSED[0m[31m [ 27%][0m
tests/test_controllers/factory/test_controller_factory.py::TestAdvancedFactoryIntegration::test_robustness_to_plant_uncertainties [32mPASSED[0m[31m [ 27%][0m
tests/test_controllers/factory/test_controller_factory.py::TestAdvancedFactoryIntegration::test_saturation_and_constraint_handling [32mPASSED[0m[31m [ 27%][0m
tests/test_controllers/factory/test_controller_factory.py::TestAdvancedFactoryIntegration::test_multi_step_control_consistency [32mPASSED[0m[31m [ 27%][0m
tests/test_controllers/factory/test_controller_factory.py::TestAdvancedFactoryIntegration::test_factory_error_handling_and_recovery [32mPASSED[0m[31m [ 27%][0m
tests/test_controllers/factory/test_controller_factory.py::TestAdvancedFactoryIntegration::test_memory_and_resource_management [32mPASSED[0m[31m [ 27%][0m
tests/test_controllers/factory/test_controller_factory.py::TestControllerFactoryDeprecation::test_deprecated_config_handling [32mPASSED[0m[31m [ 27%][0m
tests/test_controllers/factory/test_controller_factory.py::TestControllerFactoryDeprecation::test_mixed_old_new_config [32mPASSED[0m[31m [ 27%][0m
tests/test_controllers/factory/test_controller_factory.py::TestControllerFactoryDeprecation::test_deprecation_warning_emission [32mPASSED[0m[31m [ 27%][0m
tests/test_controllers/factory/test_controller_factory.py::TestControllerFactoryDeprecation::test_graceful_fallback [32mPASSED[0m[31m [ 27%][0m
tests/test_controllers/factory/test_controller_factory.py::TestControllerFactoryEdgeCases::test_deprecation_handling [32mPASSED[0m[31m [ 27%][0m
tests/test_controllers/factory/test_controller_factory.py::TestControllerFactoryEdgeCases::test_invalid_gain_count_error_handling [32mPASSED[0m[31m [ 27%][0m
tests/test_controllers/factory/test_controller_factory.py::TestControllerFactoryEdgeCases::test_parameter_validation_edge_cases [32mPASSED[0m[31m [ 27%][0m
tests/test_controllers/factory/test_controller_factory.py::TestControllerFactoryEdgeCases::test_configuration_migration_helpers [32mPASSED[0m[31m [ 27%][0m
tests/test_controllers/factory/test_controller_factory.py::TestControllerFactoryEdgeCases::test_thread_safety_basic [32mPASSED[0m[31m [ 27%][0m
tests/test_controllers/factory/test_controller_factory.py::TestControllerFactoryEdgeCases::test_memory_cleanup [32mPASSED[0m[31m [ 28%][0m
tests/test_controllers/factory/test_controller_factory.py::TestControllerFactoryEdgeCases::test_plant_integration [32mPASSED[0m[31m [ 28%][0m
tests/test_controllers/factory/test_controller_factory.py::TestControllerFactoryEdgeCases::test_invalid_config_handling [32mPASSED[0m[31m [ 28%][0m
tests/test_controllers/factory/test_controller_factory.py::TestControllerFactoryEdgeCases::test_fallback_mechanisms [32mPASSED[0m[31m [ 28%][0m
tests/test_controllers/factory/test_controller_factory.py::TestControllerFactoryEdgeCases::test_factory_resilience [32mPASSED[0m[31m [ 28%][0m
tests/test_controllers/factory/test_controller_factory.py::TestControllerFactoryFallbacks::test_fallback_config_loading [31mFAILED[0m[31m [ 28%][0m
tests/test_controllers/factory/test_controller_factory.py::TestControllerFactoryFallbacks::test_validate_and_merge_configs [32mPASSED[0m[31m [ 28%][0m
tests/test_controllers/factory/test_controller_factory.py::TestControllerFactoryFallbacks::test_fallback_mechanism_integration [32mPASSED[0m[31m [ 28%][0m
tests/test_controllers/factory/test_factory_deprecations.py::test_deprecated_param_is_mapped_with_warning [32mPASSED[0m[31m [ 28%][0m
tests/test_controllers/factory/test_factory_deprecations.py::test_unknown_keys_strict_vs_permissive [32mPASSED[0m[31m [ 28%][0m
tests/test_controllers/factory/test_factory_dynamics_consolidated.py::test_factory_and_dynamics_core [32mPASSED[0m[31m [ 28%][0m
tests/test_controllers/factory/test_factory_shared_params.py::test_dt_inherits_from_simulation_with_warning [32mPASSED[0m[31m [ 28%][0m
tests/test_controllers/factory/test_factory_shared_params.py::test_max_force_defaults_with_warning [32mPASSED[0m[31m [ 28%][0m
tests/test_controllers/factory/test_factory_shared_params.py::test_invalid_dt_raises[0.0] [32mPASSED[0m[31m [ 28%][0m
tests/test_controllers/factory/test_factory_shared_params.py::test_invalid_dt_raises[-0.001] [32mPASSED[0m[31m [ 28%][0m
tests/test_controllers/factory/test_factory_shared_params.py::test_invalid_max_force_raises[0.0] [32mPASSED[0m[31m [ 28%][0m
tests/test_controllers/factory/test_factory_shared_params.py::test_invalid_max_force_raises[-5.0] [32mPASSED[0m[31m [ 29%][0m
tests/test_controllers/factory/test_interface_compatibility.py::TestControllerFactoryInterfaceCompatibility::test_controller_factory_interfaces [32mPASSED[0m[31m [ 29%][0m
tests/test_controllers/factory/test_interface_compatibility.py::TestControllerFactoryInterfaceCompatibility::test_factory_parameter_validation [32mPASSED[0m[31m [ 29%][0m
tests/test_controllers/factory/test_interface_compatibility.py::TestControllerFactoryInterfaceCompatibility::test_controller_instantiation_robustness [32mPASSED[0m[31m [ 29%][0m
tests/test_controllers/factory/test_interface_compatibility.py::TestControllerFactoryInterfaceCompatibility::test_factory_registry_consistency [32mPASSED[0m[31m [ 29%][0m
tests/test_controllers/factory/test_interface_compatibility.py::TestControllerFactoryInterfaceCompatibility::test_controller_interface_consistency [32mPASSED[0m[31m [ 29%][0m
tests/test_controllers/factory/test_interface_compatibility.py::TestControllerFactoryInterfaceCompatibility::test_configuration_object_attribute_access [32mPASSED[0m[31m [ 29%][0m
tests/test_controllers/factory/test_interface_compatibility.py::TestControllerFactoryInterfaceCompatibility::test_gains_type_conversion_compatibility [32mPASSED[0m[31m [ 29%][0m
tests/test_controllers/factory/test_interface_compatibility.py::TestControllerFactoryErrorRecovery::test_missing_import_recovery [32mPASSED[0m[31m [ 29%][0m
tests/test_controllers/factory/test_interface_compatibility.py::TestControllerFactoryErrorRecovery::test_configuration_validation_recovery [32mPASSED[0m[31m [ 29%][0m
tests/test_controllers/factory/test_interface_compatibility.py::test_individual_controller_factory_robustness[classical_smc] [32mPASSED[0m[31m [ 29%][0m
tests/test_controllers/factory/test_interface_compatibility.py::test_individual_controller_factory_robustness[sta_smc] [32mPASSED[0m[31m [ 29%][0m
tests/test_controllers/factory/test_interface_compatibility.py::test_individual_controller_factory_robustness[adaptive_smc] [32mPASSED[0m[31m [ 29%][0m
tests/test_controllers/factory/test_interface_compatibility.py::test_individual_controller_factory_robustness[hybrid_adaptive_sta_smc] [32mPASSED[0m[31m [ 29%][0m
tests/test_controllers/mpc/test_mpc_consolidated.py::test_mpc_optional_dep_and_param_validation [31mFAILED[0m[31m [ 29%][0m
tests/test_controllers/mpc/test_mpc_controller.py::test_mpc_controller_instantiation_and_control [31mFAILED[0m[31m [ 30%][0m
tests/test_controllers/mpc/test_mpc_controller.py::test_simulation_helper_shapes [32mPASSED[0m[31m [ 30%][0m
tests/test_controllers/smc/algorithms/adaptive/test_modular_adaptive_smc.py::TestModularAdaptiveSMC::test_controller_initialization [32mPASSED[0m[31m [ 30%][0m
tests/test_controllers/smc/algorithms/adaptive/test_modular_adaptive_smc.py::TestModularAdaptiveSMC::test_adaptation_law_initialization [32mPASSED[0m[31m [ 30%][0m
tests/test_controllers/smc/algorithms/adaptive/test_modular_adaptive_smc.py::TestModularAdaptiveSMC::test_uncertainty_estimator [32mPASSED[0m[31m [ 30%][0m
tests/test_controllers/smc/algorithms/adaptive/test_modular_adaptive_smc.py::TestModularAdaptiveSMC::test_adaptive_control_computation [32mPASSED[0m[31m [ 30%][0m
tests/test_controllers/smc/algorithms/adaptive/test_modular_adaptive_smc.py::TestModularAdaptiveSMC::test_parameter_adaptation [32mPASSED[0m[31m [ 30%][0m
tests/test_controllers/smc/algorithms/adaptive/test_modular_adaptive_smc.py::TestModularAdaptiveSMC::test_adaptation_stability [32mPASSED[0m[31m [ 30%][0m
tests/test_controllers/smc/algorithms/adaptive/test_modular_adaptive_smc.py::TestModularAdaptiveSMC::test_convergence_properties [32mPASSED[0m[31m [ 30%][0m
tests/test_controllers/smc/algorithms/adaptive/test_modular_adaptive_smc.py::TestAdaptationComponents::test_modified_adaptation_law [32mPASSED[0m[31m [ 30%][0m
tests/test_controllers/smc/algorithms/adaptive/test_modular_adaptive_smc.py::TestAdaptationComponents::test_parameter_identifier [32mPASSED[0m[31m [ 30%][0m
tests/test_controllers/smc/algorithms/adaptive/test_modular_adaptive_smc.py::TestAdaptationComponents::test_combined_estimator [32mPASSED[0m[31m [ 30%][0m
tests/test_controllers/smc/algorithms/adaptive/test_modular_adaptive_smc.py::TestAdaptationScenarios::test_constant_disturbance_adaptation [32mPASSED[0m[31m [ 30%][0m
tests/test_controllers/smc/algorithms/adaptive/test_modular_adaptive_smc.py::TestAdaptationScenarios::test_time_varying_disturbance_adaptation [32mPASSED[0m[31m [ 30%][0m
tests/test_controllers/smc/algorithms/classical/test_boundary_layer.py::TestBoundaryLayerBehavior::test_smooth_control_inside_boundary_layer [32mPASSED[0m[31m [ 30%][0m
tests/test_controllers/smc/algorithms/classical/test_boundary_layer.py::TestBoundaryLayerBehavior::test_boundary_layer_thickness_effect [32mPASSED[0m[31m [ 31%][0m
tests/test_controllers/smc/algorithms/classical/test_boundary_layer.py::TestBoundaryLayerBehavior::test_control_continuity_across_boundary [32mPASSED[0m[31m [ 31%][0m
tests/test_controllers/smc/algorithms/classical/test_boundary_layer.py::TestBoundaryLayerBehavior::test_chattering_reduction_with_noise [32mPASSED[0m[31m [ 31%][0m
tests/test_controllers/smc/algorithms/classical/test_boundary_layer.py::TestBoundaryLayerBehavior::test_boundary_layer_parameter_validation [32mPASSED[0m[31m [ 31%][0m
tests/test_controllers/smc/algorithms/classical/test_boundary_layer.py::TestBoundaryLayerBehavior::test_boundary_layer_scaling_with_gains [32mPASSED[0m[31m [ 31%][0m
tests/test_controllers/smc/algorithms/classical/test_boundary_layer.py::TestBoundaryLayerBehavior::test_boundary_layer_vs_switching_control [32mPASSED[0m[31m [ 31%][0m
tests/test_controllers/smc/algorithms/classical/test_boundary_layer.py::TestBoundaryLayerBehavior::test_boundary_layer_energy_considerations [32mPASSED[0m[31m [ 31%][0m
tests/test_controllers/smc/algorithms/classical/test_config_validation.py::TestClassicalSMCConfigValidation::test_valid_config_acceptance [32mPASSED[0m[31m [ 31%][0m
tests/test_controllers/smc/algorithms/classical/test_config_validation.py::TestClassicalSMCConfigValidation::test_invalid_gains_length_rejection [32mPASSED[0m[31m [ 31%][0m
tests/test_controllers/smc/algorithms/classical/test_config_validation.py::TestClassicalSMCConfigValidation::test_negative_max_force_rejection [32mPASSED[0m[31m [ 31%][0m
tests/test_controllers/smc/algorithms/classical/test_config_validation.py::TestClassicalSMCConfigValidation::test_zero_boundary_layer_rejection [32mPASSED[0m[31m [ 31%][0m
tests/test_controllers/smc/algorithms/classical/test_config_validation.py::TestClassicalSMCConfigValidation::test_negative_boundary_layer_rejection [32mPASSED[0m[31m [ 31%][0m
tests/test_controllers/smc/algorithms/classical/test_config_validation.py::TestClassicalSMCConfigValidation::test_nan_gains_rejection [32mPASSED[0m[31m [ 31%][0m
tests/test_controllers/smc/algorithms/classical/test_config_validation.py::TestClassicalSMCConfigValidation::test_infinite_gains_rejection [32mPASSED[0m[31m [ 31%][0m
tests/test_controllers/smc/algorithms/classical/test_config_validation.py::TestClassicalSMCConfigValidation::test_gain_bounds_validation [32mPASSED[0m[31m [ 31%][0m
tests/test_controllers/smc/algorithms/classical/test_config_validation.py::TestClassicalSMCConfigValidation::test_gain_signs_validation [32mPASSED[0m[31m [ 32%][0m
tests/test_controllers/smc/algorithms/classical/test_control_computation.py::TestControlComputation::test_control_computation_returns_valid_format [32mPASSED[0m[31m [ 32%][0m
tests/test_controllers/smc/algorithms/classical/test_control_computation.py::TestControlComputation::test_control_values_are_finite [32mPASSED[0m[31m [ 32%][0m
tests/test_controllers/smc/algorithms/classical/test_control_computation.py::TestControlComputation::test_control_bounds_enforcement [32mPASSED[0m[31m [ 32%][0m
tests/test_controllers/smc/algorithms/classical/test_control_computation.py::TestControlComputation::test_control_responds_to_large_errors [32mPASSED[0m[31m [ 32%][0m
tests/test_controllers/smc/algorithms/classical/test_control_computation.py::TestControlComputation::test_control_zero_at_equilibrium [32mPASSED[0m[31m [ 32%][0m
tests/test_controllers/smc/algorithms/classical/test_control_computation.py::TestControlComputation::test_control_consistency_same_input [32mPASSED[0m[31m [ 32%][0m
tests/test_controllers/smc/algorithms/classical/test_control_computation.py::TestControlComputation::test_control_opposes_velocity [32mPASSED[0m[31m [ 32%][0m
tests/test_controllers/smc/algorithms/classical/test_control_computation.py::TestControlComputation::test_control_saturation_behavior [32mPASSED[0m[31m [ 32%][0m
tests/test_controllers/smc/algorithms/classical/test_control_computation.py::TestControlComputation::test_control_output_shape_consistency [32mPASSED[0m[31m [ 32%][0m
tests/test_controllers/smc/algorithms/classical/test_modular_controller.py::TestModularClassicalSMC::test_initialization [32mPASSED[0m[31m [ 32%][0m
tests/test_controllers/smc/algorithms/classical/test_modular_controller.py::TestModularClassicalSMC::test_compute_control_basic [32mPASSED[0m[31m [ 32%][0m
tests/test_controllers/smc/algorithms/classical/test_modular_controller.py::TestModularClassicalSMC::test_compute_control_with_saturation [32mPASSED[0m[31m [ 32%][0m
tests/test_controllers/smc/algorithms/classical/test_modular_controller.py::TestModularClassicalSMC::test_gains_property [32mPASSED[0m[31m [ 32%][0m
tests/test_controllers/smc/algorithms/classical/test_modular_controller.py::TestModularClassicalSMC::test_get_parameters [32mPASSED[0m[31m [ 32%][0m
tests/test_controllers/smc/algorithms/classical/test_modular_controller.py::TestModularClassicalSMC::test_error_handling [32mPASSED[0m[31m [ 32%][0m
tests/test_controllers/smc/algorithms/classical/test_modular_controller.py::TestClassicalSMCBackwardCompatibility::test_initialization_legacy_interface [32mPASSED[0m[31m [ 33%][0m
tests/test_controllers/smc/algorithms/classical/test_modular_controller.py::TestClassicalSMCBackwardCompatibility::test_gains_property_delegation [32mPASSED[0m[31m [ 33%][0m
tests/test_controllers/smc/algorithms/classical/test_modular_controller.py::TestClassicalSMCBackwardCompatibility::test_compute_control_delegation [32mPASSED[0m[31m [ 33%][0m
tests/test_controllers/smc/algorithms/classical/test_modular_controller.py::TestModularClassicalSMCFallback::test_imports_not_available [33mSKIPPED[0m[31m [ 33%][0m
tests/test_controllers/smc/algorithms/classical/test_sliding_surface.py::TestSlidingSurfaceComputation::test_surface_computation_returns_finite_values [32mPASSED[0m[31m [ 33%][0m
tests/test_controllers/smc/algorithms/classical/test_sliding_surface.py::TestSlidingSurfaceComputation::test_surface_linearity_property [32mPASSED[0m[31m [ 33%][0m
tests/test_controllers/smc/algorithms/classical/test_sliding_surface.py::TestSlidingSurfaceComputation::test_surface_zero_at_equilibrium [32mPASSED[0m[31m [ 33%][0m
tests/test_controllers/smc/algorithms/classical/test_sliding_surface.py::TestSlidingSurfaceComputation::test_surface_depends_on_position_error [32mPASSED[0m[31m [ 33%][0m
tests/test_controllers/smc/algorithms/classical/test_sliding_surface.py::TestSlidingSurfaceComputation::test_surface_depends_on_velocity [32mPASSED[0m[31m [ 33%][0m
tests/test_controllers/smc/algorithms/classical/test_sliding_surface.py::TestSlidingSurfaceComputation::test_surface_continuity [32mPASSED[0m[31m [ 33%][0m
tests/test_controllers/smc/algorithms/classical/test_sliding_surface.py::TestSlidingSurfaceComputation::test_surface_sign_consistency [32mPASSED[0m[31m [ 33%][0m
tests/test_controllers/smc/algorithms/classical/test_sliding_surface.py::TestSlidingSurfaceComputation::test_surface_gain_sensitivity [32mPASSED[0m[31m [ 33%][0m
tests/test_controllers/smc/classical/test_classical_smc.py::TestClassicalSMCImplementation::test_initialization_basic [33mSKIPPED[0m[31m [ 33%][0m
tests/test_controllers/smc/classical/test_classical_smc.py::TestClassicalSMCImplementation::test_initialization_custom_parameters [33mSKIPPED[0m[31m [ 33%][0m
tests/test_controllers/smc/classical/test_classical_smc.py::TestClassicalSMCInterface::test_initialization_creates_required_attributes [32mPASSED[0m[31m [ 33%][0m
tests/test_controllers/smc/classical/test_classical_smc.py::TestClassicalSMCInterface::test_control_history_initialized [32mPASSED[0m[31m [ 34%][0m
tests/test_controllers/smc/classical/test_classical_smc.py::TestClassicalSMCInterface::test_component_interface_requirements [32mPASSED[0m[31m [ 34%][0m
tests/test_controllers/smc/classical/test_classical_smc.py::TestClassicalSMCInterface::test_parameters_property_structure [32mPASSED[0m[31m [ 34%][0m
tests/test_controllers/smc/classical/test_classical_smc.py::TestClassicalSMCControlComputation::test_compute_control_basic [32mPASSED[0m[31m [ 34%][0m
tests/test_controllers/smc/classical/test_classical_smc.py::TestClassicalSMCControlComputation::test_sliding_surface_computation [32mPASSED[0m[31m [ 34%][0m
tests/test_controllers/smc/classical/test_classical_smc.py::TestClassicalSMCControlComputation::test_control_with_reference [32mPASSED[0m[31m [ 34%][0m
tests/test_controllers/smc/classical/test_classical_smc.py::TestClassicalSMCControlComputation::test_multiple_control_calls [32mPASSED[0m[31m [ 34%][0m
tests/test_controllers/smc/classical/test_classical_smc.py::TestClassicalSMCControlComputation::test_zero_state_control [32mPASSED[0m[31m [ 34%][0m
tests/test_controllers/smc/classical/test_classical_smc.py::TestClassicalSMCSlidingBehavior::test_sliding_variable_computation [32mPASSED[0m[31m [ 34%][0m
tests/test_controllers/smc/classical/test_classical_smc.py::TestClassicalSMCSlidingBehavior::test_control_sign_consistency [32mPASSED[0m[31m [ 34%][0m
tests/test_controllers/smc/classical/test_classical_smc.py::TestClassicalSMCSlidingBehavior::test_smooth_vs_discontinuous_switching [32mPASSED[0m[31m [ 34%][0m
tests/test_controllers/smc/classical/test_classical_smc.py::TestClassicalSMCSlidingBehavior::test_boundary_layer_effect [32mPASSED[0m[31m [ 34%][0m
tests/test_controllers/smc/classical/test_classical_smc.py::TestClassicalSMCReset::test_reset_clears_history [32mPASSED[0m[31m [ 34%][0m
tests/test_controllers/smc/classical/test_classical_smc.py::TestClassicalSMCReset::test_reset_preserves_configuration [32mPASSED[0m[31m [ 34%][0m
tests/test_controllers/smc/classical/test_classical_smc.py::TestClassicalSMCReset::test_control_after_reset [32mPASSED[0m[31m [ 34%][0m
tests/test_controllers/smc/classical/test_classical_smc.py::TestClassicalSMCErrorHandling::test_invalid_state_dimensions [32mPASSED[0m[31m [ 35%][0m
tests/test_controllers/smc/classical/test_classical_smc.py::TestClassicalSMCErrorHandling::test_nan_state_handling [32mPASSED[0m[31m [ 35%][0m
tests/test_controllers/smc/classical/test_classical_smc.py::TestClassicalSMCErrorHandling::test_infinite_state_handling [32mPASSED[0m[31m [ 35%][0m
tests/test_controllers/smc/classical/test_classical_smc.py::TestClassicalSMCErrorHandling::test_zero_boundary_layer_edge_case [32mPASSED[0m[31m [ 35%][0m
tests/test_controllers/smc/classical/test_classical_smc.py::TestClassicalSMCErrorHandling::test_very_small_boundary_layer [32mPASSED[0m[31m [ 35%][0m
tests/test_controllers/smc/classical/test_classical_smc.py::TestClassicalSMCIntegration::test_realistic_control_sequence [32mPASSED[0m[31m [ 35%][0m
tests/test_controllers/smc/classical/test_classical_smc.py::TestClassicalSMCIntegration::test_reference_tracking_behavior [32mPASSED[0m[31m [ 35%][0m
tests/test_controllers/smc/classical/test_classical_smc.py::TestClassicalSMCIntegration::test_control_continuity [32mPASSED[0m[31m [ 35%][0m
tests/test_controllers/smc/core/test_equivalent_control.py::TestEquivalentControlInitialization::test_initialization_default_parameters [32mPASSED[0m[31m [ 35%][0m
tests/test_controllers/smc/core/test_equivalent_control.py::TestEquivalentControlInitialization::test_initialization_custom_parameters [32mPASSED[0m[31m [ 35%][0m
tests/test_controllers/smc/core/test_equivalent_control.py::TestEquivalentControlInitialization::test_logger_initialization [32mPASSED[0m[31m [ 35%][0m
tests/test_controllers/smc/core/test_equivalent_control.py::TestEquivalentControlComputation::test_compute_no_dynamics_model [32mPASSED[0m[31m [ 35%][0m
tests/test_controllers/smc/core/test_equivalent_control.py::TestEquivalentControlComputation::test_compute_valid_dynamics [32mPASSED[0m[31m [ 35%][0m
tests/test_controllers/smc/core/test_equivalent_control.py::TestEquivalentControlComputation::test_compute_singular_matrix_returns_zero [31mFAILED[0m[31m [ 35%][0m
tests/test_controllers/smc/core/test_equivalent_control.py::TestEquivalentControlComputation::test_compute_dynamics_extraction_failure [32mPASSED[0m[31m [ 35%][0m
tests/test_controllers/smc/core/test_equivalent_control.py::TestEquivalentControlComputation::test_compute_poor_controllability [32mPASSED[0m[31m [ 36%][0m
tests/test_controllers/smc/core/test_equivalent_control.py::TestEquivalentControlComputation::test_compute_non_finite_result [32mPASSED[0m[31m [ 36%][0m
tests/test_controllers/smc/core/test_equivalent_control.py::TestEquivalentControlMatrixExtraction::test_extract_dynamics_get_dynamics_interface [32mPASSED[0m[31m [ 36%][0m
tests/test_controllers/smc/core/test_equivalent_control.py::TestEquivalentControlMatrixExtraction::test_extract_dynamics_direct_attributes [32mPASSED[0m[31m [ 36%][0m
tests/test_controllers/smc/core/test_equivalent_control.py::TestEquivalentControlMatrixExtraction::test_extract_dynamics_no_interface_returns_none [32mPASSED[0m[31m [ 36%][0m
tests/test_controllers/smc/core/test_equivalent_control.py::TestEquivalentControlControllabilityAnalysis::test_check_controllability_no_model [32mPASSED[0m[31m [ 36%][0m
tests/test_controllers/smc/core/test_equivalent_control.py::TestEquivalentControlControllabilityAnalysis::test_set_controllability_threshold_valid [32mPASSED[0m[31m [ 36%][0m
tests/test_controllers/smc/core/test_equivalent_control.py::TestEquivalentControlControllabilityAnalysis::test_set_controllability_threshold_invalid [32mPASSED[0m[31m [ 36%][0m
tests/test_controllers/smc/core/test_equivalent_control.py::TestEquivalentControlControllabilityAnalysis::test_get_dynamics_info_no_model [32mPASSED[0m[31m [ 36%][0m
tests/test_controllers/smc/core/test_gain_validation.py::TestGainBounds::test_gain_bounds_creation [32mPASSED[0m[31m [ 36%][0m
tests/test_controllers/smc/core/test_gain_validation.py::TestGainBounds::test_gain_bounds_validate_within_range [32mPASSED[0m[31m [ 36%][0m
tests/test_controllers/smc/core/test_gain_validation.py::TestGainBounds::test_gain_bounds_validate_outside_range [32mPASSED[0m[31m [ 36%][0m
tests/test_controllers/smc/core/test_gain_validation.py::TestGainBounds::test_gain_bounds_edge_cases [32mPASSED[0m[31m [ 36%][0m
tests/test_controllers/smc/core/test_gain_validation.py::TestSMCControllerType::test_controller_type_values [32mPASSED[0m[31m [ 36%][0m
tests/test_controllers/smc/core/test_gain_validation.py::TestSMCControllerType::test_controller_type_from_string [32mPASSED[0m[31m [ 36%][0m
tests/test_controllers/smc/core/test_gain_validation.py::TestSMCControllerType::test_invalid_controller_type [32mPASSED[0m[31m [ 36%][0m
tests/test_controllers/smc/core/test_gain_validation.py::TestSMCGainValidator::test_validator_initialization [32mPASSED[0m[31m [ 37%][0m
tests/test_controllers/smc/core/test_gain_validation.py::TestSMCGainValidator::test_initialize_standard_bounds [32mPASSED[0m[31m [ 37%][0m
tests/test_controllers/smc/core/test_gain_validation.py::TestSMCGainValidator::test_classical_smc_bounds [32mPASSED[0m[31m [ 37%][0m
tests/test_controllers/smc/core/test_gain_validation.py::TestSMCGainValidator::test_adaptive_smc_bounds [32mPASSED[0m[31m [ 37%][0m
tests/test_controllers/smc/core/test_gain_validation.py::TestSMCGainValidator::test_super_twisting_bounds [32mPASSED[0m[31m [ 37%][0m
tests/test_controllers/smc/core/test_gain_validation.py::TestSMCGainValidator::test_hybrid_smc_bounds [32mPASSED[0m[31m [ 37%][0m
tests/test_controllers/smc/core/test_gain_validation.py::TestSMCGainValidator::test_validate_gains_classical_valid [31mFAILED[0m[31m [ 37%][0m
tests/test_controllers/smc/core/test_gain_validation.py::TestSMCGainValidator::test_validate_gains_classical_invalid [31mFAILED[0m[31m [ 37%][0m
tests/test_controllers/smc/core/test_gain_validation.py::TestSMCGainValidator::test_validate_gains_string_controller_type [31mFAILED[0m[31m [ 37%][0m
tests/test_controllers/smc/core/test_gain_validation.py::TestSMCGainValidator::test_validate_gains_wrong_length [31mFAILED[0m[31m [ 37%][0m
tests/test_controllers/smc/core/test_gain_validation.py::TestSMCGainValidator::test_validate_gains_numpy_array [32mPASSED[0m[31m [ 37%][0m
tests/test_controllers/smc/core/test_gain_validation.py::TestSMCGainValidator::test_validate_stability_conditions_classical [32mPASSED[0m[31m [ 37%][0m
tests/test_controllers/smc/core/test_gain_validation.py::TestSMCGainValidator::test_validate_stability_conditions_zero_gains [32mPASSED[0m[31m [ 37%][0m
tests/test_controllers/smc/core/test_gain_validation.py::TestSMCGainValidator::test_get_recommended_ranges [32mPASSED[0m[31m [ 37%][0m
tests/test_controllers/smc/core/test_gain_validation.py::TestSMCGainValidator::test_get_recommended_ranges_string_type [32mPASSED[0m[31m [ 37%][0m
tests/test_controllers/smc/core/test_gain_validation.py::TestSMCGainValidator::test_get_recommended_ranges_invalid_type [31mFAILED[0m[31m [ 38%][0m
tests/test_controllers/smc/core/test_gain_validation.py::TestSMCGainValidator::test_update_bounds_valid [32mPASSED[0m[31m [ 38%][0m
tests/test_controllers/smc/core/test_gain_validation.py::TestSMCGainValidator::test_update_bounds_string_type [32mPASSED[0m[31m [ 38%][0m
tests/test_controllers/smc/core/test_gain_validation.py::TestSMCGainValidator::test_update_bounds_invalid_controller [31mFAILED[0m[31m [ 38%][0m
tests/test_controllers/smc/core/test_gain_validation.py::TestSMCGainValidator::test_update_bounds_invalid_gain [32mPASSED[0m[31m [ 38%][0m
tests/test_controllers/smc/core/test_gain_validation.py::TestConvenienceFunctions::test_validate_smc_gains_valid [32mPASSED[0m[31m [ 38%][0m
tests/test_controllers/smc/core/test_gain_validation.py::TestConvenienceFunctions::test_validate_smc_gains_invalid [32mPASSED[0m[31m [ 38%][0m
tests/test_controllers/smc/core/test_gain_validation.py::TestConvenienceFunctions::test_validate_smc_gains_default_type [32mPASSED[0m[31m [ 38%][0m
tests/test_controllers/smc/core/test_gain_validation.py::TestConvenienceFunctions::test_check_stability_conditions_stable [32mPASSED[0m[31m [ 38%][0m
tests/test_controllers/smc/core/test_gain_validation.py::TestConvenienceFunctions::test_check_stability_conditions_default_type [32mPASSED[0m[31m [ 38%][0m
tests/test_controllers/smc/core/test_gain_validation.py::TestConvenienceFunctions::test_get_gain_bounds_for_controller [32mPASSED[0m[31m [ 38%][0m
tests/test_controllers/smc/core/test_gain_validation.py::TestMathematicalProperties::test_positive_definite_requirements [32mPASSED[0m[31m [ 38%][0m
tests/test_controllers/smc/core/test_gain_validation.py::TestMathematicalProperties::test_boundary_layer_requirements [32mPASSED[0m[31m [ 38%][0m
tests/test_controllers/smc/core/test_gain_validation.py::TestMathematicalProperties::test_adaptation_gain_bounds [32mPASSED[0m[31m [ 38%][0m
tests/test_controllers/smc/core/test_gain_validation.py::TestMathematicalProperties::test_super_twisting_gain_conditions [32mPASSED[0m[31m [ 38%][0m
tests/test_controllers/smc/core/test_gain_validation.py::TestMathematicalProperties::test_gain_scaling_properties [32mPASSED[0m[31m [ 39%][0m
tests/test_controllers/smc/core/test_gain_validation.py::TestErrorHandling::test_empty_gains_list [31mFAILED[0m[31m [ 39%][0m
tests/test_controllers/smc/core/test_gain_validation.py::TestErrorHandling::test_none_gains [32mPASSED[0m[31m [ 39%][0m
tests/test_controllers/smc/core/test_gain_validation.py::TestErrorHandling::test_non_numeric_gains [32mPASSED[0m[31m [ 39%][0m
tests/test_controllers/smc/core/test_gain_validation.py::TestErrorHandling::test_infinite_gains [32mPASSED[0m[31m [ 39%][0m
tests/test_controllers/smc/core/test_gain_validation.py::TestErrorHandling::test_nan_gains [32mPASSED[0m[31m [ 39%][0m
tests/test_controllers/smc/core/test_sliding_surface.py::TestSlidingSurfaceAbstractBase::test_abstract_class_cannot_be_instantiated [32mPASSED[0m[31m [ 39%][0m
tests/test_controllers/smc/core/test_sliding_surface.py::TestSlidingSurfaceAbstractBase::test_abstract_methods_defined [32mPASSED[0m[31m [ 39%][0m
tests/test_controllers/smc/core/test_sliding_surface.py::TestLinearSlidingSurface::test_initialization_valid_gains [32mPASSED[0m[31m [ 39%][0m
tests/test_controllers/smc/core/test_sliding_surface.py::TestLinearSlidingSurface::test_initialization_array_gains [32mPASSED[0m[31m [ 39%][0m
tests/test_controllers/smc/core/test_sliding_surface.py::TestLinearSlidingSurface::test_initialization_insufficient_gains [32mPASSED[0m[31m [ 39%][0m
tests/test_controllers/smc/core/test_sliding_surface.py::TestLinearSlidingSurface::test_initialization_zero_gains_rejected [32mPASSED[0m[31m [ 39%][0m
tests/test_controllers/smc/core/test_sliding_surface.py::TestLinearSlidingSurface::test_initialization_negative_gains_rejected [32mPASSED[0m[31m [ 39%][0m
tests/test_controllers/smc/core/test_sliding_surface.py::TestLinearSlidingSurface::test_compute_basic_functionality [32mPASSED[0m[31m [ 39%][0m
tests/test_controllers/smc/core/test_sliding_surface.py::TestLinearSlidingSurface::test_compute_zero_state [32mPASSED[0m[31m [ 39%][0m
tests/test_controllers/smc/core/test_sliding_surface.py::TestLinearSlidingSurface::test_compute_insufficient_state_dimensions [32mPASSED[0m[31m [ 40%][0m
tests/test_controllers/smc/core/test_sliding_surface.py::TestLinearSlidingSurface::test_compute_positive_angles [32mPASSED[0m[31m [ 40%][0m
tests/test_controllers/smc/core/test_sliding_surface.py::TestLinearSlidingSurface::test_compute_negative_angles [32mPASSED[0m[31m [ 40%][0m
tests/test_controllers/smc/core/test_sliding_surface.py::TestLinearSlidingSurface::test_compute_derivative_basic [32mPASSED[0m[31m [ 40%][0m
tests/test_controllers/smc/core/test_sliding_surface.py::TestLinearSlidingSurface::test_compute_derivative_zero_state_dot [32mPASSED[0m[31m [ 40%][0m
tests/test_controllers/smc/core/test_sliding_surface.py::TestLinearSlidingSurface::test_compute_derivative_insufficient_dimensions [32mPASSED[0m[31m [ 40%][0m
tests/test_controllers/smc/core/test_sliding_surface.py::TestLinearSlidingSurface::test_get_coefficients [32mPASSED[0m[31m [ 40%][0m
tests/test_controllers/smc/core/test_sliding_surface.py::TestLinearSlidingSurface::test_linearity_property [32mPASSED[0m[31m [ 40%][0m
tests/test_controllers/smc/core/test_sliding_surface.py::TestLinearSlidingSurface::test_scaling_property [32mPASSED[0m[31m [ 40%][0m
tests/test_controllers/smc/core/test_sliding_surface.py::TestLinearSlidingSurface::test_extra_gains_ignored [32mPASSED[0m[31m [ 40%][0m
tests/test_controllers/smc/core/test_sliding_surface.py::TestHigherOrderSlidingSurface::test_initialization_order_2 [32mPASSED[0m[31m [ 40%][0m
tests/test_controllers/smc/core/test_sliding_surface.py::TestHigherOrderSlidingSurface::test_initialization_invalid_order [32mPASSED[0m[31m [ 40%][0m
tests/test_controllers/smc/core/test_sliding_surface.py::TestHigherOrderSlidingSurface::test_initialization_insufficient_gains_for_order [32mPASSED[0m[31m [ 40%][0m
tests/test_controllers/smc/core/test_sliding_surface.py::TestHigherOrderSlidingSurface::test_initialization_negative_gains_rejected [32mPASSED[0m[31m [ 40%][0m
tests/test_controllers/smc/core/test_sliding_surface.py::TestHigherOrderSlidingSurface::test_compute_falls_back_to_linear [32mPASSED[0m[31m [ 40%][0m
tests/test_controllers/smc/core/test_sliding_surface.py::TestHigherOrderSlidingSurface::test_compute_derivative_falls_back_to_linear [32mPASSED[0m[31m [ 40%][0m
tests/test_controllers/smc/core/test_sliding_surface.py::TestHigherOrderSlidingSurface::test_insufficient_gains_returns_zero [32mPASSED[0m[31m [ 41%][0m
tests/test_controllers/smc/core/test_sliding_surface.py::TestCreateSlidingSurfaceFactory::test_create_linear_surface [32mPASSED[0m[31m [ 41%][0m
tests/test_controllers/smc/core/test_sliding_surface.py::TestCreateSlidingSurfaceFactory::test_create_higher_order_surface [32mPASSED[0m[31m [ 41%][0m
tests/test_controllers/smc/core/test_sliding_surface.py::TestCreateSlidingSurfaceFactory::test_create_higher_order_surface_alternative_name [32mPASSED[0m[31m [ 41%][0m
tests/test_controllers/smc/core/test_sliding_surface.py::TestCreateSlidingSurfaceFactory::test_case_insensitive_surface_type [32mPASSED[0m[31m [ 41%][0m
tests/test_controllers/smc/core/test_sliding_surface.py::TestCreateSlidingSurfaceFactory::test_unknown_surface_type_error [32mPASSED[0m[31m [ 41%][0m
tests/test_controllers/smc/core/test_sliding_surface.py::TestSlidingSurfaceMathematicalProperties::test_surface_zero_at_equilibrium [32mPASSED[0m[31m [ 41%][0m
tests/test_controllers/smc/core/test_sliding_surface.py::TestSlidingSurfaceMathematicalProperties::test_surface_symmetry [32mPASSED[0m[31m [ 41%][0m
tests/test_controllers/smc/core/test_sliding_surface.py::TestSlidingSurfaceMathematicalProperties::test_surface_continuity [32mPASSED[0m[31m [ 41%][0m
tests/test_controllers/smc/core/test_sliding_surface.py::TestSlidingSurfaceMathematicalProperties::test_derivative_consistency [32mPASSED[0m[31m [ 41%][0m
tests/test_controllers/smc/core/test_sliding_surface.py::TestSlidingSurfaceMathematicalProperties::test_large_state_values [32mPASSED[0m[31m [ 41%][0m
tests/test_controllers/smc/core/test_sliding_surface.py::TestSlidingSurfaceMathematicalProperties::test_very_small_state_values [32mPASSED[0m[31m [ 41%][0m
tests/test_controllers/smc/core/test_sliding_surface.py::TestSlidingSurfaceMathematicalProperties::test_nan_state_handling [32mPASSED[0m[31m [ 41%][0m
tests/test_controllers/smc/core/test_sliding_surface.py::TestSlidingSurfaceMathematicalProperties::test_infinite_state_handling [32mPASSED[0m[31m [ 41%][0m
tests/test_controllers/smc/core/test_switching_functions.py::TestSwitchingMethod::test_enum_values [32mPASSED[0m[31m [ 41%][0m
tests/test_controllers/smc/core/test_switching_functions.py::TestSwitchingMethod::test_enum_completeness [32mPASSED[0m[31m [ 42%][0m
tests/test_controllers/smc/core/test_switching_functions.py::TestSwitchingFunctionClass::test_initialization_with_string [32mPASSED[0m[31m [ 42%][0m
tests/test_controllers/smc/core/test_switching_functions.py::TestSwitchingFunctionClass::test_initialization_with_enum [32mPASSED[0m[31m [ 42%][0m
tests/test_controllers/smc/core/test_switching_functions.py::TestSwitchingFunctionClass::test_initialization_case_insensitive [32mPASSED[0m[31m [ 42%][0m
tests/test_controllers/smc/core/test_switching_functions.py::TestSwitchingFunctionClass::test_initialization_default_method [32mPASSED[0m[31m [ 42%][0m
tests/test_controllers/smc/core/test_switching_functions.py::TestSwitchingFunctionClass::test_initialization_invalid_method [32mPASSED[0m[31m [ 42%][0m
tests/test_controllers/smc/core/test_switching_functions.py::TestSwitchingFunctionClass::test_tanh_switching_basic [31mFAILED[0m[31m [ 42%][0m
tests/test_controllers/smc/core/test_switching_functions.py::TestSwitchingFunctionClass::test_tanh_switching_zero_surface [32mPASSED[0m[31m [ 42%][0m
tests/test_controllers/smc/core/test_switching_functions.py::TestSwitchingFunctionClass::test_tanh_switching_zero_epsilon [32mPASSED[0m[31m [ 42%][0m
tests/test_controllers/smc/core/test_switching_functions.py::TestSwitchingFunctionClass::test_tanh_switching_large_surface [32mPASSED[0m[31m [ 42%][0m
tests/test_controllers/smc/core/test_switching_functions.py::TestSwitchingFunctionClass::test_linear_switching_basic [32mPASSED[0m[31m [ 42%][0m
tests/test_controllers/smc/core/test_switching_functions.py::TestSwitchingFunctionClass::test_linear_switching_saturation [32mPASSED[0m[31m [ 42%][0m
tests/test_controllers/smc/core/test_switching_functions.py::TestSwitchingFunctionClass::test_linear_switching_zero_epsilon [32mPASSED[0m[31m [ 42%][0m
tests/test_controllers/smc/core/test_switching_functions.py::TestSwitchingFunctionClass::test_sign_switching_basic [32mPASSED[0m[31m [ 42%][0m
tests/test_controllers/smc/core/test_switching_functions.py::TestSwitchingFunctionClass::test_sign_switching_ignores_epsilon [32mPASSED[0m[31m [ 42%][0m
tests/test_controllers/smc/core/test_switching_functions.py::TestSwitchingFunctionClass::test_sigmoid_switching_basic [32mPASSED[0m[31m [ 43%][0m
tests/test_controllers/smc/core/test_switching_functions.py::TestSwitchingFunctionClass::test_sigmoid_switching_bounds [32mPASSED[0m[31m [ 43%][0m
tests/test_controllers/smc/core/test_switching_functions.py::TestSwitchingFunctionClass::test_sigmoid_switching_zero_epsilon [32mPASSED[0m[31m [ 43%][0m
tests/test_controllers/smc/core/test_switching_functions.py::TestSwitchingFunctionDerivatives::test_tanh_derivative_basic [32mPASSED[0m[31m [ 43%][0m
tests/test_controllers/smc/core/test_switching_functions.py::TestSwitchingFunctionDerivatives::test_tanh_derivative_zero_surface [32mPASSED[0m[31m [ 43%][0m
tests/test_controllers/smc/core/test_switching_functions.py::TestSwitchingFunctionDerivatives::test_tanh_derivative_zero_epsilon [32mPASSED[0m[31m [ 43%][0m
tests/test_controllers/smc/core/test_switching_functions.py::TestSwitchingFunctionDerivatives::test_linear_derivative_inside_boundary [32mPASSED[0m[31m [ 43%][0m
tests/test_controllers/smc/core/test_switching_functions.py::TestSwitchingFunctionDerivatives::test_linear_derivative_outside_boundary [32mPASSED[0m[31m [ 43%][0m
tests/test_controllers/smc/core/test_switching_functions.py::TestSwitchingFunctionDerivatives::test_linear_derivative_at_boundary [32mPASSED[0m[31m [ 43%][0m
tests/test_controllers/smc/core/test_switching_functions.py::TestSwitchingFunctionDerivatives::test_sigmoid_derivative_basic [32mPASSED[0m[31m [ 43%][0m
tests/test_controllers/smc/core/test_switching_functions.py::TestSwitchingFunctionDerivatives::test_sigmoid_derivative_zero_surface [32mPASSED[0m[31m [ 43%][0m
tests/test_controllers/smc/core/test_switching_functions.py::TestSwitchingFunctionDerivatives::test_sign_derivative [32mPASSED[0m[31m [ 43%][0m
tests/test_controllers/smc/core/test_switching_functions.py::TestConvenienceFunctions::test_tanh_switching_function [31mFAILED[0m[31m [ 43%][0m
tests/test_controllers/smc/core/test_switching_functions.py::TestConvenienceFunctions::test_tanh_switching_zero_epsilon [32mPASSED[0m[31m [ 43%][0m
tests/test_controllers/smc/core/test_switching_functions.py::TestConvenienceFunctions::test_linear_switching_function [32mPASSED[0m[31m [ 43%][0m
tests/test_controllers/smc/core/test_switching_functions.py::TestConvenienceFunctions::test_linear_switching_zero_epsilon [32mPASSED[0m[31m [ 44%][0m
tests/test_controllers/smc/core/test_switching_functions.py::TestConvenienceFunctions::test_sign_switching_function [31mFAILED[0m[31m [ 44%][0m
tests/test_controllers/smc/core/test_switching_functions.py::TestConvenienceFunctions::test_sign_switching_ignores_epsilon [31mFAILED[0m[31m [ 44%][0m
tests/test_controllers/smc/core/test_switching_functions.py::TestAdaptiveBoundaryLayer::test_adaptive_boundary_basic [32mPASSED[0m[31m [ 44%][0m
tests/test_controllers/smc/core/test_switching_functions.py::TestAdaptiveBoundaryLayer::test_adaptive_boundary_zero_derivative [32mPASSED[0m[31m [ 44%][0m
tests/test_controllers/smc/core/test_switching_functions.py::TestAdaptiveBoundaryLayer::test_adaptive_boundary_negative_derivative [32mPASSED[0m[31m [ 44%][0m
tests/test_controllers/smc/core/test_switching_functions.py::TestAdaptiveBoundaryLayer::test_adaptive_boundary_large_derivative [32mPASSED[0m[31m [ 44%][0m
tests/test_controllers/smc/core/test_switching_functions.py::TestPowerRateReachingLaw::test_power_rate_basic [32mPASSED[0m[31m [ 44%][0m
tests/test_controllers/smc/core/test_switching_functions.py::TestPowerRateReachingLaw::test_power_rate_zero_surface [32mPASSED[0m[31m [ 44%][0m
tests/test_controllers/smc/core/test_switching_functions.py::TestPowerRateReachingLaw::test_power_rate_negative_surface [32mPASSED[0m[31m [ 44%][0m
tests/test_controllers/smc/core/test_switching_functions.py::TestPowerRateReachingLaw::test_power_rate_alpha_one [32mPASSED[0m[31m [ 44%][0m
tests/test_controllers/smc/core/test_switching_functions.py::TestPowerRateReachingLaw::test_power_rate_small_alpha [32mPASSED[0m[31m [ 44%][0m
tests/test_controllers/smc/core/test_switching_functions.py::TestPowerRateReachingLaw::test_power_rate_invalid_K [32mPASSED[0m[31m [ 44%][0m
tests/test_controllers/smc/core/test_switching_functions.py::TestPowerRateReachingLaw::test_power_rate_invalid_alpha [32mPASSED[0m[31m [ 44%][0m
tests/test_controllers/smc/core/test_switching_functions.py::TestPowerRateReachingLaw::test_power_rate_boundary_alpha [32mPASSED[0m[31m [ 44%][0m
tests/test_controllers/smc/core/test_switching_functions.py::TestSwitchingFunctionNumericalProperties::test_switching_function_bounds [32mPASSED[0m[31m [ 44%][0m
tests/test_controllers/smc/core/test_switching_functions.py::TestSwitchingFunctionNumericalProperties::test_switching_function_continuity [32mPASSED[0m[31m [ 45%][0m
tests/test_controllers/smc/core/test_switching_functions.py::TestSwitchingFunctionNumericalProperties::test_switching_function_monotonicity [32mPASSED[0m[31m [ 45%][0m
tests/test_controllers/smc/core/test_switching_functions.py::TestSwitchingFunctionNumericalProperties::test_switching_function_antisymmetry [32mPASSED[0m[31m [ 45%][0m
tests/test_controllers/smc/core/test_switching_functions.py::TestSwitchingFunctionNumericalProperties::test_epsilon_scaling_effects [32mPASSED[0m[31m [ 45%][0m
tests/test_controllers/smc/test_hybrid_adaptive_sta_smc.py::TestSatTanhFunction::test_sat_tanh_positive [32mPASSED[0m[31m [ 45%][0m
tests/test_controllers/smc/test_hybrid_adaptive_sta_smc.py::TestSatTanhFunction::test_sat_tanh_negative [32mPASSED[0m[31m [ 45%][0m
tests/test_controllers/smc/test_hybrid_adaptive_sta_smc.py::TestSatTanhFunction::test_sat_tanh_zero [32mPASSED[0m[31m [ 45%][0m
tests/test_controllers/smc/test_hybrid_adaptive_sta_smc.py::TestSatTanhFunction::test_sat_tanh_width_effect [32mPASSED[0m[31m [ 45%][0m
tests/test_controllers/smc/test_hybrid_adaptive_sta_smc.py::TestSatTanhFunction::test_sat_tanh_width_protection [32mPASSED[0m[31m [ 45%][0m
tests/test_controllers/smc/test_hybrid_adaptive_sta_smc.py::TestSatTanhFunction::test_sat_tanh_symmetry [32mPASSED[0m[31m [ 45%][0m
tests/test_controllers/smc/test_hybrid_adaptive_sta_smc.py::TestHybridAdaptiveSTASMCInitialization::test_basic_initialization [31mFAILED[0m[31m [ 45%][0m
tests/test_controllers/smc/test_hybrid_adaptive_sta_smc.py::TestHybridAdaptiveSTASMCInitialization::test_initialization_with_surface_gains [31mFAILED[0m[31m [ 45%][0m
tests/test_controllers/smc/test_hybrid_adaptive_sta_smc.py::TestHybridAdaptiveSTASMCInitialization::test_initialization_with_cart_gains [31mFAILED[0m[31m [ 45%][0m
tests/test_controllers/smc/test_hybrid_adaptive_sta_smc.py::TestHybridAdaptiveSTASMCInitialization::test_initialization_with_adaptation_params [31mFAILED[0m[31m [ 45%][0m
tests/test_controllers/smc/test_hybrid_adaptive_sta_smc.py::TestHybridAdaptiveSTASMCInitialization::test_initialization_with_boundary_params [31mFAILED[0m[31m [ 45%][0m
tests/test_controllers/smc/test_hybrid_adaptive_sta_smc.py::TestHybridAdaptiveSTASMCInitialization::test_initialization_with_surface_type [31mFAILED[0m[31m [ 46%][0m
tests/test_controllers/smc/test_hybrid_adaptive_sta_smc.py::TestHybridAdaptiveSTASMCInitialization::test_invalid_surface_gains [31mFAILED[0m[31m [ 46%][0m
tests/test_controllers/smc/test_hybrid_adaptive_sta_smc.py::TestHybridAdaptiveSTASMCInitialization::test_invalid_adaptation_gains [31mFAILED[0m[31m [ 46%][0m
tests/test_controllers/smc/test_hybrid_adaptive_sta_smc.py::TestHybridAdaptiveSTASMCInitialization::test_boundary_layer_validation [31mFAILED[0m[31m [ 46%][0m
tests/test_controllers/smc/test_hybrid_adaptive_sta_smc.py::TestHybridAdaptiveSTASMCComputeControl::test_compute_control_equilibrium [31mERROR[0m[31m [ 46%][0m
tests/test_controllers/smc/test_hybrid_adaptive_sta_smc.py::TestHybridAdaptiveSTASMCComputeControl::test_compute_control_perturbed [31mERROR[0m[31m [ 46%][0m
tests/test_controllers/smc/test_hybrid_adaptive_sta_smc.py::TestHybridAdaptiveSTASMCComputeControl::test_compute_control_large_error [31mERROR[0m[31m [ 46%][0m
tests/test_controllers/smc/test_hybrid_adaptive_sta_smc.py::TestHybridAdaptiveSTASMCComputeControl::test_compute_control_history_tracking [31mERROR[0m[31m [ 46%][0m
tests/test_controllers/smc/test_hybrid_adaptive_sta_smc.py::TestHybridAdaptiveSTASMCComputeControl::test_control_continuity [31mERROR[0m[31m [ 46%][0m
tests/test_controllers/smc/test_hybrid_adaptive_sta_smc.py::TestHybridAdaptiveSTASMCComputeControl::test_adaptation_mechanism [31mERROR[0m[31m [ 46%][0m
tests/test_controllers/smc/test_hybrid_adaptive_sta_smc.py::TestHybridAdaptiveSTASMCComputeControl::test_equivalent_control_toggle [31mFAILED[0m[31m [ 46%][0m
tests/test_controllers/smc/test_hybrid_adaptive_sta_smc.py::TestHybridAdaptiveSTASMCComputeControl::test_cart_control_toggle [31mFAILED[0m[31m [ 46%][0m
tests/test_controllers/smc/test_hybrid_adaptive_sta_smc.py::TestHybridAdaptiveSTASMCComputeControl::test_relative_vs_absolute_surface [31mFAILED[0m[31m [ 46%][0m
tests/test_controllers/smc/test_hybrid_adaptive_sta_smc.py::TestHybridAdaptiveSTASMCMathematicalProperties::test_sliding_surface_linearity [31mERROR[0m[31m [ 46%][0m
tests/test_controllers/smc/test_hybrid_adaptive_sta_smc.py::TestHybridAdaptiveSTASMCMathematicalProperties::test_lyapunov_stability_requirements [31mERROR[0m[31m [ 46%][0m
tests/test_controllers/smc/test_hybrid_adaptive_sta_smc.py::TestHybridAdaptiveSTASMCMathematicalProperties::test_finite_time_convergence_property [31mERROR[0m[31m [ 47%][0m
tests/test_controllers/smc/test_hybrid_adaptive_sta_smc.py::TestHybridAdaptiveSTASMCMathematicalProperties::test_chattering_reduction [31mERROR[0m[31m [ 47%][0m
tests/test_controllers/smc/test_hybrid_adaptive_sta_smc.py::TestHybridAdaptiveSTASMCEdgeCases::test_zero_state [31mFAILED[0m[31m [ 47%][0m
tests/test_controllers/smc/test_hybrid_adaptive_sta_smc.py::TestHybridAdaptiveSTASMCEdgeCases::test_large_state [31mFAILED[0m[31m [ 47%][0m
tests/test_controllers/smc/test_hybrid_adaptive_sta_smc.py::TestHybridAdaptiveSTASMCEdgeCases::test_invalid_state_dimension [31mFAILED[0m[31m [ 47%][0m
tests/test_controllers/smc/test_hybrid_adaptive_sta_smc.py::TestHybridAdaptiveSTASMCEdgeCases::test_nan_state [31mFAILED[0m[31m [ 47%][0m
tests/test_controllers/smc/test_hybrid_adaptive_sta_smc.py::TestHybridAdaptiveSTASMCEdgeCases::test_inf_state [31mFAILED[0m[31m [ 47%][0m
tests/test_controllers/smc/test_hybrid_adaptive_sta_smc.py::TestHybridAdaptiveSTASMCEdgeCases::test_extreme_adaptation_rates [31mFAILED[0m[31m [ 47%][0m
tests/test_controllers/smc/test_hybrid_adaptive_sta_smc.py::TestHybridAdaptiveSTASMCEdgeCases::test_boundary_layer_edge_cases [31mFAILED[0m[31m [ 47%][0m
tests/test_controllers/smc/test_hybrid_adaptive_sta_smc.py::TestHybridAdaptiveSTASMCOutput::test_output_structure [31mERROR[0m[31m [ 47%][0m
tests/test_controllers/smc/test_hybrid_adaptive_sta_smc.py::TestHybridAdaptiveSTASMCOutput::test_output_additional_info [31mERROR[0m[31m [ 47%][0m
tests/test_controllers/smc/test_hybrid_adaptive_sta_smc.py::TestHybridAdaptiveSTASMCOutput::test_output_consistency [31mERROR[0m[31m [ 47%][0m
tests/test_controllers/smc/test_hybrid_adaptive_sta_smc.py::TestDeprecationHandling::test_use_equivalent_deprecation [32mPASSED[0m[31m [ 47%][0m
tests/test_controllers/smc/test_hybrid_adaptive_sta_smc.py::TestDeprecationHandling::test_legacy_parameter_compatibility [32mPASSED[0m[31m [ 47%][0m
tests/test_controllers/smc/test_hybrid_adaptive_sta_smc.py::TestHybridAdaptiveSTASMCIntegration::test_controller_factory_integration [32mPASSED[0m[31m [ 47%][0m
tests/test_controllers/smc/test_hybrid_adaptive_sta_smc.py::TestHybridAdaptiveSTASMCIntegration::test_simulation_integration [32mPASSED[0m[31m [ 48%][0m
tests/test_controllers/smc/test_hybrid_adaptive_sta_smc.py::TestHybridAdaptiveSTASMCIntegration::test_pso_optimization_integration [32mPASSED[0m[31m [ 48%][0m
tests/test_controllers/smc/test_module_structure.py::TestSMCFixtureImportResolution::test_smc_fixture_import_resolution [32mPASSED[0m[31m [ 48%][0m
tests/test_controllers/smc/test_module_structure.py::TestSMCFixtureImportResolution::test_smc_controller_class_availability [32mPASSED[0m[31m [ 48%][0m
tests/test_controllers/smc/test_module_structure.py::TestSMCFixtureImportResolution::test_factory_import_compatibility [31mFAILED[0m[31m [ 48%][0m
tests/test_controllers/smc/test_module_structure.py::TestSMCAlgorithmBaseClassConsistency::test_smc_algorithm_base_class_consistency [32mPASSED[0m[31m [ 48%][0m
tests/test_controllers/smc/test_module_structure.py::TestSMCAlgorithmBaseClassConsistency::test_smc_algorithm_initialization_compatibility [32mPASSED[0m[31m [ 48%][0m
tests/test_controllers/smc/test_module_structure.py::TestSMCControlComputationInterfaces::test_smc_control_computation_interfaces [33mSKIPPED[0m[31m [ 48%][0m
tests/test_controllers/smc/test_module_structure.py::TestSMCControlComputationInterfaces::test_smc_control_output_consistency [33mSKIPPED[0m[31m [ 48%][0m
tests/test_controllers/smc/test_module_structure.py::TestSMCAdaptiveParameterValidation::test_smc_adaptive_parameter_validation [33mSKIPPED[0m[31m [ 48%][0m
tests/test_controllers/smc/test_module_structure.py::test_smc_import_performance [33mSKIPPED[0m[31m [ 48%][0m
tests/test_controllers/specialized/test_swing_up_smc.py::test_initial_mode_and_control [32mPASSED[0m[31m [ 48%][0m
tests/test_controllers/specialized/test_swing_up_smc.py::test_switch_to_stabilize [32mPASSED[0m[31m [ 48%][0m
tests/test_controllers/specialized/test_swing_up_smc.py::test_hysteresis_transition [32mPASSED[0m[31m [ 48%][0m
tests/test_controllers/test_controller_basics.py::test_sta_smc_state_vars_signature [31mFAILED[0m[31m [ 48%][0m
tests/test_controllers/test_controller_basics.py::test_create_controller_types[classical_smc-ClassicalSMC-gains0] [32mPASSED[0m[31m [ 48%][0m
tests/test_controllers/test_controller_basics.py::test_create_controller_types[sta_smc-SuperTwistingSMC-gains1] [32mPASSED[0m[31m [ 49%][0m
tests/test_controllers/test_controller_basics.py::test_create_controller_types[adaptive_smc-AdaptiveSMC-gains2] [32mPASSED[0m[31m [ 49%][0m
tests/test_controllers/test_controller_basics.py::test_create_controller_invalid_name [32mPASSED[0m[31m [ 49%][0m
tests/test_controllers/test_modular_smc.py::TestModularClassicalSMC::test_controller_initialization [32mPASSED[0m[31m [ 49%][0m
tests/test_controllers/test_modular_smc.py::TestModularClassicalSMC::test_config_validation [32mPASSED[0m[31m [ 49%][0m
tests/test_controllers/test_modular_smc.py::TestModularClassicalSMC::test_sliding_surface_computation [32mPASSED[0m[31m [ 49%][0m
tests/test_controllers/test_modular_smc.py::TestModularClassicalSMC::test_control_computation [32mPASSED[0m[31m [ 49%][0m
tests/test_controllers/test_modular_smc.py::TestModularAdaptiveSMC::test_adaptation_law_initialization [32mPASSED[0m[31m [ 49%][0m
tests/test_controllers/test_modular_smc.py::TestModularAdaptiveSMC::test_uncertainty_estimator [31mFAILED[0m[31m [ 49%][0m
tests/test_controllers/test_modular_smc.py::TestModularAdaptiveSMC::test_adaptive_control_computation [32mPASSED[0m[31m [ 49%][0m
tests/test_controllers/test_modular_smc.py::TestModularAdaptiveSMC::test_parameter_adaptation [32mPASSED[0m[31m [ 49%][0m
tests/test_controllers/test_modular_smc.py::TestModularSuperTwistingSMC::test_twisting_algorithm_initialization [32mPASSED[0m[31m [ 49%][0m
tests/test_controllers/test_modular_smc.py::TestModularSuperTwistingSMC::test_super_twisting_control_computation [32mPASSED[0m[31m [ 49%][0m
tests/test_controllers/test_modular_smc.py::TestModularSuperTwistingSMC::test_finite_time_convergence_properties [32mPASSED[0m[31m [ 49%][0m
tests/test_controllers/test_modular_smc.py::TestModularHybridSMC::test_switching_logic_initialization [31mFAILED[0m[31m [ 49%][0m
tests/test_controllers/test_modular_smc.py::TestModularHybridSMC::test_controller_switching [32mPASSED[0m[31m [ 50%][0m
tests/test_controllers/test_modular_smc.py::TestModularHybridSMC::test_hybrid_control_computation [32mPASSED[0m[31m [ 50%][0m
tests/test_controllers/test_modular_smc.py::TestPackageImports::test_classical_smc_imports [32mPASSED[0m[31m [ 50%][0m
tests/test_controllers/test_modular_smc.py::TestPackageImports::test_adaptive_smc_imports [32mPASSED[0m[31m [ 50%][0m
tests/test_controllers/test_modular_smc.py::TestPackageImports::test_super_twisting_smc_imports [32mPASSED[0m[31m [ 50%][0m
tests/test_controllers/test_modular_smc.py::TestPackageImports::test_hybrid_smc_imports [32mPASSED[0m[31m [ 50%][0m
tests/test_controllers/test_modular_smc.py::TestPackageImports::test_main_package_imports [32mPASSED[0m[31m [ 50%][0m
tests/test_controllers/test_modular_smc.py::TestComponentIntegration::test_sliding_surface_integration [31mFAILED[0m[31m [ 50%][0m
tests/test_controllers/test_modular_smc.py::TestComponentIntegration::test_gain_validation_integration [32mPASSED[0m[31m [ 50%][0m
tests/test_controllers/test_modular_smc.py::TestComponentIntegration::test_control_bounds_integration [32mPASSED[0m[31m [ 50%][0m
tests/test_controllers/test_modular_smc.py::TestModularSMCProperties::test_controller_scalability[2] [31mFAILED[0m[31m [ 50%][0m
tests/test_controllers/test_modular_smc.py::TestModularSMCProperties::test_time_step_robustness[0.001] [32mPASSED[0m[31m [ 50%][0m
tests/test_controllers/test_modular_smc.py::TestModularSMCProperties::test_time_step_robustness[0.01] [32mPASSED[0m[31m [ 50%][0m
tests/test_controllers/test_modular_smc.py::TestModularSMCProperties::test_time_step_robustness[0.1] [32mPASSED[0m[31m [ 50%][0m
tests/test_controllers/test_modular_smc.py::TestModularSMCProperties::test_noise_robustness[0.0] [32mPASSED[0m[31m [ 50%][0m
tests/test_controllers/test_modular_smc.py::TestModularSMCProperties::test_noise_robustness[0.01] [32mPASSED[0m[31m [ 51%][0m
tests/test_controllers/test_modular_smc.py::TestModularSMCProperties::test_noise_robustness[0.1] [32mPASSED[0m[31m [ 51%][0m
tests/test_controllers/test_smc_guardrails_consolidated.py::test_smc_guardrails_and_smokes [31mFAILED[0m[31m [ 51%][0m
tests/test_integration/test_cross_mission_integration.py::TestCrossMissionIntegration::test_mission_foundations_integration [32mPASSED[0m[31m [ 51%][0m
tests/test_integration/test_cross_mission_integration.py::TestCrossMissionIntegration::test_analysis_pipeline_integration [32mPASSED[0m[31m [ 51%][0m
tests/test_integration/test_cross_mission_integration.py::TestCrossMissionIntegration::test_benchmark_infrastructure_integration [32mPASSED[0m[31m [ 51%][0m
tests/test_integration/test_cross_mission_integration.py::TestCrossMissionIntegration::test_production_readiness_integration [32mPASSED[0m[31m [ 51%][0m
tests/test_integration/test_cross_mission_integration.py::TestCrossMissionIntegration::test_end_to_end_workflow_integration [32mPASSED[0m[31m [ 51%][0m
tests/test_integration/test_cross_mission_integration.py::TestCrossMissionIntegration::test_cli_integration [32mPASSED[0m[31m [ 51%][0m
tests/test_integration/test_cross_mission_integration.py::TestCrossMissionIntegration::test_comprehensive_integration_validation [32mPASSED[0m[31m [ 51%][0m
tests/test_integration/test_cross_mission_integration.py::TestCrossMissionIntegration::test_integration_report_generation [32mPASSED[0m[31m [ 51%][0m
tests/test_integration/test_cross_mission_integration.py::TestCrossMissionIntegration::test_mission_10_success_criteria [32mPASSED[0m[31m [ 51%][0m
tests/test_integration/test_end_to_end/test_integration_end_to_end_deep.py::TestSystemIntegration::test_complete_smc_workflow [32mPASSED[0m[31m [ 51%][0m
tests/test_integration/test_end_to_end/test_integration_end_to_end_deep.py::TestSystemIntegration::test_controller_comparison_integration [31mFAILED[0m[31m [ 51%][0m
tests/test_integration/test_end_to_end/test_integration_end_to_end_deep.py::TestSystemIntegration::test_disturbance_rejection_integration [32mPASSED[0m[31m [ 51%][0m
tests/test_integration/test_end_to_end/test_integration_end_to_end_deep.py::TestSystemIntegration::test_reference_tracking_integration [31mFAILED[0m[31m [ 52%][0m
tests/test_integration/test_end_to_end/test_integration_end_to_end_deep.py::TestSystemIntegration::test_parameter_variation_robustness [32mPASSED[0m[31m [ 52%][0m
tests/test_integration/test_end_to_end/test_integration_end_to_end_deep.py::TestEndToEndWorkflows::test_configuration_to_simulation_workflow [32mPASSED[0m[31m [ 52%][0m
tests/test_integration/test_end_to_end/test_integration_end_to_end_deep.py::TestEndToEndWorkflows::test_optimization_workflow_simulation [32mPASSED[0m[31m [ 52%][0m
tests/test_integration/test_end_to_end/test_integration_end_to_end_deep.py::TestEndToEndWorkflows::test_batch_simulation_workflow [31mFAILED[0m[31m [ 52%][0m
tests/test_integration/test_end_to_end/test_integration_end_to_end_deep.py::TestEndToEndWorkflows::test_configuration_file_workflow [32mPASSED[0m[31m [ 52%][0m
tests/test_integration/test_end_to_end/test_integration_end_to_end_deep.py::TestEndToEndWorkflows::test_real_time_simulation_workflow [32mPASSED[0m[31m [ 52%][0m
tests/test_integration/test_end_to_end_validation.py::TestEndToEndWorkflowValidation::test_cli_accessibility_validation [32mPASSED[0m[31m [ 52%][0m
tests/test_integration/test_end_to_end_validation.py::TestEndToEndWorkflowValidation::test_configuration_system_validation [32mPASSED[0m[31m [ 52%][0m
tests/test_integration/test_end_to_end_validation.py::TestEndToEndWorkflowValidation::test_simulation_execution_validation [32mPASSED[0m[31m [ 52%][0m
tests/test_integration/test_end_to_end_validation.py::TestEndToEndWorkflowValidation::test_web_interface_validation [32mPASSED[0m[31m [ 52%][0m
tests/test_integration/test_end_to_end_validation.py::TestEndToEndWorkflowValidation::test_testing_infrastructure_validation [32mPASSED[0m[31m [ 52%][0m
tests/test_integration/test_end_to_end_validation.py::TestEndToEndWorkflowValidation::test_comprehensive_validation [32mPASSED[0m[31m [ 52%][0m
tests/test_integration/test_end_to_end_validation.py::TestEndToEndWorkflowValidation::test_validation_report_generation [32mPASSED[0m[31m [ 52%][0m
tests/test_integration/test_end_to_end_validation.py::TestEndToEndWorkflowValidation::test_mission_10_end_to_end_success_criteria [32mPASSED[0m[31m [ 52%][0m
tests/test_integration/test_error_recovery/test_error_recovery_deep.py::TestBasicErrorRecovery::test_numerical_overflow_recovery [32mPASSED[0m[31m [ 52%][0m
tests/test_integration/test_error_recovery/test_error_recovery_deep.py::TestBasicErrorRecovery::test_invalid_input_recovery [32mPASSED[0m[31m [ 53%][0m
tests/test_integration/test_error_recovery/test_error_recovery_deep.py::TestBasicErrorRecovery::test_division_by_zero_recovery [32mPASSED[0m[31m [ 53%][0m
tests/test_integration/test_error_recovery/test_error_recovery_deep.py::TestBasicErrorRecovery::test_matrix_singular_recovery [32mPASSED[0m[31m [ 53%][0m
tests/test_integration/test_error_recovery/test_error_recovery_deep.py::TestBasicErrorRecovery::test_timeout_recovery [32mPASSED[0m[31m [ 53%][0m
tests/test_integration/test_error_recovery/test_error_recovery_deep.py::TestAdvancedErrorRecovery::test_cascading_error_recovery [31mFAILED[0m[31m [ 53%][0m
tests/test_integration/test_error_recovery/test_error_recovery_deep.py::TestAdvancedErrorRecovery::test_error_recovery_under_load [32mPASSED[0m[31m [ 53%][0m
tests/test_integration/test_error_recovery/test_error_recovery_deep.py::TestAdvancedErrorRecovery::test_memory_error_recovery [32mPASSED[0m[31m [ 53%][0m
tests/test_integration/test_error_recovery/test_error_recovery_deep.py::TestAdvancedErrorRecovery::test_communication_error_simulation [31mFAILED[0m[31m [ 53%][0m
tests/test_integration/test_error_recovery/test_error_recovery_deep.py::TestAdvancedErrorRecovery::test_error_recovery_strategies_prioritization [32mPASSED[0m[31m [ 53%][0m
tests/test_integration/test_error_recovery/test_error_recovery_deep.py::TestAdvancedErrorRecovery::test_system_degradation_and_recovery [31mFAILED[0m[31m [ 53%][0m
tests/test_integration/test_error_recovery/test_error_recovery_deep.py::TestSystemResilience::test_multiple_controller_fault_tolerance [32mPASSED[0m[31m [ 53%][0m
tests/test_integration/test_error_recovery/test_error_recovery_deep.py::TestSystemResilience::test_graceful_degradation [32mPASSED[0m[31m [ 53%][0m
tests/test_integration/test_error_recovery/test_error_recovery_deep.py::TestSystemResilience::test_error_recovery_documentation [32mPASSED[0m[31m [ 53%][0m
tests/test_integration/test_integration_regression_detection.py::TestSystemRegressionDetection::test_performance_baseline_creation [32mPASSED[0m[31m [ 53%][0m
tests/test_integration/test_integration_regression_detection.py::TestSystemRegressionDetection::test_regression_alert_generation [32mPASSED[0m[31m [ 53%][0m
tests/test_integration/test_integration_regression_detection.py::TestSystemRegressionDetection::test_cli_performance_regression [32mPASSED[0m[31m [ 54%][0m
tests/test_integration/test_integration_regression_detection.py::TestSystemRegressionDetection::test_configuration_loading_regression [32mPASSED[0m[31m [ 54%][0m
tests/test_integration/test_integration_regression_detection.py::TestSystemRegressionDetection::test_integration_regression [32mPASSED[0m[31m [ 54%][0m
tests/test_integration/test_integration_regression_detection.py::TestSystemRegressionDetection::test_system_stability_regression [32mPASSED[0m[31m [ 54%][0m
tests/test_integration/test_integration_regression_detection.py::TestSystemRegressionDetection::test_comprehensive_regression_detection [32mPASSED[0m[31m [ 54%][0m
tests/test_integration/test_integration_regression_detection.py::TestSystemRegressionDetection::test_regression_report_generation [32mPASSED[0m[31m [ 54%][0m
tests/test_integration/test_integration_regression_detection.py::TestSystemRegressionDetection::test_mission_10_regression_detection_criteria [31mFAILED[0m[31m [ 54%][0m
tests/test_integration/test_memory_management/test_memory_resource_deep.py::TestMemoryUsage::test_controller_memory_baseline [32mPASSED[0m[31m [ 54%][0m
tests/test_integration/test_memory_management/test_memory_resource_deep.py::TestMemoryUsage::test_memory_leak_detection [31mFAILED[0m[31m [ 54%][0m
tests/test_integration/test_memory_management/test_memory_resource_deep.py::TestMemoryUsage::test_large_batch_memory_efficiency [32mPASSED[0m[31m [ 54%][0m
tests/test_integration/test_memory_management/test_memory_resource_deep.py::TestMemoryUsage::test_memory_fragmentation_analysis [32mPASSED[0m[31m [ 54%][0m
tests/test_integration/test_memory_management/test_memory_resource_deep.py::TestMemoryUsage::test_memory_pressure_handling [32mPASSED[0m[31m [ 54%][0m
tests/test_integration/test_memory_management/test_memory_resource_deep.py::TestResourceManagement::test_cpu_usage_monitoring [32mPASSED[0m[31m [ 54%][0m
tests/test_integration/test_memory_management/test_memory_resource_deep.py::TestResourceManagement::test_garbage_collection_monitoring [32mPASSED[0m[31m [ 54%][0m
tests/test_integration/test_memory_management/test_memory_resource_deep.py::TestResourceManagement::test_file_descriptor_usage [32mPASSED[0m[31m [ 54%][0m
tests/test_integration/test_memory_management/test_memory_resource_deep.py::TestResourceManagement::test_thread_local_resource_usage [32mPASSED[0m[31m [ 55%][0m
tests/test_integration/test_memory_management/test_memory_resource_deep.py::TestMemoryOptimization::test_numpy_memory_optimization [32mPASSED[0m[31m [ 55%][0m
tests/test_integration/test_memory_management/test_memory_resource_deep.py::TestMemoryOptimization::test_memory_pool_usage [32mPASSED[0m[31m [ 55%][0m
tests/test_integration/test_memory_management/test_memory_resource_deep.py::TestMemoryOptimization::test_sparse_matrix_memory_efficiency [32mPASSED[0m[31m [ 55%][0m
tests/test_integration/test_memory_management/test_memory_resource_deep.py::test_smc_memory_leak_detection [31mFAILED[0m[31m [ 55%][0m
tests/test_integration/test_memory_management/test_memory_resource_deep.py::test_smc_8hour_continuous_operation 