<?xml version="1.0" encoding="utf-8"?><testsuites><testsuite name="pytest" errors="0" failures="1" skipped="2" tests="26" time="10.276" timestamp="2025-09-29T16:57:46.332452+03:30" hostname="SadeQ"><testcase classname="" name="tests.test_app.test_documentation.test_linkcode" time="0.000"><skipped message="collection skipped">('D:\\Projects\\main\\tests\\test_app\\test_documentation\\test_linkcode.py', 19, 'Skipped: Sphinx conf.py not available')</skipped></testcase><testcase classname="" name="tests.test_benchmarks.integration.test_benchmark_workflows" time="0.000"><skipped message="collection skipped">('D:\\Projects\\main\\tests\\test_benchmarks\\integration\\test_benchmark_workflows.py', 59, 'Skipped: Benchmark infrastructure not available: attempted relative import with no known parent package')</skipped></testcase><testcase classname="tests.config_validation.test_config_validation.TestUnknownKeyValidation" name="test_single_unknown_key_physics" time="0.083" /><testcase classname="tests.config_validation.test_config_validation.TestUnknownKeyValidation" name="test_multiple_unknown_keys_aggregated" time="0.030" /><testcase classname="tests.config_validation.test_config_validation.TestTypeValidation" name="test_single_wrong_type" time="0.027" /><testcase classname="tests.config_validation.test_config_validation.TestTypeValidation" name="test_multiple_wrong_types_aggregated" time="0.032" /><testcase classname="tests.config_validation.test_config_validation.TestPositiveValidation" name="test_minimal_valid_config" time="0.028" /><testcase classname="tests.config_validation.test_config_validation.TestPositiveValidation" name="test_full_config_loads" time="0.074" /><testcase classname="tests.config_validation.test_config_validation.TestMixedValidationErrors" name="test_unknown_keys_and_wrong_types_combined" time="0.025" /><testcase classname="tests.config_validation.test_config_validation.TestErrorMessageDeterminism" name="test_error_message_structure_consistent" time="0.034" /><testcase classname="tests.test_analysis.fault_detection.test_fdi" name="test_fdi_trips_after_persistence" time="0.003" /><testcase classname="tests.test_analysis.fault_detection.test_fdi" name="test_fdi_resets_counter_on_good_measurement" time="0.003" /><testcase classname="tests.test_analysis.fault_detection.test_fdi" name="test_fdi_no_false_alarm" time="0.001" /><testcase classname="tests.test_analysis.fault_detection.test_fdi" name="test_fdi_dt_validation" time="0.001" /><testcase classname="tests.test_analysis.fault_detection.test_fdi" name="test_residual_with_weights" time="0.002" /><testcase classname="tests.test_analysis.fault_detection.test_fdi" name="test_cusum_drift_detection" time="0.002" /><testcase classname="tests.test_analysis.fault_detection.test_fdi" name="test_cusum_reset_behavior" time="0.002" /><testcase classname="tests.test_analysis.fault_detection.test_fdi" name="test_history_recording" time="0.003" /><testcase classname="tests.test_analysis.fault_detection.test_fdi_infrastructure.TestFaultDetectionInterface" name="test_fault_detection_interface_protocol" time="0.001" /><testcase classname="tests.test_analysis.fault_detection.test_fdi_infrastructure.TestFaultDetectionInterface" name="test_fdi_system_implements_interface" time="0.001" /><testcase classname="tests.test_analysis.fault_detection.test_fdi_infrastructure.TestFaultDetectionInterface" name="test_dynamics_protocol_compliance" time="0.002" /><testcase classname="tests.test_analysis.fault_detection.test_fdi_infrastructure.TestResidualGeneration" name="test_basic_residual_generation" time="0.002" /><testcase classname="tests.test_analysis.fault_detection.test_fdi_infrastructure.TestResidualGeneration" name="test_residual_with_state_selection" time="0.003" /><testcase classname="tests.test_analysis.fault_detection.test_fdi_infrastructure.TestResidualGeneration" name="test_residual_with_weights" time="0.001" /><testcase classname="tests.test_analysis.fault_detection.test_fdi_infrastructure.TestResidualGeneration" name="test_residual_error_handling" time="0.001" /><testcase classname="tests.test_analysis.fault_detection.test_fdi_infrastructure.TestThresholdAdaptation" name="test_fixed_threshold_operation" time="0.004"><failure message="AssertionError: assert 'FAULT' == 'OK'&#10;  &#10;  - OK&#10;  + FAULT">tests\test_analysis\fault_detection\test_fdi_infrastructure.py:199: in test_fixed_threshold_operation
    assert status == "OK"
E   AssertionError: assert 'FAULT' == 'OK'
E     
E     - OK
E     + FAULT</failure></testcase></testsuite></testsuites>