C:\Users\sadeg\AppData\Roaming\Python\Python312\site-packages\sphinxcontrib\autoclassdiag.py:3: RemovedInSphinx90Warning: The alias 'sphinx.util.ExtensionError' is deprecated, use 'sphinx.errors.ExtensionError' instead. Check CHANGES for Sphinx API modifications.
  from sphinx.util import ExtensionError, import_object
[91mWARNING: autodoc: failed to import module 'core.dynamics' from module 'src'; the following exception was raised:
['Traceback (most recent call last):\n', '  File "C:\\Users\\sadeg\\AppData\\Roaming\\Python\\Python312\\site-packages\\sphinx\\ext\\autodoc\\importer.py", line 175, in import_module\n    module = importlib.import_module(modname)\n             ^^^^^^^^^^^^^^^^^^^^^^^^^^^^^^^^\n', '  File "C:\\Program Files\\Python312\\Lib\\importlib\\__init__.py", line 90, in import_module\n    return _bootstrap._gcd_import(name[level:], package, level)\n           ^^^^^^^^^^^^^^^^^^^^^^^^^^^^^^^^^^^^^^^^^^^^^^^^^^^^\n', '  File "<frozen importlib._bootstrap>", line 1387, in _gcd_import\n', '  File "<frozen importlib._bootstrap>", line 1360, in _find_and_load\n', '  File "<frozen importlib._bootstrap>", line 1331, in _find_and_load_unlocked\n', '  File "<frozen importlib._bootstrap>", line 935, in _load_unlocked\n', '  File "<frozen importlib._bootstrap_external>", line 995, in exec_module\n', '  File "<frozen importlib._bootstrap>", line 488, in _call_with_frames_removed\n', '  File "D:\\Projects\\main\\src\\core\\__init__.py", line 18, in <module>\n    from ..simulation.core.simulation_context import SimulationContext\n', '  File "D:\\Projects\\main\\src\\simulation\\__init__.py", line 22, in <module>\n    from .core import (\n', '  File "D:\\Projects\\main\\src\\simulation\\core\\__init__.py", line 15, in <module>\n    from .simulation_context import SimulationContext\n', '  File "D:\\Projects\\main\\src\\simulation\\core\\simulation_context.py", line 13, in <module>\n    from src.config import load_config, ConfigSchema\n', '  File "D:\\Projects\\main\\src\\config\\__init__.py", line 8, in <module>\n    from .loader import load_config, InvalidConfigurationError, ConfigSchema\n', '  File "D:\\Projects\\main\\src\\config\\loader.py", line 17, in <module>\n    from pydantic_settings import BaseSettings, PydanticBaseSettingsSource, SettingsConfigDict\n', '  File "C:\\Users\\sadeg\\AppData\\Roaming\\Python\\Python312\\site-packages\\pydantic_settings\\__init__.py", line 2, in <module>\n    from .main import BaseSettings, CliApp, SettingsConfigDict\n', '  File "C:\\Users\\sadeg\\AppData\\Roaming\\Python\\Python312\\site-packages\\pydantic_settings\\main.py", line 37, in <module>\n    class SettingsConfigDict(ConfigDict, total=False):\n', 'TypeError: SettingsConfigDict.__init_subclass__() takes no keyword arguments\n', '\nThe above exception was the direct cause of the following exception:\n\n', 'Traceback (most recent call last):\n', '  File "C:\\Users\\sadeg\\AppData\\Roaming\\Python\\Python312\\site-packages\\sphinx\\ext\\autodoc\\importer.py", line 269, in import_object\n    module = import_module(modname, try_reload=True)\n             ^^^^^^^^^^^^^^^^^^^^^^^^^^^^^^^^^^^^^^^\n', '  File "C:\\Users\\sadeg\\AppData\\Roaming\\Python\\Python312\\site-packages\\sphinx\\ext\\autodoc\\importer.py", line 187, in import_module\n    raise ImportError(exc, traceback.format_exc()) from exc\n', 'ImportError: (TypeError(\'SettingsConfigDict.__init_subclass__() takes no keyword arguments\'), \'Traceback (most recent call last):\\n  File "C:\\\\Users\\\\sadeg\\\\AppData\\\\Roaming\\\\Python\\\\Python312\\\\site-packages\\\\sphinx\\\\ext\\\\autodoc\\\\importer.py", line 175, in import_module\\n    module = importlib.import_module(modname)\\n             ^^^^^^^^^^^^^^^^^^^^^^^^^^^^^^^^\\n  File "C:\\\\Program Files\\\\Python312\\\\Lib\\\\importlib\\\\__init__.py", line 90, in import_module\\n    return _bootstrap._gcd_import(name[level:], package, level)\\n           ^^^^^^^^^^^^^^^^^^^^^^^^^^^^^^^^^^^^^^^^^^^^^^^^^^^^\\n  File "<frozen importlib._bootstrap>", line 1387, in _gcd_import\\n  File "<frozen importlib._bootstrap>", line 1360, in _find_and_load\\n  File "<frozen importlib._bootstrap>", line 1331, in _find_and_load_unlocked\\n  File "<frozen importlib._bootstrap>", line 935, in _load_unlocked\\n  File "<frozen importlib._bootstrap_external>", line 995, in exec_module\\n  File "<frozen importlib._bootstrap>", line 488, in _call_with_frames_removed\\n  File "D:\\\\Projects\\\\main\\\\src\\\\core\\\\__init__.py", line 18, in <module>\\n    from ..simulation.core.simulation_context import SimulationContext\\n  File "D:\\\\Projects\\\\main\\\\src\\\\simulation\\\\__init__.py", line 22, in <module>\\n    from .core import (\\n  File "D:\\\\Projects\\\\main\\\\src\\\\simulation\\\\core\\\\__init__.py", line 15, in <module>\\n    from .simulation_context import SimulationContext\\n  File "D:\\\\Projects\\\\main\\\\src\\\\simulation\\\\core\\\\simulation_context.py", line 13, in <module>\\n    from src.config import load_config, ConfigSchema\\n  File "D:\\\\Projects\\\\main\\\\src\\\\config\\\\__init__.py", line 8, in <module>\\n    from .loader import load_config, InvalidConfigurationError, ConfigSchema\\n  File "D:\\\\Projects\\\\main\\\\src\\\\config\\\\loader.py", line 17, in <module>\\n    from pydantic_settings import BaseSettings, PydanticBaseSettingsSource, SettingsConfigDict\\n  File "C:\\\\Users\\\\sadeg\\\\AppData\\\\Roaming\\\\Python\\\\Python312\\\\site-packages\\\\pydantic_settings\\\\__init__.py", line 2, in <module>\\n    from .main import BaseSettings, CliApp, SettingsConfigDict\\n  File "C:\\\\Users\\\\sadeg\\\\AppData\\\\Roaming\\\\Python\\\\Python312\\\\site-packages\\\\pydantic_settings\\\\main.py", line 37, in <module>\\n    class SettingsConfigDict(ConfigDict, total=False):\\nTypeError: SettingsConfigDict.__init_subclass__() takes no keyword arguments\\n\')\n'] [autodoc.import_object][39;49;00m
[91mWARNING: autodoc: failed to import module 'controllers.factory' from module 'src'; the following exception was raised:
['Traceback (most recent call last):\n', '  File "D:\\Projects\\main\\src\\controllers\\factory\\legacy_factory.py", line 172, in _try_import\n    mod = __import__(primary_mod, fromlist=[attr])\n          ^^^^^^^^^^^^^^^^^^^^^^^^^^^^^^^^^^^^^^^^\n', '  File "D:\\Projects\\main\\src\\config\\__init__.py", line 8, in <module>\n    from .loader import load_config, InvalidConfigurationError, ConfigSchema\n', '  File "D:\\Projects\\main\\src\\config\\loader.py", line 17, in <module>\n    from pydantic_settings import BaseSettings, PydanticBaseSettingsSource, SettingsConfigDict\n', '  File "C:\\Users\\sadeg\\AppData\\Roaming\\Python\\Python312\\site-packages\\pydantic_settings\\__init__.py", line 2, in <module>\n    from .main import BaseSettings, CliApp, SettingsConfigDict\n', '  File "C:\\Users\\sadeg\\AppData\\Roaming\\Python\\Python312\\site-packages\\pydantic_settings\\main.py", line 37, in <module>\n    class SettingsConfigDict(ConfigDict, total=False):\n', 'TypeError: SettingsConfigDict.__init_subclass__() takes no keyword arguments\n', '\nDuring handling of the above exception, another exception occurred:\n\n', 'Traceback (most recent call last):\n', '  File "D:\\Projects\\main\\src\\controllers\\factory\\legacy_factory.py", line 176, in _try_import\n    mod = __import__(fallback_mod, fromlist=[attr])\n          ^^^^^^^^^^^^^^^^^^^^^^^^^^^^^^^^^^^^^^^^^\n', '  File "D:\\Projects\\main\\src\\config\\__init__.py", line 8, in <module>\n    from .loader import load_config, InvalidConfigurationError, ConfigSchema\n', '  File "D:\\Projects\\main\\src\\config\\loader.py", line 17, in <module>\n    from pydantic_settings import BaseSettings, PydanticBaseSettingsSource, SettingsConfigDict\n', '  File "C:\\Users\\sadeg\\AppData\\Roaming\\Python\\Python312\\site-packages\\pydantic_settings\\__init__.py", line 2, in <module>\n    from .main import BaseSettings, CliApp, SettingsConfigDict\n', '  File "C:\\Users\\sadeg\\AppData\\Roaming\\Python\\Python312\\site-packages\\pydantic_settings\\main.py", line 37, in <module>\n    class SettingsConfigDict(ConfigDict, total=False):\n', 'TypeError: SettingsConfigDict.__init_subclass__() takes no keyword arguments\n', '\nDuring handling of the above exception, another exception occurred:\n\n', 'Traceback (most recent call last):\n', '  File "C:\\Users\\sadeg\\AppData\\Roaming\\Python\\Python312\\site-packages\\sphinx\\ext\\autodoc\\importer.py", line 269, in import_object\n    module = import_module(modname, try_reload=True)\n             ^^^^^^^^^^^^^^^^^^^^^^^^^^^^^^^^^^^^^^^\n', '  File "C:\\Users\\sadeg\\AppData\\Roaming\\Python\\Python312\\site-packages\\sphinx\\ext\\autodoc\\importer.py", line 175, in import_module\n    module = importlib.import_module(modname)\n             ^^^^^^^^^^^^^^^^^^^^^^^^^^^^^^^^\n', '  File "C:\\Program Files\\Python312\\Lib\\importlib\\__init__.py", line 90, in import_module\n    return _bootstrap._gcd_import(name[level:], package, level)\n           ^^^^^^^^^^^^^^^^^^^^^^^^^^^^^^^^^^^^^^^^^^^^^^^^^^^^\n', '  File "<frozen importlib._bootstrap>", line 1387, in _gcd_import\n', '  File "<frozen importlib._bootstrap>", line 1360, in _find_and_load\n', '  File "<frozen importlib._bootstrap>", line 1331, in _find_and_load_unlocked\n', '  File "<frozen importlib._bootstrap>", line 935, in _load_unlocked\n', '  File "<frozen importlib._bootstrap_external>", line 995, in exec_module\n', '  File "<frozen importlib._bootstrap>", line 488, in _call_with_frames_removed\n', '  File "D:\\Projects\\main\\src\\controllers\\__init__.py", line 34, in <module>\n    from .factory import (\n', '  File "D:\\Projects\\main\\src\\controllers\\factory\\__init__.py", line 43, in <module>\n    from .legacy_factory import create_controller as create_controller_legacy\n', '  File "D:\\Projects\\main\\src\\controllers\\factory\\legacy_factory.py", line 195, in <module>\n    ConfigSchema = _try_import("config", "src.config", "ConfigSchema")\n                   ^^^^^^^^^^^^^^^^^^^^^^^^^^^^^^^^^^^^^^^^^^^^^^^^^^^\n', '  File "D:\\Projects\\main\\src\\controllers\\factory\\legacy_factory.py", line 179, in _try_import\n    raise ImportError(\n', "ImportError: Could not import ConfigSchema from either 'config' or 'src.config': SettingsConfigDict.__init_subclass__() takes no keyword arguments\n"] [autodoc.import_object][39;49;00m
[91mWARNING: autodoc: failed to import module 'optimizer.pso_optimizer' from module 'src'; the following exception was raised:
['Traceback (most recent call last):\n', '  File "C:\\Users\\sadeg\\AppData\\Roaming\\Python\\Python312\\site-packages\\sphinx\\ext\\autodoc\\importer.py", line 175, in import_module\n    module = importlib.import_module(modname)\n             ^^^^^^^^^^^^^^^^^^^^^^^^^^^^^^^^\n', '  File "C:\\Program Files\\Python312\\Lib\\importlib\\__init__.py", line 90, in import_module\n    return _bootstrap._gcd_import(name[level:], package, level)\n           ^^^^^^^^^^^^^^^^^^^^^^^^^^^^^^^^^^^^^^^^^^^^^^^^^^^^\n', '  File "<frozen importlib._bootstrap>", line 1387, in _gcd_import\n', '  File "<frozen importlib._bootstrap>", line 1360, in _find_and_load\n', '  File "<frozen importlib._bootstrap>", line 1331, in _find_and_load_unlocked\n', '  File "<frozen importlib._bootstrap>", line 935, in _load_unlocked\n', '  File "<frozen importlib._bootstrap_external>", line 995, in exec_module\n', '  File "<frozen importlib._bootstrap>", line 488, in _call_with_frames_removed\n', '  File "D:\\Projects\\main\\src\\optimizer\\__init__.py", line 12, in <module>\n    from ..optimization.algorithms.pso_optimizer import PSOTuner\n', '  File "D:\\Projects\\main\\src\\optimization\\__init__.py", line 33, in <module>\n    from .algorithms import (\n', '  File "D:\\Projects\\main\\src\\optimization\\algorithms\\__init__.py", line 9, in <module>\n    from .pso_optimizer import PSOTuner  # High-performance legacy PSO tuner\n    ^^^^^^^^^^^^^^^^^^^^^^^^^^^^^^^^^^^\n', '  File "D:\\Projects\\main\\src\\optimization\\algorithms\\pso_optimizer.py", line 32, in <module>\n    from src.config import ConfigSchema, load_config\n', '  File "D:\\Projects\\main\\src\\config\\__init__.py", line 8, in <module>\n    from .loader import load_config, InvalidConfigurationError, ConfigSchema\n', '  File "D:\\Projects\\main\\src\\config\\loader.py", line 17, in <module>\n    from pydantic_settings import BaseSettings, PydanticBaseSettingsSource, SettingsConfigDict\n', '  File "C:\\Users\\sadeg\\AppData\\Roaming\\Python\\Python312\\site-packages\\pydantic_settings\\__init__.py", line 2, in <module>\n    from .main import BaseSettings, CliApp, SettingsConfigDict\n', '  File "C:\\Users\\sadeg\\AppData\\Roaming\\Python\\Python312\\site-packages\\pydantic_settings\\main.py", line 37, in <module>\n    class SettingsConfigDict(ConfigDict, total=False):\n', 'TypeError: SettingsConfigDict.__init_subclass__() takes no keyword arguments\n', '\nThe above exception was the direct cause of the following exception:\n\n', 'Traceback (most recent call last):\n', '  File "C:\\Users\\sadeg\\AppData\\Roaming\\Python\\Python312\\site-packages\\sphinx\\ext\\autodoc\\importer.py", line 269, in import_object\n    module = import_module(modname, try_reload=True)\n             ^^^^^^^^^^^^^^^^^^^^^^^^^^^^^^^^^^^^^^^\n', '  File "C:\\Users\\sadeg\\AppData\\Roaming\\Python\\Python312\\site-packages\\sphinx\\ext\\autodoc\\importer.py", line 187, in import_module\n    raise ImportError(exc, traceback.format_exc()) from exc\n', 'ImportError: (TypeError(\'SettingsConfigDict.__init_subclass__() takes no keyword arguments\'), \'Traceback (most recent call last):\\n  File "C:\\\\Users\\\\sadeg\\\\AppData\\\\Roaming\\\\Python\\\\Python312\\\\site-packages\\\\sphinx\\\\ext\\\\autodoc\\\\importer.py", line 175, in import_module\\n    module = importlib.import_module(modname)\\n             ^^^^^^^^^^^^^^^^^^^^^^^^^^^^^^^^\\n  File "C:\\\\Program Files\\\\Python312\\\\Lib\\\\importlib\\\\__init__.py", line 90, in import_module\\n    return _bootstrap._gcd_import(name[level:], package, level)\\n           ^^^^^^^^^^^^^^^^^^^^^^^^^^^^^^^^^^^^^^^^^^^^^^^^^^^^\\n  File "<frozen importlib._bootstrap>", line 1387, in _gcd_import\\n  File "<frozen importlib._bootstrap>", line 1360, in _find_and_load\\n  File "<frozen importlib._bootstrap>", line 1331, in _find_and_load_unlocked\\n  File "<frozen importlib._bootstrap>", line 935, in _load_unlocked\\n  File "<frozen importlib._bootstrap_external>", line 995, in exec_module\\n  File "<frozen importlib._bootstrap>", line 488, in _call_with_frames_removed\\n  File "D:\\\\Projects\\\\main\\\\src\\\\optimizer\\\\__init__.py", line 12, in <module>\\n    from ..optimization.algorithms.pso_optimizer import PSOTuner\\n  File "D:\\\\Projects\\\\main\\\\src\\\\optimization\\\\__init__.py", line 33, in <module>\\n    from .algorithms import (\\n  File "D:\\\\Projects\\\\main\\\\src\\\\optimization\\\\algorithms\\\\__init__.py", line 9, in <module>\\n    from .pso_optimizer import PSOTuner  # High-performance legacy PSO tuner\\n    ^^^^^^^^^^^^^^^^^^^^^^^^^^^^^^^^^^^\\n  File "D:\\\\Projects\\\\main\\\\src\\\\optimization\\\\algorithms\\\\pso_optimizer.py", line 32, in <module>\\n    from src.config import ConfigSchema, load_config\\n  File "D:\\\\Projects\\\\main\\\\src\\\\config\\\\__init__.py", line 8, in <module>\\n    from .loader import load_config, InvalidConfigurationError, ConfigSchema\\n  File "D:\\\\Projects\\\\main\\\\src\\\\config\\\\loader.py", line 17, in <module>\\n    from pydantic_settings import BaseSettings, PydanticBaseSettingsSource, SettingsConfigDict\\n  File "C:\\\\Users\\\\sadeg\\\\AppData\\\\Roaming\\\\Python\\\\Python312\\\\site-packages\\\\pydantic_settings\\\\__init__.py", line 2, in <module>\\n    from .main import BaseSettings, CliApp, SettingsConfigDict\\n  File "C:\\\\Users\\\\sadeg\\\\AppData\\\\Roaming\\\\Python\\\\Python312\\\\site-packages\\\\pydantic_settings\\\\main.py", line 37, in <module>\\n    class SettingsConfigDict(ConfigDict, total=False):\\nTypeError: SettingsConfigDict.__init_subclass__() takes no keyword arguments\\n\')\n'] [autodoc.import_object][39;49;00m
[31mD:\Projects\main\docs\guides\QUICK_REFERENCE.md:3: ERROR: Document or section may not begin with a transition. [docutils][39;49;00m
[31mD:\Projects\main\docs\guides\README.md:3: ERROR: Document or section may not begin with a transition. [docutils][39;49;00m
[31mD:\Projects\main\docs\guides\api\README.md:163: ERROR: Document or section may not begin with a transition. [docutils][39;49;00m
[91mD:\Projects\main\docs\guides\api\simulation.md.rst:731: WARNING: Non-consecutive header level increase; H1 to H3 [myst.header][39;49;00m
[91mD:\Projects\main\docs\guides\getting-started-validation-report.md.rst:50: WARNING: Non-consecutive header level increase; H2 to H4 [myst.header][39;49;00m
[91mD:\Projects\main\docs\guides\getting-started-validation-report.md.rst:57: WARNING: Non-consecutive header level increase; H2 to H4 [myst.header][39;49;00m
[31mD:\Projects\main\docs\guides\getting-started-validation-report.md:215: ERROR: Document or section may not begin with a transition. [docutils][39;49;00m
[31mD:\Projects\main\docs\mathematical_foundations\advanced_algorithms_guide.md:3: ERROR: Document or section may not begin with a transition. [docutils][39;49;00m
[31mD:\Projects\main\docs\mathematical_foundations\advanced_algorithms_guide.md:397: ERROR: Document or section may not begin with a transition. [docutils][39;49;00m
[31mD:\Projects\main\docs\mathematical_foundations\validation_framework_guide.md:3: ERROR: Document or section may not begin with a transition. [docutils][39;49;00m
[31mD:\Projects\main\docs\memory_management_patterns.md:10: ERROR: Document or section may not begin with a transition. [docutils][39;49;00m
[31mD:\Projects\main\docs\numerical_stability_guide.md:3: ERROR: Document or section may not begin with a transition. [docutils][39;49;00m
[31mD:\Projects\main\docs\plans\citation_system\05_phase4_validation_quality.md:162: ERROR: Document or section may not begin with a transition. [docutils][39;49;00m
[31mD:\Projects\main\docs\plans\citation_system\06_phase5_final_review.md:44: ERROR: Document or section may not begin with a transition. [docutils][39;49;00m
[31mD:\Projects\main\docs\plans\citation_system\06_phase5_final_review.md:48: ERROR: Document or section may not begin with a transition. [docutils][39;49;00m
[31mD:\Projects\main\docs\plans\citation_system\phase2_execution_guide.md:221: ERROR: Document or section may not begin with a transition. [docutils][39;49;00m
[31mD:\Projects\main\docs\plans\citation_system\week_1_2_critical_batch_completion.md:66: ERROR: Document or section may not begin with a transition. [docutils][39;49;00m
[31mD:\Projects\main\docs\plans\citation_system\week_1_2_critical_batch_completion.md:85: ERROR: Document or section may not begin with a transition. [docutils][39;49;00m
[31mD:\Projects\main\docs\plant\index.md:3: ERROR: Document or section may not begin with a transition. [docutils][39;49;00m
[31mD:\Projects\main\docs\plant\index.md:7: ERROR: Document or section may not begin with a transition. [docutils][39;49;00m
[31mD:\Projects\main\docs\plant\models_guide.md:3: ERROR: Document or section may not begin with a transition. [docutils][39;49;00m
[31mD:\Projects\main\docs\presentation\chattering-mitigation.md:207: ERROR: Document may not end with a transition. [docutils][39;49;00m
[31mD:\Projects\main\docs\pso_troubleshooting_maintenance_manual.md:307: ERROR: Too many autonumbered footnote references: only 0 corresponding footnotes available. [docutils][39;49;00m
[31mD:\Projects\main\docs\pso_troubleshooting_maintenance_manual.md:307: ERROR: Unknown target name: """. [docutils][39;49;00m
[31mD:\Projects\main\docs\reference\analysis\__init__.md:58: ERROR: Document or section may not begin with a transition. [docutils][39;49;00m
[91mD:\Projects\main\docs\reference\analysis\core_interfaces.md.rst:75: WARNING: Non-consecutive header level increase; H1 to H3 [myst.header][39;49;00m
[91mD:\Projects\main\docs\reference\analysis\core_interfaces.md.rst:83: WARNING: Non-consecutive header level increase; H1 to H3 [myst.header][39;49;00m
[91mD:\Projects\main\docs\reference\analysis\core_interfaces.md.rst:92: WARNING: Non-consecutive header level increase; H1 to H3 [myst.header][39;49;00m
[91mD:\Projects\main\docs\reference\analysis\core_interfaces.md.rst:100: WARNING: Non-consecutive header level increase; H1 to H3 [myst.header][39;49;00m
[91mD:\Projects\main\docs\reference\analysis\core_interfaces.md.rst:109: WARNING: Non-consecutive header level increase; H1 to H3 [myst.header][39;49;00m
[91mD:\Projects\main\docs\reference\analysis\core_interfaces.md.rst:117: WARNING: Non-consecutive header level increase; H1 to H3 [myst.header][39;49;00m
[91mD:\Projects\main\docs\reference\analysis\core_interfaces.md.rst:126: WARNING: Non-consecutive header level increase; H1 to H3 [myst.header][39;49;00m
[91mD:\Projects\main\docs\reference\analysis\core_interfaces.md.rst:134: WARNING: Non-consecutive header level increase; H1 to H3 [myst.header][39;49;00m
[91mD:\Projects\main\docs\reference\analysis\core_interfaces.md.rst:143: WARNING: Non-consecutive header level increase; H1 to H3 [myst.header][39;49;00m
[91mD:\Projects\main\docs\reference\analysis\core_interfaces.md.rst:151: WARNING: Non-consecutive header level increase; H1 to H3 [myst.header][39;49;00m
[91mD:\Projects\main\docs\reference\analysis\core_interfaces.md.rst:160: WARNING: Non-consecutive header level increase; H1 to H3 [myst.header][39;49;00m
[91mD:\Projects\main\docs\reference\analysis\core_interfaces.md.rst:168: WARNING: Non-consecutive header level increase; H1 to H3 [myst.header][39;49;00m
[31mD:\Projects\main\docs\reference\analysis\core_metrics.md:103: ERROR: Document or section may not begin with a transition. [docutils][39;49;00m
[31mD:\Projects\main\docs\reference\analysis\fault_detection_fdi_system.md:129: ERROR: Document or section may not begin with a transition. [docutils][39;49;00m
[91mD:\Projects\main\docs\reference\analysis\fault_detection_residual_generators.md.rst:542: WARNING: Non-consecutive header level increase; H2 to H4 [myst.header][39;49;00m
[91mD:\Projects\main\docs\reference\analysis\fault_detection_threshold_adapters.md.rst:621: WARNING: Non-consecutive header level increase; H2 to H4 [myst.header][39;49;00m
[91mD:\Projects\main\docs\reference\analysis\fault_detection_threshold_adapters.md.rst:647: WARNING: Non-consecutive header level increase; H2 to H4 [myst.header][39;49;00m
[31mD:\Projects\main\docs\reference\analysis\performance_control_analysis.md:83: ERROR: Document or section may not begin with a transition. [docutils][39;49;00m
[91mD:\Projects\main\docs\reference\analysis\performance_robustness.md.rst:33: WARNING: Non-consecutive header level increase; H1 to H3 [myst.header][39;49;00m
[31mD:\Projects\main\docs\reference\analysis\performance_robustness.md:121: ERROR: Document or section may not begin with a transition. [docutils][39;49;00m
[31mD:\Projects\main\docs\reference\analysis\reports___init__.md:46: ERROR: Document may not end with a transition. [docutils][39;49;00m
[31mD:\Projects\main\docs\reference\analysis\validation_benchmarking.md:28: ERROR: Document or section may not begin with a transition. [docutils][39;49;00m
[31mD:\Projects\main\docs\reference\analysis\visualization_analysis_plots.md:73: ERROR: Document or section may not begin with a transition. [docutils][39;49;00m
[91mD:\Projects\main\docs\reference\benchmarks\core_trial_runner.md.rst:60: WARNING: Non-consecutive header level increase; H2 to H4 [myst.header][39;49;00m
[91mD:\Projects\main\docs\reference\benchmarks\core_trial_runner.md.rst:108: WARNING: Non-consecutive header level increase; H2 to H4 [myst.header][39;49;00m
[91mD:\Projects\main\docs\reference\benchmarks\core_trial_runner.md.rst:136: WARNING: Non-consecutive header level increase; H2 to H4 [myst.header][39;49;00m
[31mD:\Projects\main\docs\reference\benchmarks\metrics___init__.md:31: ERROR: Document or section may not begin with a transition. [docutils][39;49;00m
[91mD:\Projects\main\docs\reference\benchmarks\metrics_constraint_metrics.md.rst:59: WARNING: Non-consecutive header level increase; H2 to H4 [myst.header][39;49;00m
[91mD:\Projects\main\docs\reference\benchmarks\metrics_constraint_metrics.md.rst:90: WARNING: Non-consecutive header level increase; H2 to H4 [myst.header][39;49;00m
[91mD:\Projects\main\docs\reference\benchmarks\metrics_constraint_metrics.md.rst:119: WARNING: Non-consecutive header level increase; H2 to H4 [myst.header][39;49;00m
[91mD:\Projects\main\docs\reference\benchmarks\metrics_constraint_metrics.md.rst:151: WARNING: Non-consecutive header level increase; H2 to H4 [myst.header][39;49;00m
[91mD:\Projects\main\docs\reference\benchmarks\metrics_constraint_metrics.md.rst:183: WARNING: Non-consecutive header level increase; H2 to H4 [myst.header][39;49;00m
[91mD:\Projects\main\docs\reference\benchmarks\metrics_stability_metrics.md.rst:46: WARNING: Non-consecutive header level increase; H1 to H3 [myst.header][39;49;00m
[31mD:\Projects\main\docs\reference\benchmarks\metrics_stability_metrics.md:47: ERROR: Document or section may not begin with a transition. [docutils][39;49;00m
[91mD:\Projects\main\docs\reference\benchmarks\statistics_confidence_intervals.md.rst:66: WARNING: Non-consecutive header level increase; H2 to H4 [myst.header][39;49;00m
[91mD:\Projects\main\docs\reference\benchmarks\statistics_confidence_intervals.md.rst:96: WARNING: Non-consecutive header level increase; H2 to H4 [myst.header][39;49;00m
[91mD:\Projects\main\docs\reference\benchmarks\statistics_confidence_intervals.md.rst:130: WARNING: Non-consecutive header level increase; H2 to H4 [myst.header][39;49;00m
[91mD:\Projects\main\docs\reference\benchmarks\statistics_confidence_intervals.md.rst:154: WARNING: Non-consecutive header level increase; H2 to H4 [myst.header][39;49;00m
[91mD:\Projects\main\docs\reference\benchmarks\statistics_confidence_intervals.md.rst:180: WARNING: Non-consecutive header level increase; H2 to H4 [myst.header][39;49;00m
[91mD:\Projects\main\docs\reference\config\loader.md.rst:120: WARNING: Non-consecutive header level increase; H2 to H4 [myst.header][39;49;00m
[91mD:\Projects\main\docs\reference\config\logging.md.rst:54: WARNING: Non-consecutive header level increase; H2 to H4 [myst.header][39;49;00m
[91mD:\Projects\main\docs\reference\config\logging.md.rst:62: WARNING: Non-consecutive header level increase; H2 to H4 [myst.header][39;49;00m
[91mD:\Projects\main\docs\reference\config\logging.md.rst:139: WARNING: Non-consecutive header level increase; H2 to H4 [myst.header][39;49;00m
[91mD:\Projects\main\docs\reference\controllers\base_control_primitives.md.rst:366: WARNING: Non-consecutive header level increase; H2 to H4 [myst.header][39;49;00m
[91mD:\Projects\main\docs\reference\controllers\base_control_primitives.md.rst:414: WARNING: Non-consecutive header level increase; H2 to H4 [myst.header][39;49;00m
[91mD:\Projects\main\docs\reference\controllers\base_control_primitives.md.rst:448: WARNING: Non-consecutive header level increase; H2 to H4 [myst.header][39;49;00m
[91mD:\Projects\main\docs\reference\controllers\factory_core_validation.md.rst:27: WARNING: Non-consecutive header level increase; H1 to H3 [myst.header][39;49;00m
[91mD:\Projects\main\docs\reference\controllers\factory_core_validation.md.rst:44: WARNING: Non-consecutive header level increase; H1 to H3 [myst.header][39;49;00m
[91mD:\Projects\main\docs\reference\controllers\factory_core_validation.md.rst:61: WARNING: Non-consecutive header level increase; H1 to H3 [myst.header][39;49;00m
[91mD:\Projects\main\docs\reference\controllers\factory_core_validation.md.rst:78: WARNING: Non-consecutive header level increase; H1 to H3 [myst.header][39;49;00m
[91mD:\Projects\main\docs\reference\controllers\factory_legacy_factory.md.rst:245: WARNING: Non-consecutive header level increase; H2 to H4 [myst.header][39;49;00m
[91mD:\Projects\main\docs\reference\controllers\factory_legacy_factory.md.rst:279: WARNING: Non-consecutive header level increase; H2 to H4 [myst.header][39;49;00m
[91mD:\Projects\main\docs\reference\controllers\factory_legacy_factory.md.rst:387: WARNING: Non-consecutive header level increase; H2 to H4 [myst.header][39;49;00m
[91mD:\Projects\main\docs\reference\controllers\factory_thread_safety.md.rst:55: WARNING: Non-consecutive header level increase; H1 to H3 [myst.header][39;49;00m
[91mD:\Projects\main\docs\reference\controllers\mpc_mpc_controller.md.rst:123: WARNING: Non-consecutive header level increase; H2 to H4 [myst.header][39;49;00m
[91mD:\Projects\main\docs\reference\controllers\smc_algorithms_hybrid_switching_logic.md.rst:70: WARNING: Non-consecutive header level increase; H1 to H3 [myst.header][39;49;00m
[91mD:\Projects\main\docs\reference\controllers\smc_algorithms_hybrid_switching_logic.md.rst:78: WARNING: Non-consecutive header level increase; H1 to H3 [myst.header][39;49;00m
[91mD:\Projects\main\docs\reference\controllers\smc_sta_smc.md.rst:86: WARNING: Non-consecutive header level increase; H1 to H4 [myst.header][39;49;00m
[91mD:\Projects\main\docs\reference\controllers\smc_sta_smc.md.rst:94: WARNING: Non-consecutive header level increase; H1 to H4 [myst.header][39;49;00m
[31mD:\Projects\main\docs\reference\implementation\code_documentation_index.md:3: ERROR: Document or section may not begin with a transition. [docutils][39;49;00m
[91mD:\Projects\main\docs\reference\interfaces\hardware_factory.md.rst:137: WARNING: Non-consecutive header level increase; H2 to H4 [myst.header][39;49;00m
[91mD:\Projects\main\docs\reference\interfaces\hardware_factory.md.rst:167: WARNING: Non-consecutive header level increase; H2 to H4 [myst.header][39;49;00m
[91mD:\Projects\main\docs\reference\interfaces\hardware_factory.md.rst:195: WARNING: Non-consecutive header level increase; H2 to H4 [myst.header][39;49;00m
[91mD:\Projects\main\docs\reference\interfaces\hardware_factory.md.rst:221: WARNING: Non-consecutive header level increase; H2 to H4 [myst.header][39;49;00m
[91mD:\Projects\main\docs\reference\interfaces\network_factory.md.rst:137: WARNING: Non-consecutive header level increase; H2 to H4 [myst.header][39;49;00m
[91mD:\Projects\main\docs\reference\interfaces\network_factory.md.rst:165: WARNING: Non-consecutive header level increase; H2 to H4 [myst.header][39;49;00m
[91mD:\Projects\main\docs\reference\interfaces\network_factory.md.rst:191: WARNING: Non-consecutive header level increase; H2 to H4 [myst.header][39;49;00m
[31mD:\Projects\main\docs\reference\optimization\__init__.md:43: ERROR: Document or section may not begin with a transition. [docutils][39;49;00m
[91mD:\Projects\main\docs\reference\optimization\algorithms_memory_efficient_pso.md.rst:68: WARNING: Non-consecutive header level increase; H1 to H3 [myst.header][39;49;00m
[91mD:\Projects\main\docs\reference\optimization\algorithms_memory_efficient_pso.md.rst:76: WARNING: Non-consecutive header level increase; H1 to H3 [myst.header][39;49;00m
[91mD:\Projects\main\docs\reference\optimization\algorithms_memory_efficient_pso.md.rst:85: WARNING: Non-consecutive header level increase; H1 to H3 [myst.header][39;49;00m
[91mD:\Projects\main\docs\reference\optimization\algorithms_multi_objective_pso.md.rst:338: WARNING: Non-consecutive header level increase; H2 to H4 [myst.header][39;49;00m
[91mD:\Projects\main\docs\reference\optimization\algorithms_multi_objective_pso.md.rst:366: WARNING: Non-consecutive header level increase; H2 to H4 [myst.header][39;49;00m
[91mD:\Projects\main\docs\reference\optimization\algorithms_pso_optimizer.md.rst:347: WARNING: Non-consecutive header level increase; H2 to H4 [myst.header][39;49;00m
[91mD:\Projects\main\docs\reference\optimization\core_context.md.rst:118: WARNING: Non-consecutive header level increase; H2 to H4 [myst.header][39;49;00m
[31mD:\Projects\main\docs\reference\optimization\core_results_manager.md:99: ERROR: Document or section may not begin with a transition. [docutils][39;49;00m
[91mD:\Projects\main\docs\reference\optimization\integration_pso_factory_bridge.md.rst:83: WARNING: Non-consecutive header level increase; H1 to H3 [myst.header][39;49;00m
[91mD:\Projects\main\docs\reference\optimization\integration_pso_factory_bridge.md.rst:108: WARNING: Non-consecutive header level increase; H1 to H3 [myst.header][39;49;00m
[91mD:\Projects\main\docs\reference\optimization\integration_pso_factory_bridge.md.rst:125: WARNING: Non-consecutive header level increase; H1 to H3 [myst.header][39;49;00m
[31mD:\Projects\main\docs\reference\optimization\validation_pso_bounds_validator.md:37: ERROR: Document or section may not begin with a transition. [docutils][39;49;00m
[31mD:\Projects\main\docs\reference\presentation\results-discussion.md:3: ERROR: Document or section may not begin with a transition. [docutils][39;49;00m
[31mD:\Projects\main\docs\reference\simulation\__init__.md:29: ERROR: Document or section may not begin with a transition. [docutils][39;49;00m
[91mD:\Projects\main\docs\reference\simulation\context_safety_guards.md.rst:44: WARNING: Non-consecutive header level increase; H2 to H4 [myst.header][39;49;00m
[91mD:\Projects\main\docs\reference\simulation\context_safety_guards.md.rst:72: WARNING: Non-consecutive header level increase; H2 to H4 [myst.header][39;49;00m
[91mD:\Projects\main\docs\reference\simulation\context_safety_guards.md.rst:103: WARNING: Non-consecutive header level increase; H2 to H4 [myst.header][39;49;00m
[91mD:\Projects\main\docs\reference\simulation\engines_adaptive_integrator.md.rst:79: WARNING: Non-consecutive header level increase; H2 to H4 [myst.header][39;49;00m
[91mD:\Projects\main\docs\reference\simulation\engines_simulation_runner.md.rst:171: WARNING: Non-consecutive header level increase; H2 to H4 [myst.header][39;49;00m
[91mD:\Projects\main\docs\reference\simulation\engines_simulation_runner.md.rst:190: WARNING: Non-consecutive header level increase; H2 to H4 [myst.header][39;49;00m
[91mD:\Projects\main\docs\reference\simulation\engines_simulation_runner.md.rst:209: WARNING: Non-consecutive header level increase; H2 to H4 [myst.header][39;49;00m
[91mD:\Projects\main\docs\reference\simulation\engines_simulation_runner.md.rst:237: WARNING: Non-consecutive header level increase; H2 to H4 [myst.header][39;49;00m
[91mD:\Projects\main\docs\reference\simulation\engines_simulation_runner.md.rst:320: WARNING: Non-consecutive header level increase; H2 to H4 [myst.header][39;49;00m
[91mD:\Projects\main\docs\reference\simulation\engines_vector_sim.md.rst:98: WARNING: Non-consecutive header level increase; H2 to H4 [myst.header][39;49;00m
[91mD:\Projects\main\docs\reference\simulation\engines_vector_sim.md.rst:172: WARNING: Non-consecutive header level increase; H2 to H4 [myst.header][39;49;00m
[91mD:\Projects\main\docs\reference\simulation\integrators_adaptive_runge_kutta.md.rst:288: WARNING: Non-consecutive header level increase; H2 to H4 [myst.header][39;49;00m
[91mD:\Projects\main\docs\reference\simulation\integrators_compatibility.md.rst:166: WARNING: Non-consecutive header level increase; H2 to H4 [myst.header][39;49;00m
[91mD:\Projects\main\docs\reference\simulation\integrators_compatibility.md.rst:192: WARNING: Non-consecutive header level increase; H2 to H4 [myst.header][39;49;00m
[91mD:\Projects\main\docs\reference\simulation\orchestrators_batch.md.rst:290: WARNING: Non-consecutive header level increase; H2 to H4 [myst.header][39;49;00m
[91mD:\Projects\main\docs\reference\simulation\orchestrators_parallel.md.rst:337: WARNING: Non-consecutive header level increase; H2 to H4 [myst.header][39;49;00m
[91mD:\Projects\main\docs\reference\simulation\orchestrators_sequential.md.rst:220: WARNING: Non-consecutive header level increase; H2 to H4 [myst.header][39;49;00m
[91mD:\Projects\main\docs\reference\simulation\orchestrators_sequential.md.rst:276: WARNING: Non-consecutive header level increase; H2 to H4 [myst.header][39;49;00m
[91mD:\Projects\main\docs\reference\simulation\orchestrators_sequential.md.rst:323: WARNING: Non-consecutive header level increase; H2 to H4 [myst.header][39;49;00m
[91mD:\Projects\main\docs\reference\simulation\safety_guards.md.rst:400: WARNING: Non-consecutive header level increase; H2 to H4 [myst.header][39;49;00m
[91mD:\Projects\main\docs\reference\simulation\safety_guards.md.rst:426: WARNING: Non-consecutive header level increase; H2 to H4 [myst.header][39;49;00m
[91mD:\Projects\main\docs\reference\simulation\safety_guards.md.rst:454: WARNING: Non-consecutive header level increase; H2 to H4 [myst.header][39;49;00m
[91mD:\Projects\main\docs\reference\simulation\safety_guards.md.rst:482: WARNING: Non-consecutive header level increase; H2 to H4 [myst.header][39;49;00m
[91mD:\Projects\main\docs\reference\simulation\safety_guards.md.rst:506: WARNING: Non-consecutive header level increase; H2 to H4 [myst.header][39;49;00m
[31mD:\Projects\main\docs\reference\utils\__init__.md:3: ERROR: Document or section may not begin with a transition. [docutils][39;49;00m
[31mD:\Projects\main\docs\reference\utils\analysis_statistics.md:31: ERROR: Document or section may not begin with a transition. [docutils][39;49;00m
[31mD:\Projects\main\docs\reference\utils\analysis_statistics.md:61: ERROR: Document or section may not begin with a transition. [docutils][39;49;00m
[31mD:\Projects\main\docs\reference\utils\analysis_statistics.md:90: ERROR: Document or section may not begin with a transition. [docutils][39;49;00m
[91mD:\Projects\main\docs\reference\utils\control_saturation.md.rst:55: WARNING: Non-consecutive header level increase; H2 to H4 [myst.header][39;49;00m
[91mD:\Projects\main\docs\reference\utils\development_jupyter_tools.md.rst:28: WARNING: Non-consecutive header level increase; H1 to H3 [myst.header][39;49;00m
[91mD:\Projects\main\docs\reference\utils\monitoring_latency.md.rst:36: WARNING: Non-consecutive header level increase; H2 to H4 [myst.header][39;49;00m
[91mD:\Projects\main\docs\reference\utils\monitoring_latency.md.rst:44: WARNING: Non-consecutive header level increase; H2 to H4 [myst.header][39;49;00m
[91mD:\Projects\main\docs\reference\utils\reproducibility_seed.md.rst:64: WARNING: Non-consecutive header level increase; H2 to H4 [myst.header][39;49;00m
[91mD:\Projects\main\docs\reference\utils\reproducibility_seed.md.rst:72: WARNING: Non-consecutive header level increase; H2 to H4 [myst.header][39;49;00m
[91mD:\Projects\main\docs\reference\utils\reproducibility_seed.md.rst:122: WARNING: Non-consecutive header level increase; H2 to H4 [myst.header][39;49;00m
[91mD:\Projects\main\docs\reference\utils\reproducibility_seed.md.rst:155: WARNING: Non-consecutive header level increase; H2 to H4 [myst.header][39;49;00m
[91mD:\Projects\main\docs\reference\utils\types_control_outputs.md.rst:63: WARNING: Non-consecutive header level increase; H2 to H4 [myst.header][39;49;00m
[91mD:\Projects\main\docs\reference\utils\types_control_outputs.md.rst:95: WARNING: Non-consecutive header level increase; H2 to H4 [myst.header][39;49;00m
[91mD:\Projects\main\docs\reference\utils\types_control_outputs.md.rst:122: WARNING: Non-consecutive header level increase; H2 to H4 [myst.header][39;49;00m
[91mD:\Projects\main\docs\reference\utils\types_control_outputs.md.rst:151: WARNING: Non-consecutive header level increase; H2 to H4 [myst.header][39;49;00m
[91mD:\Projects\main\docs\reference\utils\validation_parameter_validators.md.rst:53: WARNING: Non-consecutive header level increase; H2 to H4 [myst.header][39;49;00m
[91mD:\Projects\main\docs\reference\utils\validation_parameter_validators.md.rst:84: WARNING: Non-consecutive header level increase; H2 to H4 [myst.header][39;49;00m
[91mD:\Projects\main\docs\reference\utils\validation_range_validators.md.rst:58: WARNING: Non-consecutive header level increase; H2 to H4 [myst.header][39;49;00m
[91mD:\Projects\main\docs\reference\utils\validation_range_validators.md.rst:89: WARNING: Non-consecutive header level increase; H2 to H4 [myst.header][39;49;00m
[91mD:\Projects\main\docs\references\bibliography.md:16: WARNING: could not find bibtex key ":filter: keywords % "sliding mode control" or keywords % "higher-order sliding mode" or keywords % "super-twisting"" [bibtex.key_not_found][39;49;00m
[91mD:\Projects\main\docs\references\bibliography.md:16: WARNING: could not find bibtex key "" [bibtex.key_not_found][39;49;00m
[91mD:\Projects\main\docs\references\bibliography.md:16: WARNING: could not find bibtex key "utkin1999sliding" [bibtex.key_not_found][39;49;00m
[91mD:\Projects\main\docs\references\bibliography.md:16: WARNING: could not find bibtex key "edwards1998sliding" [bibtex.key_not_found][39;49;00m
[91mD:\Projects\main\docs\references\bibliography.md:16: WARNING: could not find bibtex key "shtessel2014sliding" [bibtex.key_not_found][39;49;00m
[91mD:\Projects\main\docs\references\bibliography.md:16: WARNING: could not find bibtex key "levant2003higher" [bibtex.key_not_found][39;49;00m
[91mD:\Projects\main\docs\references\bibliography.md:16: WARNING: could not find bibtex key "moreno2012strict" [bibtex.key_not_found][39;49;00m
[91mD:\Projects\main\docs\references\bibliography.md:16: WARNING: could not find bibtex key "davila2005second" [bibtex.key_not_found][39;49;00m
[91mD:\Projects\main\docs\references\bibliography.md:16: WARNING: could not find bibtex key "utkin2016discussion" [bibtex.key_not_found][39;49;00m
[91mD:\Projects\main\docs\references\bibliography.md:38: WARNING: could not find bibtex key ":filter: keywords % "adaptive control" or keywords % "nonlinear control" or keywords % "Lyapunov"" [bibtex.key_not_found][39;49;00m
[91mD:\Projects\main\docs\references\bibliography.md:38: WARNING: could not find bibtex key "" [bibtex.key_not_found][39;49;00m
[91mD:\Projects\main\docs\references\bibliography.md:38: WARNING: could not find bibtex key "slotine1991applied" [bibtex.key_not_found][39;49;00m
[91mD:\Projects\main\docs\references\bibliography.md:38: WARNING: could not find bibtex key "krstic1995nonlinear" [bibtex.key_not_found][39;49;00m
[91mD:\Projects\main\docs\references\bibliography.md:38: WARNING: could not find bibtex key "narendra2012stable" [bibtex.key_not_found][39;49;00m
[91mD:\Projects\main\docs\references\bibliography.md:38: WARNING: could not find bibtex key "khalil2002nonlinear" [bibtex.key_not_found][39;49;00m
[91mD:\Projects\main\docs\references\bibliography.md:38: WARNING: could not find bibtex key "chen2019adaptive" [bibtex.key_not_found][39;49;00m
[91mD:\Projects\main\docs\references\bibliography.md:58: WARNING: could not find bibtex key ":filter: keywords % "particle swarm optimization" or keywords % "evolutionary" or keywords % "multi-objective"" [bibtex.key_not_found][39;49;00m
[91mD:\Projects\main\docs\references\bibliography.md:58: WARNING: could not find bibtex key "" [bibtex.key_not_found][39;49;00m
[91mD:\Projects\main\docs\references\bibliography.md:58: WARNING: could not find bibtex key "kennedy1995particle" [bibtex.key_not_found][39;49;00m
[91mD:\Projects\main\docs\references\bibliography.md:58: WARNING: could not find bibtex key "clerc2002particle" [bibtex.key_not_found][39;49;00m
[91mD:\Projects\main\docs\references\bibliography.md:58: WARNING: could not find bibtex key "zhang2015comprehensive" [bibtex.key_not_found][39;49;00m
[91mD:\Projects\main\docs\references\bibliography.md:58: WARNING: could not find bibtex key "coello2007evolutionary" [bibtex.key_not_found][39;49;00m
[91mD:\Projects\main\docs\references\bibliography.md:58: WARNING: could not find bibtex key "deb2001multi" [bibtex.key_not_found][39;49;00m
[91mD:\Projects\main\docs\references\bibliography.md:58: WARNING: could not find bibtex key "jiang2007stochastic" [bibtex.key_not_found][39;49;00m
[91mD:\Projects\main\docs\references\bibliography.md:58: WARNING: could not find bibtex key "van2006analysis" [bibtex.key_not_found][39;49;00m
[91mD:\Projects\main\docs\references\bibliography.md:58: WARNING: could not find bibtex key "wolpert1997no" [bibtex.key_not_found][39;49;00m
[91mD:\Projects\main\docs\references\bibliography.md:82: WARNING: could not find bibtex key ":filter: keywords % "inverted pendulum" or keywords % "benchmark" or keywords % "experimental"" [bibtex.key_not_found][39;49;00m
[91mD:\Projects\main\docs\references\bibliography.md:82: WARNING: could not find bibtex key "" [bibtex.key_not_found][39;49;00m
[91mD:\Projects\main\docs\references\bibliography.md:82: WARNING: could not find bibtex key "furuta2003swing" [bibtex.key_not_found][39;49;00m
[91mD:\Projects\main\docs\references\bibliography.md:82: WARNING: could not find bibtex key "boubaker2013double" [bibtex.key_not_found][39;49;00m
[91mD:\Projects\main\docs\references\bibliography.md:82: WARNING: could not find bibtex key "prasad2014double" [bibtex.key_not_found][39;49;00m
[91mD:\Projects\main\docs\references\bibliography.md:82: WARNING: could not find bibtex key "mills2009control" [bibtex.key_not_found][39;49;00m
[91mD:\Projects\main\docs\references\bibliography.md:82: WARNING: could not find bibtex key "wang2011experimental" [bibtex.key_not_found][39;49;00m
[91mD:\Projects\main\docs\references\bibliography.md:102: WARNING: could not find bibtex key ":filter: keywords % "classical mechanics" or keywords % "numerical methods" or keywords % "differential equations"" [bibtex.key_not_found][39;49;00m
[91mD:\Projects\main\docs\references\bibliography.md:102: WARNING: could not find bibtex key "" [bibtex.key_not_found][39;49;00m
[91mD:\Projects\main\docs\references\bibliography.md:102: WARNING: could not find bibtex key "goldstein2002classical" [bibtex.key_not_found][39;49;00m
[91mD:\Projects\main\docs\references\bibliography.md:102: WARNING: could not find bibtex key "spong2006robot" [bibtex.key_not_found][39;49;00m
[91mD:\Projects\main\docs\references\bibliography.md:102: WARNING: could not find bibtex key "hairer1993solving" [bibtex.key_not_found][39;49;00m
[91mD:\Projects\main\docs\references\bibliography.md:102: WARNING: could not find bibtex key "filippov1988differential" [bibtex.key_not_found][39;49;00m
[91mD:\Projects\main\docs\references\bibliography.md:122: WARNING: could not find bibtex key ":filter: keywords % "scientific computing" or keywords % "software" or keywords % "MATLAB"" [bibtex.key_not_found][39;49;00m
[91mD:\Projects\main\docs\references\bibliography.md:122: WARNING: could not find bibtex key "" [bibtex.key_not_found][39;49;00m
[91mD:\Projects\main\docs\references\bibliography.md:122: WARNING: could not find bibtex key "scipy2020" [bibtex.key_not_found][39;49;00m
[91mD:\Projects\main\docs\references\bibliography.md:122: WARNING: could not find bibtex key "matlab2023control" [bibtex.key_not_found][39;49;00m
[31mD:\Projects\main\docs\reports\CODE_BEAUTIFICATION_QUALITY_REPORT.md:5: ERROR: Document or section may not begin with a transition. [docutils][39;49;00m
[31mD:\Projects\main\docs\reports\CONTROLLER_TEST_VALIDATION_REPORT.md:254: ERROR: Document or section may not begin with a transition. [docutils][39;49;00m
[31mD:\Projects\main\docs\reports\FACTORY_SYSTEM_ANALYSIS_REPORT.md:5: ERROR: Document or section may not begin with a transition. [docutils][39;49;00m
[31mD:\Projects\main\docs\reports\GITHUB_ISSUE_6_FINAL_INTEGRATION_VALIDATION_REPORT.md:9: ERROR: Document or section may not begin with a transition. [docutils][39;49;00m
[31mD:\Projects\main\docs\reports\GITHUB_ISSUE_8_DOCUMENTATION_EXPERT_FINAL_REPORT.md:14: ERROR: Document or section may not begin with a transition. [docutils][39;49;00m
[31mD:\Projects\main\docs\reports\GITHUB_ISSUE_8_DOCUMENTATION_EXPERT_FINAL_REPORT.md:18: ERROR: Document or section may not begin with a transition. [docutils][39;49;00m
[31mD:\Projects\main\docs\reports\GITHUB_ISSUE_8_DOCUMENTATION_EXPERT_FINAL_REPORT.md:93: ERROR: Document or section may not begin with a transition. [docutils][39;49;00m
[31mD:\Projects\main\docs\reports\ULTIMATE_ORCHESTRATOR_ISSUE_9_STRATEGIC_ASSESSMENT_REPORT.md:13: ERROR: Document or section may not begin with a transition. [docutils][39;49;00m
[31mD:\Projects\main\docs\reports\docs_visual_audit_report.md:254: ERROR: Document or section may not begin with a transition. [docutils][39;49;00m
[31mD:\Projects\main\docs\reports\docs_visual_audit_report.md:302: ERROR: Document or section may not begin with a transition. [docutils][39;49;00m
[31mD:\Projects\main\docs\reports\integration_health_report.md:15: ERROR: Document or section may not begin with a transition. [docutils][39;49;00m
[31mD:\Projects\main\docs\reports\integration_health_report.md:19: ERROR: Document or section may not begin with a transition. [docutils][39;49;00m
[31mD:\Projects\main\docs\reports\issue_10_ultrathink_resolution.md:12: ERROR: Document or section may not begin with a transition. [docutils][39;49;00m
[31mD:\Projects\main\docs\reports\issue_10_ultrathink_resolution.md:143: ERROR: Document or section may not begin with a transition. [docutils][39;49;00m
[31mD:\Projects\main\docs\reports\issue_6_comment.md:21: ERROR: Document or section may not begin with a transition. [docutils][39;49;00m
[31mD:\Projects\main\docs\reports\issue_6_comment.md:25: ERROR: Document or section may not begin with a transition. [docutils][39;49;00m
[31mD:\Projects\main\docs\reports\test_infrastructure_analysis_report.md:10: ERROR: Document or section may not begin with a transition. [docutils][39;49;00m
[31mD:\Projects\main\docs\styling-library\README.md:3: ERROR: Document or section may not begin with a transition. [docutils][39;49;00m
[31mD:\Projects\main\docs\technical\factory_usage_examples.md:3: ERROR: Document or section may not begin with a transition. [docutils][39;49;00m
[31mD:\Projects\main\docs\test_execution_guide.md:342: ERROR: Document or section may not begin with a transition. [docutils][39;49;00m
[31mD:\Projects\main\docs\test_infrastructure_validation_report.md:243: ERROR: Document or section may not begin with a transition. [docutils][39;49;00m
[31mD:\Projects\main\docs\testing\reports\2025-09-30\failure_breakdown.md:14: ERROR: Document or section may not begin with a transition. [docutils][39;49;00m
[31mD:\Projects\main\docs\testing\reports\2025-09-30\technical_analysis.md:173: ERROR: Document or section may not begin with a transition. [docutils][39;49;00m
[31mD:\Projects\main\docs\testing\theory\smc_validation_mathematics.md:9: ERROR: Document or section may not begin with a transition. [docutils][39;49;00m
[31mD:\Projects\main\docs\theory\pso_algorithm_foundations.md:186: ERROR: Document or section may not begin with a transition. [docutils][39;49;00m
[31mD:\Projects\main\docs\theory\pso_convergence_analysis.md:3: ERROR: Document or section may not begin with a transition. [docutils][39;49;00m
[31mD:\Projects\main\docs\validation\phase_3_3_completion_report.md:11: ERROR: Document or section may not begin with a transition. [docutils][39;49;00m
[31mD:\Projects\main\docs\validation\phase_3_3_completion_report.md:58: ERROR: Document or section may not begin with a transition. [docutils][39;49;00m
[31mD:\Projects\main\docs\visualization\PHASE_3_1_COMPLETION_REPORT.md:156: ERROR: Document or section may not begin with a transition. [docutils][39;49;00m
[31mD:\Projects\main\docs\workflows\pytest_testing_workflow.md:100: ERROR: Document or section may not begin with a transition. [docutils][39;49;00m
[91mD:\Projects\main\docs\references\bibliography.md:38: WARNING: duplicate citation for key "smc_bucak_2020_analysis_robotics" [bibtex.duplicate_citation][39;49;00m
[91mD:\Projects\main\docs\references\bibliography.md:38: WARNING: duplicate citation for key "smc_burton_1986_continuous" [bibtex.duplicate_citation][39;49;00m
[91mD:\Projects\main\docs\references\bibliography.md:38: WARNING: duplicate citation for key "pso_clerc_2002_particle_swarm" [bibtex.duplicate_citation][39;49;00m
[91mD:\Projects\main\docs\references\bibliography.md:38: WARNING: duplicate citation for key "pso_coello_2007_evolutionary_algorithms" [bibtex.duplicate_citation][39;49;00m
[91mD:\Projects\main\docs\references\bibliography.md:38: WARNING: duplicate citation for key "smc_edwards_spurgeon_1998_sliding_mode_control" [bibtex.duplicate_citation][39;49;00m
[91mD:\Projects\main\docs\references\bibliography.md:38: WARNING: duplicate citation for key "smc_farrell_2006_adaptive_approximation" [bibtex.duplicate_citation][39;49;00m
[91mD:\Projects\main\docs\references\bibliography.md:38: WARNING: duplicate citation for key "dip_goldstein_2002_classical_mechanics" [bibtex.duplicate_citation][39;49;00m
[91mD:\Projects\main\docs\references\bibliography.md:38: WARNING: duplicate citation for key "pso_gopal_2019_stability_analysis" [bibtex.duplicate_citation][39;49;00m
[91mD:\Projects\main\docs\references\bibliography.md:38: WARNING: duplicate citation for key "pso_kennedy_1995_particle_swarm_optimization" [bibtex.duplicate_citation][39;49;00m
[91mD:\Projects\main\docs\references\bibliography.md:38: WARNING: duplicate citation for key "smc_khalil_lecture32_sliding_mode" [bibtex.duplicate_citation][39;49;00m
[91mD:\Projects\main\docs\references\bibliography.md:38: WARNING: duplicate citation for key "smc_khalil_lecture33_sliding_mode" [bibtex.duplicate_citation][39;49;00m
[91mD:\Projects\main\docs\references\bibliography.md:38: WARNING: duplicate citation for key "dip_khalil_2002_nonlinear_systems" [bibtex.duplicate_citation][39;49;00m
[91mD:\Projects\main\docs\references\bibliography.md:38: WARNING: duplicate citation for key "smc_levant_2003_higher_order_smc" [bibtex.duplicate_citation][39;49;00m
[91mD:\Projects\main\docs\references\bibliography.md:38: WARNING: duplicate citation for key "smc_levant_2003_higher_order_introduction" [bibtex.duplicate_citation][39;49;00m
[91mD:\Projects\main\docs\references\bibliography.md:38: WARNING: duplicate citation for key "smc_moreno_2012_strict_lyapunov" [bibtex.duplicate_citation][39;49;00m
[91mD:\Projects\main\docs\references\bibliography.md:38: WARNING: duplicate citation for key "smc_moreno_2008_lyapunov_sta" [bibtex.duplicate_citation][39;49;00m
[91mD:\Projects\main\docs\references\bibliography.md:38: WARNING: duplicate citation for key "smc_plestan_2010_adaptive_methodologies" [bibtex.duplicate_citation][39;49;00m
[91mD:\Projects\main\docs\references\bibliography.md:38: WARNING: duplicate citation for key "smc_roy_2020_adaptive_unbounded" [bibtex.duplicate_citation][39;49;00m
[91mD:\Projects\main\docs\references\bibliography.md:38: WARNING: duplicate citation for key "smc_seeber_2017_sta_parameter_setting" [bibtex.duplicate_citation][39;49;00m
[91mD:\Projects\main\docs\references\bibliography.md:38: WARNING: duplicate citation for key "smc_slotine_li_1991_applied_nonlinear_control" [bibtex.duplicate_citation][39;49;00m
[91mD:\Projects\main\docs\references\bibliography.md:38: WARNING: duplicate citation for key "dip_spong_2006_robot_modeling_control" [bibtex.duplicate_citation][39;49;00m
[91mD:\Projects\main\docs\references\bibliography.md:38: WARNING: duplicate citation for key "pso_trelea_2003_convergence" [bibtex.duplicate_citation][39;49;00m
[91mD:\Projects\main\docs\references\bibliography.md:38: WARNING: duplicate citation for key "smc_utkin_2013_sliding_mode_control" [bibtex.duplicate_citation][39;49;00m
[91mD:\Projects\main\docs\references\bibliography.md:38: WARNING: duplicate citation for key "smc_utkin_1992_sliding_modes" [bibtex.duplicate_citation][39;49;00m
[91mD:\Projects\main\docs\references\bibliography.md:38: WARNING: duplicate citation for key "smc_utkin_1993_sliding_mode_control_design" [bibtex.duplicate_citation][39;49;00m
[91mD:\Projects\main\docs\references\bibliography.md:38: WARNING: duplicate citation for key "pso_van_den_bergh_2001_analysis" [bibtex.duplicate_citation][39;49;00m
[91mD:\Projects\main\docs\references\bibliography.md:38: WARNING: duplicate citation for key "pso_wolpert_1997_no_free_lunch" [bibtex.duplicate_citation][39;49;00m
[91mD:\Projects\main\docs\references\bibliography.md:58: WARNING: duplicate citation for key "smc_bucak_2020_analysis_robotics" [bibtex.duplicate_citation][39;49;00m
[91mD:\Projects\main\docs\references\bibliography.md:58: WARNING: duplicate citation for key "smc_burton_1986_continuous" [bibtex.duplicate_citation][39;49;00m
[91mD:\Projects\main\docs\references\bibliography.md:58: WARNING: duplicate citation for key "pso_clerc_2002_particle_swarm" [bibtex.duplicate_citation][39;49;00m
[91mD:\Projects\main\docs\references\bibliography.md:58: WARNING: duplicate citation for key "pso_coello_2007_evolutionary_algorithms" [bibtex.duplicate_citation][39;49;00m
[91mD:\Projects\main\docs\references\bibliography.md:58: WARNING: duplicate citation for key "smc_edwards_spurgeon_1998_sliding_mode_control" [bibtex.duplicate_citation][39;49;00m
[91mD:\Projects\main\docs\references\bibliography.md:58: WARNING: duplicate citation for key "smc_farrell_2006_adaptive_approximation" [bibtex.duplicate_citation][39;49;00m
[91mD:\Projects\main\docs\references\bibliography.md:58: WARNING: duplicate citation for key "dip_goldstein_2002_classical_mechanics" [bibtex.duplicate_citation][39;49;00m
[91mD:\Projects\main\docs\references\bibliography.md:58: WARNING: duplicate citation for key "pso_gopal_2019_stability_analysis" [bibtex.duplicate_citation][39;49;00m
[91mD:\Projects\main\docs\references\bibliography.md:58: WARNING: duplicate citation for key "pso_kennedy_1995_particle_swarm_optimization" [bibtex.duplicate_citation][39;49;00m
[91mD:\Projects\main\docs\references\bibliography.md:58: WARNING: duplicate citation for key "smc_khalil_lecture32_sliding_mode" [bibtex.duplicate_citation][39;49;00m
[91mD:\Projects\main\docs\references\bibliography.md:58: WARNING: duplicate citation for key "smc_khalil_lecture33_sliding_mode" [bibtex.duplicate_citation][39;49;00m
[91mD:\Projects\main\docs\references\bibliography.md:58: WARNING: duplicate citation for key "dip_khalil_2002_nonlinear_systems" [bibtex.duplicate_citation][39;49;00m
[91mD:\Projects\main\docs\references\bibliography.md:58: WARNING: duplicate citation for key "smc_levant_2003_higher_order_smc" [bibtex.duplicate_citation][39;49;00m
[91mD:\Projects\main\docs\references\bibliography.md:58: WARNING: duplicate citation for key "smc_levant_2003_higher_order_introduction" [bibtex.duplicate_citation][39;49;00m
[91mD:\Projects\main\docs\references\bibliography.md:58: WARNING: duplicate citation for key "smc_moreno_2012_strict_lyapunov" [bibtex.duplicate_citation][39;49;00m
[91mD:\Projects\main\docs\references\bibliography.md:58: WARNING: duplicate citation for key "smc_moreno_2008_lyapunov_sta" [bibtex.duplicate_citation][39;49;00m
[91mD:\Projects\main\docs\references\bibliography.md:58: WARNING: duplicate citation for key "smc_plestan_2010_adaptive_methodologies" [bibtex.duplicate_citation][39;49;00m
[91mD:\Projects\main\docs\references\bibliography.md:58: WARNING: duplicate citation for key "smc_roy_2020_adaptive_unbounded" [bibtex.duplicate_citation][39;49;00m
[91mD:\Projects\main\docs\references\bibliography.md:58: WARNING: duplicate citation for key "smc_seeber_2017_sta_parameter_setting" [bibtex.duplicate_citation][39;49;00m
[91mD:\Projects\main\docs\references\bibliography.md:58: WARNING: duplicate citation for key "smc_slotine_li_1991_applied_nonlinear_control" [bibtex.duplicate_citation][39;49;00m
[91mD:\Projects\main\docs\references\bibliography.md:58: WARNING: duplicate citation for key "dip_spong_2006_robot_modeling_control" [bibtex.duplicate_citation][39;49;00m
[91mD:\Projects\main\docs\references\bibliography.md:58: WARNING: duplicate citation for key "pso_trelea_2003_convergence" [bibtex.duplicate_citation][39;49;00m
[91mD:\Projects\main\docs\references\bibliography.md:58: WARNING: duplicate citation for key "smc_utkin_2013_sliding_mode_control" [bibtex.duplicate_citation][39;49;00m
[91mD:\Projects\main\docs\references\bibliography.md:58: WARNING: duplicate citation for key "smc_utkin_1992_sliding_modes" [bibtex.duplicate_citation][39;49;00m
[91mD:\Projects\main\docs\references\bibliography.md:58: WARNING: duplicate citation for key "smc_utkin_1993_sliding_mode_control_design" [bibtex.duplicate_citation][39;49;00m
[91mD:\Projects\main\docs\references\bibliography.md:58: WARNING: duplicate citation for key "pso_van_den_bergh_2001_analysis" [bibtex.duplicate_citation][39;49;00m
[91mD:\Projects\main\docs\references\bibliography.md:58: WARNING: duplicate citation for key "pso_wolpert_1997_no_free_lunch" [bibtex.duplicate_citation][39;49;00m
[91mD:\Projects\main\docs\references\bibliography.md:82: WARNING: duplicate citation for key "smc_bucak_2020_analysis_robotics" [bibtex.duplicate_citation][39;49;00m
[91mD:\Projects\main\docs\references\bibliography.md:82: WARNING: duplicate citation for key "smc_burton_1986_continuous" [bibtex.duplicate_citation][39;49;00m
[91mD:\Projects\main\docs\references\bibliography.md:82: WARNING: duplicate citation for key "pso_clerc_2002_particle_swarm" [bibtex.duplicate_citation][39;49;00m
[91mD:\Projects\main\docs\references\bibliography.md:82: WARNING: duplicate citation for key "pso_coello_2007_evolutionary_algorithms" [bibtex.duplicate_citation][39;49;00m
[91mD:\Projects\main\docs\references\bibliography.md:82: WARNING: duplicate citation for key "smc_edwards_spurgeon_1998_sliding_mode_control" [bibtex.duplicate_citation][39;49;00m
[91mD:\Projects\main\docs\references\bibliography.md:82: WARNING: duplicate citation for key "smc_farrell_2006_adaptive_approximation" [bibtex.duplicate_citation][39;49;00m
[91mD:\Projects\main\docs\references\bibliography.md:82: WARNING: duplicate citation for key "dip_goldstein_2002_classical_mechanics" [bibtex.duplicate_citation][39;49;00m
[91mD:\Projects\main\docs\references\bibliography.md:82: WARNING: duplicate citation for key "pso_gopal_2019_stability_analysis" [bibtex.duplicate_citation][39;49;00m
[91mD:\Projects\main\docs\references\bibliography.md:82: WARNING: duplicate citation for key "pso_kennedy_1995_particle_swarm_optimization" [bibtex.duplicate_citation][39;49;00m
[91mD:\Projects\main\docs\references\bibliography.md:82: WARNING: duplicate citation for key "smc_khalil_lecture32_sliding_mode" [bibtex.duplicate_citation][39;49;00m
[91mD:\Projects\main\docs\references\bibliography.md:82: WARNING: duplicate citation for key "smc_khalil_lecture33_sliding_mode" [bibtex.duplicate_citation][39;49;00m
[91mD:\Projects\main\docs\references\bibliography.md:82: WARNING: duplicate citation for key "dip_khalil_2002_nonlinear_systems" [bibtex.duplicate_citation][39;49;00m
[91mD:\Projects\main\docs\references\bibliography.md:82: WARNING: duplicate citation for key "smc_levant_2003_higher_order_smc" [bibtex.duplicate_citation][39;49;00m
[91mD:\Projects\main\docs\references\bibliography.md:82: WARNING: duplicate citation for key "smc_levant_2003_higher_order_introduction" [bibtex.duplicate_citation][39;49;00m
[91mD:\Projects\main\docs\references\bibliography.md:82: WARNING: duplicate citation for key "smc_moreno_2012_strict_lyapunov" [bibtex.duplicate_citation][39;49;00m
[91mD:\Projects\main\docs\references\bibliography.md:82: WARNING: duplicate citation for key "smc_moreno_2008_lyapunov_sta" [bibtex.duplicate_citation][39;49;00m
[91mD:\Projects\main\docs\references\bibliography.md:82: WARNING: duplicate citation for key "smc_plestan_2010_adaptive_methodologies" [bibtex.duplicate_citation][39;49;00m
[91mD:\Projects\main\docs\references\bibliography.md:82: WARNING: duplicate citation for key "smc_roy_2020_adaptive_unbounded" [bibtex.duplicate_citation][39;49;00m
[91mD:\Projects\main\docs\references\bibliography.md:82: WARNING: duplicate citation for key "smc_seeber_2017_sta_parameter_setting" [bibtex.duplicate_citation][39;49;00m
[91mD:\Projects\main\docs\references\bibliography.md:82: WARNING: duplicate citation for key "smc_slotine_li_1991_applied_nonlinear_control" [bibtex.duplicate_citation][39;49;00m
[91mD:\Projects\main\docs\references\bibliography.md:82: WARNING: duplicate citation for key "dip_spong_2006_robot_modeling_control" [bibtex.duplicate_citation][39;49;00m
[91mD:\Projects\main\docs\references\bibliography.md:82: WARNING: duplicate citation for key "pso_trelea_2003_convergence" [bibtex.duplicate_citation][39;49;00m
[91mD:\Projects\main\docs\references\bibliography.md:82: WARNING: duplicate citation for key "smc_utkin_2013_sliding_mode_control" [bibtex.duplicate_citation][39;49;00m
[91mD:\Projects\main\docs\references\bibliography.md:82: WARNING: duplicate citation for key "smc_utkin_1992_sliding_modes" [bibtex.duplicate_citation][39;49;00m
[91mD:\Projects\main\docs\references\bibliography.md:82: WARNING: duplicate citation for key "smc_utkin_1993_sliding_mode_control_design" [bibtex.duplicate_citation][39;49;00m
[91mD:\Projects\main\docs\references\bibliography.md:82: WARNING: duplicate citation for key "pso_van_den_bergh_2001_analysis" [bibtex.duplicate_citation][39;49;00m
[91mD:\Projects\main\docs\references\bibliography.md:82: WARNING: duplicate citation for key "pso_wolpert_1997_no_free_lunch" [bibtex.duplicate_citation][39;49;00m
[91mD:\Projects\main\docs\references\bibliography.md:102: WARNING: duplicate citation for key "smc_bucak_2020_analysis_robotics" [bibtex.duplicate_citation][39;49;00m
[91mD:\Projects\main\docs\references\bibliography.md:102: WARNING: duplicate citation for key "smc_burton_1986_continuous" [bibtex.duplicate_citation][39;49;00m
[91mD:\Projects\main\docs\references\bibliography.md:102: WARNING: duplicate citation for key "pso_clerc_2002_particle_swarm" [bibtex.duplicate_citation][39;49;00m
[91mD:\Projects\main\docs\references\bibliography.md:102: WARNING: duplicate citation for key "pso_coello_2007_evolutionary_algorithms" [bibtex.duplicate_citation][39;49;00m
[91mD:\Projects\main\docs\references\bibliography.md:102: WARNING: duplicate citation for key "smc_edwards_spurgeon_1998_sliding_mode_control" [bibtex.duplicate_citation][39;49;00m
[91mD:\Projects\main\docs\references\bibliography.md:102: WARNING: duplicate citation for key "smc_farrell_2006_adaptive_approximation" [bibtex.duplicate_citation][39;49;00m
[91mD:\Projects\main\docs\references\bibliography.md:102: WARNING: duplicate citation for key "dip_goldstein_2002_classical_mechanics" [bibtex.duplicate_citation][39;49;00m
[91mD:\Projects\main\docs\references\bibliography.md:102: WARNING: duplicate citation for key "pso_gopal_2019_stability_analysis" [bibtex.duplicate_citation][39;49;00m
[91mD:\Projects\main\docs\references\bibliography.md:102: WARNING: duplicate citation for key "pso_kennedy_1995_particle_swarm_optimization" [bibtex.duplicate_citation][39;49;00m
[91mD:\Projects\main\docs\references\bibliography.md:102: WARNING: duplicate citation for key "smc_khalil_lecture32_sliding_mode" [bibtex.duplicate_citation][39;49;00m
[91mD:\Projects\main\docs\references\bibliography.md:102: WARNING: duplicate citation for key "smc_khalil_lecture33_sliding_mode" [bibtex.duplicate_citation][39;49;00m
[91mD:\Projects\main\docs\references\bibliography.md:102: WARNING: duplicate citation for key "dip_khalil_2002_nonlinear_systems" [bibtex.duplicate_citation][39;49;00m
[91mD:\Projects\main\docs\references\bibliography.md:102: WARNING: duplicate citation for key "smc_levant_2003_higher_order_smc" [bibtex.duplicate_citation][39;49;00m
[91mD:\Projects\main\docs\references\bibliography.md:102: WARNING: duplicate citation for key "smc_levant_2003_higher_order_introduction" [bibtex.duplicate_citation][39;49;00m
[91mD:\Projects\main\docs\references\bibliography.md:102: WARNING: duplicate citation for key "smc_moreno_2012_strict_lyapunov" [bibtex.duplicate_citation][39;49;00m
[91mD:\Projects\main\docs\references\bibliography.md:102: WARNING: duplicate citation for key "smc_moreno_2008_lyapunov_sta" [bibtex.duplicate_citation][39;49;00m
[91mD:\Projects\main\docs\references\bibliography.md:102: WARNING: duplicate citation for key "smc_plestan_2010_adaptive_methodologies" [bibtex.duplicate_citation][39;49;00m
[91mD:\Projects\main\docs\references\bibliography.md:102: WARNING: duplicate citation for key "smc_roy_2020_adaptive_unbounded" [bibtex.duplicate_citation][39;49;00m
[91mD:\Projects\main\docs\references\bibliography.md:102: WARNING: duplicate citation for key "smc_seeber_2017_sta_parameter_setting" [bibtex.duplicate_citation][39;49;00m
[91mD:\Projects\main\docs\references\bibliography.md:102: WARNING: duplicate citation for key "smc_slotine_li_1991_applied_nonlinear_control" [bibtex.duplicate_citation][39;49;00m
[91mD:\Projects\main\docs\references\bibliography.md:102: WARNING: duplicate citation for key "dip_spong_2006_robot_modeling_control" [bibtex.duplicate_citation][39;49;00m
[91mD:\Projects\main\docs\references\bibliography.md:102: WARNING: duplicate citation for key "pso_trelea_2003_convergence" [bibtex.duplicate_citation][39;49;00m
[91mD:\Projects\main\docs\references\bibliography.md:102: WARNING: duplicate citation for key "smc_utkin_2013_sliding_mode_control" [bibtex.duplicate_citation][39;49;00m
[91mD:\Projects\main\docs\references\bibliography.md:102: WARNING: duplicate citation for key "smc_utkin_1992_sliding_modes" [bibtex.duplicate_citation][39;49;00m
[91mD:\Projects\main\docs\references\bibliography.md:102: WARNING: duplicate citation for key "smc_utkin_1993_sliding_mode_control_design" [bibtex.duplicate_citation][39;49;00m
[91mD:\Projects\main\docs\references\bibliography.md:102: WARNING: duplicate citation for key "pso_van_den_bergh_2001_analysis" [bibtex.duplicate_citation][39;49;00m
[91mD:\Projects\main\docs\references\bibliography.md:102: WARNING: duplicate citation for key "pso_wolpert_1997_no_free_lunch" [bibtex.duplicate_citation][39;49;00m
[91mD:\Projects\main\docs\references\bibliography.md:122: WARNING: duplicate citation for key "smc_bucak_2020_analysis_robotics" [bibtex.duplicate_citation][39;49;00m
[91mD:\Projects\main\docs\references\bibliography.md:122: WARNING: duplicate citation for key "smc_burton_1986_continuous" [bibtex.duplicate_citation][39;49;00m
[91mD:\Projects\main\docs\references\bibliography.md:122: WARNING: duplicate citation for key "pso_clerc_2002_particle_swarm" [bibtex.duplicate_citation][39;49;00m
[91mD:\Projects\main\docs\references\bibliography.md:122: WARNING: duplicate citation for key "pso_coello_2007_evolutionary_algorithms" [bibtex.duplicate_citation][39;49;00m
[91mD:\Projects\main\docs\references\bibliography.md:122: WARNING: duplicate citation for key "smc_edwards_spurgeon_1998_sliding_mode_control" [bibtex.duplicate_citation][39;49;00m
[91mD:\Projects\main\docs\references\bibliography.md:122: WARNING: duplicate citation for key "smc_farrell_2006_adaptive_approximation" [bibtex.duplicate_citation][39;49;00m
[91mD:\Projects\main\docs\references\bibliography.md:122: WARNING: duplicate citation for key "dip_goldstein_2002_classical_mechanics" [bibtex.duplicate_citation][39;49;00m
[91mD:\Projects\main\docs\references\bibliography.md:122: WARNING: duplicate citation for key "pso_gopal_2019_stability_analysis" [bibtex.duplicate_citation][39;49;00m
[91mD:\Projects\main\docs\references\bibliography.md:122: WARNING: duplicate citation for key "pso_kennedy_1995_particle_swarm_optimization" [bibtex.duplicate_citation][39;49;00m
[91mD:\Projects\main\docs\references\bibliography.md:122: WARNING: duplicate citation for key "smc_khalil_lecture32_sliding_mode" [bibtex.duplicate_citation][39;49;00m
[91mD:\Projects\main\docs\references\bibliography.md:122: WARNING: duplicate citation for key "smc_khalil_lecture33_sliding_mode" [bibtex.duplicate_citation][39;49;00m
[91mD:\Projects\main\docs\references\bibliography.md:122: WARNING: duplicate citation for key "dip_khalil_2002_nonlinear_systems" [bibtex.duplicate_citation][39;49;00m
[91mD:\Projects\main\docs\references\bibliography.md:122: WARNING: duplicate citation for key "smc_levant_2003_higher_order_smc" [bibtex.duplicate_citation][39;49;00m
[91mD:\Projects\main\docs\references\bibliography.md:122: WARNING: duplicate citation for key "smc_levant_2003_higher_order_introduction" [bibtex.duplicate_citation][39;49;00m
[91mD:\Projects\main\docs\references\bibliography.md:122: WARNING: duplicate citation for key "smc_moreno_2012_strict_lyapunov" [bibtex.duplicate_citation][39;49;00m
[91mD:\Projects\main\docs\references\bibliography.md:122: WARNING: duplicate citation for key "smc_moreno_2008_lyapunov_sta" [bibtex.duplicate_citation][39;49;00m
[91mD:\Projects\main\docs\references\bibliography.md:122: WARNING: duplicate citation for key "smc_plestan_2010_adaptive_methodologies" [bibtex.duplicate_citation][39;49;00m
[91mD:\Projects\main\docs\references\bibliography.md:122: WARNING: duplicate citation for key "smc_roy_2020_adaptive_unbounded" [bibtex.duplicate_citation][39;49;00m
[91mD:\Projects\main\docs\references\bibliography.md:122: WARNING: duplicate citation for key "smc_seeber_2017_sta_parameter_setting" [bibtex.duplicate_citation][39;49;00m
[91mD:\Projects\main\docs\references\bibliography.md:122: WARNING: duplicate citation for key "smc_slotine_li_1991_applied_nonlinear_control" [bibtex.duplicate_citation][39;49;00m
[91mD:\Projects\main\docs\references\bibliography.md:122: WARNING: duplicate citation for key "dip_spong_2006_robot_modeling_control" [bibtex.duplicate_citation][39;49;00m
[91mD:\Projects\main\docs\references\bibliography.md:122: WARNING: duplicate citation for key "pso_trelea_2003_convergence" [bibtex.duplicate_citation][39;49;00m
[91mD:\Projects\main\docs\references\bibliography.md:122: WARNING: duplicate citation for key "smc_utkin_2013_sliding_mode_control" [bibtex.duplicate_citation][39;49;00m
[91mD:\Projects\main\docs\references\bibliography.md:122: WARNING: duplicate citation for key "smc_utkin_1992_sliding_modes" [bibtex.duplicate_citation][39;49;00m
[91mD:\Projects\main\docs\references\bibliography.md:122: WARNING: duplicate citation for key "smc_utkin_1993_sliding_mode_control_design" [bibtex.duplicate_citation][39;49;00m
[91mD:\Projects\main\docs\references\bibliography.md:122: WARNING: duplicate citation for key "pso_van_den_bergh_2001_analysis" [bibtex.duplicate_citation][39;49;00m
[91mD:\Projects\main\docs\references\bibliography.md:122: WARNING: duplicate citation for key "pso_wolpert_1997_no_free_lunch" [bibtex.duplicate_citation][39;49;00m
